640147920
531162123
369270454
339790384
303024260
674259153
380075883
365986561
206311019
362116535
311513106
782655521
172411043
104703195
276617159
565133990
367239332
308567049
506539571
326404511
814912007
461998180
148132298
935110944
562321850
61484711
495523933
405988858
888316853
181276915
178415575
888316853
256350432
756973959
855010592
855010592
359790495
836133098
580456609
580456609
708876939
318991781
924125477
697816400
819861509
645177490
403516413
265667764
520862642
423867609
325930134
668703016
736505999
43297179
256089798
349244131
676739105
911761613
918776118
224707140
327312836
349426269
756207340
756025202
362522690
770720356
722516261
380550879
546257757
262341569
502242316
629570393
651389883
70046698
67574477
525647357
800224139
859082039
574063666
585635807
204491003
546567548
440472595
4858302
320733435
269838502
908509907
41959051
737783309
737783309
594403563
55420337
689935221
526884438
811061675
919712376
622097894
761690253
617596733
438824329
780365228
372025342
366802980
801772315
789972846
294131402
24984712
196295196
196295196
650324819
639828476
417631477
455283763
361967702
440174010
533729040
923484136
397894360
923484136
923484136
815459763
194436718
721248513
10770525
237676643
294189885
556690389
534533049
143629175
390903874
187041582
768006323
550539103
648562671
829589164
268125159
2352863
728520943
146934234
863979327
288827845
317309888
317309888
993513174
406479876
557985014
745954817
610845246
557985014
364063657
840992690
613675474
170585907
840992690
588703154
748785045
412535537
320856181
965834090
229827464
78466154
829335411
992719146
595818890
725515007
160077735
294271292
431515068
522939469
463270758
845642478
91424401
222095587
675541344
564732140
807904456
109674782
112855730
554780854
577610245
693802958
876450369
848473296
910928363
195867432
308219797
423728414
996842898
590101321
219603390
243525232
941476339
495794532
60946552
537595634
539384400
660154525
332908338
29382796
132931125
248650884
516005952
680178354
870049541
413846249
870049541
901332318
834071951
598754424
173108506
731640231
383296486
107024566
932920020
762887087
920609784
932920020
981909634
943499948
721258319
727843812
883363589
621973878
561633119
561633119
277563463
439793310
277563463
81831138
439308724
609068868
508690201
423125368
672416201
200873411
727016853
469056947
615028302
188985751
374194942
587484516
374194942
188985751
822363053
72379692
649633499
117726765
368915160
587484516
281237846
522281565
260714651
322863359
724747689
728245022
570603659
348043002
348043002
125615378
30323474
176989832
40381652
359058532
597288353
697822439
476422960
491067727
394311037
93889123
878221278
804980744
926876592
354140009
550046827
887864897
163465889
686976579
180796474
769169301
206336306
268616184
630662284
708848849
758004195
990031837
610716312
699113132
835151226
699113132
168806657
793027350
601349325
62113090
133868117
838055851
369586880
663658175
390193716
513325840
863766536
513325840
886500371
258299011
922010159
307509740
353161759
288572647
87839616
633617218
197228881
264040252
68530462
655481816
130107428
64571033
259355949
800382952
369780642
957105420
841481569
323926982
148446825
148446825
304109386
810006353
776910536
671651366
654651408
847647859
782877856
591302892
965453806
276577912
29639946
747216575
579117342
233911090
579117342
915089055
339772254
537284680
41100822
99030603
348291841
735158881
716000350
651294152
369050149
848483032
109570130
11057973
727058323
617488193
573650697
52833944
899732196
617488193
141514564
617488193
617488193
392782603
27080840
98461943
763673417
670922367
770350484
670922367
109525410
720311584
741192848
815235200
820511036
43539877
738893020
711498526
343182440
879473063
255106017
307453875
354584748
448661763
820466892
207860981
698757015
469382780
46060063
887570732
469382780
949105241
851124164
469382780
729841037
851124164
995165304
322262591
851124164
463828253
126964140
642366180
821194991
445774431
198592800
660420002
749566331
318554340
445774431
390183000
852010202
390183000
306487125
418989192
360292423
306487125
68047284
362401887
485876411
756659270
794182522
659390920
4454766
780420188
499841142
491578816
450310193
984205555
387593041
15656837
133467964
866458818
526481073
478883313
526481073
240342932
442671732
593612166
593612166
412546630
923591579
278926407
676002739
117257580
855848304
89960375
698459190
150553519
111878945
934022946
757881092
525952483
497696138
246880463
627057942
627057942
434484028
767936313
434484028
767936313
343935316
35312717
897558625
94127387
150527796
259720719
802422572
720202506
335007597
493597596
299324675
299324675
534683581
232060396
784610797
976518200
71359255
196551981
298747747
123892991
102195766
151266897
753982606
57066928
279216535
884033397
165189428
516155316
924456694
121447390
24008650
30045621
285606848
38764473
893566539
849880394
102663089
240191413
174544498
812843084
331936759
104908167
349253653
669918543
326007487
55595652
963219667
270521971
888039627
849837987
993389714
849837987
470157424
71809860
945832690
945832690
525970707
555392169
475012063
32529660
395617200
555392169
87902711
865963833
276440237
440506759
546323411
380795003
67942786
735838880
298293053
716249202
458320820
130871625
650162624
589280785
937488871
439240547
512484635
339436052
425800417
860385430
536454722
415330360
367485147
94531509
472118433
173430637
732828405
841991165
369299234
472691931
125079619
428476621
935560580
935560580
461197241
389150282
4281411
283634086
296085386
737725374
560885776
283634086
728454166
506647383
847650460
61033414
278434571
320531222
791407139
651744037
598518732
791407139
738782264
720481820
111021431
292918023
708728138
241935858
183208337
453056069
926622940
949474139
121815541
377155318
722366927
352482786
959602601
777452130
666580836
351342475
780614573
829384787
575532122
579194934
624828900
6503520
858329447
464550793
801912984
660044632
660044632
674845678
197102803
197102803
468379170
601470206
10755843
702520505
457623327
90808141
90808141
446253869
705550278
10080742
586744592
752645908
79338064
394344366
964224493
755529934
375597369
394344366
688904742
460602124
470694073
397741811
547191743
134942835
189083215
610338854
538494124
310656213
610338854
188563752
416560041
533711528
289824177
644397952
423333994
289824177
289824177
404353757
597189511
923562634
150875781
612648514
747370145
424717422
231205597
900729000
847101009
302628119
11600941
271766664
633749552
160060095
610609825
805468361
727084150
116474325
805468361
104725019
108246953
923504596
534910734
23918253
48875080
549534980
973287526
848301217
551993121
551993121
933977486
933977486
983044760
423154329
138946764
912839007
54368291
532767777
694128140
722610251
936155388
88145768
674656984
282395003
284569382
323247069
354634661
354634661
497858224
492460353
67602706
139976547
139976547
119497813
160401544
712592149
446053748
470351229
816672376
368631872
162388300
81147677
37328801
489208447
863366442
111992970
893817738
193105605
193105605
492063913
958500049
920073007
559628048
780239111
800141944
297074308
452294501
767407216
633100822
633100822
453225363
671820668
407389697
982691231
893282429
824906782
444890361
837853337
792587590
286653979
99186388
752020503
221448425
255889634
24538969
156703246
653936494
11748067
708649214
813655262
834180982
703248156
527534584
592983084
592983084
956227767
718931368
965336470
932871310
856222896
308546647
909395380
322444240
347147313
892907660
265699999
20806962
203084115
161404492
223016693
161404492
909823789
16916129
16916129
316763667
758731287
151092502
523364926
861678125
103193677
104442865
746405636
333485855
250611503
168045921
314519286
314519286
542965627
166590834
933508832
31346337
31346337
314519286
599653902
42482331
415902617
857481905
18534639
459586330
833411070
969881790
46897202
917732989
86886253
86886253
212578600
528376171
787388339
120045825
51627051
903898830
332177764
514070410
376882481
413741032
244598475
20561837
605065158
913942740
406226358
982076591
384018712
381673792
135742393
728531268
735539289
940245049
390946877
800766689
659739091
684048885
884264641
103394394
709910855
694872021
655196894
444133884
476587168
756797905
898461052
691963731
813521396
998135127
713847321
767694614
544285775
189571629
711962318
447551311
926313104
362474287
395558876
616294411
906569305
98783036
132780415
98783036
67546712
434140787
64583659
727244826
964548953
959183495
619932066
45110776
665024466
948923413
47394743
960799099
757179009
179559122
310692841
144065866
608101069
781719561
958699021
393436408
902877622
203920248
78342729
603102234
500997696
444211301
621117516
3743249
868544999
500997696
577778655
155269401
643089032
155269401
670043507
561535431
4130179
974061690
100577823
559596651
814543081
724784172
556102301
556102301
833881106
800555837
341758260
344388041
210767718
391840888
683687264
568554759
568554759
737920962
737920962
97463650
681811043
711807700
756533610
950360375
799980108
473944698
799980108
962301646
726567816
854835632
454082273
315102152
256398464
563365276
915029397
464240831
69822112
548462303
949965169
741112636
74471183
765048426
440104266
394916250
586916269
303997357
60226175
192946454
328277110
841383686
36085787
788820510
549003995
130504103
523627006
523627006
735023789
601423949
966341919
966341919
63815060
541045812
105903669
582710639
582710639
911891134
644654447
14325834
468662710
257638546
220705063
458536400
336889796
726437919
497085102
294142464
658195587
546584459
255067340
578819013
787707164
471791470
813443516
334823033
32863798
521125061
521125061
532971903
322256936
807464559
708384763
623233327
290760075
750394410
944765430
987074615
881555660
1514354
974841890
739535663
222017696
373739415
664359102
664359102
291441598
115421097
634104297
185335348
943033293
428279562
459415984
599072047
715256831
508622061
918206761
461860885
706783364
854460830
46610498
153092472
153092472
662442030
64646813
79718949
833725454
730463126
51970267
523607655
347500176
486225278
523607655
730463126
541679101
445692912
5553079
638895718
701854125
44859620
618202493
720271557
742893417
891260114
782965150
938190271
842850060
702085539
257957048
558533137
922111100
394146351
919001555
557591463
165500928
583562222
805262633
420682840
165500928
437717351
652369912
832838266
109146775
980267474
105164417
553612095
965494788
415549775
733716146
935595412
408710832
226856307
883428111
836856892
258670911
900790540
642772152
431164991
235226520
563386536
379885873
736533139
305479861
422123691
27710969
271639470
904673692
306482434
81380924
22639018
714735669
411803846
105656144
714735669
306147702
388112562
197041487
913660435
176375877
388112562
847098270
650699551
493605910
849990485
775490493
344582055
685399318
284500195
962547953
216234052
227314009
408967469
26470078
322611187
25277960
675060372
128730068
728643763
311098090
348266184
396693647
904231307
87688599
658168778
377549623
103625884
253916052
613612795
521028882
172589619
48037536
338375167
35408582
465788181
190216720
374199087
613946628
813520708
422331004
716302150
412117706
422331004
317134699
317134699
528877917
191484549
341501428
113135410
43155434
964314974
955214870
348371787
941356819
972052470
571897770
624560158
799945685
864757818
956305045
310607328
991890984
115523911
360928144
125949383
778472316
572952038
201837330
202860689
525044014
806219799
47266029
464151622
267403411
427008773
456701678
975853561
76342443
640275910
688257548
651830617
73632188
534831590
304772646
601245698
42092592
632989480
448054450
270413137
448054450
197656516
197656516
481772064
445970672
67869446
381770237
993139581
803586361
243843296
415293140
493814329
300620791
541591493
854444098
259215717
542817654
822023713
855817279
65863962
855817279
121980730
501288111
528021520
884836281
509945354
522730882
983707417
356709279
439995731
385884765
403028160
362261243
271876740
912683429
99694834
674904900
186315816
14133910
456044069
953405724
331755819
411668685
443841695
694362891
624746110
253139707
411668685
752058167
752058167
160014664
191505403
191505403
275167466
132214372
870381824
870381824
991601772
629494495
176266936
91656410
849737446
946101018
767984517
251334954
246683700
794737808
869967367
908028310
369823976
79410186
117471129
903501557
264411615
332090631
694056964
132770381
163977809
898554791
272511047
693935427
944873407
382129547
540219778
20866811
530191611
487135554
938691124
53991722
604660881
512999715
514968259
366760981
512999715
410684328
125716485
636070475
382776465
768413490
774447909
187941198
768413490
774447909
586506711
691340566
350453687
558594733
578958498
716534336
433290500
891384211
757772617
757772617
409063675
83186499
719303150
146301729
392718826
522880760
555881119
827743423
644450413
244326668
861741028
221395820
379171233
210675766
793467751
37961553
5899164
731594099
238699783
763656488
5899164
32062389
210675766
383391831
509533902
764831223
384235305
163930970
566057714
688663595
215721461
610692898
687064830
710754345
901810215
804947022
951986530
548518273
299028344
299028344
824559858
810476377
604737930
430051380
909346784
445477772
751772485
306294713
632457670
325660773
549939294
451089785
549939294
490687872
496309799
798422866
131311440
895323722
45220014
90391551
565798097
290529213
112472221
802118986
578410688
234346889
542701658
234346889
530501804
53289432
242823937
516660448
228276822
913309926
913309926
246105288
858500542
24864582
517571579
307199542
883365124
663063164
976711438
455807888
507882794
704452315
330742886
898923957
706970004
609263352
789628667
297011851
838578126
678618419
678618419
600847264
440023869
393316047
393316047
541566275
73690113
615256388
440023869
615256388
538561047
615256388
616577140
969060653
571460604
411019098
732155368
365341043
986468536
52274143
262647814
19438436
302403239
394730645
933623896
245772532
92847975
584300537
58704959
49670969
239875720
979557514
743546510
712554524
16947481
56643878
522703280
109497665
601986219
844491246
905349343
140088974
868023270
798867324
94214171
154140231
471310536
23305378
24852723
722068663
347821699
285753415
781364642
808377089
76813283
185444384
29344841
383715583
980965936
334332158
851381433
461055089
696610389
314421076
479370344
913831764
119421257
604631359
884565449
808465205
148509706
237974770
396399528
97063549
188383510
258123661
790228335
332669255
154370848
920845771
705685050
712041804
347257711
518444968
301028042
826298320
972592571
962964415
432161418
136666095
156037063
724095461
501759645
544145793
480660350
89788929
603104020
145452119
295880187
989499244
311114199
136946681
319012900
455959581
528807900
539306104
497976650
263714227
939546331
689772888
822252383
404885541
569204647
94400822
761812017
819228059
250897333
544672900
122545940
565410252
172958918
353982232
786816333
597246982
235425987
477580144
918800451
5984936
313730246
938378770
424351735
581158749
581158749
131166849
843964104
514848541
309604646
731855502
179921539
808173954
23234636
114046975
333859955
754666683
646241893
635583706
677421655
647162928
86255193
272483169
953878956
344645916
422794154
272425141
164365335
501184474
247149443
364954980
364954980
5949352
952913869
292120501
15711045
791760114
490783375
934777597
437957069
934777597
472291957
942167618
531879477
531278561
744244364
573764457
584958336
777042536
730165457
932661418
782670514
814207261
736349614
533571412
990933168
110895739
717556332
443399266
162679909
38792607
735324937
969491589
208442458
383679452
55647185
600451865
342012908
459477080
657798013
887232861
299099626
232581685
232581685
83501717
633576997
919152596
107196839
52744923
875758877
501798907
965054567
247319388
949004626
29216678
320995771
445139782
330942370
400803150
2057687
180531868
741497245
325716149
785097009
297893750
110916794
377323307
116645856
13736456
348672548
488743459
623678122
255697708
59813468
216546000
22032245
377167727
144599692
907183903
292468459
992713454
907183903
413247183
890229838
601285195
51124394
504968486
598507392
515443627
410278495
828530147
828530147
844031652
241915302
545439944
891963478
545439944
543429184
892352370
363473940
810081108
486643970
486643970
810081108
525798083
231643800
374185055
547797730
760102900
111260419
663449213
207189534
346238081
698532676
62051440
791997682
904581807
967347504
967347504
787311649
317057932
20194808
980826154
803722766
119306145
138581943
364581151
833880239
822788987
867614234
364581151
138581943
408488609
754189317
81128158
897857922
110938603
434786251
832255539
933503666
438481312
856960333
753589948
175638356
402659823
158005418
885118610
149586839
565263414
763673504
900404986
526058090
892777335
892777335
42509497
942070748
973695329
302480246
752295366
752295366
443185696
662779847
212964727
639590502
212964727
540658650
684828436
560515312
494105773
410378473
162838724
733277902
227417784
589516509
526109543
703328517
774440950
604101805
424302427
18249852
291014854
347095843
759835947
65301808
249437816
296949904
297646079
939521290
187147855
408328293
706891671
761860206
559684741
804025975
227393031
147206069
195470732
936638798
527563663
337146497
334783238
580188863
528091556
672439792
534072484
829883502
894592091
869955166
779958082
323929182
36449023
410270889
1678091
662518426
525629999
154664391
525629999
550230473
342946854
14877371
342946854
969268433
421061201
633738751
625919739
809979203
339132280
933428168
270025014
988068317
328706599
152031828
11248080
5923849
859305953
552582003
670718719
705233585
815580968
670718719
893820819
887896970
22258097
561473902
454770313
90472629
90472629
306723950
473805571
969782473
346400848
439692353
556908912
663655277
444564509
851870386
257558798
590153012
135939474
245499991
529137733
3655020
809759343
229342749
229342749
462046111
404826820
404826820
990123913
734728599
660291477
986887439
810009985
946271995
6518057
141389918
740508476
444903300
161153377
648390255
218978984
513002041
385282049
513002041
961996878
221897109
871106888
809101945
223761037
505172790
540710475
66345240
10911134
859856056
57947457
906037029
622889101
761097372
838308867
303567379
186627579
121254955
148079928
111225037
867100085
666787451
637397777
58330684
303701894
926858384
536686732
975277522
579067093
474007428
405286317
50052350
314963697
764741945
119803900
737001421
508596938
576126705
728524789
704894083
423547004
716131643
781508949
159607405
904231668
979458439
198571954
696941744
65377306
571706482
774939926
144269686
633132681
94373246
584380453
557363581
980869318
341643802
546851085
221658261
88812289
631305415
623894178
245109263
101446033
489433287
392885388
330145008
641962891
918880781
81067505
742972773
5686793
285112444
382893766
520821791
674812815
240710444
487950041
661583215
619762868
544101146
164532133
945455154
799335341
29796375
871028055
989740637
474344775
989740637
966699576
474344775
966699576
799364893
843322297
883229302
295032345
103091391
359849295
911118309
474372394
648264770
913701059
874667736
845208080
92282060
514166647
49561671
29459656
49561671
933935698
555970429
834514889
463686675
657689535
834514889
493146331
156894685
152163213
408512737
207463327
354001980
583201636
2001226
440627770
887452118
639626737
246964336
191339667
799326175
623581492
87957944
826486109
497437702
244450773
582975582
822055320
426987978
655495229
639383811
701429024
123485228
104677969
846520007
936458593
164472954
332815355
907789236
693203790
622985542
203340952
858029798
882927797
714846893
643467683
815227763
566466604
864174943
729731834
302949868
611772739
229284551
842445467
123863944
613160916
861832011
870537889
594868751
357536346
8705878
357536346
621480595
508947381
73405332
810438152
465138739
616630782
846752310
24231195
400994953
166609310
373441376
898192706
100248656
1821473
1821473
137563348
209969301
815122217
191600306
366309256
169134533
900386782
429243790
79991202
373735703
571615671
418532043
618253862
225883799
618253862
167784813
301436697
301436697
733596281
560464973
816074322
146122753
758513371
63795883
606136651
216920146
896325691
46325937
376978203
798893299
409085800
798893299
719248814
156531013
798893299
488477248
421915096
488477248
359238624
162455408
55420930
842326224
71033677
316574325
721732887
314097141
84225097
497310650
587480745
81596074
304044718
263537257
81596074
256871952
46311291
513272791
356347932
302016593
289219598
757752872
473879899
405230136
26776392
672455635
939674492
591345858
340511858
374231242
340511858
94311907
382708688
200458546
223465528
255197025
120459035
620398328
738267810
427746556
872505574
333755962
189011036
811179261
563017485
351389811
768455053
452331356
392906702
121914299
815614364
766924361
857617603
396843020
141857244
766924361
672129576
864529950
162996858
5459696
593151357
705125798
83005612
864529950
816117146
675247967
766712505
690748037
189225774
987313084
240707029
373323554
795569419
240707029
19038803
959754585
749020144
719047556
387439838
310917975
387439838
524255571
804149936
173808488
472044088
407259435
760448826
431891064
871641689
115068084
913591647
4257555
237409592
472689114
426602158
964476082
394962854
276204042
982720466
118758812
259948619
619775005
674784018
160354575
914679060
714018365
122799640
798538599
305133094
442432489
693107010
863889234
170782224
982047365
271650265
813346246
838279557
138712069
207377044
207377044
711907617
782391762
902679953
23644907
403598349
728180893
341263482
584962426
314051968
926225908
590660414
341263482
266359295
74904187
5697988
960401296
34837126
335565494
541004821
364939122
756142728
480652854
638031298
423081483
369214921
898791427
329869742
722424305
790547344
519127947
68123039
921742186
767400971
870939830
881279481
334083644
107839063
905276804
487573793
868460580
526492261
639322184
455434886
394879385
172373261
798616035
617636759
798796068
846428587
719545707
347876776
856916319
66586215
843935829
842155733
569042864
306829606
496785426
925986915
625288844
829605313
563227897
527242865
756105725
97100687
19692521
161847022
317125762
510500215
23425259
94719415
810239076
547784429
605724408
756815778
65602557
63119565
1569413
60501959
892991660
229880106
281273931
532947741
63286459
200604849
474769413
589806639
741701148
971581254
46866441
243226248
825689956
55305563
154554968
568884575
15160000
16664443
910077311
126827340
639220309
210877117
16664443
140730953
849659595
965261116
278703031
554256105
631268670
339227307
401794811
299529536
785351515
823560815
273057308
505662089
4059859
325703692
137714771
168698627
973242250
302587360
151388469
928450847
384508563
151388469
263131292
804563471
912486029
715957159
953409005
951757728
936937056
750662848
966467566
333200213
21149468
820708206
48677698
309695947
303727040
348737651
736059922
309658727
997657662
127754394
919746749
943135141
105317309
684649257
109437355
794937978
252274319
352800983
604299337
157247231
33233525
438124113
584425772
369235126
959691393
367998229
323304090
256467306
892827203
991942175
674683124
754371616
910374939
990472262
535761047
895285869
655909398
514745025
15212125
196773761
68031965
408881576
980983930
890444087
926346572
10052411
638012711
555731711
370284053
866424786
478210212
610494356
240210303
367128591
815481376
774502525
510135717
432288809
359795192
501877536
717499690
90574909
936326677
969437151
936326677
936627983
496479724
303461224
73845351
524459509
524459509
706813870
945419851
673115557
631562953
237107978
551805157
821360639
216730980
67370515
253781560
185871432
236806003
140651910
840882878
265055940
987499633
521683529
120518822
635884507
20505677
74831359
726082028
23479518
773711961
166446487
390978879
350759458
763112431
354816424
738049785
616310274
42177177
738049785
42177177
445329476
559344598
266945386
267108868
204691656
419738020
969851905
299356473
996478788
676573170
498573557
29280072
63031198
517854285
124827041
393027244
530305937
441766740
711614062
577678713
36865738
155088567
723310321
813237246
14487405
947660201
95746188
65168221
65168221
811779121
625079767
202474431
422605336
685993965
824600678
764506205
331436179
112285533
614882787
344696599
958683005
971425041
35278749
35278749
305914141
622285749
63220615
170503839
669665103
209107486
485344211
675933267
610746128
290833899
113303142
35625610
269278722
269278722
951065216
392303364
310582402
804053003
886841243
968653307
776422261
560206422
830912884
864536416
449238054
135194778
588514434
426310083
613501858
614054127
426310083
318952895
586353377
318400626
184032177
613501858
329126466
701285032
216353284
453806733
753999040
380654650
702148226
143518736
177280598
679865139
846237306
417982367
197041269
654677355
677222681
693844045
145005180
601155887
649432491
247678792
835018825
522474577
936637399
270358876
22429435
229768267
857127883
268900827
829057680
834893312
837085134
665706639
2191822
322655924
225152680
443745663
318219789
443745663
367902756
167848616
443745663
937097032
291570777
171422391
905303789
423850795
351779867
195269383
351779867
413867262
264191080
605556628
370648073
333675408
432759654
63435478
560771497
482140973
996094018
752974997
547068724
918293590
808023138
568989122
410775395
301374146
178149462
99968721
858935958
178149462
894452773
738887332
287550711
178149462
197259465
623703240
785250015
717327909
438169839
619609663
622536805
27762531
524618001
727243738
395473233
214741991
320460549
139053241
171733270
402286746
223509421
33908010
987757320
52823671
289600860
838293718
139040878
574012395
132774301
485040336
699169383
872035008
161207768
875238573
771581390
241213509
985283578
346292724
633306546
346292724
832353484
173075047
832611853
179376572
734656493
28161607
497435278
209479613
556937181
501554576
641140848
341451822
543547567
984117012
341451822
884999389
884999389
719957536
819452424
430701029
679728121
286993753
169491361
719957536
933326700
926884656
344104000
228728717
809382264
809382264
498195472
933326700
809534052
528220596
660069836
168619488
933326700
485825083
958905706
823999600
738233581
340236626
331491022
700662699
392755063
261281194
556993151
181453749
574914008
115833913
347119780
995928610
108657654
261281194
230746711
710794541
883599467
731330352
728196033
890272267
575044617
828938096
203993966
828938096
461021764
773660527
801947146
808193423
993781643
43298554
423675540
683990464
476786233
359591276
603615735
359574538
755548675
985182512
499113380
457400119
320903898
620200417
352197403
64111408
830641248
395612622
340503816
424504826
331430919
764156457
767664130
302587530
691787411
547990526
389199881
143796885
448057741
765050866
249755212
686529779
799410488
380185158
799410488
765258755
597297463
107656657
284745466
73018868
57018628
176394867
987109854
246810967
247912811
2235740
984407670
707534987
155602829
670324716
665037221
534875376
439330387
235868019
207341392
933832701
877204449
336750738
831599004
885329304
935025690
935025690
880824477
667389875
341910999
77692802
692460218
692460218
220465520
864616509
99920097
252731743
973026345
70328244
534586605
872723902
799693800
595294283
595294283
1867314
890249307
408855853
778028437
865919026
582500327
429720508
429720508
143835624
706151759
758660073
825938466
731444704
494308581
398192340
802554547
813839738
414925604
541744496
963502900
543893009
980231169
794839833
927846539
585259455
52052264
80247852
833673368
992750421
168011302
320431878
914680290
786894537
71827327
31364229
324453648
767216245
324453648
19678292
19678292
723877493
224950603
759489976
713365028
558638508
759483870
534313535
118465619
254325814
405101201
426249906
854160994
323575664
256222435
154179768
593590194
256222435
444139004
502602179
58463175
660876594
68165448
806860769
869418591
361373214
869418591
236763178
151692615
151692615
962848106
962848106
945540629
839452716
733396110
128970625
138328779
387330065
237900221
117220818
60359788
79909040
927758725
384508427
378544426
735409343
400053617
579823915
728746178
137218607
148922263
55763696
763466928
281250443
672438118
148119692
487187353
305256628
312388530
878806930
110692662
725718618
89594006
396115688
499920743
135837740
709259068
674032476
564659671
91284876
214533837
577408843
893762846
705835423
391907654
447258363
570476860
443122322
829950035
869581982
829950035
768729382
619491158
163292235
505020283
114188734
419779342
423249281
559692885
683764821
783642753
749773805
17755076
712206272
565082442
788591075
17335054
557109264
718129025
972272020
95665251
461191762
50425627
706066654
563416782
487036132
238285610
471613175
492051250
762463656
762463656
492051250
841842987
506792250
778363646
59335156
105615172
867414729
271748786
178197316
758222144
396771711
23045814
102912831
428042029
729107153
566323293
947443622
360169188
128088796
681287843
177959317
583289559
598371124
694876459
365978285
61871556
843477534
324400999
192195520
501476683
852536548
612721945
