849885290
555149420
983978283
565035194
107094993
910379321
346332501
420852542
116814704
968689792
987386972
385773652
587628680
900968075
2344605
415968161
448577763
285806117
15094493
144304275
567103991
573257191
851729483
766936724
913182129
931392075
153210603
949158515
103196310
49612750
918478372
821702060
356861416
729567871
748380124
763171257
445613012
581026861
71195512
168557494
100365667
294757788
924267710
942752510
640729060
247057857
983355348
398037702
474253067
191769572
183429988
975325614
398154499
688397741
736344496
245752941
890794356
938126992
653242151
711533988
735859089
290185091
887372643
258378585
169973759
730097137
437441055
590982684
96050688
235473475
965484913
521945074
951708907
30806783
326522374
205945121
690481206
49748683
105158579
120456025
816577461
902015660
572881272
781237867
38419404
369150611
816787664
328977424
102437753
640589660
361076861
70199878
282748476
128029713
754025935
35502552
141923725
455091038
975837801
508115821
897487668
395267375
525610586
990636864
303280122
417791403
697100297
164337205
964061138
315925234
993584868
476505002
13895699
170143995
671194456
303115118
935582241
931358640
278133356
374270175
907489604
386906570
746595404
393782233
468607827
377365147
244394029
324779672
513092179
384156142
537264345
942013615
939829990
525036718
719133677
654391595
449132342
773380561
553220646
46351573
519650655
165830238
495607393
993110311
241854322
535363349
758382092
320478901
808172200
381349839
464806777
498613574
530307778
247899139
274493591
305553483
375146249
193000642
240101169
800276000
725859494
666083590
911701158
807701163
701422305
717197068
569136418
976074332
934826075
263174166
119764262
319033543
551847530
453923904
100902175
120912799
222939361
47537076
562502731
997276266
560504425
528168223
531018053
308720987
938145455
993284024
924819419
882241073
315907648
953692056
145110861
530636373
343393954
825468857
610457136
666847280
669601952
186412205
516045621
918578295
672219529
511703275
672385606
116176917
360170656
662666376
393532250
666813331
749689441
188110078
663015658
862983520
642944331
364384071
299741698
192350025
457839763
277159419
29271360
267817020
557512411
460238645
887434809
471022792
858997529
546882049
628328138
32366055
305719193
357698101
682582192
384688829
242158791
647213563
97701603
202915433
996542195
758326314
650801503
484593787
449347060
133268199
514367996
264698056
355751358
97851617
514483129
308799301
423744138
815528569
37991137
478128406
478101660
427057096
478979704
218110581
651053785
493404832
332308890
985420222
44887641
707930960
198382634
778393473
814885950
452566414
516895334
513085330
366789224
107354386
3176603
755248670
934668191
485247211
631453918
757802549
949893536
10412913
943838839
825941777
739281372
759928246
755243928
141906918
39434960
64570386
850211278
788366960
589165956
478267532
723968625
725099266
140931617
972747555
377950364
501924715
756890634
417926949
236546820
938018694
279974471
861470799
64610227
133611231
741366604
293202864
298036104
582021262
921009120
402164110
434401440
461057279
842719841
639030753
57655629
849515664
641035210
318558773
572743368
658831986
325351098
165779603
938814130
356400841
453903006
432308560
103551620
744105139
396310384
713765843
479641544
776180088
624044512
272714446
809349900
130219648
705754122
611870432
579502513
532822475
853836167
420945156
896270868
544570424
603277143
605035646
934709767
902001219
210179443
407680706
340014997
853988133
551291274
141967386
437921905
805636498
607414438
339085900
214421637
868614605
55420602
383803357
705896538
653011888
433773718
840943755
426147972
984108148
314290160
102775313
945272861
605343055
740350740
291671873
144788468
103666059
152674138
108397012
918770319
313625610
831622032
291454726
671966630
231748815
755463729
334407081
183438818
12427968
557751879
96234462
579575120
152390173
948892377
976461349
963666170
399158422
973129697
390143646
389108174
24550040
423089411
402844791
611354734
983041134
167147594
235601095
655955094
915723030
792342026
252219314
66597515
634127044
492751234
666605609
279177053
771399911
743544410
398120657
425865077
538870907
466754579
853353138
513912595
592555535
575883556
580870652
775850597
698748120
701438842
982528794
27613588
53925331
434127670
390354679
244916753
599454371
887873275
531871075
941651861
771432830
113392253
640716098
55662485
333955261
820036925
897976151
629613661
480592811
134934932
690114419
193329024
165098826
58176401
511001829
937562975
303926618
297590209
459044955
266863745
597287265
490288371
104134222
237871710
493972769
765462414
587186861
257267251
703824838
273733460
414346244
848188899
602197002
384015295
607575277
410177190
17896665
465490650
80383265
247938979
889090822
745373122
247770636
373747169
234251387
909211673
188101301
739313284
338826101
858730315
782751048
805780083
854943203
490136536
556403548
357782976
415827127
856355921
281661408
722048244
736008613
650563970
430771745
93711101
432974485
541037902
231801216
685295661
294077261
785040585
817640447
23624954
59173964
233896724
44185686
8777885
461201566
653249286
681458180
65323078
180557646
552853281
842674208
768964689
721094026
567273446
356991218
530717229
555106265
256298749
834628388
404132266
766448870
4997810
82460650
228847998
237119626
498017017
66847007
285527502
980440797
448094520
430789410
866845920
667852299
355662210
982635552
940554050
959089438
601601876
695344575
983529021
792026089
982932189
241939616
103567939
454575365
72876877
67939599
676640949
20627711
75741701
860205509
440555607
590132257
837734073
393246839
475420707
154089889
62554225
48346697
285691240
436462879
18928930
606006939
924471413
848819424
748785310
417588839
265323388
832446392
502988133
287979281
939908101
459601215
463303104
485512837
264056860
936215922
358961202
89791488
346276088
568963363
900093738
361240614
989512646
671628986
134301814
862623089
817468703
207923260
119818919
767042229
238362516
404136373
725190838
448861645
524213337
435806780
618620508
136605019
438326906
75773020
155415304
278528421
805595349
639446755
436024713
163347104
190081251
899351412
804252066
525120744
2449960
479722267
606749229
861101054
219654310
579281148
58642411
856596288
914878981
618142936
954836776
201653531
654446860
507611297
105776776
2671235
755431096
792749498
685139291
176705251
397843694
703317288
104667091
886825276
103404
511695759
797866300
729771784
588071557
944548419
679909160
232277826
42241499
714427237
737446237
205026532
467108368
385002304
11202193
242013221
469010023
869842647
262008915
876854469
26076438
9445908
717010255
730272868
488525024
703266812
458636243
651883414
380071623
293785567
677702590
804135626
179045917
151762315
421954938
530590888
964924784
726995630
114707498
945234820
633171050
292756569
505054940
475065940
371797794
265316525
638265277
29638928
324180779
677532817
46067306
637099992
73294985
218936621
915503490
984118297
797670435
893734083
457250884
93443480
804400718
112049785
238989924
499296536
526126404
907804289
864008575
931437722
762697323
951737764
787803328
871223639
182280726
287226979
209019460
211124288
170352970
867547535
658924048
107920315
978827676
302456175
714225587
175073611
754585718
745925809
108657336
666104168
130426634
204699856
798014841
528069120
394071173
582191113
706584036
909180809
487599174
763298943
591655699
564653547
304167882
967688336
286764347
283532571
748026427
743931216
952397866
150120004
223792404
908533640
400412346
207207006
101562223
320425354
954558888
290797611
885745101
292602908
13988064
908375418
315951948
803022341
968961875
757317213
182004556
75921944
241840719
164747551
469530413
764617248
40935232
906039520
381651987
798980998
394299179
780339257
602478260
770361641
580071325
448737267
3598250
701702980
19412394
181521719
476963871
956367187
231154911
643032827
715375700
568295009
795661385
772536281
247567222
647082392
491146491
191097717
341515352
760409451
830095747
45985257
284579263
430081507
693902891
981774172
602792315
537275153
39095436
650881377
540246811
700428862
134321262
191218492
719178906
457856573
86492904
862492715
659205522
703561959
130431608
462749256
767929298
539451306
399614926
757646605
67587927
99941168
185942404
929124771
236305315
548808062
680420035
71705258
653413747
130905185
469773305
884872013
165809409
986670509
624316306
32331675
30066898
919666064
400694153
470720835
63599115
372476874
102563049
773172960
609216726
484849351
353411336
757366727
658522667
549479363
577369967
961923608
710465146
612070446
136188089
215692001
967315014
192504465
688929170
943704947
805905548
905484925
579825587
667599158
23670980
37749292
228675053
214130277
369382261
965798535
761673486
933991734
322154276
19231401
21773500
511992657
976862738
910229256
767747436
437729942
548102193
510047231
914841265
781748407
119477419
384973733
53156251
183390314
642929483
102393137
414964912
163701703
73263939
926398302
317360351
225422838
115795335
389021031
316958541
180208536
908597061
869360613
958865318
183880375
216213423
621353635
992648101
206655474
566031026
159964557
401474560
714120936
856062483
329880417
199663806
109165453
704758906
369289726
118348132
313571890
497329277
208648612
498919775
115479426
171796492
639901729
852115796
239269999
248031708
3736095
716003619
246494798
250956838
983590444
456056549
957013542
140526738
809548765
71555172
643718854
377443401
130496538
589595779
370593207
240940438
137140517
43619239
570012930
839936657
259821005
859393057
941364319
464723956
403631313
111173116
95498363
888817481
413346570
852660884
983263476
319411377
130070897
119188737
198179101
904257809
642551134
910606664
690052860
769028688
351222614
571214301
839579703
433085985
765618813
292959693
842498279
59530559
226183738
403108367
547465896
262919252
270842244
746257776
269764763
4981795
820311616
304545235
433811643
421657092
652795730
46413738
848634988
228481738
980342735
799561649
755974090
911598235
308613444
731666311
37226773
129033945
167324533
96379264
669925914
556049268
317107680
604472745
983500100
876555274
549392998
388905327
869799594
245061638
725433874
417928704
139465902
327067351
898226833
808757585
17433035
751603857
589282895
326865343
71008410
137576380
883002076
587683274
674728630
317554130
661798125
493771041
889536617
517806033
781321754
890369892
758747332
98869064
48567403
39380573
743309511
276794595
455827966
352345004
877833132
831773632
698441225
647857505
725556509
526954132
791954226
505428648
303836622
324509378
648651408
504529570
921442418
837991968
501442311
283150930
299442729
311942333
858433682
660641797
862561151
406343982
666745042
804511865
778059851
449656897
188763274
445815198
920479316
96718690
112758077
880763535
854109494
267736999
924614193
658980091
411550034
333734793
983011400
641785517
600642893
807043121
993585579
674936795
925795348
370497185
844704118
292925747
657089817
944409412
898239440
18276103
504770899
636657339
230174506
351355498
662738201
567270020
966412918
802744320
943192625
946359446
370229731
346621564
972485627
928902016
755466717
585790376
72337236
978396022
754734325
229192253
828111423
26116827
701931569
451452746
75668288
670711304
511827256
44994687
709509613
606729317
585725490
950770218
405720242
307863259
110822835
753022577
797593077
895645507
259720245
700355594
866947812
131872125
656936168
436665228
316182337
5897178
25713581
466923186
468960266
301685647
827640904
250983255
128547562
110720927
882510000
35669100
183021433
889254170
925820850
423786486
292477842
253400836
119936082
566661198
751130993
750492115
39451087
530457372
109331445
973878132
719508393
756639483
187324647
278793579
760519634
885216549
958232434
709140042
278064433
884293854
779573919
156947594
686460185
508360630
405030323
92914943
325611482
820879870
880917150
2508430
808379637
223131339
770561408
275116289
965129350
803681085
947016716
785157418
788732171
592308022
955886819
990191308
98609726
260637233
870311429
694759220
103127309
528609264
936469076
658783572
834861232
232034796
221530819
659353469
442807287
665794262
769343153
10374767
765330041
581696827
556847963
823365925
17105225
206232713
607577848
828021474
573979872
569353995
550067832
143599127
150838233
891025817
589769008
2910385
171107680
591929234
8761228
205111034
873414090
412200828
689784099
228495742
501033861
417069073
869887444
407791922
274466937
112617621
399552249
652137514
831616796
609669514
232273662
181979931
70107184
361280533
349117904
871889366
43490951
175729698
574680487
737428909
292450494
223830663
201267598
763945828
360747769
465034344
442318274
258998906
927263841
908675108
357045584
290384874
767542774
736584415
473794742
336526754
73046336
9496257
268052082
96823188
148611024
29065996
466640709
765735126
409774582
110831420
480598856
234560507
90054357
321224070
310662469
297812899
788768434
567942819
307342536
238195388
324317180
82462015
765591900
323390050
586345213
956912987
131377999
707095687
673708345
669532734
791291825
32272537
914482693
652664485
625021189
534464692
83612131
455200751
761567176
419124145
851916908
15680257
946878776
266704145
579382645
256676961
686595829
760696329
763481996
603693614
359202737
818402407
974119933
914343256
232817578
282949672
666633620
488770217
564233151
380492726
534636546
516785436
648778578
52499033
989066636
110407766
942190221
804892189
386964433
531049859
914479105
804720382
553879936
440930882
600992548
863234284
358719934
842615340
545192529
588292418
614005465
147727207
933950446
272810234
463363712
729355000
90541425
394052149
984860082
303966139
237968586
489448509
491454122
956870569
644873563
733528297
934841199
611511172
355502587
993217343
142487424
450028409
241223028
604139668
597614535
206853908
487424537
471407928
154999847
916145718
262770034
226476865
677587509
23972635
51131337
50496154
927588593
462708610
401560817
337524120
808138593
174787311
452535355
231657814
342680364
564945069
90141104
563136926
629463796
559414985
735984258
897079122
926889529
426990596
508845888
950242901
790466509
612064765
181883026
496604986
938673950
938874985
364846642
974558222
353998349
713035464
645244552
306686924
655829176
260539257
679579575
68284870
773489114
724662739
156908544
331823394
613839743
101569398
917347908
742211460
751881386
272563760
258932734
494910565
861726674
457186612
437337802
382552421
41819373
647305193
406122116
3872429
559123983
168441021
673387688
718731910
112818278
547014071
891565609
805082883
87944823
206252236
195674968
724721918
469287133
384293148
433931858
646221720
81031203
767937693
513637237
468721485
175470344
267575926
842982760
341647910
112436607
934838262
704249469
728511932
842323459
448737836
290159371
617886831
714405704
84754272
819431676
512410464
349284221
107125927
689705877
34970306
673419297
542863932
114048973
265044437
501931143
486731274
939036731
304202391
760647325
89862038
731280488
681725064
191194786
45005021
79478908
922576226
125857889
919906684
488850450
561593135
739268257
81913594
393864351
657192257
930429328
533050842
267279167
182973257
286913006
311356155
375114962
324905842
968607274
638223167
148138987
532465270
446697634
854359865
780940803
324406282
182657591
575082862
601281947
275207521
431142478
420356762
917488035
81461906
899029790
485012962
929577001
43351370
527118317
28290587
77090714
776665983
414269651
793158314
178525798
854865106
944103240
630802274
822754058
947260289
453752211
49356595
303726117
90986081
20349510
803037420
327239841
724055302
77915741
577427316
928403536
681034832
37053508
210570300
173886867
605302019
215166474
181158465
45497710
505820687
510408573
277594982
697040698
805519511
339421354
596834537
9905480
213692013
170397909
435448858
561110034
116503751
27346192
411426143
968894598
548211093
776293864
314788555
601652135
286880444
452346638
439148
744734294
951914753
1239814
838270285
312773526
923464344
791107834
793178546
991537420
93078387
216428413
145565002
761286236
755225704
959720742
589474129
732119195
594432226
248803177
798780811
446803000
78187201
554138477
450931775
611772151
6227944
477201363
164423843
317051429
423913471
502150850
980922651
775050980
887141706
960642216
729447294
767023885
865195220
685834180
160945687
461787137
970363539
73361355
333376912
307971004
340733602
688725332
250847956
615641487
52681595
385245612
915920353
139447691
177997351
249596980
235624687
422767563
261056244
442163293
114733322
494350110
428098276
988101270
463590493
481547603
319424176
147422199
510090094
898252376
6537647
465663913
909581319
658142385
483160267
643342265
902907634
241111033
872321396
544562036
588813037
786862698
200177962
469388670
377112192
766622398
294411437
896814830
91233321
679304697
527026791
122173514
742112697
383947047
880081786
912124957
700534589
202461188
455003756
958697620
425301969
668202598
276977356
576971041
95081971
312422932
482735794
155784062
397736808
34149633
581171121
647714947
332180720
952049121
348041052
696957186
64076322
355884142
165531971
195288450
202990928
228778658
365769336
973797413
289032620
479649743
70059286
980848894
433130005
379147347
841509278
635859106
513521122
915105080
519544844
637056098
111447895
269371246
802371772
421400136
990438955
509811742
295141139
294920517
321931936
727408306
907271396
782918371
767299777
282356044
732426624
952049585
728809720
439288801
552886076
861723332
952742272
559713373
236532119
337554665
32283986
45692164
361177517
752626167
487965951
508735020
184590503
280222041
302195964
146391269
645516611
520053529
585527014
392392235
539590201
119670293
71215324
698168575
672732048
721074032
849474427
850650210
939205506
521121906
460191559
901029407
57756881
491896188
933587544
395236835
9888916
567097225
460234434
277374996
686652100
474731714
338615958
800933186
224851359
978992290
939655746
212711459
698124837
678128457
333776789
168935213
978320162
501183812
731980523
77869358
104566832
316070641
532325975
510504641
653586548
887471890
928378821
740031173
345847093
848374370
508278080
382833759
767730432
640966911
982062827
950744854
899810576
599188469
735081979
328995400
894080526
391313651
144071651
953954115
391603645
404936333
16124212
213577673
539515184
830030284
214590353
907325618
206513442
643256493
279250799
678419833
422732850
680054472
552052774
314261013
152471116
555732956
268538784
563255721
499656920
486293623
462178852
780391285
649042284
461481475
47299648
934763946
778535912
54882540
460940343
881376272
864148821
394471345
602932542
836488460
577704066
207347763
380530420
709974099
101058980
480643981
644423142
167534179
952304975
578072861
897102737
696089374
800302005
596452315
94229873
897840447
375147382
846614787
651212182
522402688
799105780
564157374
993989248
219255852
851791558
296633712
401848253
157158011
206919912
936308833
170151009
721460223
522262267
802595734
438708673
558614245
473989931
224636964
44641633
555405560
609162211
162503397
145107214
907016013
797074232
851157538
883932923
326642119
631894209
738487014
612939413
900954720
224799881
195326793
88228531
280426483
444993868
153471105
71180028
244826324
266256047
284917889
930505015
809040456
871785094
256243655
734724163
618244041
309097339
52482130
491395670
57826766
838119743
702284447
674287252
711019231
368292689
424440618
518410657
731480827
845696386
244965719
879259521
436089902
99862130
484535413
720961603
404139922
264039781
337247626
592999863
939356660
668329674
835798226
385249875
796099829
267404469
391485738
332803336
174932151
699261345
694937010
559542637
132266749
173928856
37733737
108206447
143199404
484654697
72588111
788208047
485819281
334096548
662142573
684693151
883477591
434674353
853466792
181409309
757205632
756585154
977069730
280955443
798462703
110109017
97343689
278800012
539418353
383119689
741131428
969592905
992927500
754042067
513881574
490453439
396655165
679882909
616525438
724447275
652120126
697377741
382770599
158564032
793347152
421314588
137387976
19544271
740402457
660218946
656975640
33045285
301039583
994391482
917652013
714703652
268852964
449706155
422182072
478455121
266821345
62126864
825860593
631008384
812265148
485465184
955622629
370550249
11188396
14463710
62078876
192908508
450989241
198945988
967593009
409081807
650699606
968863123
652120017
915519674
296145976
328808586
435665875
847741459
555255007
32114101
635699953
434530298
377361251
759872801
956970831
370435031
808804164
534788189
96891769
619939468
404339647
206952183
224118593
630144562
919580109
462334970
108215997
575800398
780995721
58351599
838929210
125038642
888228470
750202210
366282135
56508678
151848007
532005446
463780879
934535130
382544000
912600880
549104710
768994774
702151851
656403434
129644306
603670629
529799197
130616045
679864596
316767629
824195381
30462276
492546472
855617389
356515592
780224902
253923947
28852673
962655229
567988043
927376691
919811844
574277998
973036245
241726438
920825251
607123839
225759725
437996416
105538710
470373595
87036888
415480154
587153075
720948603
327103068
27921254
63896234
916768395
986780743
975876653
842182864
182100743
664346662
888511208
414955009
794512725
392292768
596893392
106619612
362637513
208558097
525089535
379310915
918321814
341407639
866223897
711147713
972657290
979207441
333875952
665941557
40883668
604279513
755758833
388201837
966523560
194968900
374371805
32428131
991778669
839462339
529953871
802162585
912182101
73875
165281286
268926491
486719858
768847590
274341918
536591859
772542609
732575842
251295118
356173309
525091371
780096945
237550425
621361656
408919580
696496548
230197479
580358293
820948337
548690355
104089435
561550475
310524716
744824834
30842406
912188431
536602836
226967850
331529133
731382367
949973698
713041912
864919995
282172807
459132508
878866218
23210148
688615740
396713170
741984873
436828040
889651710
408842352
42119871
253903234
404454895
839777583
602618018
967303344
390907182
29505253
284264771
807022903
522269907
642644271
578989374
837427246
169646963
527394431
341205423
348781908
560020854
679573590
620921283
298122017
858175203
169842307
634355279
164942799
36131583
949079799
683198414
349379105
396753423
390809362
641080748
124427244
151439672
455115177
209235217
704499254
87514220
346386828
22930872
629784258
140003534
682071407
596579765
480075462
81283849
511816806
235570554
914365851
600161526
14761616
990160764
46084548
687982748
13806020
517560344
430098757
977323670
155199888
961738036
731785818
125426949
133867698
456918133
581407931
750565257
373895751
600835550
392811262
964837991
803482221
939411335
502599681
346787735
15810526
289400128
778679960
590729977
927178640
456059238
44292037
322296541
36352019
631186916
662819721
414193338
793815937
981759279
232386026
839380250
154246416
834674503
768146462
525962588
606335352
63559331
195389249
159644929
762029012
446650774
990949303
427591727
400452854
168151766
550175980
710586188
335794403
435330411
277102987
649932151
404619100
479362890
214011951
119990299
722078180
202317091
584627590
86243085
848015659
11091806
433617289
278543262
380490373
315490672
528539237
339343057
385637186
315323950
830250460
811287332
17802681
907362300
771185742
989255269
285241972
429635689
925619304
276542243
272227730
658516158
935380689
67546966
517094457
27625103
222580977
470730417
858640981
680544277
692422716
394323713
972394600
476381576
455661693
377183159
35869775
644281434
957066930
138153492
402078098
594190826
446507713
537054148
286035554
596350829
85859504
461584084
234581628
635734934
443924500
327110717
939298652
958294811
205003390
728780075
879476509
512649829
195170271
608519136
460621244
343025634
422167810
343850639
988886987
618258655
180658626
879106039
934579518
660307479
833134608
218528899
109208328
278310912
77541987
806027648
840679145
201792215
905595453
120331142
98066178
365097133
422764745
523046148
326212375
301461749
330570436
872414203
801367781
424856699
479825787
537766708
681505319
169947508
930394665
280262618
557548528
540007454
812364979
574784485
261576433
954230938
945014025
735675221
826647945
728251824
420893349
687630610
803351208
186475224
402759768
21493694
954065377
491125236
681412432
627435375
97038993
667205938
235509982
893051620
168820213
360496682
669314642
864737351
723854066
923440900
720247957
407267176
618191572
209735742
973478161
982512500
591371595
594774833
766182727
676094368
159355401
531577666
752185908
34402045
413505584
446066606
904251521
684831033
490906308
706416182
116878379
353109116
265856586
721651328
251397028
791561470
830508771
197381786
356741077
235164577
90630170
294508419
402891353
136708589
412355130
977121010
101686883
598253838
92203712
100179370
424608284
489494041
318882287
921657654
215329880
607761627
899506756
718185627
248731134
4756237
494765790
867190482
749550383
187872003
323366770
831062321
684501690
983226317
61728959
178663715
104142469
682575257
609120441
231993640
437495061
399003261
164607245
195670508
872994741
321587936
717549204
758744260
768668703
733258759
55693740
984750538
593047926
700077543
937350671
135451173
553540538
834898537
133777189
111866796
701140548
139981504
590592500
986544018
461385693
705693883
174372807
435646454
141950353
349907229
54717837
188858808
24663905
862944031
806458632
627075529
271406328
130262210
333326738
522943732
182447621
82618406
872776242
924081108
631522166
107907684
880331919
46274034
789116621
487300019
448903471
361056865
457108275
960182410
132778717
93295043
135671477
788795278
512897331
202657588
495023609
25566273
252045482
948900056
17415818
433744949
895768918
560369877
336904936
278054897
740900327
39753621
660970577
997612186
868379716
643235820
115546953
828381420
694305542
194916999
154964152
147978049
670212873
105264867
909195873
281702685
891395486
634725505
457294128
534465485
966829511
308336508
942719896
843783920
727346382
426318246
97114466
623488806
311707555
684763494
603953841
891090479
960322591
443848240
602424154
886054824
163650006
559518425
110347926
802833309
480043423
508644265
389938202
85132171
175473744
761692351
5437002
676778105
123661756
74534135
719227062
530359989
906680748
217108478
336786777
875700437
128451719
682478082
198156986
306001944
165747890
800698686
217650137
371649950
624687157
883034596
884766068
570858913
139757755
662561424
119838535
432267343
438507080
793370545
262202428
934133347
597676803
544953763
26069291
855893413
504972566
435965694
347993705
278999713
579379659
191324002
418582543
29714631
880969636
297935034
666193077
38314385
460466983
484908362
122527345
944760701
157624198
554333729
527623346
272890027
911088303
304285431
649474434
929961472
190022667
135753141
578600552
969941877
541081460
550749545
507319609
857591987
115958763
798478351
294472948
602152085
430744968
883730548
689486975
834226499
795926775
660275915
123530190
341174470
545858932
582057009
844635816
599228913
626790072
436593026
647392283
996492172
121945701
515139061
166981584
291865442
740688146
180555626
6804798
951185207
772741263
121049125
338899828
336234690
644256283
567155087
817104571
311108221
364426324
476738262
228989896
216576820
417585340
213162138
510681792
639573445
712784587
630084479
393495508
673952728
471364084
13322138
377374613
506340246
540567122
767901857
329170653
860558514
707880724
75961662
600024157
105633164
480028493
556584855
625858599
746938886
993615802
525375424
220415379
845514365
860448636
851049160
711231767
960655548
278364517
492624261
532016499
144507922
905045434
823494548
766284069
942129225
464815294
347161668
604064815
917866118
983104320
245241890
80163659
182700930
151077344
786996398
191073235
992347803
474540721
627053769
78735755
332154135
78023662
389913437
510868120
695206664
342618463
423932994
200729043
544508640
905345719
307289153
847528898
672386210
716944364
857008000
147730255
918579684
726493804
252312190
516779451
556692662
112953060
76357162
639789801
741216923
961359808
377159339
109681025
466372257
362977014
462690743
431729747
845546278
797881107
766519786
855394149
316228810
392709368
339421476
650281710
215481574
131444713
695624146
255206225
750585007
982832483
450636180
584037652
415966729
11569438
643862739
803315679
956630555
412210277
921968218
672734013
277558194
960504697
176829762
655541877
767349749
231169891
119394449
372471786
380131243
937486409
538141472
440202195
428233376
959389504
755734542
333953936
742819369
701130934
116831829
800103256
433060906
170545902
394698599
579166613
516779251
604997776
777039314
961982778
831550889
453327608
247187036
799230973
875727009
74522773
817458985
551053765
877519627
738511275
21376411
643654753
878535386
542892552
14223865
705158700
679449222
551202582
898397231
218613853
83371611
865257851
763509003
758586540
845171529
721632596
170213958
652070040
6134535
106757515
207381236
743540842
964953232
968139006
850460102
835541267
446493661
196028326
293075906
76555472
50765190
431230809
312987607
707319671
340084388
543987317
884874256
581442930
185081536
146088610
548939661
402596979
665673394
602386566
851095585
236604066
232794307
658348432
347172579
522288873
127055155
78326543
557645246
175305331
582609951
84935060
636409275
630243298
658944367
562538197
571703012
797787643
156008090
150468303
479754654
655515278
811460411
323950365
652408929
636284133
74666338
569104046
224292668
739670174
249307395
348670715
510995463
930982422
467338385
789954259
594084902
732731088
394810897
912018046
257000232
222074765
556759059
839803814
475068411
875979599
629359205
131260975
284980808
970112389
261872883
789159158
52193172
641548751
346432074
303647776
79058475
537674877
548939063
459109371
130617617
89263087
460955216
303290569
569884745
77072142
846349285
691677713
389580383
491267418
421645861
674059156
817639607
827254653
835074326
203065525
278890891
464143947
522633096
145746889
430219637
226462319
373549564
784176563
692679946
579306065
580746268
824237973
714598077
386159501
844215841
257542226
90844922
234593405
621738798
440500744
661007729
363115804
28090462
115833285
80012529
27889085
474209125
946588501
844881564
612581443
968868927
512922301
454882730
68279424
734072589
855147405
818241373
799529145
376355784
156397087
248737386
303546119
75686712
788288778
872973025
414000113
166712037
374544496
700046642
829455444
76922294
552339115
227303916
968592523
946323454
690504526
975395209
925515887
554449978
592204055
903330920
16527802
169649382
79526699
533595925
164451093
123325248
533083487
192250573
413156591
466619693
752153112
968849875
729628624
691735663
368997158
414846265
457878382
784968672
39874679
98720691
891947361
824544393
279521956
679470814
290795819
337392209
894433032
175484103
2108493
505762795
245008082
320467953
840951348
245329559
625960810
316769133
637868384
168965144
274175853
816761676
290645805
619598744
879041531
861278902
320997112
315262394
183332445
528599384
209432923
197439499
455860439
825634398
618333993
314532303
432997100
107665352
667603409
715633720
138199049
401878702
754647708
21836464
951948991
681926061
722382740
593440355
952561136
214520595
327593212
558434332
469134235
659024566
942988971
54127684
519493718
497369405
747677262
640456763
873793768
892729313
955457139
817642157
646762881
72296444
877860689
318091041
821198673
107300237
447597870
303852031
125605227
776315499
91125491
170490192
985897222
926495738
18911519
167353799
254980536
90544419
621775820
532439266
697054090
895690417
107924888
426814978
285112866
42700750
277018824
921190449
463956779
517675571
952526221
316261280
723069601
801400023
823538335
854593978
827343059
271516927
282396449
866572454
976342240
859649909
717613957
290080386
903373625
412384614
91264298
792736960
300232785
232927033
499454229
962463273
930376704
193095318
171065166
803721644
958200582
673022225
748564768
872821146
961315823
392124553
388902617
723173982
700882580
623113479
630965412
26984533
855348282
283217448
624445262
986016569
773935610
23392510
760394794
5910461
181860549
637670713
609777161
288146132
163167985
988937534
442856413
538622448
951866631
687149386
782018650
764029305
275363001
774607046
334457926
127371191
937606136
60234630
863341758
683336353
854297713
727600894
764892535
140527884
946389883
147913969
788037072
807120327
701716904
210825323
245409403
951271858
358532300
518840219
289715758
768666747
82026534
251235176
57260428
929528777
972380752
892131774
185291806
208081610
96878220
327831949
845692272
883640152
52109819
53337868
494488082
579388135
728469111
896398643
431273823
533936016
316337378
57725029
127555729
667733020
597935875
70287736
499809485
460594092
689132798
813546753
767652748
927413801
760285642
706977110
467361067
699616958
779314288
251980604
291269215
308907572
80732172
692269337
885519298
433923071
794401136
822102087
140231383
205799373
330072325
59872542
837531144
457608581
631002953
600276315
174483579
878992715
850597659
174729605
206943258
882789078
419271557
919368729
161468361
597302010
211306536
853572366
497083512
722985334
71742418
772227028
206925422
740576739
645073046
585961620
667876653
317477834
993785779
233440652
380408488
181665901
319227614
243653487
630649151
407220317
45997668
367823836
896369644
837511349
636635710
109782989
704711430
203867037
213501834
689189113
13331756
589848949
310625755
261006935
325684595
337762746
253023779
678291681
93913317
934088859
134802336
531700425
718378896
991799873
438666242
215594966
549683779
191161215
474494106
696844147
155211898
573571212
757043553
109694512
245177089
739839980
535756953
320921240
906723994
558670594
846304575
816433217
913231330
287549668
590670803
967405994
33583478
838026743
684837655
197164549
851011830
334523475
702441581
538287708
890573636
873119132
345179701
647936708
488135056
789191598
823010350
978757352
554091668
182211563
317767261
373803144
891875108
951162777
63403883
121270188
61477479
143691408
256183060
480834574
860779514
239078069
763428898
760914054
612707552
223990756
858804553
257534939
300100904
215335374
815854792
344522138
639564422
528416377
288842680
217852955
948661557
581507384
607893988
692245933
941027023
356092991
483931254
580964511
115338159
940612235
591147511
227540936
742215530
576500535
526779991
950849492
746187969
574668716
967137366
219075011
794676392
218666329
470738279
956328502
282486392
334793798
180845346
857830053
139818664
687101886
903527365
512332615
937000629
392505253
40781651
94516882
620467175
225917202
718152117
914376319
993472394
576309670
724344762
545515025
139550114
414401892
382541301
483285737
150986215
351511584
826730855
842157067
831792348
698748343
18040024
651968963
933891913
130858981
131561761
302818445
363701478
919675669
783431766
178082502
540029808
153696472
837456361
626924498
21683479
890816722
534862179
380612458
72581506
113895162
237168595
640968841
366841198
77594256
534948315
388990683
185654155
915074765
919064203
161597670
436012760
964907148
783418296
678939594
100122755
125268738
651948869
329491804
576091186
754358707
354679989
750307758
500429465
174059450
842988225
888557897
437034962
515350478
593013293
682927299
344374518
866691026
802489658
579243155
32518883
669088931
119492413
635048905
994343524
448062754
789297328
788003
325747730
295697412
953815113
389717836
916893141
38710598
393922097
548509179
804777173
274064215
993981506
915409224
789934366
99724513
61631204
287129790
48107128
635111827
761259388
428267407
156798761
784313166
992253008
545238849
377816451
184126618
884557727
177314326
989058144
929271294
797777681
737655471
406177994
282150442
898417028
451108491
822373240
504598494
137050304
27032722
810017001
158054906
815151987
205281645
379363764
133133063
178377428
889682269
76624556
910698428
508790816
871896776
641641085
963704405
879208930
907612660
146231427
649702522
540326929
880705481
348554524
615989335
315620473
695036008
32145646
261160561
397891861
278323442
869414843
945366359
991746507
505065676
619793860
420778291
487713924
193885098
384624429
526763815
2087432
361020246
330248066
797980737
48721822
100947391
820757727
154966305
955736605
368697916
533640093
144757596
850772186
818954530
522349898
10136708
114568260
622505170
399799438
257346296
587619810
558885279
791183732
95489895
366816067
535764656
862366178
135193926
98552699
232756547
465412460
996389180
863010854
623071088
225163890
774107403
86131199
279091279
28613676
975271516
115858504
334958642
173354776
928864608
173354776
48680421
304406552
250771334
457610807
240366346
887539201
152034456
649723628
833138182
51658295
463690001
601890757
410091126
241300244
675651720
444871201
878587233
794118503
754735629
417555371
409298520
846109308
218132032
304880574
278067
225552615
321661398
789659304
584410582
363482796
385954481
661893170
849894109
547825956
460742137
600825390
130390
156717526
88720006
795788427
94104354
819112691
610082624
918529721
940182996
824444373
662314443
912845271
822024801
398096258
343734786
981175970
55920636
279756094
9455900
291478320
663087203
418099719
85209557
63503500
986073933
603820013
271659810
777700003
318605620
102826186
372429149
542259532
889640217
875240020
757431829
316165757
283357531
586214685
179647209
852514228
587044023
490059549
748339930
10165952
169690014
698700022
34607523
614035937
764158133
514835229
534535509
335026274
575816467
751169963
4362554
656208524
440877875
114010553
465719828
468060932
139130069
632509630
515982660
430935228
997132535
798183594
930153892
94179444
447440050
476893327
710520494
315827866
980134428
993265348
142827198
157263544
741275432
846846485
860741447
267420466
420556062
74545419
982706169
718838715
578334123
820379123
657214883
965595179
887988153
90689509
948477257
528306649
770541606
861614221
888953464
355728969
402227913
775153262
605530863
178885141
61491738
364796980
88870964
561825869
511809571
370987690
397745621
448496970
492614970
979195653
439767050
580124979
88967986
677372596
288643515
237917551
351875674
203624803
631399262
908184994
628038003
987889580
906720726
645925887
239256733
708375247
708375247
405002457
167538509
643224643
529056162
792621304
817574334
222410600
395146376
24736825
479800738
533804643
618753
615329804
869865471
553977728
746729681
74088594
10216565
891238277
539212594
889589739
380142513
722313372
33635153
368498777
141264565
861714184
898313413
882101299
342278689
597476616
252078257
798443559
810863179
880004040
945759648
449195954
840785675
910355499
384645513
362651630
539169623
123303279
651868137
939293770
300926239
879856775
316581020
579190575
525391588
186765596
111450813
778523174
649060902
190537392
945563983
224984426
905629747
670003277
947035949
829994327
361542431
63676351
898591549
980039050
413291498
694235468
482296904
159808998
950901732
93990011
876763845
482501617
200103195
12334654
183493865
99086945
843186787
919376211
688356964
711770706
450591823
479434286
539149943
26917276
126172053
466939132
521879460
867029497
402908422
739450447
418677622
87040872
460561168
610260685
603163316
520779604
139635474
884565861
208308170
498581338
683070494
139837717
113611759
838402796
768568419
75598370
152619881
789595131
157438845
820562230
676975284
70514186
756972449
774446138
512730867
13731102
639346437
287177479
945551835
631196139
401604800
576262579
909899751
461733900
570586094
168919946
400921601
512902576
716068863
560553835
691687036
375358395
120624907
208527861
970245631
974631934
216358480
356676163
762808658
680253322
727266781
580591042
627697426
641822545
792928407
736186057
113583549
439799967
705182710
858057912
700764711
342613471
500714998
157642150
446582968
515168909
790751882
156051705
683679448
268158031
476810152
64245469
530365642
678015649
750547657
407428592
291266167
424877225
106750821
206520338
876270079
376287030
919605464
229479711
881813753
497709907
618810169
547104368
798611435
230098556
806937112
230622374
984283072
95136571
751815332
205603388
460107585
172361769
380762768
820516292
683264508
988218092
899137895
658136348
658355466
156070932
948628867
470644466
419359934
417447426
923839886
791184184
135263529
976061343
644061346
726263314
799824323
649794372
700208304
151034536
302068345
373560208
235735812
655357602
243399688
749158478
167366484
133687207
325268511
136564344
240494216
142267587
297618260
119644462
647051561
141390645
416446868
912161754
904630228
688328443
244954560
111036448
985762476
503266311
22513729
429485112
269135173
3909011
218440661
745010499
571145670
788746087
985679055
407014721
873453625
654615763
207045311
381751601
103093737
264691366
983514340
806400179
748943741
856826086
609869786
366199256
575349870
304776504
17035017
622131384
38192720
870899199
665980706
430604817
413768936
590637754
218942891
231468353
913287966
491341187
238266514
208402893
590205021
811329638
979232471
946975140
256694819
760794822
770025348
759470261
106132336
577240540
125606867
929565014
223069080
953814264
806914038
76775909
470861811
724591026
94845747
483146428
255303567
540285175
790508772
432742268
121870185
61825923
242383320
157166744
948312443
844333856
284792524
947487879
323967249
394280534
988344957
571853181
113273144
980927410
495929065
95206110
762195840
995285826
927653426
887121131
670550831
773856734
497158827
955051
942203180
856650695
15946850
62870900
751646283
672945228
289919386
973807706
720862572
21828232
117332875
234067181
292915489
431200167
515251432
684277193
540927290
845738198
539818909
748875760
80441853
190258893
638472608
364141198
387781468
399304472
91876499
589340976
650908061
856160780
367030705
220263473
235376241
212529432
987376114
862262056
442271903
891509583
745144904
151600355
805262877
292057308
571378722
579327197
638626334
440335900
374611889
442982937
49143122
837427254
116509311
161800925
763742427
211742589
839096867
512920871
194904639
358504680
665642557
346312248
139980064
404263647
263287330
366098483
693364643
800044420
495821766
821869629
680696153
942757737
66121115
401066767
834715509
887210959
796572219
578576972
687803910
577589603
109799099
674155679
686171156
614201302
433992730
63499803
789596446
579020034
772536202
103791085
392771605
173271628
78718682
83036145
762324760
425551415
847358644
174452998
960191073
192896513
300697741
419367527
430517319
241691691
514548385
868602403
569182093
70765467
652237813
166147546
669914746
832446228
173233083
631874392
63105413
579963249
674754713
364147824
924121352
8388300
291592395
243209107
431922160
963817108
675751860
524118825
533384965
884797346
394777489
334281356
692463088
897328564
45777482
552557148
501336596
169160293
541454927
968628974
326155499
854978247
115495379
423586773
128881662
546905666
927565906
635733844
353458488
792977371
221626528
583337340
402264915
582582690
671300352
285644385
319180301
893018061
484989353
732612683
517054091
873381110
151950927
65508168
49284581
502248525
974252898
626440165
235449701
296852776
163592128
53573425
251089720
243353017
357667860
161874116
683170884
691258425
445690411
106691777
712767618
9328095
555849406
132562220
707684198
535809335
910311400
528632847
980634126
481100779
560457407
616623550
667960045
258804370
979407495
473967933
115413901
888224157
215665600
844846547
937071590
134283137
141710345
614331273
15269359
309411428
793354838
665097108
476724421
494291348
188519679
449106345
384197604
731367245
214545482
787177896
504171752
841839767
337757816
428980424
283291867
80147604
802490776
478181421
502873857
789929126
536616690
611027041
