0
0
323879257
323879257
0
472931393
570131516
714323283
188290125
182000102
182900637
161431376
615629813
300250388
454863410
519870100
438031279
582424500
610779434
342647469
450515060
868146329
774652835
863891325
22303465
636171875
818230035
92075678
454271674
634102450
116220110
154734605
905248552
810511165
759681602
324004745
742032764
610932777
596322512
535429177
722829904
906609108
717468251
479152060
449100275
845214333
765144151
961861363
830902904
383738157
977839057
760118540
274262513
120610055
174345042
843238467
376245959
727847487
497980923
970870269
525717765
91495582
396212916
339859174
429468888
693667333
305374155
964390598
898626478
838278396
540145999
576478881
277411967
328132225
231102032
887841308
150906795
630590057
906912394
268559464
89756412
42475712
731602638
419187687
150661132
587860560
86084840
921023398
765858523
585883721
97256947
512831840
465908121
835102684
259969028
853171450
656041284
627909195
896535670
718512491
102591013
790689895
374617483
903238626
986349211
221787223
245789087
670305977
737240835
101042223
679071995
880353574
904395548
191961853
944557581
528489752
929452095
606184378
413039120
876157836
827381126
189303192
642885065
123776513
786734338
377145749
288013424
150438648
59730978
106826144
211500838
231256262
731149966
139118513
35907564
291547224
425772950
292120281
682874405
838778456
525814220
840701981
305190058
831773616
848246213
277827526
300954092
335373061
250628459
446319845
438807412
419697322
629278530
577113392
374073379
768386323
997986692
220956549
814883135
820050274
643225769
818996256
382577191
788296388
419746471
923991143
889456018
809113192
756734767
704404992
568039525
484508400
274578149
770557257
121328377
995273256
649302439
627225996
281052937
86115470
601414570
632776274
82540651
542028632
672308032
422293429
361654922
508596103
848729682
11192674
66680766
451122902
885759681
511771581
732516192
839939428
967702417
142419675
660946829
177298555
449931144
715259085
51968902
125123687
556979614
989604830
168585225
688229696
396730622
194911147
537327402
544583272
462005517
775280873
593649654
722917177
360256635
993715114
773939342
223641219
367464360
27543290
442257325
824104859
205164720
627724176
945854869
308244840
742003431
438150186
675279683
708921934
465728499
691672495
333029029
682061699
831702683
278219889
117007937
35207164
274060732
9723384
512679691
668828081
499658678
275286502
88213802
589969796
426599678
217948473
116414659
10232859
331582338
332568698
516408536
588721526
159875744
803750711
939653072
870517367
812306780
862319034
498312390
482454498
799215009
869061859
883936728
953309244
127884306
253012474
67629026
763161560
605891879
499854640
642927512
997353887
807024418
65003984
662209380
969703937
953309112
451642747
972273650
811083701
17925481
722083529
724793317
435098531
671865527
702008105
32514888
550761507
384236737
336038628
833323880
929599779
515429387
60124705
234620727
292497830
868987839
777102223
931884300
400117624
279012114
110215510
606459850
925772421
361492833
536169617
820692559
739881002
176380587
309995133
846791377
275895234
641031045
666516303
105086926
820301429
694182476
171110380
189517157
70306423
63817310
324737074
684661315
694185871
79770817
382323431
294146825
240642561
24826908
249405535
894373132
184226900
932618026
697795519
602138439
159305418
674639425
968578270
879928901
599563184
640311404
443554155
839209543
140041496
837978083
802875533
673895596
584471233
345722161
852521636
175054097
487316776
775390342
84208201
631116325
431915519
182965985
639795760
353569176
570032743
642577783
470191489
388856579
692526530
432731949
282314690
719951846
85371899
851525548
479446482
384191013
84001178
441984589
358102322
202462463
94630941
224318659
989459654
157269452
393418330
405667367
705583614
344867859
454930735
211977666
861324663
111454384
28018688
982297627
851191929
720934703
349611207
214737414
210647308
239362233
574722729
905896080
371096570
482791736
692443336
720797714
809489105
103529484
582872656
941314632
987740215
739589671
838575509
660162644
259283203
867264075
491115971
666175392
40498835
927418987
673776325
691866501
627172378
970117506
242941586
604260551
600471018
326872411
45948734
108560204
883950324
461065388
869723737
562643581
435506041
551915487
573755479
80238532
248295308
410517724
52640948
95734733
535444007
683520533
797741934
551823537
716057300
370976802
121476476
589114174
733063708
938484369
812868759
730485572
332630456
882838322
294419573
892046787
50894898
594725376
341945990
233045252
241004510
782590428
303635088
411832743
265158445
179212824
861530621
393283110
316625867
515058461
753283710
157760872
75421873
484178055
532346629
200586525
829605231
476414536
717648959
209000487
396740904
567351369
433362809
951659530
32066528
408029836
210349310
177906029
271403428
700443259
952367540
857254329
254510690
847951555
819069259
693108081
269549938
434167952
760304601
167667928
862578459
456249005
273988983
973912224
408363487
494821840
697454127
852337770
363785722
813060281
123964403
296423963
786849033
613636723
281242941
964043850
153610747
330616991
811730328
304739954
830707689
511263933
189070735
131243322
764269501
404178914
773777279
61010669
506825949
783611187
683742095
550036931
78090122
522904128
570332257
920458879
351097490
539520225
740378003
405147096
485575286
926019916
391126000
662047498
414198678
624726382
35603697
461197809
908393632
466198394
296693470
611893720
577943290
778417715
431116631
826712270
277579383
421765145
746463414
966375407
198474110
907035370
486862530
181449846
235973101
157913995
881566417
682320085
925710773
612785651
706839630
524765621
122797869
112980757
513498645
106040589
837491038
558557582
172639479
413346540
817165460
539849265
280474359
279042913
392091346
124485626
37868422
978715757
179908101
228513737
99574993
862595547
81517834
363698183
799033492
310643855
908839656
266887477
269679116
701489013
694649809
340645951
771719703
100400060
139430650
555190727
611620951
642996840
148852814
166689985
762194622
244005575
679290888
682740606
549082696
878085989
26164376
694739889
790276452
591398715
944973822
546543881
564682152
809248964
371361326
692063147
783041665
943589307
357659778
580557492
64802543
81025405
686678974
409768607
145985965
597834595
141933497
88579455
362188471
618433929
415217515
46658130
540834978
110431094
772259353
250581719
102006604
739394050
909090791
618469248
276950560
336348492
264480016
149483888
328517519
554734635
583215625
395661326
709491791
397274396
537459452
721731450
694062319
455943112
115722947
847657726
502339977
770863315
736064360
498308666
470616335
618621783
19475583
110616483
952232562
880934816
354912863
921142586
99354747
324136956
29261264
517790162
160054483
374106714
425522722
76678224
427360512
13659379
157311462
742877929
107971334
170397849
492965347
83102961
765181721
262436439
634503814
793113922
938525799
81886194
493659900
818550881
536636432
927064283
4577619
575444110
173053001
919806603
930517575
183214757
353358777
674741751
721947586
40720418
144209322
494383384
329793099
899078234
974164508
156390134
39915405
279899779
51281542
657986414
124339710
243267385
39361796
196051782
554080631
200431658
989610152
236712854
767236028
138612308
846981961
95687165
682513381
94230383
644270056
334216138
22277170
479336007
115583400
861144647
302537149
871399520
488675234
160242852
98202347
401145187
262418411
219823288
958254757
393856404
211614467
533214428
938923743
474327457
540144579
49008089
651778944
856825291
235234385
554091901
369177176
645225710
158487594
305785790
454540564
226593846
126489328
124703532
895240514
251537345
935219852
812876991
775420696
601593021
876597129
536812536
272926966
680769476
897446879
764523343
734063663
942315524
551840102
683226243
652616812
213427896
182129674
679960343
848763769
353101224
833522753
836822862
615882329
220104274
198467338
588137734
699508865
856438235
181244002
171303704
211085700
973158459
755627900
507848458
561687186
809480898
802851362
506154973
889963337
688098442
588647980
531084414
333809956
888711906
318866971
933971934
115814598
806474727
469726871
312125448
324303329
903722859
873586933
185877830
617593094
64593676
623089183
66909277
278413513
892837350
697537093
528320104
176825936
520990828
928757137
311803594
666372196
56986793
338413290
677232276
490442229
396757325
471394561
328403778
426422038
542535524
289848351
270547629
226780953
677136689
533225624
422082134
997759452
850266324
174442986
994549062
684475053
650820678
925888825
896530411
416910086
691690430
338132817
574981609
337720690
779917343
722396074
890068089
494594799
541250410
73178929
163008141
269709558
702661273
394965330
124256323
888836371
854757361
358744969
3250912
165043649
889431841
337565634
262161234
847311185
468531102
963550098
949418282
245018496
111514363
337069152
86919737
127535240
844345215
848029810
416888953
363011194
477010522
563241292
993202613
528406552
942113355
290171008
707834213
64368379
14889374
901181113
474005341
750741928
26594182
239486451
904932599
76632016
244151129
387519367
59186923
843420726
183755902
830128591
11944243
821764227
918213191
911073150
403403824
403250374
412744265
995635014
676026670
469940659
428360000
520550245
908472891
827316293
729535250
104473363
135393518
599050361
615814838
286016221
620777883
893799405
49291859
173151298
778924930
395228219
141127384
678556880
130663026
505983935
622620061
835449085
162735953
219746698
366722487
182021026
637582999
489621769
433399310
292940580
10173767
283912764
732437027
848124600
411822914
810986747
431121586
697656605
525217478
557191659
195831900
582306232
828615389
585930174
381975522
639713904
914569148
139380825
500379661
343042676
146085977
714614880
286670003
979448916
928848386
788399592
494897590
772665174
667978206
191738202
485013706
71249186
731176341
952836889
302276938
262461209
399572162
291929125
100315327
963180427
223140074
574162923
320814123
635681005
393651459
348058621
994705945
200287776
156140932
482931412
843640464
920568856
374182445
707076240
802467334
763186099
407651491
684147107
779007982
971865930
741573429
500791916
763687334
442473805
960050260
806889945
157897148
555625517
654245614
451884136
254920884
396426890
574394302
692240691
563732714
899157879
114394137
409533270
52621403
492577089
680553611
487669383
371643997
461182903
983601271
354432720
762128169
148947337
89985435
893074070
629859944
947942238
36451996
492543716
648609583
787349900
38760930
322006271
687405324
69037344
947992450
261121422
783892165
421292592
749247728
210858467
190262581
613609265
306537801
743369816
927570108
627300239
423662410
473190691
523563712
45685577
910251937
612723875
16943335
946238424
115868504
861768110
82570581
29554270
800062091
568833716
594527158
468698838
239482655
675622592
627862967
267024407
745088154
634587054
285409939
180851845
917714599
253853266
93692802
83273000
872445311
576547793
55623920
122711799
702761830
299511929
22869093
398964988
500975672
303846717
360316705
362506180
342207410
182133730
684859967
608280174
109589921
61779044
908846663
600019540
241030437
145835232
879844993
696078667
724886890
726142578
491664573
769006427
388459308
32867585
381465956
415779437
968879931
902745988
631521203
602159379
411778374
696476840
379302974
713657740
70746666
153322437
188877957
959431611
397208181
806856058
931239637
242749770
959218371
317428683
272568569
970329261
252640846
53498825
200608020
424224234
380040227
119234749
196142266
910132630
952001229
797930718
570093730
293546943
910576413
760447814
412973294
951780968
806322723
541994568
17816316
303140104
121637010
796662901
542978606
218401846
697378912
742056658
49462047
459197609
465359992
327152251
682395941
402763303
651654655
884594682
951438291
782411587
405956167
729335540
884701321
918416331
581503883
164852507
114670992
956466367
458106457
932220873
673030613
179081232
195194632
119568747
526640104
55917356
809419740
315725967
634822114
915503624
1894609
667963860
563871746
225267146
26377079
828228792
678121873
229639946
150598095
399891749
495629520
960852468
337444307
114925094
92585525
996273292
947768037
925707837
676865352
587232640
292420540
170360972
986139350
753033627
339263112
105274279
729978489
669089856
809116017
146430188
679125120
499844638
101586488
397844445
253530355
74742283
68837160
623134789
119524648
9490592
954801056
301889230
115781518
88888417
172178159
810820046
214222284
447267004
568834242
562804681
505087741
990392689
161490785
394502069
114676029
708817609
752528295
209110525
362680880
495213149
390540747
721737820
996338234
343392669
823329595
544327674
722701967
689530454
85193980
984467270
937447028
720289674
490780147
587897077
313896821
653183497
827728986
577357190
591482809
47933807
464652217
410690479
971222705
416798573
134603892
662894488
296799299
648801967
332893925
979506697
364365238
605172600
83030405
510417828
547894895
988024738
172086065
932749224
4467259
947337166
195078187
641456495
24823390
8368882
45824680
393269448
667949977
986732050
692821414
777217135
919464076
619660440
185808939
934446781
146096532
899643572
395674407
775946833
588100743
679184891
571382461
52831524
472284282
410210265
794796343
854845471
973155812
193908352
749643751
55387193
381432135
11931191
3015133
36300942
402924601
52976704
542441292
626802264
769474152
841158477
222487453
568678922
828214923
216291041
862301031
508257153
283281766
623545179
852184290
594978958
33961309
66334092
156677115
283763674
683478893
852347012
621621077
125440326
117248915
128623976
976908109
66775987
476826685
322562091
891097523
951966841
503185020
421748567
810614044
537219464
819277988
752015740
104513421
373066338
398784257
718807485
621058380
570500093
877670112
119219814
784248302
648938628
288203769
641386234
285856577
875756426
862126237
636722886
49612506
47376601
621816262
788591781
699631173
818327301
795734083
616338622
32014349
595158515
457554713
857931221
167572897
171119506
470773062
4672139
594994096
365609745
997890629
109055219
709925679
487885557
852785478
821959489
278122198
303408772
663960263
324392891
665172535
827836173
177059576
365116117
318894064
536582295
643574267
754224243
365162297
450573310
14735988
908410466
523015060
189949593
47199363
794191426
542586895
377570102
400226605
286179671
123268467
443915605
170981686
484482239
1485223
418571962
851470946
429541622
451913844
597386536
772685910
292642792
678483641
251606878
138886329
166841468
269826289
763048851
634501117
347903691
667387712
967735
929428090
557469729
421659965
946681591
606945258
514368095
831128615
721032423
896298029
119834137
209544473
43621992
892138280
354889730
894752151
252776773
383650085
479973746
173395714
112794994
973015487
349970436
961495629
76754379
214181362
409674795
443964123
135041133
473420194
776714591
170109733
514501682
541933320
108755123
12510567
788547762
191774839
804671668
50587414
631293880
993742767
938805721
987721614
276311140
540845301
641433873
664041124
516365361
228838140
82912195
319180725
31123098
98306402
745556100
750441486
428381251
546866223
699277545
270518398
372842170
194875528
667914840
236302155
7873776
200874450
240225021
295382944
556128987
395889875
337600306
760575927
106871945
383915321
818892000
165209628
811315737
206112233
336954354
722161428
689846442
351887887
770225161
438475134
900384526
446021992
959836731
82204266
589466453
538790350
118760139
292327012
291362883
211886554
160708153
182783994
621227345
498712755
517423922
914169910
5957879
608438936
511410778
399431962
36489658
368419943
17462122
790820376
449616056
102900913
869542242
42551497
49792539
309272291
777881176
801975318
336685891
275236232
92135094
260809871
239066427
419266621
357448757
963813289
508410199
638044277
369625246
329231782
592864045
257759321
817540527
100625265
812854150
95439266
707348506
672697579
30624597
115065759
194904556
415856836
589446510
840307568
592702461
913506372
958652636
778158475
327419865
264535826
396571332
2089447
277449183
546783825
95727619
608345816
745661278
684760725
247060494
954031768
918674040
198087592
732753046
888666847
646375734
108918466
951271458
113957658
767393530
391563408
126448927
695931912
794783641
47586404
243286486
412848708
140045791
139078401
587235089
212228713
732594431
660057700
586466456
622794505
583677751
402561703
213641342
150560469
94836794
337938676
864604082
628119386
660870312
657075813
154587327
408022974
93969618
75253849
83811925
401271086
355271936
834287196
592141906
267895724
96150778
249850987
854464043
759228169
460479861
49909695
471551263
538662736
606741568
174869312
169408407
428351548
837403097
303084021
159128565
737174163
159128565
916375582
968538080
344315787
22686962
290804346
395142041
222732109
492371182
570771042
421162800
327476115
551831768
542615652
754984575
356387025
826306179
533432097
727642795
151688338
558761571
188610502
88673586
929373543
713948969
893805909
810501137
785863726
551517451
11834546
3391589
878497569
364510932
77742101
201190192
263408746
215591633
662163468
363996083
554343955
886973193
59307283
686859833
462902068
566858828
856402808
438040219
373724176
545471318
628409718
126442138
489996773
412163281
585862475
862464395
572368884
591553304
620306074
131017838
373471128
795940617
562486712
989418141
850538963
111549630
961067001
780841846
86829279
664149040
1372275
863802151
439122389
656414314
92795937
272868534
900184662
235349238
115823610
919120054
7467615
420798498
454764995
37038593
321594752
666696320
70869342
830647940
538833070
41863917
261871077
644262930
747361119
881191987
193509923
307675947
516154756
239257742
760655098
564659304
639510062
647623368
811837428
921972112
433307673
737749806
799333146
568713686
124578629
43972005
601139570
391074270
281882073
681599886
242088305
140817428
850500048
495982535
6006026
251942756
136161277
601492849
466767764
387503277
704734484
220094311
623690990
94429894
655705518
822693160
710344663
658265621
923434625
807158826
510829383
839076780
930213033
947337873
555826830
874796194
809591387
573200198
992455615
780433306
777328664
244032651
838328907
809601472
12697012
822368182
565308708
283605312
853420626
166657754
195388830
990810375
390324620
532210125
358803386
551142416
474430555
91578194
573621434
995365436
620314580
242240643
331675530
956868876
62420937
855860069
916717941
548355065
325782445
324596289
664891284
725891548
409667150
614099547
969423856
472946241
538854756
489690566
865594149
690110782
694706797
578172025
381991639
169697872
574340163
700051903
636782632
430638836
840417057
538880735
163031044
730859180
941605311
789346448
243972714
32740351
622649417
193703466
885094746
152379732
80218165
465227104
402655837
867527514
938795490
647101667
743425535
139121801
874094394
803734688
77852621
248176179
526082930
656566432
500836680
978308039
273877452
73855095
568340973
18419054
477690117
653516771
382158246
219795689
500247665
184380904
342072412
665982640
384223633
333790832
572544913
97891815
279679063
988103589
803671239
981893066
297361913
263060594
100926183
242407997
160005500
225466602
261703732
251209186
864062830
122694302
65914041
439091316
551019336
145135311
312454856
411438559
768662998
153260142
357347623
225007
947962560
986274597
340350447
153606463
660627828
62899994
662965486
515381769
88606528
303637851
205528561
232002611
750818245
107065206
310889965
434199510
771733578
907681823
695575489
947190736
297595261
618403630
859465185
891161786
67534159
390880759
347295535
571622957
783037871
854601424
628958299
417567554
19068773
668973666
894381971
343907295
312322586
100807399
372028967
485062682
485464175
209911323
340910949
353047365
515422179
412019605
599572118
696300749
327722400
583654878
853325138
178331011
631440596
322916162
570415800
93919310
707209871
494000132
998015575
551575453
344577468
548272434
404331341
852208414
692172784
854457598
812456763
465482877
552267589
14497872
850225545
473476230
867887592
761373605
565916856
625514542
55480316
262615463
494843416
784213891
708388785
517487163
267856554
609316761
234610011
286905826
599832337
228914646
938539240
976922391
945902549
385275697
694173729
569084516
576598723
816237147
82336588
608341697
625624592
196031302
551345685
662665166
902738072
554294375
992375931
607718911
298091596
526817333
646563182
247079199
638774744
404881691
355227755
802854330
928119411
941405001
727093236
1286660
948138209
306398017
924250014
106863663
779896492
84467148
116343066
976561648
457952619
678155706
717892114
412206034
491911003
45991668
814976964
977486013
494241801
968055850
31704529
510783780
576316544
72142978
460005262
174637843
496230506
32269621
651543235
278986694
533793040
425899486
182721454
826941277
38026309
84509034
862927445
605956427
627190958
276978197
912070698
18611700
219853595
466960291
483066647
804075600
401108575
296702957
336136462
954960140
814052892
875443990
726748541
422290787
800272891
410983570
917798279
300890065
243212815
824078850
69726199
634733704
110566290
87579782
448690179
34736060
136003630
500480666
879770216
527304613
977989141
168764101
719439190
945169183
914498011
81296230
173507697
123258692
864113868
307726977
495138593
220073100
617358745
409557476
324331547
458100446
275503306
658304128
882129508
831285445
438374486
769321384
489654517
191348163
8369137
917176183
521379080
136957946
526648631
576252823
45695431
435562659
513212156
430316339
462629671
255369579
645437928
119954013
404284308
770508964
507301930
286478144
633052548
30273758
579277760
13954670
512350055
552555914
199088753
587268722
110036655
840760756
432712270
675600741
795376398
200492526
527457898
369928391
635243214
712927540
959612719
560430115
603903361
768491282
290861703
716009071
536509128
11102294
510114313
799361415
787298210
128441615
850849365
737934396
576286727
50901549
325480450
204158896
377778577
246988833
317171259
281755634
685712219
343320933
901553506
737420999
968231197
437780736
625903370
959997698
959954064
836291078
521088721
117868570
957745001
554147873
383647042
138304178
144515566
881661924
275534443
115942865
389641117
560502302
810105899
989202197
36281734
188764470
43301613
330770384
33169633
515847095
49269068
800377666
338955236
854046283
732367487
468144293
281133521
866878923
632173802
817665431
404548371
805025452
70871388
432813445
843933165
434275026
798476780
43935741
688540426
770315225
825541833
20191137
328505755
304455613
835691706
190050413
836028057
414900624
687458083
547877970
348948381
916217533
426178473
787030435
352006909
305180995
60038828
555462845
414252001
163995951
156267654
727227863
938199305
726017908
950928776
114562230
743326713
602663940
531490123
338198339
324395348
984797057
737584216
254344324
271140345
779600309
218824120
804708337
315928104
277812939
23810859
354824347
624304975
292308607
841460107
195901254
520554645
682472298
273680131
897142147
724154301
841804813
747127379
409176505
593882582
69888563
169481089
232923264
891227153
913747826
213912933
16953261
807141992
609647579
438408394
125320262
888643102
964923741
14931488
833840132
802402416
729726335
885122260
562035401
785037248
604928793
606025807
379195512
620835959
199993482
757794685
772566559
773935560
235180655
934482258
511482402
373645160
814669885
580377427
565643544
240616615
830883277
273806524
798112276
454169251
621372595
559073227
79713030
371125651
419662272
944721423
75921051
959542243
766431878
837301561
407372676
158770039
796410209
520934695
534845680
534193601
953742672
409464419
477609961
891731416
535721303
946299411
8263003
236882436
2617241
309215125
413472969
913557630
528717770
564765786
983114444
996516850
538193341
276573135
324751597
937802213
955616791
394777922
2349372
606696494
646707148
962937258
825672678
813063382
773435157
152991014
54522667
346917463
589552989
764206810
28578378
457129707
91769676
712300702
659994863
937748584
392181894
178042960
992573252
922126732
337279843
530156406
861469751
500079398
749566318
310014955
884126469
7707195
834079291
321101327
332051106
943943414
953145845
338952419
789500570
361458449
733675045
432982917
707302807
78125530
328427122
680333940
948281896
766330868
586966311
78753480
465698606
69120857
905439510
824040855
290559144
807071612
321411175
203463874
549238534
476638193
318695544
418363
832305867
213890901
26288790
176992722
991638598
159822053
946956730
802083385
541512466
198631273
321322394
310214878
815507970
125871757
686081709
259812735
939099936
922270605
82907704
259457295
734857759
614206554
452176398
632250548
451847957
153714104
505546445
114656348
309637035
768754213
662400504
923797153
397630051
1067772
865585667
55708602
383709072
688599203
978400831
662833775
868303873
436872477
894069450
588988739
263705709
841498108
401489255
55310421
109502921
445351678
447810372
975082959
926684210
181326831
240090683
760611103
70579797
86552561
615805098
495964440
642257651
423831637
405495552
768452853
108727483
251640723
973194358
629721727
463303954
727275491
14842826
735327316
110529625
78453885
206351158
103110428
171300646
923044669
971919536
823638093
285807582
858021201
774560674
894665215
934748664
71678534
979736827
647362855
554546187
283720902
898078476
58442994
767940199
886160166
459905146
217622128
587105722
842675119
316948015
866325593
399292919
885506863
91861461
910458927
587600772
2469117
42928373
10696167
106494734
700135994
923023484
388340752
125382167
572181683
422436080
405598025
262050363
871455587
5234286
250515147
689414874
581575303
261174147
133393960
204320727
326442882
180458417
274132279
664457910
223768911
835011323
682886429
255426016
913670421
242909179
480701060
574431024
346043521
864959258
541616298
617424937
216446610
305660573
792740439
519513368
267668175
423915754
978629661
225213296
553677007
768589604
456289801
294409052
78784579
952641260
985214265
451449979
537073990
964251480
186132268
834078574
30987634
147267976
460178673
627492398
287982590
343298733
50436351
11547313
125211249
818436234
528079174
369535898
734769119
119788698
50068980
84539342
312970795
486312814
398659168
315613873
431836360
678982260
384041254
328930909
578280269
671053874
847176398
571668592
159136819
189956549
220722896
601319718
759661623
812682828
503916421
42006717
151873146
19008077
767010817
638969699
960846178
325168153
565282432
163541646
92565069
122113947
503314378
900871380
633268642
647017693
756720566
928300980
32751457
520223385
923386220
64639245
157077287
599158105
931129859
709619658
90308017
594960119
619805771
353305940
539500295
302365463
395749974
417110529
99755719
997728797
495760327
806487678
157038791
328533149
752529297
981978784
184329581
502322511
174790216
589510882
902123582
961689313
884554748
392064487
455675709
231192786
57874434
540400141
66002522
498509377
347220573
444836587
334751591
13666578
427991762
109778278
837080939
248534005
336184284
71864015
894049281
646378380
895873767
879308303
626776588
164064176
478679379
365400148
4612630
102413450
361504655
518934191
407334884
636768747
408090625
210464038
313296898
850031709
857320981
296774390
715714656
38532664
274841675
530511356
478405274
643382850
678923601
794929671
913512468
357854511
205745245
802495789
596485848
129922796
339267085
408268954
568797626
444890932
812430518
612122922
841595250
21145225
726218993
658773370
663803233
100828719
490035425
62157241
990289791
295230340
919799628
250614085
614754002
935718282
259775303
242687976
819998
470771781
289623648
67472411
778134414
189293857
936349879
683715634
293260567
389709690
460589126
223140497
914808993
588358618
180383532
164553581
924160888
816077209
137401349
551107277
861029605
338197701
958726894
592632320
403390515
500315206
374780204
378141347
745214155
189843165
879124333
513416371
394136471
171816447
916974777
871408967
6325320
664563778
940687119
562486374
146125130
479701819
216722391
649745253
338631464
163820810
985757292
432358788
580833796
769058403
42613414
657404324
568129201
134511861
725085755
845990191
95735133
668341428
125575896
778151642
482526541
272964783
370069111
833847400
543933016
861830671
17881355
792876611
560179582
877352222
928224855
69268952
871716284
23246343
878364377
517194336
299986939
708863631
478033025
819685834
827679411
391035015
107908071
594040146
604301331
882000062
994475494
502285736
180903563
841892205
188626344
751914126
539391407
201789521
456299326
798621296
470254122
441150425
776220338
543933016
293947113
934157680
377224730
245799447
606897818
336913571
831292582
771186381
596397324
629085650
975560229
674793823
106226708
62882963
77402359
179876473
936894298
497151077
169069370
412004902
474535073
603025262
939379899
197142350
609443631
419599696
331160262
962775585
207446266
935015659
981979840
103142073
646906424
455273140
237304207
793934072
886582634
213198040
794166450
585626832
457010322
967781968
599307841
31361706
538491926
561351691
469982238
710096161
787249086
762797747
654682605
444586002
946682326
453991152
743987229
209735064
740697657
663529478
435058808
821308467
274574186
333121114
556919114
669382452
806630184
498228860
302311510
172561409
534030351
9909072
365686528
776942730
805514730
339130582
728002973
563761420
276418591
974814853
639149363
9920478
811500132
66118577
810861095
840416146
515753681
561187197
206708456
629284405
438643522
945152370
157581721
387362317
225108461
336612107
35073639
171829302
730628490
203410863
210880417
22755397
799448352
948250366
380505567
749729899
568484872
899137551
851346178
795371125
860944278
687033766
295867550
215621516
320286670
415811509
849678122
778484356
12076472
206634704
940078706
240620521
193480747
351374052
237212110
696976091
600572458
102635165
58366467
600572458
745866345
347195474
117580438
172307000
933290568
547968288
842220548
299843165
198376034
724002392
982230775
491163354
42800755
637842296
627792493
22207609
252717740
753886417
84476796
780676972
364185660
533087532
146592255
57540198
438068940
175104683
657089960
247469005
774651983
652704625
213101872
676280502
727035977
514311094
387948324
191109198
221366118
254891482
504620572
361856858
919686653
609124166
295720832
410003765
79077078
253081717
104902736
773931926
921794392
263916928
70793033
329875198
720688105
877631066
84197119
561436068
879666468
246805974
589427038
371847095
429445217
136460331
27992730
872553674
834728151
786615730
434370799
342584463
207278761
41393299
655191931
714699547
154169482
196268332
700427527
883575011
252028688
897475017
996946200
42135925
103378969
122897497
588661474
162567031
580419292
407947365
67782051
760987507
553164524
79255000
952902828
838413784
256303802
711834341
210973884
309008722
591983725
618828638
192546876
65343176
561296979
872866570
696231105
266219354
60730011
304281591
73932796
235318293
207135915
708182775
788090559
323355013
212802443
971869351
87821275
659887240
411024013
135653995
909448455
754131440
968331128
874183929
846739279
252433396
468928695
426300831
720925831
769044083
933393004
121755886
584022625
685447407
181970846
193366372
717489472
595389598
354371299
47759231
682531982
349018340
305221567
508677836
755452665
616888288
307954914
56777770
679155603
681468684
477447502
824474497
206412167
741015608
257070370
660836828
971847579
576423844
131477099
176326251
297121257
605583663
379511506
194557908
76990106
832694103
217037764
757465673
544589171
684083539
325998244
139560125
45112104
946220707
670185880
29906202
963702089
145464151
644569697
355471886
350202460
185873391
440754950
651869493
8330143
357950174
74213470
85485271
708551777
823226078
846946752
672908515
814137835
389211224
454218971
533492459
792184632
627719259
79617360
516297618
138882637
557509277
692413526
900751530
264070567
203155115
395814446
240469170
696583020
401562576
488647706
343375402
680474123
155537179
242902369
789504245
867335701
769768106
194906888
469026519
339204568
626813292
754718772
562409817
954467612
863137700
986685750
852174041
277699497
481594408
795795870
717295906
45610941
87279645
814818344
830729671
470279868
473180640
120100381
831103149
929616680
689357174
58000746
410669144
926460817
66481240
742914309
647917457
536654208
473765850
36945364
470813608
421786649
177378500
646419948
495439314
366395784
889350672
118492300
116368517
454934883
509314514
58196746
401547481
883547596
859867460
604176003
463335847
487944599
567539361
631136375
52965422
762996193
774034229
878821708
80488360
161586056
931120937
17356069
400364399
616496358
155342535
956027558
121015191
302347748
197667299
676097098
114801824
823163635
662264489
615848629
685524699
641287059
13571833
640866874
438620895
905804895
114243007
400796293
902049880
558575974
489078449
565170687
727726800
23568431
39318189
751832509
160907546
185270018
899436811
814448250
897516892
73433412
146268233
170047347
339276939
278506093
892061506
892290188
217382350
433661134
155970657
907646065
278494167
904031318
467781493
789841804
208710054
294744128
29189266
149090362
885384365
199299429
16949739
933690397
61132026
776232927
470956349
121975001
608708326
537401345
922241062
661663863
277701307
147946641
591488692
773795755
771480356
688261389
391234247
144908607
402931256
93906710
558461249
63968246
720748802
595709670
983961595
142857700
966350748
212585267
702283381
67330164
322330894
874979653
757507120
883711943
508379749
783009434
468674485
544333749
622685299
939035658
955916172
743413100
831821276
104223485
644451019
103511651
741192418
81105731
483340903
173634896
943550077
714027593
524977865
855594772
39234806
550810182
529467498
605732857
484832064
741809926
505460872
192968876
308742682
914673493
296903859
563741825
202736153
297585037
302154033
97382725
358582947
618441659
608581753
154399018
853984563
220544949
322913298
168775624
652837571
573577446
273692145
235174860
454356779
79938574
298327421
944871643
269184918
85009672
209880773
776338794
826481556
164743012
788683297
867701322
143156179
5714638
935293289
22013873
931030830
991815883
77551138
762450785
373789704
956877975
556141461
831729640
948423251
489210620
962378883
488420855
438595909
119594915
545230066
895651158
928933065
714677527
826449291
582237126
733278177
956919304
211273246
75496165
321530790
343040447
361615134
254597167
889921544
126564871
584119204
18899849
534972835
873069067
68029585
734864103
639121579
165453264
572104638
28048768
309091594
551380777
234643900
812624907
482100971
749468068
739977442
287892572
942766328
321649358
21300246
530418012
932283189
852703322
109119772
654950556
730558797
59134521
962610275
56654415
834041991
147002151
267577455
138920271
777728318
955289427
974969863
664057738
51269282
172545094
848254223
801086947
814551945
845426004
142391934
204279598
700399880
104063699
432376976
655907966
539308067
47531999
816330919
947303591
919134115
940636532
96069308
73187110
534940748
351036979
610546707
9937356
530778487
414279826
736563250
116039195
537696586
139897598
708637512
73329
815219226
348292423
247634469
939601235
593077081
315903026
828862239
551700667
842591301
352619135
869003959
416513695
511810705
95626872
221296020
724647722
258471219
134525978
670384367
550430878
947403640
397690234
227793635
85529195
119018801
31724610
481030195
468785771
135787201
171364789
974488193
303262191
47288209
945765440
331864416
238804160
151636722
722456408
668688739
878306810
579937586
594796046
564950950
563394090
878306810
491620774
553143089
204427699
436742140
765918751
525762314
865032959
796576444
425566561
118634994
131903175
363636744
161651301
230825906
104627522
533047620
431896772
314424861
916639817
9508207
400727766
812951698
404044484
661007544
975635317
560466446
188968116
372855466
303433265
294399437
627927838
966340938
287185582
634657676
504406585
12681361
880724365
797985178
608446000
992379466
970270238
126980062
724804446
597173792
917685623
19901346
447990895
927908123
746030632
781523134
713066788
318294851
931492344
939976144
534412049
258324293
310542637
287603564
72273412
755786595
381045086
749626899
740834300
528414442
772947449
763726054
583273768
548107557
664545530
94718662
199511359
414878826
482927555
984175257
168105882
303313733
813944360
674241517
85610129
424517664
710953941
746078409
167701739
626875896
512379082
648715910
730833789
169884027
735462058
479308270
787044717
865948611
403808697
518114985
918321759
930091481
991844369
733773169
330305464
92000924
349624052
344458241
394839608
648246568
957115749
895828144
402482869
232853704
283145960
320319841
280007708
641215246
