0
209006101
603625227
603625227
749236323
615389830
407999725
234428764
4338728
410891039
448034551
693109612
387285659
924642120
743718593
772389074
578042314
421465151
455236936
883749821
978317647
140534152
412079893
108913327
406341465
484130120
333663446
679248928
22615081
618796286
434021458
691643146
921252391
994947
260477440
554631673
554631673
397844954
420007147
720129311
95536584
517608772
814803525
845843945
83561516
658245187
557554426
599806928
912748756
976039297
520880261
345463678
403398695
480921134
172951862
203602106
427404210
730851929
554347195
7208933
705119623
931099496
928866366
399911660
54909761
31276697
949413379
299619077
223821499
920962855
238492262
989580935
718262053
825314104
44153281
222042267
300160638
38706494
854988000
121416793
314390699
386368430
863048755
657867703
450283368
468242320
295440810
187747009
720771795
800656651
115812060
155668733
980285401
261451377
128406802
349342915
346244282
611110998
465189005
725207273
948926676
856500042
152359892
456495005
898225077
420424310
667034921
408537839
942486219
938405106
178085968
87879659
976606458
644730146
860764354
361516876
315672475
715054422
28294678
133105400
576822569
572265900
641960753
437342402
390319134
516065745
32132531
960948724
330618981
518347018
333149048
399831367
888880142
25039187
4043768
4043768
912469855
73884033
986353888
627175581
537807759
676164993
638593576
298948237
676668991
601859918
745562049
954731311
978885258
482859821
140410160
398816324
507506690
861021216
543703577
524134532
383742344
383742344
848806793
588848523
530765794
104657314
433230632
462229257
904636475
71099373
222968816
462258111
371505556
262234218
523374999
226588954
221005907
436991620
937347937
711257740
696101206
431218011
455974275
12816136
216901979
402941939
189587453
636721058
439937116
772337118
650109811
486096091
70726072
218025426
548682868
302481174
590558777
351394630
402224592
164116486
114123072
621814023
979865340
508932315
627713163
121162929
507000837
555602833
929164528
929164528
796420069
113687328
602608318
150454366
405401960
494062584
420662739
374237738
222494069
45227678
199827351
635044565
919874665
616022336
91636055
514783834
314489271
398969509
376231971
628014349
964509709
409309261
877447847
510568879
806198359
393564876
548472541
184847642
548472541
138302548
570083576
945072409
991924677
475632289
128709648
974208706
674823559
982139106
228419010
391330283
262187579
457301926
25919121
952345426
350094415
940561995
709281045
688657835
786096774
318581287
175573892
57973242
722977320
751990319
553624253
76002404
496305116
525192748
164802674
295128948
881198482
578142119
471732400
666022660
58805408
729077653
210902688
817813083
459285961
802300853
441044336
15192320
578685162
741561553
725386629
978411579
148968214
398096693
111926184
385051444
995191753
949610073
921336046
547781757
936698528
343149292
133478133
25117448
843162941
258215812
93754231
224158213
843162941
59111696
93754231
208600996
780183521
936667098
422867928
286785071
4696105
951203210
332309180
233177215
26978098
986060053
705841695
818112980
970241933
295920704
843294614
897340784
980953674
205950277
948888779
626938085
476436214
125780103
724015234
698348567
447905197
504517460
698348567
754805797
22836987
489090508
967827305
65402830
749316940
492248263
331704648
89086370
153892575
65402830
65402830
481299033
29468141
29468141
801525866
582348150
19126449
491640725
635191608
284580546
642467361
348972005
624438169
124603303
903161007
560203111
799215161
785536044
893130101
478562822
302442150
584920524
136139187
774856242
223632607
305951621
5614804
49126008
138818003
880878859
549660461
179751869
317603639
903719867
903719867
950522690
149088182
495397431
737734670
168084466
986279172
941284528
243532547
546561310
728661028
549192399
590744017
907909358
757279155
463334777
354592076
940887939
972744006
60155523
659397915
136991736
703769465
725392976
396892502
819524038
719046033
371696693
454019672
231215567
47150410
97228385
436321339
242671781
177938917
749133589
269758544
797916395
636800137
853251652
269758544
303012206
853251652
613353334
225032613
866326433
480920228
761342715
870751215
889302453
256880133
155164225
161289202
213253191
453310285
36812846
470133324
336681978
139102267
780733353
888826738
279171768
639137628
509257722
54575138
44225735
240582065
652934657
514147016
134237381
711253467
786794638
366653129
240808345
396253486
939355682
193280324
699411499
385131309
444019980
212504169
245168198
220482490
450212725
469976596
554784300
767288469
211278520
67876970
812071019
531433865
581088399
564227972
172140012
978091597
971190090
721456558
741981138
525075302
310925757
615316071
867849371
661135756
307952063
935551886
163514273
886336784
504810506
178764762
526872822
761944056
368831612
284217774
407593508
284217774
286270760
243869115
201815217
870293119
102152139
406403963
399200542
2543420
380340576
358427351
835000270
226896187
76429640
390204070
252632642
946541959
25976871
357073135
584062987
509029751
803249727
576275100
239077786
275575397
549806384
388575546
983431068
390057344
183707905
866027859
866027859
405590144
405590144
304515968
298914400
120157332
260509006
173597909
379988724
799769395
593345837
103480789
799769395
794864569
793450517
168270277
67180626
129590366
889101952
919975457
122247914
752169134
522471379
522471379
927236066
164285598
267497344
152909777
103758266
903199475
272707450
850612029
935387100
486206975
450302762
277495036
232540550
608887450
224184004
12064107
869816296
791132381
68556575
628959752
976361345
421893442
113624346
532932072
620589296
617343818
429875950
617343818
513278444
620589296
950620179
697509077
838943246
183818712
743849249
692561103
76664159
648759296
669336766
461463049
665049044
928827225
667799833
907091220
394609148
720082894
987750048
78828042
575521032
384496808
176855883
978848074
467060154
608087810
543048833
370896243
379766558
59379662
423874953
746069388
511279605
947551602
690896581
786878966
339460153
710951594
202670116
968247569
770994973
739862009
164626189
778500549
835380373
129412313
51412428
664860869
406056461
241749942
483026251
66727063
537217717
21999615
656704522
563937670
903082431
299819409
942150849
478014086
970241880
738117130
507107118
76927750
76927750
844012776
428781826
559610377
45452640
614915167
926976439
661539679
965193603
46948785
126498109
259239536
558928340
23984806
956317382
2312738
263807513
55965956
200288088
460432716
825410713
322383140
713369462
215017617
599712951
367886588
247021267
962180836
744315874
109622712
358856429
61366903
337250318
417076818
129781269
716969077
959892326
464445613
487796832
798649562
528005900
12979125
397571241
336210234
98801878
269391913
484321
490712607
213773463
771304391
269391913
465544
796863791
820931712
378736859
864651929
421616325
52993103
428596947
371071683
571406098
131978807
632597543
571406098
193170252
915373834
632235506
663319277
949872950
873170927
209851650
209851650
106669828
987296782
723616954
528184550
910567618
478302129
850369450
840946431
711744137
35258553
938761362
305984846
423243601
370891551
31284962
905117166
458390544
435630910
390116537
87601472
525072685
35258553
706627005
792372346
11549779
568167037
675572988
20756557
441627095
776585125
15479024
752813590
790563922
19802196
949550353
231073476
595885295
227767672
239093989
725161407
269353251
39678017
641895142
875346653
629635017
947501946
623526687
332273727
115527689
145232226
470381423
901119731
422148931
296136503
145232226
462093959
307850206
269508191
483867686
713340538
16670468
187073275
700713052
567295214
956709995
269226696
155727730
135047095
442489592
69657375
968126541
906559791
848231358
771530385
265641078
529291059
23157812
336958299
719521539
371031814
47497
779196322
742100104
347393163
654988382
208692205
349439341
248098662
241717489
511546665
657873384
507703305
270928347
970507886
530918770
407428694
968766781
202069397
68858950
407428694
114693241
458560336
57786696
57786696
229603519
23881001
318942876
316403248
130782870
318942876
298759556
457357917
500220688
969226335
272401457
598634184
910933055
995658999
18342916
707111
429803288
751386394
634705429
187938161
518249651
256420209
830074009
97743912
302753018
662197000
8292159
354421518
852971210
556308929
109613378
276959892
109613378
170703674
635046714
332549846
161846172
525043811
59389004
676803227
794911444
640369124
910404451
902427539
538865210
514211887
698352876
373703734
615571264
185314608
857865523
206724892
948419890
205210047
661193382
611368919
770254412
790263645
249056885
523715704
327515048
465218630
213123175
442736333
424624191
188566355
378599843
698454048
175890126
952220005
146491718
679771989
362383795
374144577
826124769
376364904
776946319
524949745
268283783
79721743
863263511
510778662
259620397
150223346
123455109
849122248
539954242
48257492
697670573
725180247
313475373
241313833
196528293
79297364
761843737
257117928
434666104
647151243
920262291
755327905
670103036
47162852
353359637
627387157
627387157
256067873
544542923
436880256
161901995
688583410
823332033
471562938
707304884
192589667
814888509
503684799
560850189
274200743
503020088
462752770
659651619
397836105
153145610
671206259
661366270
712304107
425610381
778156133
917069792
269338143
416895921
870862036
36069658
428921810
801907838
867619028
316671623
176199293
183818552
403562274
217397389
66193621
824354826
696987017
801313937
619166392
797930643
809889255
450397468
82989954
976341785
724082515
225007681
450397468
714638234
347489700
609745712
246910249
314007266
364053233
914476794
330433872
744384858
90306788
549658119
281818538
264890508
264890508
621354875
915325115
656774456
575162024
675890583
196288571
820091323
868666690
535843635
833378315
107756705
775067066
707853934
729431056
66150282
618551334
618551334
710112801
766880907
614447316
265568578
197800086
906667574
69491545
992545923
290278724
326010171
435522495
980940134
274116403
146441354
962066278
122181099
309965175
77521757
154635437
719764028
546336258
457137375
606785348
248316153
159879539
248316153
524987687
591731186
659713718
408361068
276657691
889103255
81674394
883199114
85013962
813974049
184907000
931156725
334976851
390712852
972974305
708674039
26187769
244910530
662139460
773703633
249009470
490619928
474139331
1221242
48716667
201341810
708857182
167299285
509581612
495168183
936712437
285128216
66159542
381842842
930656457
58503538
655063500
105837299
362672798
347983552
427384384
867910626
33891742
972534588
50873571
126711470
848382211
421210412
611466676
902453850
809153888
567945972
991983160
108448644
993847440
446719597
153150428
237138076
282374550
605383318
46269224
765594428
96502170
715839844
121796657
321089610
54037319
729918338
42178987
222562315
550802349
467449263
913034301
981845012
956210203
463657724
266793000
59151433
88411070
980263287
195079222
452418912
960303598
461856133
441235267
700916941
895898533
863715382
625180986
604513783
472960835
377782695
484276848
178829909
282425208
551465669
726989322
553680239
208200856
106329986
837776154
560381631
122137803
258004314
610728777
822065417
85648580
889394507
917493219
117478468
195385168
889301001
195385168
795425082
642410017
754413123
394247323
896511796
879868523
97129598
67550636
743496731
334287080
90248999
16776676
775807499
509811164
460555812
62789899
903619491
194300896
256638620
823225753
234428506
919454380
879988426
742569153
503441941
74690468
607333584
112337587
663654110
131626436
494995997
186092108
727800017
182967074
830247471
661905454
238311374
921991702
477479447
648796819
977870369
481309494
835001486
7008456
571513670
481309494
17484880
17484880
270496272
654935469
420169168
698397261
698397261
775381580
28963121
173728229
255760550
997680095
429696323
526614639
826579924
360750772
880244337
204378760
116060255
402281943
593840382
31838259
531774935
805136254
39727647
338666836
496027453
522322608
140735612
360057215
384084300
18853577
360057215
373016991
373016991
689774540
709074583
470699995
729468753
568892052
370262360
415406764
853026823
568892052
812312784
108057468
871033953
107094801
867568868
251789585
8745707
932468686
577318129
229886674
899929660
619366304
282348460
130438905
821090499
611404075
787054019
405924120
221204398
221204398
544182995
536585035
675265756
424014806
157550723
870943935
503869235
243329228
737704346
212056806
342674916
817288257
81263696
171104893
483246612
190786857
852194534
776674823
320391046
727613247
555604842
980738463
327893148
955232198
571181054
434358651
859797412
972731717
908345330
625983575
158409402
322365478
758065609
145232032
493923714
931153563
871484504
18472183
989377214
871484504
362787048
681946609
572843419
479850066
991485559
100752142
511259388
145232032
100752142
144528248
138495642
75100717
628176156
30655014
511812449
198206633
841778463
364196236
825472452
427363167
580890668
882841123
512089798
481702364
406579096
164241044
770411422
900625613
363832326
164241044
755906301
15908624
529696438
943153430
15908624
650808791
391018186
494607580
404420754
250646204
936958324
715849297
571089775
357385982
785075870
222252924
937557948
776535702
181115595
726561857
699811415
178543601
872128393
158282422
434210886
511450489
974408897
515353882
227967886
426406528
202379053
772832724
772832724
548004917
697399668
697399668
798203342
587006734
705329897
997351679
475763822
213219591
828038973
383424971
992522899
20779215
514131655
660395115
978491191
565660672
881355450
984010433
489158318
427443998
73835430
862290363
962126428
420700252
816657001
755617499
871113540
594456173
368388765
431540643
119590321
202627133
250899887
220845129
121867010
641147276
109323189
247691914
390247389
299142196
166446119
410554116
624542454
715647647
738777376
437815809
170194112
323600564
474580480
232768706
43867039
197185395
820188533
754159315
337331700
918890892
5860635
295117937
830332680
568140774
106216242
429055452
143520002
391881840
455112391
172752705
160330809
736127593
160330809
787975517
682489696
193756670
821701483
972497471
50872406
526572506
279254181
263170026
698903289
205672625
650632267
346290389
307289255
380211039
678955354
286936168
804908694
312736170
567225788
505795282
519076443
694476398
569479225
394514957
361512375
361512375
437395964
892552489
798908339
646549486
814552781
892552489
570343117
395082381
562051684
575127356
862012303
302677543
884202796
176419868
223942174
950997519
598378037
427634627
474881461
582623902
620497330
762120480
881908964
248274200
141623150
888928216
933647352
744662254
910787777
192765730
344150894
822052716
457222578
380428844
364830138
13484357
983829412
804391940
552218129
238409362
805075940
129631151
576718558
469244543
485477896
690714212
629915726
347241990
977062488
978755649
849404719
757975962
996861609
301917386
57248572
865354636
734167659
453738152
46973714
275154668
855875877
687193945
775814721
989293077
103151815
572690656
990245888
121095503
702069857
431372435
752150070
856841279
414285552
164304597
315531463
141783611
535347166
141783611
594294164
48170883
650512377
6859459
668724698
882206005
559928489
898448587
219757108
261956327
499469941
600201187
949896854
271230956
551303519
789741857
226224504
741132270
709971071
664634027
891462697
533166627
884407529
870255909
684046726
965824530
684510344
750895915
799145166
652930145
630046975
559677182
967431417
690359760
128608768
255429124
180029406
521209775
995659855
521209775
180029406
343382270
343382270
758876261
258334385
961124601
596754287
186698933
133649223
510622069
178277212
272937146
873074316
74767928
973400968
697255928
159213945
970193074
841711811
768187063
430420883
12772371
295054780
274984715
395321035
478331710
381052515
411526022
904563870
399724973
131925125
728965074
411526022
399724973
742660854
26676706
304458126
597850637
671053781
661738069
790995785
928893968
132586839
832991476
423474300
270485022
493903783
904231821
38658053
147179799
905033809
789539041
47404795
283762308
557395837
607791536
982708101
184002092
404773895
627116777
208061619
506358540
805874338
603687555
355245999
982362776
409685078
655009825
7571022
163093795
411086190
444128852
686609731
21945163
725192750
183792136
778616637
492903383
440925009
527190309
598740045
726560904
340173076
215071233
240394073
675678870
281557513
380466198
531928854
649391088
357108146
643852329
41011287
650160416
32655074
525069663
856836201
344643150
405930802
278526615
905870209
666167415
788415916
921279240
299711123
252031303
379337983
166859640
862541064
823759603
374816096
748696015
646176698
21845457
968474699
433351451
419314685
65214429
831108069
803152436
819398728
425095809
857797345
475420398
504452813
167244626
34502031
526547579
199519513
752379448
995132693
859448344
355313651
417798217
400174297
23393449
471502155
621212745
403542587
55602819
938710333
152599177
540486174
650443510
538549785
790769136
598083805
396204610
104474342
494380888
76715444
650443510
197895655
969669013
167730668
62277296
68401442
783126835
733724156
546363994
513898539
143243457
638145491
832994709
971673846
849779551
318473228
98932349
780713238
197675085
780713238
147693537
85925593
290512698
579260215
251405572
259991913
389309194
761601987
350286168
586434720
715673475
123192979
115259032
115259032
594520728
940309358
805494669
746957336
682943164
890211875
127118748
77810711
787142422
881611664
912308228
432777345
835685212
965721015
960255959
265779001
346434482
754840520
870578374
585346960
730942187
815136594
399333604
612592132
714229416
256509357
645378165
719830840
141492352
957960841
346150986
173018123
741652312
286656765
493094821
800625270
230981605
149031833
798591463
428343884
7334751
850399443
255522414
25562864
114246759
229898268
114246759
482736246
606352992
737313240
747208305
969878477
314138207
326456194
596035334
592630839
64577080
491541790
783869868
237150231
474503970
425695160
461752066
862453118
31663358
820887555
274218012
406031383
744850711
292769180
223344254
967998524
577042795
424678693
636513745
107075547
418260905
367480234
196154797
280375243
641973339
991499717
957059344
738499503
738499503
599613932
435906971
433649146
535007769
201450117
503436524
702037174
846085372
949053484
813585275
665753934
246878150
909825718
589900016
819286163
264583094
887005026
656753768
10736342
833146362
436830905
226696925
164901006
436830905
485801347
11031712
374693980
478119413
422324846
547589456
542020767
271078661
994345598
712346723
99308243
957565674
655543
82333697
331465223
640128524
371656052
746417268
154001633
960970803
167422947
264740941
978525130
189743478
881098868
59965181
258994476
961116789
306329839
371013556
505023862
796351495
738924851
655982352
995315455
750375038
59650073
30455827
494589367
320261728
266667471
716529530
450680621
945812227
945812227
780171343
120108787
488627778
357275600
230472637
942177661
865568190
863985782
126684073
962151417
857760574
587934168
836023519
413562524
860291005
991786413
938260264
773038283
175904733
288977177
36358875
351938096
69797170
454708409
736802401
137455964
877913022
915327614
699765731
183487413
663514522
486100784
710128144
125591901
255150980
875406095
73062973
475168741
253046386
997303733
640406919
301575615
387259373
442785742
446641252
366683006
27310134
368119175
43482785
218499277
837718558
20831145
479893505
667174690
749688912
698554885
679014989
621760943
211597734
238455288
822097382
842427200
341212050
220666257
787565974
44935819
463855887
253945085
857208321
473446196
837109443
42230374
45817013
346477602
543591442
35978930
469865081
836689787
253599768
408403742
33940255
824437723
615571760
239954559
692002213
687762544
586395784
385363621
655219528
545864234
6293690
136667899
163794317
853821175
147130449
692994683
974912440
834185873
531079853
790540581
981316322
289197618
746622561
221832278
127775052
726986250
182156870
426330689
617666471
439346877
80957696
770577802
778638268
599013588
304587382
250452332
855011883
707165537
86544571
458470159
900400091
823263095
118703453
954934706
706594671
743386317
85468424
927535375
172432706
389962384
363201589
803295970
372032405
466441669
219192524
574188525
916451346
194145882
686168379
444828958
57258317
231910806
114452403
569674139
696990978
696990978
273248065
754249295
114452403
777981549
884961510
463003946
2720901
892748374
862471600
6489028
983946055
855312899
232168915
933226182
339990797
525350598
312079929
241677477
577676428
951250921
951250921
832399907
699237673
148376994
886528551
191180116
914526136
906123566
159622372
840185909
603756186
603756186
762739327
16762629
694388960
758000300
916548924
720004367
621842596
463902155
547524714
586707715
636141655
140685246
353224848
534701281
626780724
441437991
565653992
404706091
614876873
662715233
803909456
287003560
928044682
408137904
408137904
622348996
542444651
586419152
574441583
315306772
100473960
824876128
566927769
716270858
906959029
442439537
301546968
496612292
894796870
437444747
191544884
85547140
835629325
152499482
317478155
543541209
694781237
131370952
301321190
496906091
96568050
114795688
114795688
398324839
25140985
201930500
186669159
67574501
678232260
209968534
916104862
566549152
576729685
554663705
803299277
988063820
1290992
672990623
350859639
513938670
98204818
560613120
221172275
939383197
316504055
957074268
223070325
537509723
294911667
444075993
86245379
30604499
622584701
376557980
635858126
177354802
672636035
693670409
154470029
756813172
302144263
594013810
992034935
429266333
485308099
225483602
185251664
765100261
282790724
776139316
171721994
923103866
282790724
924387566
606141913
630268942
163250221
149039364
351329947
323967411
78500964
891632345
400655911
981626034
693433345
519644550
581046185
47526731
581046185
974828073
826889665
25708487
470283175
772232814
519931115
32685412
24733393
876821158
54541102
190850216
141943951
399649509
799636969
618694886
144874723
799636969
598256893
710798409
763142232
428441890
428441890
706226496
276396974
313222782
625085664
654433351
139059950
397607486
820987801
441378440
87420750
144660598
663549244
216660900
415648760
243539284
129632404
521590688
598295303
715088368
427804190
343935839
962888052
276867502
561501222
416599270
777732007
792570821
879575010
119740405
879575010
491335910
26304069
139617904
492463935
440165331
913766320
26304069
401024307
547193061
903907366
205152705
561625539
582845722
574202252
745594147
290456596
349272170
358626938
234272467
838376188
194355518
282569958
637787236
48071034
16899361
972175216
916813464
427704636
712325743
227793584
658902720
657193847
112710421
883161190
100698144
233423148
290289645
443970230
347041198
129190598
153680585
462747196
262855892
541921575
253644939
573767201
383686889
151024268
331563724
780305403
403060395
125423294
792103923
899909819
225877867
234267475
193005291
301138903
381720807
683938284
442621353
813820860
762914573
36374810
415731413
940853047
104304915
597322118
419636295
130016633
866689241
309234164
953341492
985397021
516381282
468448613
145062040
937464352
48260764
918758161
671767830
353926385
606703771
602440981
917856413
20115506
767774798
522472089
529698863
569099496
444287157
117787829
412387485
211259193
759173546
82887273
952588670
194819748
286218837
434697313
976099125
803117345
715414825
14037728
752853564
656166815
65282245
163405512
228687757
14037728
919914286
586380433
29223788
53512787
535058975
213878075
876069165
894369048
324632527
176012005
935465643
101006149
545866413
131079849
664421303
151731715
454785355
601142556
78553354
668507019
305509651
18590261
668507019
721248277
32928031
837267084
472139880
54889471
180868749
69220306
491746639
906050780
351545557
61225689
797188896
471333628
250882972
419496167
546065904
595619178
479257032
335816303
546065904
779265321
767827823
131844905
663560486
152321089
129997862
352075408
345510401
788736994
959186611
896107332
222386200
682948726
329582416
515681248
333667236
335816303
583166639
71577449
350760785
435005309
621865544
350743556
228261572
288709994
128320809
227563359
214066917
875796094
611221475
461177559
76197277
251187578
734156182
276110799
56976635
915083982
48981606
872664991
7995029
845402125
968241363
567346199
407028341
138084447
849083775
138084447
891161232
195665743
770820512
53448517
121947028
472560598
53448517
667629815
788552209
857026183
721204223
476244855
985368113
795103414
71185733
619278899
335256983
239210993
14231226
115194006
902198363
225714767
335256983
461273581
417381350
618676279
31772548
229041503
677760879
134010056
703596947
65586873
406773053
455188940
634650996
91314676
759959107
240349672
848547795
91314676
634650996
331218752
837871216
968205852
147616338
844946178
383467735
719723082
977830178
331128814
66070571
795392048
64219181
469230985
125689255
543120949
693001294
693001294
14928460
702243028
254303652
170632994
939538873
861436009
521978996
234637894
859641532
501300478
716809989
358341054
726155196
731425810
760679237
877061973
520572864
613555261
365329195
271082961
365329195
919743603
342415825
577279341
203772329
563500745
319869214
28049123
39463433
673019952
658800496
417392474
187191089
952994660
742616875
768042968
753802404
210513187
430644590
526826901
990500445
124170050
9837589
234541258
498945297
81825081
633306695
709294614
452069656
903466971
20910552
641778400
941790957
730132804
695371470
62948812
124170050
10098129
187118862
795332146
186949046
571405134
50005497
550915525
710343746
75505868
300078129
3434586
215205832
919610201
857978831
433525296
763420306
608283912
720324129
266193658
919204601
808147337
412699189
653010943
593878137
553088491
971773833
748403040
911741117
357605174
523041901
523041901
240411230
490633497
232580772
827492672
472818087
5136947
171283870
774232977
899014267
171283870
196074692
795824378
613988450
460091170
834016898
732241047
940307948
893977996
104416511
631732388
403966390
640968011
459266189
390890093
302269396
378862050
665676444
752100271
906954574
521052719
359354483
705552372
265354281
636151873
575939234
894458533
779980589
273533056
49428921
942246365
849533525
657948156
891758243
311540329
731339196
943233913
594281711
899253692
810735222
82021835
536926041
171317433
768584093
878076850
810900402
810900402
837784359
201968958
620293850
798149234
478359824
234217008
678938437
595190508
372140351
430979911
606114096
606114096
849348747
233697722
815525553
836487213
705173815
171103007
4882208
961449703
52412027
267817240
689551319
267817240
858390855
620848655
771242794
16166375
514052221
171073591
976294446
58914587
487639758
559617964
278581856
373217928
330330894
716954934
925749108
707813308
560930180
291298464
325047444
717369549
773310150
871002024
783408183
561659656
619809825
180869956
957835278
47082845
556306602
517494477
994338242
994338242
51116392
398390058
270325494
796251260
85404897
291889439
614761335
476678087
382832166
250288731
319970985
120948124
289831295
31347095
324644715
377049983
105656776
377049983
22269402
506181482
572510484
269113190
328364030
391309251
77194712
501094538
892960661
634489622
118718575
951013557
24649257
261071915
392769873
807392888
807392888
42196272
82299687
310402479
4555029
910874269
69495822
469387409
543662766
668100395
44840550
656288043
543502105
363669406
543662766
400347761
919094809
947163994
26681214
66841949
943715149
507119480
178389719
539534416
698483481
213592533
478423752
210792981
452429680
622919551
821291502
588284027
136742602
72138271
161004035
982202676
707117482
168167268
912900513
535924875
775622109
173511216
736061197
139630336
40621267
49084778
473443608
476702221
641493753
694697440
630896166
377135480
252762686
427919707
762528059
230164053
603576814
982370084
449432284
271769687
740606915
843934080
286361335
621938554
951444383
265277666
562279011
974511948
437609106
933064568
501029530
618943480
181422692
808393756
612095328
683690746
885864722
918646796
554158442
423141766
258212420
316040883
934451928
335616038
539651899
627129518
65363259
443808276
684925157
234822787
906725994
685702350
17431313
246146053
649677354
312355320
791866209
772152123
155272156
809297522
543437383
557559741
815040016
356777182
257476759
444136960
684944942
356777182
44391785
519120685
169722278
519120685
832566566
18459599
814588242
325537695
549582596
233901529
185821507
456069406
743979986
130924667
865468009
995441192
927818583
299018719
226043080
382385873
80594492
61786425
514083782
786750186
966320711
432778222
397197833
415185841
690221647
904571798
513581869
279335966
765032538
943785914
415185841
928122551
339214234
105418771
100208742
781004719
590972139
407462899
77180659
649927221
665459955
899118979
242655007
932399841
406555389
726423061
619024809
735445080
454142038
453108541
156428943
168219613
891816763
266300732
316393301
943250929
324096143
39180725
568669557
62341546
996402509
360793589
199516079
403941883
946420986
896909330
90228464
729812266
32452621
254253320
328354532
245499665
234446064
849701689
131465075
492556775
850570767
637152653
58749684
309813052
848489890
747180985
856686514
379848616
55994560
489354145
580595262
859925997
803931437
259496330
439037423
279330735
784853916
339797516
235472063
255101290
907162743
482075851
168653510
289736222
96564226
799415286
621888605
239312961
460981654
995433924
453168217
487872253
723243111
875425696
840992639
167313854
250718484
944720637
923828220
3912068
907101401
965250249
197037781
497668209
97660331
848183263
688496086
460155938
260921195
985615096
294359724
40143822
122549044
619101144
23947145
268630299
887634592
468329727
605963799
177999687
553853425
388623735
465389878
170636526
956657950
954875444
469209423
101094375
25794042
882458452
579091741
882458452
230717467
270269562
126755222
263093963
307993076
396291140
976439359
859522591
189993131
323163016
610195300
994866140
462300536
6805014
494205463
887806564
184646942
938836098
688685832
232573984
500691980
904626984
20834353
164310050
506488805
290262907
857446711
441825241
441825241
271201006
822859969
324379423
179580128
601725170
512381085
635407482
940305787
100241736
786768839
563467001
522731847
357288964
694832782
542015230
357738345
923633666
239430110
22559505
891999806
503372526
274301780
441105029
295838508
512438320
937972048
837738591
692133004
247299168
211087155
622104711
200361218
75067719
183716675
420914453
353468205
635504320
56741902
316858651
275399151
62770872
657340307
364683637
635976475
582745562
30193401
596124777
717786618
534586587
547414965
335785338
635627304
846706974
846706974
64503116
905004883
30264888
890771612
617064615
608679816
346212864
808582746
855670447
674164138
557907976
953744620
63401748
753655951
2930254
150575327
753655951
49870502
817167300
966240496
680011247
912394439
377421695
698236096
711931516
254298668
163386417
116178934
171983830
67370282
17910907
527348881
608858418
224659894
487314212
253280682
428894315
487314212
415611689
975970227
870588102
218602284
967760418
860529354
641142054
760009355
191456029
564115230
699694234
845383497
336846552
329912171
177051315
696962757
70920816
20823035
19148653
20823035
20823035
27757416
63986435
603534392
946472190
97099650
817142033
786352948
413277377
745513678
792087003
990994635
8413314
138589047
986192385
693325471
233580448
558366283
446362976
320671889
295232048
201236244
865953814
878222586
271206677
314687567
970271314
73766297
186395827
926746810
386591506
577000468
632516831
942727990
298243114
472862414
883902280
148678232
731377511
953571030
268645136
316393305
883254393
200519376
268837778
39483156
908277932
153721484
229354622
468778754
376163250
693021258
621264449
10378166
996340007
693021258
590632140
416086033
23384720
398835890
551968135
7314421
578091937
841544816
787416975
633015664
24613247
855427923
37544569
691904894
5154214
498588835
547876428
160561427
907598142
68208477
990743124
554940262
203743066
563591047
443025940
243972168
977637258
204778751
958429925
361990098
128307770
370957310
116046670
47489489
218720399
210617179
152290732
152290732
2167289
487321282
851735937
851735937
327687512
312925791
580275133
631719386
443847547
172355358
947218922
748383634
546906509
247575193
489072501
818213432
276178488
474729990
893681054
313421174
340559477
141784530
121193208
133941368
225233720
937435098
824165922
70037919
735727631
767640025
822519243
644702504
19442890
975740684
922894184
89178176
956120328
504643875
785094547
595346034
961009178
76798962
254482484
894650793
911990281
506602892
233339958
758632202
658841154
732460314
52574326
455994650
923123036
561235865
413777441
569473018
339190618
416991045
434861049
52802604
314929010
327036383
800519430
76972824
137986378
98129027
327554987
821844543
586174289
95853148
308766290
360740331
508750113
494220189
102069551
690990430
369486576
782265206
427392687
635235762
854926648
348652051
533523187
407468066
495878396
67021129
50905237
26460425
578441767
296551375
523979412
956407017
860032765
381440571
418592233
910744050
270332078
718807516
752238472
175017006
848523924
581959125
406291157
926026797
779187686
409913612
280522225
143073859
271849538
667818573
903243414
771973052
576448668
376210216
287035159
678141135
834810259
255635557
642752982
394303704
828274908
508495255
563916965
111293301
293162029
175075788
226676967
949275284
733034908
122216262
326852019
352936783
771143459
889766339
665317099
419643658
802111325
470491280
347140992
451931806
991793567
605072470
604174015
336143911
470118315
55547208
279361988
565447675
110029772
983324484
358430990
70410369
823272725
864954511
954858122
217848309
264871574
217848309
493882778
922002691
173310891
778220850
346072718
57688854
255260820
606069040
910791684
596679172
908717950
607705824
154973705
389641830
906759884
277152225
561048687
910439473
813647673
413721452
878891527
649675172
208126248
88553341
802506005
139194586
989911306
718051334
570523701
7929690
336076444
908477125
533688660
127492135
585504044
170901728
539769442
740884161
659367024
405262625
511149487
609631503
405262625
815814179
172198538
522427747
431108876
195006013
768242605
837198198
437538968
406136787
242532955
65047251
673717362
789233472
127187231
234120046
338107261
117572452
783087321
872488502
535612110
548710470
308018510
328552255
883933082
216259598
479782877
176880968
758229558
283734834
195376502
533631121
461536367
941565242
733496072
875762078
65817204
176230129
306402536
364530130
870778236
742029783
755261059
229393513
229393513
163628262
869183037
597404397
568622319
684025635
128399082
332020950
847614725
319122554
481756055
721592367
950017105
338087539
480264923
990359119
339906184
950017105
848509248
481756055
339906184
916725987
939207064
858332656
789320630
353430779
394442737
147182136
136293023
646714732
36770319
699573283
579892213
974602160
975778798
951792356
286344326
115731014
174715625
621532552
764378338
238871987
439797101
958453768
815966447
179182113
397737301
959207303
143317587
558968944
961280166
784027325
71569218
133161264
663550839
214925935
741883605
13820940
644757552
615068386
648819214
985400969
234570489
356937386
740084628
13073377
108076478
953692205
674081120
292240493
181481088
40077468
207456093
60499866
717497307
821193981
434506786
174003168
609876546
965087451
175222572
418816326
413183993
300456552
757148605
153513510
150791519
896334187
909892849
848154187
657191164
184749902
61893025
897917461
702542391
167897457
44827133
97709287
670556292
704982598
571719488
580483435
774596000
84964034
181181672
749183780
710285632
657825983
449137524
953575978
911934609
766438890
664857238
402320028
703288805
591671974
646403283
809793806
639867171
221610357
270545560
172016644
987158172
557760719
980963678
10319664
634002122
492883466
123183718
835536156
977319672
977902936
944283569
106163889
401408582
869105359
364397659
844467169
134362830
414588789
387549495
292691622
207589659
310657444
451809748
714201958
427509136
989233526
418498309
156058724
835071739
446050989
290812595
709056353
547824844
709056353
903242946
617880733
617880733
26560242
798575157
495938858
495938858
780920845
146577425
502254427
124917051
906766455
218785901
640757957
612977250
872268951
669646799
737363498
13942370
70051131
307654627
973794930
288420882
65247821
92312652
71659260
459451242
798409768
228840748
716339557
342431025
354697852
390531755
229349987
692052789
964241977
147975863
207145962
720427423
654323725
839753627
962749387
794823830
415836274
926488257
946673831
345966541
698216261
823125285
734274635
710547488
338183214
540156498
611089655
706738819
323831036
538728837
538728837
86817231
595019156
890993014
792326302
804175783
86817231
796472758
733951085
197861244
967625058
41802194
434613534
717548053
544785753
555166195
20620968
704656617
524370234
214588342
395307036
24815338
547117421
922706242
788567116
821320727
134139126
900770450
907126982
857985950
809653079
891641686
276594957
89982524
716021730
819333605
131251325
349391952
122460704
274019527
72796995
950771772
775326159
972675361
475481031
945541359
512971191
757296859
821804626
594241879
945701001
858122129
560359144
75669230
92832835
83157175
83157175
626439816
83157175
852703425
392623112
494168348
765707688
285695812
865549389
297979807
974685052
934325559
941640705
28360149
447595200
857527062
97142060
59541338
140278064
353643903
596237376
164669954
59817479
712860754
629110616
42363349
756745586
528852683
365386055
221057908
9028349
648136914
423013062
576713453
230543558
707051339
106070458
556102162
533773519
980305230
294699395
705525788
687586665
176437864
106070458
977807622
812747310
310257030
75744770
121624445
745837717
693656932
631302659
562180616
737447169
30307378
337493605
27236575
963484765
22040385
110522496
680977571
939039878
333781386
318151758
237413105
210090316
461250617
32946711
230275183
106657430
946892475
339605342
685063456
903319644
953640019
200624143
792516404
824582156
759964062
508769182
574387882
253776711
439564370
897822231
416383935
729947099
65153440
15784028
617712470
116604911
502544648
791592681
227594018
124498487
825418232
32897700
256420463
976212189
783084394
160545580
648433521
396884100
523094785
880263067
891527822
391339061
807380283
192051047
824255475
938208708
389365849
489342270
717596790
466134594
406108901
900274320
332046320
52613237
288638401
284063834
709697231
289183498
875308344
792874374
94398215
540707903
436416263
50807928
480671458
265415808
936413111
438896301
329184018
421571615
888879578
595663887
355182301
338867468
851049592
40198257
351153500
579238060
378282669
624409528
905648687
210322388
910096531
676752879
931085993
994667510
986757498
100253681
435438102
468072491
308616421
844860267
529590226
343587372
158439509
841182169
275832136
500649556
912760528
725288048
877910095
947666849
132829574
921097292
749006811
368226817
498751101
422930228
193875839
249513559
749006811
425667883
748431018
120686604
667650323
868353594
308774849
918750923
938364425
117157994
784808317
843548849
309307726
813439784
156349911
806897074
483239125
630369376
957848004
973030219
347919433
534010576
256791275
196212603
572957852
389039663
237480935
701501841
637523733
518171176
797455851
123863306
390493135
456059079
448782655
865588660
165394531
611288812
769966700
286588179
172356926
160649129
257884595
889323034
802969303
304249847
993640667
580143569
727741331
35458535
721055485
587724301
559943548
524451563
991950258
7604074
835820993
37534731
411830031
225607445
334412121
210835433
203298964
629576070
13004549
875112404
918167188
866615706
594018396
705976553
128352142
755675947
965636851
10997938
10997938
43605440
83751488
500513049
668176294
752298462
238097802
621389601
432086960
537931610
449969633
697092395
785054372
195316734
629340199
646691241
916499520
37569269
40356688
655182162
143410906
209216837
801278577
752253877
230635462
556003079
575080208
49686879
531042309
464178919
227378862
544732697
247777457
191286976
54168174
912077873
588043485
140334654
259551020
713754817
478804195
96303197
686502555
852366255
13421495
932384400
55566691
988463727
65347317
271967432
874271105
775339677
271967432
703534229
153384824
316058363
645176471
74939409
873940652
565004864
622900056
620503271
856142834
507070643
777630762
755207475
46147468
866875526
322277630
396539386
220714842
233599753
321125105
20821132
913118760
768754020
218504170
890827690
931281746
245516878
577239207
305317095
418041933
77119193
470507964
202574069
228594843
533988469
773220766
773220766
865294333
615639090
234109263
536611967
764131318
477434068
965689318
816861793
251948460
816861793
576165908
486185120
921309459
827732856
241311100
241311100
146939049
512888620
46766332
418059399
457533524
637979050
755847412
688210750
447077912
721620675
720732316
684042092
615982438
311561432
476647125
18055131
487033486
217834388
692825703
554754624
725829228
136211742
672247328
217880164
879915165
308576611
181146915
606954900
592472524
664963019
670435568
886031752
181315058
788269958
934858114
156138353
215583566
846899943
506707650
321636744
811915803
414488184
682819098
625418483
971176362
180102960
905265210
61720995
800962321
137877971
468174912
643461562
908819548
61010044
847809504
285115496
417676466
505477896
207126843
874267175
600117205
471415795
207586398
94467019
562142540
128018778
834397159
930072148
755328899
498868217
70935312
541201320
451450323
577543240
577543240
543044589
991383055
959028473
122546376
525149276
433879197
133884744
445871250
749529343
314063217
205054513
731504660
330266285
720442519
683443961
286816946
533602948
438181946
899968587
296836627
213513690
144997079
630440674
839598525
24749815
844892322
80723361
719890427
170149681
384859255
868687735
362867714
185999292
829051078
726770152
243539681
55747056
812158831
14973845
87327415
963038151
879435482
14973845
14973845
758267440
206966786
88814783
506211970
112988289
523937164
266452167
884067681
59193463
562240468
211111065
343835126
80979741
783466533
75750386
6328982
421337767
273865236
815569392
398825422
398825422
721647658
997620804
446584094
888220229
445960545
73485958
330734691
684161341
888220229
242525206
484168911
459538650
707094520
384008911
494596042
744915627
131943071
185493323
758980702
734361947
3235031
190056570
207976740
915429960
849041471
717929978
91351428
919959232
900695477
896565995
497171570
27752148
449844943
273129744
979459007
955757608
80080466
940694078
682490391
371990034
914025884
840921667
732122677
74537949
846550413
788114107
