0
287913435
396203610
508418043
380956587
558726133
682832881
48430010
82961519
834083663
105415886
204982430
90526824
6340558
141431612
312889987
130363842
598770073
182412337
528353027
387859158
289168085
648801133
760119639
314792172
831791406
17756950
422257284
868580697
268160640
760523381
492581433
90717397
511633031
894219356
647297027
217509379
298510555
406276996
397842483
74162242
257581713
312049711
960622302
72053862
804194670
28288403
793559485
48361034
519120721
562444913
804301381
967934451
162723651
294591496
491800548
458470813
199179081
88821614
89373826
636822363
932037117
27747472
727245971
414189287
633906209
717880982
763757120
83178341
343735248
628353550
876031111
490797211
766466653
784064838
532243902
154131072
925499454
789324834
139886996
332948635
599093932
198629775
575861933
989467642
232571784
648495893
668506711
162089303
743861927
476025702
692735703
995926445
100171158
728567795
231482541
817063040
48143797
69110456
22676550
933244642
970590085
495961627
351709532
446588238
198172310
439023945
516465693
987614606
312245283
393816522
186332809
565576794
174102260
491098779
962173791
193993885
255300559
527269419
32507506
644859222
463072327
405511462
343622007
512366826
642700246
857751524
253329094
677844170
989290724
428162784
765843946
293257575
438933442
872369987
737570159
957710018
511440216
803838871
725664839
851159602
54760644
242116001
711598683
185349459
53513568
147490754
530023129
459531189
414707776
474298092
932371310
175330028
81677645
503286147
233855105
222344029
135893296
454749192
832877344
917353272
183774729
422151666
175773283
692915329
67842048
280731977
256115959
21558738
136137882
280128788
928822833
725530174
778693475
655949052
627570192
495366092
669099266
170097151
538413892
280403351
175332741
933966129
937960334
677673753
932292437
495345921
679448764
958659176
514249790
604166998
653142692
79936856
533374575
276902627
327241170
336596296
863982028
425952141
622256367
879514429
189815362
214022229
108992158
885318933
79766608
656966464
650846082
887914582
903034190
409584330
318001362
687506676
981096259
47324840
178853629
304800803
328235884
281293567
411597465
977650463
984611941
114216230
367480586
779728416
519470901
639394085
767850275
38444562
573102595
382848592
692869845
346425036
318091170
574875814
309630248
195175276
918224605
199446934
245195537
991503985
317645009
894192513
44577659
724294035
102342696
603045726
778794894
725873630
967140945
499570878
972396937
424157227
54473101
706453585
391370415
414302331
218579879
890148940
117876923
837679422
364708700
591886560
730546491
904529473
996546575
324884340
402158658
499466318
152996321
961137074
336192592
157889488
580646897
468174818
206102379
738832602
186194146
751360125
156523232
131071838
745719954
606758758
377798159
263695960
294465612
637490813
340625847
529490264
331180170
873397238
733393597
47515866
237183758
629758144
740620303
245761533
751649561
682685989
13876519
637944849
17693463
13758901
959615136
16286956
542155512
906012333
766499151
310375264
207860403
230454961
56152810
96883908
487535193
108904114
110241357
644074221
220252131
899545419
527836277
313177598
766612621
111877752
470268246
73149189
902087713
218617018
60040019
616060608
785050916
765105123
563774893
427512672
943017295
114234047
191005814
70135777
202169786
752844560
939802235
15804093
243507123
735331825
460429941
747816839
129987336
333168991
372626464
607299736
601034455
431616267
280767797
36788186
693450060
22931783
231852676
98495977
594720265
445579883
927055576
771198641
344668879
675296210
372002811
214094354
319772376
941997297
882391886
436645110
9564152
421550458
16289796
646813689
818044687
817576073
712135188
612132082
273999360
671132774
12348183
725824375
357479039
372720497
978755551
450347889
654413565
254858646
210085357
431443416
115509649
791164937
940777702
945886463
756725204
512009367
423319973
596980102
808492463
614776664
825849424
120189423
612696391
679222472
950931104
556848930
72656325
754591015
139245612
973055482
741873757
603403192
590437092
512955011
466218799
570933089
595316454
697779203
512989551
258547489
228937858
873916893
176710095
598341393
127130357
757054177
307003569
711455396
550216378
831234789
167308600
723877154
463642386
857202019
480181993
649965555
100192311
689806468
943397007
278696969
29818297
140048030
376476182
585363824
146682984
556878173
804087883
616612429
125867216
138484550
74559443
227905630
694328724
733557415
485435824
121206550
700627977
88872789
763176226
835838821
373753693
593536653
90890481
670172624
202802783
270148182
242087135
476457395
938267987
816738903
361405665
716346620
591988659
396341708
21334952
258983557
686948973
53350141
861642855
84827899
499502238
194286401
449726239
283416795
826379743
378919790
669993238
117918147
270137922
239670336
513923721
453238284
382764740
637914537
800401570
640154529
529206743
134264821
855138004
46973600
268590748
933677747
99258614
955202397
662727963
334111425
163566895
577266581
521120739
261539524
60678564
747775937
846290459
647374918
79583159
244051007
656587940
492354984
300759157
979137117
387649221
744484193
720420188
111580371
320268044
805462311
406191487
467673590
638738442
762125289
124897434
107569502
67709831
116970910
603144097
619916199
563234010
741505984
433474527
408313765
161857520
41912297
355074975
28207256
991451999
997641610
523463997
131254253
679844822
485741045
536544262
545804214
149565684
896382957
619751361
825620845
253025197
983971599
215324841
237952688
320154321
295231112
236794942
843353640
135063973
900289904
810100923
289486884
680629930
363189158
585425144
463994935
514420248
698512789
350202828
884854161
813113918
997755119
930468271
49223357
370327190
317244938
395068122
186269251
347507390
384431535
634180274
755620966
470991342
437481501
647267413
988058127
91431456
27751852
202001031
206999247
108077534
930145827
385287244
339995878
576151631
664113883
685010418
72314915
213040575
339016765
177928166
428470736
457830370
12039493
786195784
817580461
568437199
923314075
112954754
668364519
183157112
904493854
692713272
838076072
516346194
150332646
485896742
930529346
724644297
209754371
595306782
457922179
213716774
566551309
151764448
146030988
277360978
541853346
795225523
299750557
520798109
195792971
373149498
413209347
666434888
678351948
30058542
890123646
307638130
220745107
243780430
987097177
476555019
990777360
457319230
34556992
449890520
151911548
557571822
139264089
483952388
527568178
784493036
268462764
785231872
467500375
289759521
391182943
340528411
878515459
229284384
895613735
617956936
739533500
589033488
726959929
60542562
118597850
417141206
322938149
12596050
438609243
159374558
634850514
393213615
247270863
900676540
817143461
265701606
148523149
887757737
926603234
992381127
295011279
291595025
255234624
207330379
897386125
348588863
82580737
873320864
728012564
888068117
816171683
904248720
565460345
570349749
570349749
194286390
810248173
79997415
728005698
563709295
537721660
71248515
886342601
820269704
97496797
706868653
513781964
714086532
978788193
126330513
100076651
56167812
401573360
435011150
202134756
787207816
247643331
663032668
107612188
760936230
862439126
667556488
436346755
292385414
962066888
248469585
260515973
97218206
879389337
353370459
116616585
291890068
202681494
952991740
413876172
768997691
513229594
20175721
318390938
522555580
587745702
917142057
333115920
470713256
956138689
688284091
976450580
704441539
589325323
51879993
109942550
77615602
510613207
888585576
523174505
318333336
979874571
915881230
225708250
103663139
588228302
834722034
325579646
760660867
320042304
442619036
510733029
878463451
356641848
501931234
7413544
437896039
446946439
772266494
29082537
983925196
583636416
772169810
118632402
80389775
118061508
827483161
27548688
288851319
863474580
674603152
720151525
10770045
843354259
194807922
252821951
609532978
695391335
882136378
395062999
445395871
553868616
176677563
761776695
35508262
661258892
805806216
507225821
274499168
72581650
343866267
291651178
20707547
277517434
929174317
260883578
221238016
63351482
838412311
87516905
309330352
466873699
2452062
127733900
116907824
816196701
296612215
37270409
401063662
736017402
54428454
449726607
876111917
807904785
647007238
129880348
636384100
762036222
657225598
360512277
326605342
234869033
798529762
771546246
368499872
469121795
557497383
629855268
942819182
87153700
670223915
81403972
724633595
617588351
671405934
386482132
794002354
626266228
355624148
282406561
889604112
274861785
846894900
527770922
4823801
449592960
290906556
69976670
920805594
424056775
844869263
772568561
588941300
977735579
373558427
759653091
88043649
255935115
508956703
209612473
597307745
247321459
745158704
5691211
868130026
