587536608
463525422
995997218
293622066
866947409
376323139
332114907
273646098
0
196948005
305248427
510962570
728363755
28281668
177546534
806303642
88381178
465808122
454092252
766506801
973043794
383164030
141319379
279643447
109231142
893499631
743507173
591168691
773750108
270211696
925672338
360294447
39274598
152147892
474898701
667670472
682636851
902627983
736482713
230751620
445452840
756683172
911967311
751075808
73931360
141817702
885577724
923525455
122752019
925026430
683530128
938378353
812305696
640123847
611355962
120100728
281083549
155238229
413563882
357758882
693492596
504354423
33742457
583289074
262939901
597790140
351167109
61502607
330690222
827867908
246434605
872342773
496913627
66329958
450023156
807404207
749266099
891570173
172644268
402559506
294992491
570348880
875438976
865022167
449384417
644671879
678225398
102352341
217232630
553580858
668823477
183742298
697138648
256778836
447069881
918988008
145999174
198070665
226513895
796534190
891243689
697019764
480836065
482561773
322803452
577781004
446359567
643214766
330492469
637512119
895486494
155987815
853117532
449543497
359809388
446893290
672375505
154448137
728755081
172450970
808442287
724463620
239384470
314714317
633790630
325985996
245044158
848121148
752446111
627289906
468251770
176012428
606330238
726823364
432716441
698749415
322313546
456629887
361374068
757866773
878366108
939319287
873555955
137884098
472317615
529078529
474850478
225084973
394702232
824670162
816519570
75315274
734283204
666589115
159750951
159184159
915601865
229957829
195839830
946671671
459041777
287537386
34714528
412201758
377214594
953404666
941577951
229016206
196006923
123237128
369894440
445062410
689985790
577251628
536558089
847771330
95293214
161437480
495590003
219668865
600374202
887591794
903647385
534144893
700837331
383605568
779973688
491280659
930267612
352968921
702099385
832208792
955221005
509821616
162416276
152979521
396458616
16220303
109699842
899688417
376699662
834806944
192889421
498785310
665736431
25362302
487062637
376695471
396142229
18627078
972504900
476733454
318520705
919795379
949526471
570063741
596526440
169078604
805888458
264775307
422553104
722982669
180238967
139259101
694985924
780180523
120375510
100382928
7167570
332475656
651845647
841764171
523037321
343046050
448842968
724458255
867269661
553684352
837846801
685125095
486425187
281955576
420345671
939062086
713233703
629592668
595529673
521214582
422050144
118435238
626018048
822682890
128861366
660968740
333915110
377959371
326451455
300670518
126830174
107092715
565315381
31606563
155976934
394332702
103457060
514045219
849396761
493233284
434483052
353610236
683610372
982253721
546007492
141345167
786270632
792542980
142390342
865939976
495689323
494632419
261041024
605080863
135946136
992640447
234993796
684238815
906678950
958575858
800136820
541624723
840313823
10182803
669218911
489742133
297288419
522405014
612225632
22308905
620397710
471695803
73872635
96881202
891496354
483255987
602528632
983508207
291581561
108451215
213069400
546578528
407986694
587478051
697545309
548147325
58401973
602697054
369586318
929702248
621866589
790241162
975233716
69585773
619005611
495149133
317373657
490844713
153871655
947404184
624732672
457361724
407628440
427311705
362414459
421252388
712446919
801039210
631465432
893798329
64042783
158226722
938662760
944821883
494407392
593058987
433184737
122286450
583425949
722956597
930414753
801552343
924906635
253852868
577694056
18310882
959524509
28285818
885707495
325163658
978150223
274308938
498433911
972975147
91117868
99317219
29357004
561033617
211899983
542209866
224784513
264685885
563902186
213360098
494086680
385077001
907683662
118039340
320731198
225968089
831022007
92401725
162806137
234900697
407656091
80296529
842397192
532587267
355631441
267289488
808235542
335000031
74538154
869435907
797512050
859579182
693255916
963767761
199356794
678822346
712336473
18503408
348702254
162697350
40707430
952299605
269772909
471381760
72831079
672040985
158185262
981603032
919363104
87761815
665858479
483190210
938043820
934767372
918963087
493869039
399306421
1078710
626047939
530278616
483651645
424949768
486251969
922392458
746524087
775465835
330777313
46384174
844981017
574816980
595339676
126306014
465610450
435232690
930638609
911041032
381866727
267217642
869870401
666744084
577196899
37573882
914984900
230628063
663945733
700526045
110949369
593215566
806729957
154578755
98921017
851239075
141419644
493696497
913348066
485208899
163145893
814174399
572816977
941583903
623243861
70530468
468063608
371540007
409471051
247598099
809283968
357988075
803235171
287388689
303783888
304854449
141248448
638071916
954584073
759936418
461075480
121732750
450410685
218198057
964063050
643689526
271332069
852597751
462010763
112918433
411771856
763875113
108331367
316360700
135029362
375170351
366912615
950610989
855738105
834756810
756140891
971292720
395189550
806680151
256083050
582017506
285919088
25486702
307311492
330655413
890999590
858902233
499098852
777429614
434865928
66111409
728258975
488472201
240781628
42019613
727770957
409505426
105426187
960284322
288467536
744676206
591310841
883721048
860142287
858331807
232228793
897851861
532076702
670417600
881627568
652029279
584392894
802659558
353573196
41831621
734400203
781252365
714781364
244125356
687275228
531781540
664359881
553359200
570208683
462080559
187759226
596077138
555972171
408402376
573452456
117036166
346067975
319346299
598728345
214642417
280534341
164384853
780436071
892938782
734793420
4184714
632733922
564202703
592177912
705896132
401467021
883390325
249954196
600328678
663791912
828289855
820118252
817071857
172243722
904158840
747786064
175885852
212475738
640291781
630320214
940595961
164502406
7793710
745822222
769204794
362197075
787990473
794156915
743704179
686930980
954973627
62068433
966904791
90531921
562378265
838213983
236206583
246114683
589970236
963751235
862168389
210588045
35515512
764609531
146330799
441587668
516531165
526473210
36339581
332785992
650187356
619218652
151263333
947653174
305794851
674784274
331828090
192475104
186179871
351415520
964976103
631901389
618303276
595691
74202277
316354860
522616148
79608825
881335666
617171200
665513016
135397931
464678814
734396199
100227085
303492969
841751765
660846122
16272044
538301161
745477564
699053088
193779647
198024138
698647986
350134999
213557624
577423337
411074773
269857332
296199765
229218806
563883198
680668187
970612249
250825021
102526306
504374984
730078077
851007576
178660001
643857491
310009594
261606980
90228167
449962936
348304092
741766899
625379950
513203849
133354491
404872858
448189245
945812269
573604517
694606795
203249049
17974681
148854811
974983822
451202166
955066721
571823340
297305599
855417980
373221440
966931095
205713449
625438737
410852130
500952534
384554410
896627537
214513736
235513900
644055147
803087564
385847665
514855944
68474708
67561008
727267913
212375876
907979792
90438326
588871497
381703402
190266839
332550607
682453504
850140335
357341373
445895002
691272319
730567667
463663334
896732208
42989327
591052722
952188103
680635841
863006763
402015467
465802838
721502684
437674888
471341633
727499465
208532474
158577349
694824804
750430643
703116979
163128493
497258724
121787876
900688905
406113869
790984146
608400263
868343537
744207221
90173382
910659558
805072289
124750319
106568389
794143670
133939487
633980092
961595480
943947578
358886236
243680173
398553876
655630525
903050776
799008060
587628069
76517415
823296426
730293666
134786628
404720268
436619086
877169613
904177185
196751046
952654835
517536431
101618102
616625056
516506993
784924672
597299118
875008246
153015186
454584706
527413236
680240479
89041307
904785218
323840124
831535321
996040246
879073902
434233605
620895930
115734617
254838780
390954087
793726330
382055424
813818889
264629152
456153614
959486529
821538217
955989424
689718797
736670540
470039567
332897645
291284530
664126904
706216198
389749224
242163823
305653965
824517787
118276363
677265575
596997121
455793392
568557370
386313342
215376402
499109611
364711829
545368009
475139193
946292536
244677936
873496239
576833893
328061844
17045147
497450662
63416935
772200237
491946120
445541969
260301403
327266261
400914051
432290289
83260786
953026294
594446372
188044004
522060407
689260557
868979358
654601051
260171300
405671746
251310551
45090854
954324248
376612256
45033665
698865590
758151063
765007126
881961213
672546637
526951613
523522446
751262635
315702524
934536119
87520499
886817006
597188810
500303863
461486560
241112773
730182259
782523683
159580308
592133347
3002870
437070078
722249042
842205578
20795243
821386477
706747048
23606865
571296483
681783008
467932533
764510015
463283027
316209411
791887992
255766090
617542960
837719437
596823619
45487939
17785352
72853315
131130060
347477331
304365910
845977496
70470869
6364733
232504077
759591761
786805284
525110373
313183294
285602818
997771240
115276858
153322682
451550012
651738603
49777197
724588378
269424148
386106972
626025655
586241068
377017645
473559539
412060765
476364452
685596151
770310634
108733911
345094141
931956070
954044101
586667905
220868027
694256838
139146952
308037251
311000622
353841819
847856920
900286444
82118180
241599805
79015631
284651441
161940738
451009760
900720547
386631429
867560118
653797002
224417749
959470762
805682916
498963762
487828944
333851916
434662011
630811205
916251206
188522172
268255778
212428606
770481624
653980273
458184859
243233090
935291854
143384459
130504319
395866760
959466458
499910869
973239513
132425441
925530524
857555068
660260696
851975365
151145097
441317050
788660019
522481439
730375440
823947521
33383972
599300310
624974171
248360422
363920201
689953202
229453891
559676258
306456800
38890506
572746332
138759420
595600789
879688883
465179035
960059964
807569078
196883871
178139013
359143985
110799273
871831102
239207947
153149836
177322987
943893599
303087308
885394642
691231525
631154881
210993553
692103338
579417169
633575581
891427631
294214957
176991372
859949618
316260861
886698633
504865164
724743309
647031676
248491504
148435714
439992909
423192743
375030475
968490089
452794391
303220247
821254707
915318964
229801472
220225704
217819957
376114835
426494343
130559909
289394122
78387965
243933647
687863740
525768738
560067479
734117762
761264144
931482815
80396767
223912131
66075723
485851136
606820963
485414401
646700133
191263968
455062551
635858515
516543632
41492028
749936927
137437133
651888513
218832738
916499161
807665901
114816438
182717980
770907533
850063750
514564750
499601322
747360718
4533668
344457699
391900179
570864322
452230667
469912422
450027725
891157560
492373253
930813677
782841907
118726970
837585692
131985787
610317843
313342086
384304797
869812252
755041934
572106785
357836753
275091352
222413321
371245421
282384199
833986700
614897041
994953332
629231411
7740276
811977146
170897969
757229034
60867028
281097164
5858642
441833618
565747141
470778377
122276909
564490680
565789979
880702337
360498702
794877992
556423503
461197037
992527624
951252988
174522467
907876218
504337504
134340600
489698183
764726652
135321100
942649781
23053173
533452240
296297859
223708499
794918086
75498969
49705450
730970098
350294610
683875648
154559425
927641551
156861860
375297485
799076911
49451760
25087397
951886979
390643996
947317250
424310303
423051291
261445727
972638093
686650233
737467133
240620351
981499654
833926594
283714207
975139969
440741681
850185700
3964353
504335092
510074446
644877547
436727621
465454467
162937650
177386669
125700860
390213355
916260583
250082790
739831862
250003021
20887434
840441131
534972388
473907362
121599595
42778620
346631756
478958402
746081281
877386445
261723908
349444461
990105723
793808307
851188622
76664556
387071245
746740296
589812457
325224245
756041340
430163298
128646998
435399206
275961876
435969307
197300057
88084251
487260725
741082432
592774604
35120820
465986135
401497102
835027733
688815107
567519767
137651927
959734847
289704526
644346448
140922249
348101591
659167931
317308993
263927292
623691494
236656368
803366817
516395610
81574546
829041150
885583642
182625404
933881372
734304196
719367417
631254330
714810212
889594917
619112276
240419364
181874270
673533364
906980705
442141175
102326750
553058259
539363842
420541796
909900564
920432590
773458215
769765447
359512139
503893288
292159178
836826297
187955780
455280117
711955799
73685132
991455650
108107092
833032168
415433667
62046202
518398483
686608723
24454782
148479866
280953964
809789165
925139023
440650036
157473846
762085442
627768374
360128932
654482607
717472835
882498633
672992517
712838307
40612553
579325074
348149683
290500818
880791578
165117664
298078311
533426298
873056937
367563699
119781336
318077786
429479905
623677313
175184720
432401046
946878791
822319795
806200103
11143005
178098717
261295832
341311419
470940466
58303230
432180869
986524875
32917574
721065473
471539092
775182635
991894911
268479624
97131452
495511357
749211336
660293734
739468372
341168198
605252728
483635668
78288725
140907784
322155568
175748254
443122472
686352095
475188593
21680525
91701139
186746297
648676135
611501448
604722866
557314557
107354466
635480958
597755526
236255002
832906885
465782113
692303178
328352413
357853125
851820713
147796845
140439455
950045550
818753446
806908119
922238266
273852520
117906484
787995417
989453118
955660594
157237119
555981986
810920336
921985661
132854557
334717328
21230258
617045711
962483799
362589182
67724745
902264589
311050646
388081789
134015492
352313289
521202387
485297577
45756874
815268972
578539673
525638317
529271583
420409746
506198520
142981672
994885567
579731830
328285473
948239641
621232387
429106578
544375949
727262798
275961147
632853609
18398759
236734333
768309682
358307207
730733897
524045344
718927226
924935675
861701698
661093993
871477942
497498109
686690309
446263314
232707973
906406688
440407079
572049927
686561991
895547651
25559299
335392553
89061339
785264283
656884107
21672240
752695994
172046925
647957739
528294273
554635810
649064720
223825206
171190619
679375120
531958720
238559281
313534002
728372013
978360655
589684325
73032645
559325633
698084147
606340505
256213609
374538227
123374267
114021185
632115666
728628690
803406833
123738317
531321602
959137008
509431159
402003061
437883551
198196879
68603820
43731197
780439463
432489275
690672791
342855701
911658068
834580168
174268583
734915456
62611220
593068302
769388863
179388193
215354220
599928534
754052428
400921593
475545345
718180907
124674124
394405104
970859721
123289966
244762441
275892301
718312895
769053363
436242029
421251537
868677325
75407702
687759412
279575426
297696517
761902655
879128864
433310908
312837561
964645170
934602066
477314171
950635240
378716701
671543444
772825704
803687851
5886544
442869977
698432238
229976239
757922899
565063011
73537543
685952429
812559705
424280750
117375315
739466989
45063148
386997820
489485291
278666310
439729126
586425502
106218192
679760432
24924912
684358499
534641909
472930131
25209780
482017537
576388564
558502628
145162860
915473915
875401757
481602763
197612809
382798086
42391560
423476941
175716090
752063700
885401364
684190262
658014351
264993977
306213444
602132298
719717187
705061327
449516454
494039552
776239619
598530750
102669257
904056306
445963283
16458606
416456907
867275775
663499044
350078635
790089009
710758296
417337592
459351205
380843835
413453840
780557754
303314617
484374724
702542076
367646972
684901948
355372273
332022837
511614813
721267283
577891298
779273084
522063107
970896526
140125293
316984007
636294996
95132218
148057956
979436408
868875402
275061834
274970228
409038458
155511089
641151522
517243350
601303370
144458120
409014076
216799496
550563251
614752469
48041621
435921391
806117743
311288075
174631555
429110127
469821330
297647146
731888331
749329958
866790903
376169375
518404925
186526372
986668873
133163389
432658857
982684591
124052766
959651807
601613172
711188084
97069778
683867458
76958183
327959564
357386767
736136644
470678196
919479581
812060621
506448140
492589330
570299857
151912821
418890879
933537170
724638148
269645201
267235209
173120665
864873333
878283361
633456637
409120918
747990248
155840805
370710587
933569007
187087896
586642867
337693778
100164034
505673350
994946842
34265779
601300296
432599048
800703815
166775339
575521908
446186660
751469631
848777857
836224036
942801377
260289383
340040960
430844216
756628802
666698989
325656654
808286466
241014341
978931324
430953900
394072638
468221854
703915235
239541777
890935959
448259415
690686579
335656946
63384936
286725534
693183674
371601859
423222977
967742959
921921161
45922976
863654915
655732022
158243873
538775647
469900982
796732108
188547892
309679305
688396952
247464184
770264534
153715823
505491388
156546323
786810734
264260041
747033127
905166924
804613265
421297817
614378162
576997863
850288937
879939577
721826094
268654994
719993650
142413253
473959292
483005433
714064268
346287399
983773440
773813851
528311697
751118862
73841532
996723035
8055810
438201030
941540833
834149026
819019897
679199038
274636417
420608242
499737422
189308629
261953756
37232721
238500602
16691895
23531800
11659979
788526425
732016758
651848766
203348448
664620878
649252964
133082059
424274615
537232200
626686794
381510403
576389054
351720697
561278961
379652691
499439911
616142458
594436815
721745621
190812220
431094836
505408252
388726720
778369362
651675013
26019362
73216605
39938781
753559221
627700656
482367978
592375714
525571137
409759791
778956968
442799676
280600580
456832362
784318687
293285521
707812804
530376739
329921875
408364362
529995688
891385665
922862900
666119776
581903632
49989257
375788018
338214544
513323286
520620356
69507419
431067889
67740738
678273698
864998794
830175984
179959770
761377698
690931153
246897684
444170267
317139187
189840573
908840278
150892613
550258824
847400856
984209246
363236592
53213676
652594833
697960480
19102203
911824475
699504487
247499909
14196943
307440243
776568482
218251890
30708594
632659608
280426870
841372211
431882960
541767767
363643345
799511580
985858933
79933737
769043747
683507296
263974400
353248010
288582308
201780426
279376176
345688046
763623243
471857959
98698517
580500803
476700077
869166869
601611235
508672028
594242825
177045345
905543210
603707602
604208929
364032651
828444330
413942725
87893798
718595108
995430320
426920756
191963569
740077020
911032271
432355035
549481765
245125526
198429783
7343122
128271944
839375261
459801143
836256557
680167754
472737402
143169040
272056924
760361023
494148140
63719525
873697802
579562310
708139978
979926963
650619581
853814059
199253183
137706883
584964531
914252625
141819491
282376698
756383900
78780950
131764957
385771262
755386107
903006047
436441309
81875249
234631570
114502662
539419864
513324591
817351815
350680518
97293355
684704591
747787762
700256048
922768187
835850663
681805863
360295809
649291564
81877547
237168766
665872485
344381082
282993183
790885929
522338728
370501208
366328981
10864253
405345306
174314048
147071885
62132195
47978776
223732235
476579486
396375957
579339135
335326777
555838514
890680096
431888708
953826445
147787111
172196081
802628581
96217409
79055861
676129002
446917118
735002436
52797010
579212077
834266932
718716688
103312975
776689542
509294751
412773420
543000692
642491511
982353964
650177104
305648367
228550898
619062287
313866833
327076998
45705624
997206298
238816440
783960168
415320640
704107212
779788894
250640091
337917432
882608560
62413106
342874547
510568625
637239595
126948992
982088823
983328327
771183255
990839207
71619985
979097766
468345279
751727819
644815065
182708946
733425394
736936817
73199325
383211127
532840221
353820654
308768286
42636102
975996901
76649114
255464215
306878673
197131250
348223716
65422708
147695328
958377259
828050761
903500336
898078596
307088249
501850602
297045875
454682627
955656108
569753162
752727029
49083798
843802896
143556421
706645423
171353943
69378083
221641499
120563476
116903030
259292973
812003608
856796967
703781833
329690876
107241024
186555137
326712259
810910317
490784615
945380596
909876661
979475987
688703475
7329782
78882652
922069172
268790819
480608083
173776029
694893947
853998510
1782094
447178079
383540537
733671158
971812803
918467855
148251692
638247830
858500175
280611519
732444416
435603682
603529239
27831545
296172983
22606292
108255869
587504556
810204685
232727079
628029412
668388008
866969806
57078667
19673009
342257000
289424812
94656815
329342188
428105852
91797284
559297601
521343914
190855001
954836594
134848564
543209888
129851587
287833527
48847743
857677347
179302022
540382936
745055261
261832903
991415933
268060718
904600266
401577397
741054091
820172232
468107132
45288648
290139844
61279414
327881993
356119803
848414458
141692733
75380912
701714424
151471746
734530796
432004151
970671915
831823599
538452642
310505053
548557067
314801304
590213240
158062171
296965299
25406009
505904129
930871102
208677041
237007673
401278413
222539676
856592790
235840332
777772837
979605102
271564391
188965063
377535526
163203781
535255274
967028344
386102327
88203779
566546731
833346725
264661977
83690559
341707736
754918683
905438985
102778992
887615476
71328527
538050060
113749812
547835905
209659733
731291760
117110463
724649543
240844070
397180080
582662499
975804368
689136287
561212347
538211068
241577166
945220938
342387243
116887416
619669969
799199175
736470467
88919616
156650301
699862295
930206925
986000358
236386717
374703184
614513193
430219576
398278572
899940071
490654457
406076526
434213900
8601586
973712879
947803325
472434857
565219739
839706750
745487029
617315063
927571932
650894619
212522089
66839617
529774211
807262514
439359269
371914814
447424058
6106060
49948254
256309599
351573957
960742970
638778840
939632318
726943861
717520560
223640791
784138304
898812827
77418972
624199323
682825651
388928104
612255608
613887863
228274804
153790691
346676253
870469720
593496404
600987200
85499135
973139162
547320563
632264484
733299696
41524159
984197891
427512476
304183175
580729704
963726862
761656051
706731184
163579228
701115088
928179710
387953971
884688021
205234516
4383345
923171143
249314015
480304644
669120594
656830464
181776099
532060428
400083636
866083924
91291387
984540360
50156745
70484989
67283171
173078740
802980951
646635596
922955587
516507898
949715329
987517099
847412470
354513231
394408980
930140599
368372870
163630857
152518442
846390634
440725414
258447163
863617917
931004360
468150834
360192202
603120048
1504284
208716474
775184922
396822618
952882057
852691883
510033172
238198178
18328524
729169636
920255071
25229370
735781812
586156927
274485486
947087601
14252906
966314724
253590685
134945733
11330932
789787135
240183991
608787289
35261613
883498196
560839399
610791908
33566096
440790769
602266433
792779486
605831780
655480324
553458751
746257586
470950449
59938727
569653529
397249507
141890096
561482692
378649488
173002866
229263440
273830096
440963731
949405321
435592909
367320281
959792824
420637172
79027113
967133229
589903146
981127221
251123342
761670582
214402152
482003789
736687471
586056173
218418991
544733033
64242613
427636956
847289859
296624660
230832509
188687897
708311838
658990919
58596421
171097058
289667171
444405948
654856354
576284786
783423196
92664539
409469787
485117981
566909763
598902869
925183298
789620833
563623935
617351515
869448160
176581326
284294368
640998747
842883794
885937507
191619596
632915881
324132454
266492870
78101316
54603462
239176965
610769850
30846169
273532855
56195237
523800337
525875078
730675007
431797458
135992793
94746999
48394233
502934461
944991760
66175003
325808233
89116481
516529768
820922
692094891
367638031
602678933
862906263
68059048
874163745
329446672
242000831
657916034
658333878
864337953
941187925
519795769
994564614
8827381
931339648
719856971
452002040
925724567
574182120
765860654
256673736
57718389
369148427
525149302
348500567
245739013
415737212
621530145
125799647
537044314
672230979
659289882
923565713
574631681
369728597
487676941
388492917
680534607
478502486
136552349
298163043
760626545
488630651
983868445
504560682
127932764
117157793
799778715
974156811
114794287
206165046
873470169
239255137
689344710
614452496
681941777
920089700
74437608
172351484
742974861
572403788
399691045
147843567
375489827
121990274
859397010
840586202
900396911
495753527
890210646
258189657
623199658
538441901
976126570
428746568
176027754
382759758
450300231
126715714
818416357
569262917
109659341
441790997
701141993
925794782
740793881
549720275
677823826
767287788
870439842
989512781
60127425
387167098
850281208
497836827
478957324
427968359
864897192
847994254
658088064
428254853
607205257
205454696
699967290
328969713
743803311
444533290
552415280
104418635
978969579
701573429
956036433
963747161
773062551
656403519
22591611
517309703
756028870
144955974
56219665
35814732
791759593
600292329
406297076
180085633
157002859
561415523
87208525
261737034
426319951
127408813
915484085
192059711
698252601
610245180
664552493
805199740
397817496
480047111
948506568
438500729
320733786
446060414
897265225
894490545
936410994
475659248
66930275
125455703
264084272
557202366
306693082
829138779
479769272
887718454
569837459
328814277
286654574
426534332
557004164
851802390
711895408
503882347
814673851
68664626
668293632
798353444
34454204
481106311
31216621
917948939
15846240
248460407
566585077
811747642
526612951
823266578
271552759
701765880
270531177
907002102
149815941
530160263
221260125
335153020
924038250
587774678
595964269
774938713
789958253
141681535
871603820
60552053
882798829
163340289
299215130
649741869
381277975
949733820
108120839
503244680
175543786
457052422
83357880
860502787
166131287
498215811
288425143
337403910
585186084
452092137
394849745
391216
758473167
781902167
140570600
241645984
979464475
988103960
475832044
867047662
825210994
801076480
603609995
333803782
238863442
463463111
272756197
791410986
349821535
780027310
752088410
114110829
272792286
172880381
43514176
611610767
157787952
692062227
38804822
28615195
529672639
73994366
780439698
679917022
964520959
589945044
257250402
948142112
545821817
636769224
915206150
445240009
746701700
110645395
399447779
70686325
458203982
882801545
20826847
452863702
485652004
172979764
547119842
690325524
778429114
249326683
756726502
28660267
892362800
575397734
80963728
672035490
991841256
33009685
444661207
167502775
580048380
59156101
946607130
728415313
740063595
201399441
443498153
730749193
284904752
306771394
613799897
141805892
530686534
117045025
539781901
253524687
856639563
244808757
458023570
295602969
25509819
372454072
674324759
321847581
488437265
555999147
830404852
813630493
706387128
450273812
638204575
746395028
420539978
453170306
128262735
803278843
894831192
248853681
488790021
580625157
672552813
491431653
10797911
994812920
53556854
268305213
942639970
971795414
940877042
992819209
165137380
42954039
82662627
165189586
613947629
307312226
207613083
194491344
144829456
778403048
121380173
398556326
703326617
438893835
45533841
176154359
879701869
475704478
463093201
110212584
664933810
543110501
645677332
113427350
61136969
847558408
193710912
71138277
826461953
659603964
915866774
123110095
946226343
444801789
256819087
95459049
343253778
212612433
47516524
15784102
174161813
64974987
724502017
191657118
664126871
336250077
481843467
932325046
73985184
503049259
426415916
304857012
168721182
123919190
432544032
591365095
789147360
809728213
752221845
604843650
458943778
132218874
919827145
768529805
432528536
683610344
902763093
880587058
912163697
906257092
603199642
483887137
814053932
882924400
544394817
687324163
937021094
895463009
782505566
952457879
793326759
238993203
288105150
737141746
137783819
404108897
410219474
684663246
473882985
382136111
830891715
824024117
212606967
226617204
887932304
354815542
400448315
11262450
466239738
10668428
498877707
73812373
873903013
794192084
352766532
96046259
100205309
260377208
169086446
810465625
70794725
245507472
848834081
706846024
390571970
561869301
277956973
51171095
892667717
169557663
528292354
265635465
812177295
970271655
322162538
917380766
642980073
31690046
883912901
653240370
447076550
299447657
663514796
416631120
593907491
237695099
402371955
343422218
223139353
362333458
912974246
43863041
835551581
139643673
270330017
134819719
871177588
190061819
319936399
119489193
97883915
149481434
580102129
344936026
557147120
585388971
725889000
336695565
924280405
174699926
337277001
395100752
877155041
275089729
344903064
700987437
794028848
401789086
862855039
236764824
773918527
708876393
781178028
664452384
594752704
956158018
966910251
730075513
608713741
577960428
365410029
980432181
232534628
939912441
327130753
402712443
699772767
828236493
711149887
633308428
953768529
616622050
26618403
595110085
625405119
837007432
99928200
145360430
790692876
287261671
237827975
858336206
901799896
735053578
900535525
312528047
575900506
145227321
927471953
900305173
729291876
423431852
640815714
211816532
356781685
708114449
394419604
653391161
877320868
856791096
916827186
746841402
674413901
508705475
92417286
558387136
486022028
523393858
86252768
561973710
626166538
534596794
449857426
724722374
402525843
939434520
768364223
351738587
600924536
658945303
707025139
921105642
349609317
497796029
492461715
93866343
861428084
3393949
469821296
305304731
194159968
488501967
878851816
283164537
758905624
416667414
462261920
808836538
530243919
205660517
350346232
298938532
842102142
829467420
576935781
646361123
943124680
998188073
829069110
149928789
677131322
159410945
534340718
790311636
659996890
607544606
792601108
764266980
859618842
825735781
995082134
448389639
272548216
678036133
296811340
291076775
205600364
21111550
704434191
925609602
131881427
743960167
796461765
389118987
739775802
611435096
512239198
652807105
711582549
136427121
872967556
220178330
612542369
689799029
810069916
750229389
313610729
638467221
221668681
38255452
854913778
685726210
397523368
323380548
391037264
157861643
981492080
613084432
104395474
951345861
847394401
477992345
992289778
102374935
605887293
134587892
258770406
553311962
24724871
385980117
951481536
226444336
40887211
279132577
211091072
597963912
294694681
854756991
947720509
216998673
126813502
678482921
352936571
758279804
871273964
150103805
113450839
382957657
729159377
653022477
162992643
93411160
710648862
168486417
766904247
441315389
834933908
643342258
268384520
990159858
140421750
399217682
449018801
95450085
219891724
838921510
260711317
31961309
205371750
10350813
91537051
712867125
678086159
309913846
996162925
966186856
138626189
151824749
585264537
128220092
350098730
478419987
467702512
990995648
966663428
318131374
466201173
786175502
167388472
215415919
492291756
821755636
184173139
461272682
956105826
101324369
554887785
159299006
510028504
659355857
811757170
190490341
797575289
12901965
840823914
26235462
878371070
275978584
555169129
298233479
830453197
101830480
143717599
804661211
170027126
137813584
8966418
846858276
781462904
540880317
397246871
585223459
62644261
104309812
810553958
471023711
975070169
391442074
923537968
657647226
336017733
332649272
492447351
855667888
968550146
351608727
666712132
134274691
855896148
52462286
503588549
183301171
123815830
293563618
66852903
967281634
681073500
135344390
953228702
797565432
480894090
275549253
265458941
560652966
95856607
711414091
865382502
46491226
995414368
344801094
539937399
520499503
425092248
399787
997332275
935211860
22041778
290985146
654251135
951065908
659644659
518693821
176664162
42767384
126643549
117970553
984884646
558496461
481027325
314434775
986665730
46145095
789733413
545533328
174698173
941623358
716829226
581940989
396537342
343043943
671509189
393494558
104432316
984304649
297801212
384422065
397559618
183626369
336391084
612724082
917254965
428130868
568817199
965264462
118346437
752498773
207724939
876451599
77491838
346198410
261001056
645064392
213301493
885252774
528575481
953340341
286947817
72185581
270742493
297020572
543496623
44219745
410508085
976539827
317309216
523855874
860101450
291501628
87422584
327659348
304680578
715686525
367539993
403974223
427784301
246850010
263008306
237173805
976130048
483732170
769899908
844968763
578660782
162744111
742459053
470816090
440215673
228357556
551183485
434282084
416668876
553544679
546592053
737642894
667814620
531111525
585031114
752122794
316601555
587704988
915711218
315492377
753604573
700774514
313465016
745777193
431839693
74969223
862257064
864784037
31203033
521084822
441462783
675703383
315745768
215742986
595874964
45530863
986227202
566526605
174626946
416623785
381999906
806250039
368441602
854487372
908104066
111385495
109340254
802090357
660125866
407908312
913316802
567444631
827401066
923156990
11578130
367641597
891660842
262622027
195062281
449522642
711172708
743135172
303502455
371662939
975366179
562884946
122402798
637621974
797228584
857937885
484508878
516050745
88619658
125834312
514877392
565223090
80711606
367897334
481427513
620074174
347948329
883284875
627288507
84339697
22163700
280421573
886643842
174811098
547274135
721157325
576565078
489976842
116964201
914263435
945919830
302613740
875694100
585002940
832850119
366738041
503576243
564197236
609941195
769835500
802990016
913124777
194843044
244791145
927818023
30742766
958310524
562079614
47776503
960255465
765933818
189613832
919011511
263337006
715365617
820345861
15675894
432927061
107883856
541788352
280639506
284079025
383578962
946256562
166946905
35178564
432747910
220848328
39069304
495592507
567825669
17390414
324599332
907828119
736403811
587894318
297832777
748862734
155643722
589425461
700475515
221055280
693113317
965537909
834473599
106176916
511706134
897490310
726113444
834378451
701804267
378416113
211077125
484289047
551619223
307622342
270519815
947626570
676747693
516006850
65973550
159518154
77993069
98310129
57786302
926058039
562817558
149766361
806247318
134264226
70658323
493719073
551582446
984900672
545059590
763758487
594888702
610604392
698195193
48756513
664522687
63845919
413144498
257188235
263465793
373422458
174826245
787851113
560059546
50525262
947710075
779059547
698380944
588782643
570233915
937194758
233742777
591295737
446281483
88606505
285018441
919050389
85953672
804152761
834630325
881476909
592796890
353380778
769533736
562631369
964902955
454838898
731707175
742899221
768457145
222822801
769895000
286999725
547139499
236702671
719935447
548392497
801120231
82209881
386879200
8243831
445388270
942007173
117064357
615779326
271519730
232886680
740004463
382771352
248422251
478450135
798159438
448029364
945848002
640608763
469453834
55294470
123759040
678551497
691417925
781843911
843111012
200700836
304413001
327387935
747884005
316265985
879106187
599375539
835593813
523982650
530494225
181276128
109611700
110804375
213023366
164724938
555709839
477721705
889631938
873413011
222322646
6870278
256197504
730796739
283280474
438687616
110167949
610818364
712177402
847385225
113000913
989640421
832703080
780888669
800829489
379915376
616747246
602914590
581611568
609609219
260181601
392522008
807110240
990258220
761604904
331655652
60512217
586852314
291883823
163653435
929636244
229784763
362632920
881151388
11500958
93417625
152046998
989050614
207007393
668271594
321944708
798066898
975647874
34251117
832167019
172211183
974847014
615350557
326235485
682896239
607114238
304773767
618171893
446579087
369770438
883446987
300992890
307506696
227123996
661001279
589385410
470222897
615652562
590417837
620626989
71126685
641168395
898715831
969038883
402625145
834662889
624653963
674350429
309835272
978159812
114345127
93237355
312024592
842795330
789304901
408876337
612820428
102588697
537737782
274263752
374631050
37701298
135528633
591289516
787600314
529142760
761119087
664061082
490891929
495802053
852219478
161836087
456146675
145026050
493506835
598967063
112381370
298612745
124941431
808260679
784414903
574111583
758279700
404366269
70383990
51280553
510465802
95278422
983443580
841740371
62229455
918812983
355459714
425239956
99728047
484244983
120027674
51752258
405430232
452995673
620256542
286858470
307322776
20038181
428757793
347109479
321165603
318154161
632730788
427769282
846241109
309701130
625758243
935954842
382360184
290545965
930799090
410459255
633110202
391727197
14445563
438983172
599210536
420803316
116879059
863014518
434753140
476860682
52268199
942564637
841756142
579076846
341019150
976857886
465693368
189241189
437781919
80279245
867427390
533157774
479018049
619254545
55263744
87068080
627719859
902186601
524884612
125231488
45490897
109570601
488383414
173407026
571354508
450289594
99600822
761023557
249437147
900406909
732669353
981404531
117928695
550763566
868451651
397119178
561126393
382359432
118291286
826903215
995604753
75052578
222625107
822105780
861911984
79058129
946970732
90754410
39194639
20406449
105429857
996928003
495046945
7151651
871183906
374772351
864260390
283427680
122201996
396704481
223034209
550373223
22125565
832695286
259740231
305107152
130150352
275011469
163847096
55660370
223099379
523130340
577248945
234615271
342838144
124275829
546171191
672518754
872404227
694200294
200063633
941665638
911424900
335078737
641647699
119704391
656505590
598927911
237575891
719810208
469725157
532105875
467563271
656065470
79254493
236201913
357952796
60533266
377520996
775256054
880117833
174188174
366992020
529047475
918616315
705087577
781409931
744917623
422914592
593585768
562730737
798291108
357739694
924325558
859557544
427002582
970110833
283957018
413331370
484293774
485807203
170235640
9070635
874562540
636119688
460625761
555509582
974467003
77267748
671050930
926155451
675361930
660471310
936130493
607050491
342021607
232410899
473937793
158735383
566088824
606693396
412463757
508602042
595396846
656748972
298932402
493111649
863079653
28963363
556897296
982904529
261252162
930646818
833593658
560932899
629277830
92337292
880529336
100385700
845636579
483956861
624278278
402310943
722103832
210351693
313159714
629185362
198754442
761551621
910575532
132282585
513800800
255532681
402915039
295841647
95577395
118814871
271988565
73815981
810289076
428792138
396415909
525392034
804562027
980063719
862125785
389571360
979370223
700982883
205309269
621663686
908608530
612693054
8194012
980579680
480436263
745423638
805038052
465149719
445247285
575889957
64507942
34141038
803501673
706701973
399587748
508523669
795255142
835638817
625605160
964916452
567274272
348816554
9717592
770142312
770283237
631973012
716053861
488402946
521751464
541142184
865705524
601584413
236554184
513991956
835149166
674024010
586192496
343675007
19032732
550697816
380332360
85903250
422860333
556380999
686221437
324373430
886146411
704668924
211538973
636797439
497353715
502957744
642308351
71974509
430007879
488351536
205644726
820203684
400808779
770867102
226016133
103981588
474556684
650226542
837805619
404236162
48076970
787968886
571115815
440677806
25771212
1008553
917526120
836394354
952679321
72315872
385342797
295419932
729987965
519261189
451712628
925866294
659251152
352821659
786117637
446360151
822294631
733441623
566151021
583316040
302463660
68883224
125011173
401823469
431286366
395845501
557295134
225158852
877436807
613531473
767068334
447730442
946358152
103300823
181628457
962320620
250107947
815333366
563089433
887904328
906217830
151853083
94189944
876634447
60656208
950205696
567270580
173644693
895761917
764972359
484448811
603560782
7010495
99364187
172038628
967411125
997025706
153044341
299048937
487600769
742216511
174027518
311811239
445457186
771315332
836132650
757417662
16572795
239069903
662851955
697878605
298887639
910151800
696635847
502178880
439020469
881107894
652659295
932240817
502497246
292667424
243731134
888818715
622764351
118723733
617229515
364301124
979492065
644071982
358590195
382111374
446664761
177227986
331726385
845426639
410054913
389270535
490862342
249124951
415865608
17158853
244476354
260057407
797362834
591330859
900976229
324213062
13885157
443657978
46099350
994423791
3706770
364729731
554441390
695914119
845866030
573972976
939333609
634727368
636618714
802741122
971399147
710374474
899760423
652386773
925239900
819966432
417078570
542367171
489343159
176576069
