0
0
192771271
0
944611611
864162498
312364385
925418517
138731837
220060270
397842440
343375879
480104710
721888802
214271570
112954994
866302109
477841596
73066864
687953957
242135701
926379344
721075501
528915378
566353957
271940754
779111013
478695091
853872661
795375573
419978439
249586257
524095678
721487717
507387222
168979228
163824421
440296092
51580568
832486213
981197905
468416801
795179618
198385714
724699344
368701580
239139443
106996050
804496078
553901534
501078773
299952314
952650736
594272819
924328727
853665897
309112796
67776525
878002546
606155888
929230095
6440936
113788211
824996254
315023056
843980077
133489268
540263505
737791615
932450459
546235271
809052695
215390005
798934562
560550202
541974447
664342139
845081137
586906368
104494675
760244006
520257587
429817469
218718923
625497034
305974058
894026242
425894512
32514469
123429042
620099334
829458469
75119792
327007048
889320374
391751914
825316296
341383838
98938618
573226434
873990216
810844939
287840415
58267527
294963536
369287479
318908553
336787797
384379173
301933048
554044554
972828471
437332996
648300403
481091588
829510308
39367609
56862510
798132039
689518147
468084803
471636470
639851673
817166779
444100647
652790141
946206314
876911693
102175783
474651564
987069342
733357294
484653863
932754056
215831695
808790274
86150636
596366479
25097043
435319155
228993529
649650365
752694104
607113784
978593312
154685281
327875079
922826336
437655794
900785611
606025128
428941528
851669665
64151285
654965194
170201478
278733879
900326563
583234477
263648703
675603096
551155969
347685825
683566549
141461956
518625579
15825762
131228657
683255949
948172129
762996091
79447134
104284475
57613570
931619871
239281143
743920682
137842806
988409338
356575135
654582461
502306664
322792704
650556204
976145658
600626643
167240423
78188375
409548485
866470414
696878094
13776704
742967497
362804611
397751533
354402184
367078192
968259291
374220605
854658610
868182393
677139940
198631775
890079307
204101546
165067949
97732372
452170387
437706737
596833232
161023050
437845176
875939904
515410150
951831738
562372125
642069336
207168498
483008090
638649687
727728513
364649213
786332219
506252925
779473332
777049948
831224320
798102850
790968321
849210235
625409517
396811407
337197673
557554062
339513244
914295722
99386889
167019861
538841204
773855833
135374113
760899005
423268110
708778381
841677001
931674038
615709124
720319472
941024648
911248112
663991477
873246115
410627481
484985821
768225107
37588854
559076836
396125623
479427607
498759295
939590340
202805268
648829214
32143194
84145209
106407773
938803149
208971076
408313746
269829539
807028381
425643578
412056096
623814631
396646025
64711988
103703842
754149323
636771327
796308943
844220503
645065281
294715886
149492310
449680052
989320400
371400139
888480079
140159209
150399469
37141712
805255881
998015628
120461347
468199335
101923363
971764627
385328815
12703518
595515880
640286849
206179802
308499049
405293833
980168877
961242660
661916031
211044171
10925637
982705679
969220149
744859218
734030883
664588441
59182501
935533016
939354601
848348995
955546960
959204378
120670080
545770813
340349759
358088462
218502214
128325922
926779282
386294668
359307133
789023337
463809589
437388541
905598597
541852868
369814458
584247232
258010222
663493161
354754566
602758498
250342841
280792024
724077805
762006520
600819258
885914995
260505548
446965174
911737056
283416913
123163565
819901529
453913983
563188198
119004863
975843133
284568013
380494823
694609540
716210686
673198420
464599021
892356788
647024252
529876141
105633971
349817679
998001876
453296680
564497214
434742399
317731360
501278450
375427168
193870500
642881101
125116987
257995966
588037989
648475215
748374838
943244047
949517726
876181275
23611472
983975133
793710609
726366685
475682546
548703052
710017283
47576142
262510845
680731028
177486268
35325161
607112371
946743880
863364140
937150299
801759666
819753416
490408608
325719175
782585837
57405020
670440313
941575216
285983867
2365955
392999917
345384844
940733607
759753245
170048700
811360611
472781707
669825396
340590462
613413724
531700614
660530510
934634037
622406868
795551230
719090954
399124868
570431871
575230948
458327245
870379760
38158067
534679387
641001224
789469037
462655308
605874210
516381394
544374126
383577063
320786109
602168448
327158293
196844903
537382262
740611094
391907164
771074549
89488689
699411586
682256427
713791691
221412985
219513286
694590875
325186821
630102708
220769332
307353938
611267979
895987920
844194386
649455391
678603302
133131157
582304411
984495707
412352259
559353042
700857750
427924325
260181525
780752246
26171462
562997526
964863723
383834208
653775601
100244347
171514205
200782436
99227575
412188394
80670567
265607474
385198271
346773190
78302796
591842057
163222984
749897700
587076822
854305454
978235383
512898226
658187488
45414975
903790059
837166604
219526667
278391306
225396715
351658050
754984747
424433387
984796228
501308455
676864568
262682150
367433125
648411473
749910858
189543287
790962904
161999176
537233184
311546404
946879221
874128798
901318346
7593164
660621786
313189215
843350133
324043843
442576211
513500556
876405502
5587124
127077297
416226196
832282763
470263990
761631128
600318466
63218110
660122158
391647025
367803057
726409982
114530141
572311861
462189495
103702987
340944797
709147942
997063988
219208496
346296949
710897538
158577436
234391356
141286696
785921235
542136042
567550215
285361800
219383290
184536243
709153656
501706699
501706699
255419199
386919086
565536735
383858855
858229742
467576622
718415033
559434782
275834242
614551781
34290171
382900425
481621256
539942744
321837918
265844114
342026247
331698998
862838322
504999319
227520762
596949854
740256298
206480283
334711488
64633728
449271665
529752091
928872693
621697268
841744604
290127825
356152915
830872472
583368527
13457070
952947564
244611470
559483250
961785850
681307814
571856952
622645418
117015682
6827962
6407214
989673827
772357952
813818740
584036609
854340152
241031783
665125058
858978496
272510162
360233540
645563174
815914927
858414230
991806291
187947047
635038886
658978935
883225197
117853561
785538340
381895169
796541279
308906056
426925400
535413705
972695009
651820589
727438088
408343152
35757013
323074095
377745178
259037290
884812389
896962994
376346828
820360142
479132338
778548347
77894856
780347618
5883491
490355416
419617127
626875935
471780853
971299219
368286268
629036019
136590608
617976119
34655712
421043356
477864433
583959665
700652535
144364184
356922329
45434000
642083826
803990690
224649585
432438125
736177149
734282897
383462391
74960409
147860817
696778618
973133063
198544478
831140623
38170896
27660225
77681478
912537658
302158691
548001322
274873116
777303229
947043986
619874819
828998233
390661176
732068338
29491338
504599881
537501230
458337242
502115118
912695865
740385790
544046800
106364420
233562281
172962402
138777583
108956059
543271031
371107707
917950541
35527107
41729849
99707887
768711976
963322966
794801054
326654615
953948542
614638863
831806832
997982914
593352350
893028711
551282846
683667226
228644074
139209170
709858901
383442073
811565260
711124178
769633276
383442073
295864848
171796440
405235049
564234015
720113846
865286267
19249974
854750045
455935921
397744050
108039800
601913711
442117015
345400796
644992799
244489738
410129612
918324975
984905850
710735285
822970908
652366315
793096557
539886132
46031848
352618063
641742968
601260125
772088361
863700460
631061994
473599924
798840147
608626647
952811021
704491841
184923717
545113762
460763292
116980310
107003174
565727544
400758643
204189891
267338735
418234636
409520716
523312530
177809446
909185529
54606007
676071551
330956384
733084276
997444123
61102456
873499752
344962467
283046889
844200390
69415964
672376056
612950493
171550080
905811909
746354764
259463243
563434934
425912564
631711925
395173498
902223918
860375207
965455349
715506338
833811988
231997068
782029208
309692407
788257081
504435840
762993203
517035561
226177502
292325102
377942709
170925137
688590605
959893463
580795107
242666742
267760870
917669942
808777586
395273730
814573627
185785033
347263448
552315726
709078396
589270296
834154714
451787394
70123489
719942488
384707549
709037290
511586058
404475160
286497782
431032173
382328028
592921664
404602746
899662303
794859502
506473439
375793854
577556893
260808883
986695196
848526424
931097794
649411045
118248003
315178462
91091071
703531095
443796006
178896719
259322536
4983507
139728542
56187842
730470842
7228458
781550593
120769039
772765403
509611641
299635453
522460238
44391326
679796016
206051730
576371135
47887961
766640133
139146658
218088196
533943794
286689599
665136611
647163080
225999171
876563727
749292963
876037095
782658763
922486100
592546025
323219115
302882097
727592819
710265555
263978693
383284419
119304863
808793523
715852225
848278017
573480291
50125851
444956159
290803844
683640105
942831662
500038627
839412742
261666489
996156764
693739008
844289259
154348964
254252030
963194509
760932933
440399675
156834679
388655997
848986486
260444743
50064743
238526199
749464254
748716679
586773330
244892162
463963054
114939779
913188934
715120582
268708796
283690360
832915150
750953829
592265745
323588179
484333989
850726356
982370129
558683436
312626313
873711162
865020461
369887776
323290177
849739541
587711441
722511590
874977706
785618023
786636360
942635245
799601040
759985633
121722784
782830485
123416970
862986833
171189102
835347650
476372275
666521609
735892922
956253582
847270144
595038928
169605959
705645836
461052842
671566579
544320358
963960458
679002018
118182290
796074172
42973436
535534335
811413199
287388070
453085169
738570074
312070399
249033340
727065163
368633696
231345545
194827226
437032740
97673814
602015492
866978157
462606331
606194598
2031807
733178634
918599652
450535994
4957830
985104451
937337526
733728240
281379732
589139966
192222566
83150797
996315394
532073917
387782378
692584983
241458577
950091802
543653369
154602645
567457516
497399438
934521377
210155238
520514294
897479530
305892543
826744872
882235151
781966393
125480525
102473947
981910545
752791666
577207569
476057591
352431005
2112688
461303707
632985959
223099748
469086216
683952611
913780488
919203926
583596791
944629271
1997600
992431506
282544948
192901329
691506295
274333323
492722235
568550904
463118379
779903409
121392159
323080397
123372211
849539019
849539019
216232899
467432338
650032336
581662020
728966211
893831593
270083249
781659485
70828525
281607666
575196025
334239240
515770849
691867502
908668196
638292677
654053011
421402714
566136229
201328613
880573721
760872301
130792873
46343463
902776423
697427925
271477572
833034044
198579037
985538767
435093104
547508584
193329543
49199561
794236564
259134594
346402201
860118606
119810596
244610092
601365683
64241240
897184763
551253476
911439220
162725221
324907778
296253623
298543598
930772954
863624391
683028810
167416405
210306037
977222684
463774144
725828656
687350977
349773761
788240122
921401340
722728006
106536297
978598550
272942655
80632390
707775362
991079268
899741362
810345404
684134944
966698881
45789289
883363269
469688140
525451640
830248505
636276547
989481904
638939139
984174612
331837967
551003698
715456939
681338215
352243226
200762285
768154144
475579097
767163776
841262563
726753601
705105790
695127504
854813203
753530291
691499045
241182676
640922045
470626226
393292533
350186015
962997228
370115691
121876527
218289593
621710133
92910143
611425512
962528518
153566201
299397601
804910680
837458575
630297013
791839283
74968697
806783685
681008107
203969255
183085538
888684275
277223577
909963669
47172396
398033633
801908194
433795844
16038475
81262328
644328575
669738130
463792383
59976983
667789865
345280217
875311106
329426037
529132987
347072307
260585060
823005059
186168296
882197519
209688425
651058200
767120003
769097717
188139509
58916819
270319965
109601674
448219503
135640560
