0
0
0
0
0
0
0
0
548042823
0
0
438653089
270681489
828479047
664297690
160338948
819283329
244852841
867353858
591371992
720098477
274252024
33581519
874196912
952830799
135940200
560723858
436646404
906257708
742193665
229856832
16630651
881911530
711458906
674503221
97385058
829473284
440994764
900261685
311179810
827093312
216612639
443137167
582119482
361300065
440374259
677305998
146401317
796457028
252305836
627471110
684267467
947851620
719734716
966399938
256358902
992420008
225135396
816715706
55221428
187645136
276842839
785933796
530609996
244324942
821943853
331244476
33702874
105624950
682469993
323569133
611040022
270832576
617492461
222962921
893007407
517239428
811236636
631786546
235713571
447782287
100704142
496959378
539507363
418119955
502864918
741056312
841425391
555645978
280222726
817812036
227537263
996322689
28225728
790524377
813800775
968642732
129756456
204453435
973235023
576212790
819982370
743093929
899105451
517918464
180312126
739061242
932417516
867951677
527517275
173139145
465393412
107058396
450550876
741388694
823020022
198229609
450073670
905147847
490341973
747091762
871429451
165550288
762094642
972494802
807996419
819432278
53283984
946842502
78076771
916574510
448981725
117203714
797003697
586883016
678674605
371184355
626302949
779421581
735702056
164598302
166929263
291142195
511837849
112878596
503783050
388868208
180460639
821688344
357487105
225196843
50043667
270819399
96481084
935474693
991114668
923705084
248097353
378723049
779892936
926110127
518950552
14758210
51240668
957872810
155526353
320153471
564526499
984441285
256936005
620779617
445486861
701476535
618714791
667055386
963817746
215347462
303623254
456984310
560565799
747907270
741262621
134963216
308680743
178275847
467907134
987279590
397673444
427908540
865654694
582370387
857659017
135764702
91528761
565022787
360903884
264482449
388070769
115690950
105564379
756609713
654927281
901926340
875294387
721449283
523846098
533230933
436029045
819285077
705945969
153627412
80044393
113108357
333702467
6513971
330695476
365664792
567067381
242287856
210263705
343649101
949099324
375639304
215334949
868060970
583752825
749811159
564650565
964524993
319858834
867142446
625654655
311460128
242332526
564752569
261801478
275416654
109661191
693681761
574819313
498790777
497146055
356712824
257305360
315965673
700147319
143965618
897359280
513979360
503804976
619055605
791342690
563083700
801260414
873861481
90073066
280398300
589570397
917440211
133941464
367430282
25607466
458651370
774714546
52639832
727999447
457169017
94152427
211899643
554127332
365803245
546334437
511736255
65313277
120857010
446287487
376960561
228574065
768219842
94825273
743231861
178842891
536525732
178714247
247618635
505770716
858830434
869461965
766785683
871341500
46683042
834377007
299658763
960974578
948384953
754735827
731251852
632243070
829443514
69976053
382664260
751812299
610531660
284901374
75202391
261176538
646082877
228871629
265726404
345296858
81079128
904140332
98709359
213338492
112298919
323889577
472001485
28347607
241969011
385054417
527208280
69535202
388284669
805177132
21295945
612223612
452844486
408520827
