0
0
87634583
410028488
42863879
116305140
432432783
946594476
399180841
897587719
505513549
758247764
78701047
354353579
4690430
850558326
143711214
583588652
649884130
559852288
539346132
912614177
401382619
975622157
851435547
539139044
910796847
301687797
474291455
487202279
806720123
997576705
571667400
845359497
755775860
46503387
765136002
637552244
662817632
845309764
572326874
543387021
719135447
509703418
893367979
84345153
846339389
86034252
866593328
465496905
297608873
979808502
528942841
923277719
631489518
63245355
57121272
178336482
816622281
704260689
333568251
496663770
42128556
152156401
229068904
66052560
313105460
325715867
971825651
842343828
320557253
753743496
212714738
172328331
925996927
177978153
333664853
42000113
690539161
213026439
938880677
879835989
392155017
452803207
521839767
795264454
135145575
355018730
464751755
464751755
674120751
204388638
839307581
450357303
37884308
479428874
235816437
430263676
32056934
723418464
87452884
193087454
484634653
976368518
864810982
731534962
484634653
53136891
843493402
36795937
49035236
838122203
379702044
222286564
338809569
694956936
841293681
3770139
803055742
76894601
147447648
262323266
66640673
499213219
218092805
452589610
265900701
513641071
713959504
435669016
22987306
520906937
192076140
797961922
47050056
454490463
630456017
419854482
581881032
810124498
762314792
327645308
28671228
82077105
419274675
234951947
551074486
982458724
809776510
91414686
232175910
683688013
86762899
417389275
86762899
905523961
962709074
605470524
403099819
504876043
403306171
787157048
611831246
870554006
94477137
899893523
174801802
772551191
582440099
628732908
142264629
922203422
4840500
737827269
26417687
922203422
109835628
601570656
178873497
486390840
664630841
137825649
472791776
387554134
123767368
667091414
995244414
933586360
180027581
791374415
764150170
442629564
814107625
337324646
369160558
285125561
141158765
593773976
317251742
990630492
151096518
76986067
848228626
942439129
285442929
780881094
889049918
345932629
447961964
595955007
208319100
198593721
407399757
988527175
782936055
496801430
693635211
499355268
324018172
324018172
185460483
82254382
364362341
834603032
832464102
810642246
622078021
274778922
405329605
5454663
315909837
250180555
345941072
49509888
237661579
13027697
992278012
224630792
721789148
492479557
76236256
48634331
321060609
726895145
142577576
62593592
688654182
99466235
467528597
292221006
950600543
466400589
364374882
743477796
50967290
490078340
799998965
26623919
880508842
769641764
363108873
538811646
95905096
68388833
540683756
654417574
130096552
311332606
631897085
293647166
462795765
872632873
39814669
64182039
655045408
884510535
335752310
175004119
39814669
854388596
225639434
628749493
596938238
78402323
108376807
685101291
245548998
813935708
591709096
787619439
787619439
203931937
776071955
831042540
397365021
272389366
643843134
811404523
563129609
915077207
79619900
200690285
30366521
627913816
196381554
109433245
201245558
585605550
828152365
297819737
145915663
284911055
173452634
39641457
162707095
934791366
599347005
919873657
544109499
140349005
632280972
569383645
536700723
202313761
336094668
958764868
245691058
940350717
895109300
633087645
642424253
813852431
252135916
136110523
2748473
338378560
930695838
621215253
714828796
618443469
386892377
863107845
269690186
137116097
817183932
631342591
641999826
512929641
95062157
365890552
45820964
28949939
722525363
426429871
605468341
547385068
130743331
396136529
396136529
300894663
93016435
792281950
488198269
175236962
483128400
646751138
654484593
646751138
702360622
408948365
385210612
453650697
504193187
275455423
984179156
393948326
470960938
678118308
61314640
399473298
147885438
483354789
817450347
147885438
750567705
528770616
126036182
602347840
542199364
871972516
602347840
119947811
148203666
391267738
228599855
247021742
221432758
358413834
215615578
938335515
925442667
671451699
56289042
331664564
699879632
784966244
810681549
560808301
482921552
629072295
482921552
482921552
561723044
979593586
668710045
412416079
111772977
530148751
883433035
644311537
996590624
655333457
119560869
302405530
869372705
376597909
550120608
13398961
905436584
262507640
82812772
872572065
796308353
571912782
2706301
620316717
617480547
971364527
575331862
116705946
987646472
773891821
123737801
610889479
244494707
653119580
401498773
755837214
688709078
557512950
224380703
366826980
124771528
188984839
382363048
200317202
568680280
136014493
778945954
674952688
994226209
438904881
386090823
828743696
876329122
994226209
888456879
869663530
179098214
749174581
173760030
897511300
729527096
127116781
464889491
5638453
473548135
716815739
214238792
987985614
61542427
321624056
89512312
754436230
906004057
772322766
162082182
573712313
362364301
723727112
460201075
437668140
723727112
917152549
929444271
707742812
101528631
176937370
878825764
928425125
419947976
13418659
187721804
134147206
630581778
838869467
8745193
649829100
708389366
399100648
853714903
300160247
375109079
596168769
884358234
972376352
599521344
991082398
621749905
226512454
608475023
116441351
603131326
603131326
520760851
836350865
912635326
809411013
641965362
301579496
339005884
302690954
485703800
672488593
775397804
808677476
550238435
974798112
335962670
918170944
692032058
460255710
469069572
736027044
114432749
748407901
373847957
970877673
881461740
216955703
775876392
604939928
604939928
319954260
766468005
720815716
234033885
304997238
153090417
357317004
152276490
506672490
91189766
215940434
748193814
577352317
32469013
311905072
533741309
314124678
100395344
768546757
477286265
441140834
233163254
217762213
427025802
367611853
492052492
133999623
472647976
692435927
905065578
641021702
554696388
482395091
913954453
206264821
809377643
519416682
403710776
627199490
440496812
191069182
839945043
620593412
33208934
490208859
263097619
33208934
585431854
226031855
700239226
657562538
885903955
398117349
591973979
506068232
557028989
921514942
5964815
397215003
134210420
545094775
211991251
126914774
613406729
108637127
391647801
599395060
902810200
599395060
195233661
91796493
280032071
74574259
752412739
349985328
810831907
111640800
289988923
259079543
354434632
946616443
118840565
833648645
436507548
658591042
102773113
907214791
716025832
900831139
706619160
952977496
760961229
655399780
32932808
856044952
427162392
31912486
946758408
957210253
573882432
3846108
151479297
816081613
742682927
535674590
133530089
3623136
284027621
43531972
404513167
92570501
489393703
489393703
803506863
592663574
616458141
884015024
402525007
176027187
742395411
796011161
50752692
781391673
418112724
23610375
675724149
614527796
616856281
433710599
842196287
277662533
251423686
910576573
551529034
919498168
612359320
109051248
191394406
600363704
745032680
867698321
485454622
686937354
235668133
19099494
435816618
19425484
57863678
104740537
58907968
506522554
146412533
599339697
614996812
238204396
182098128
539010940
897374740
288877382
180879150
880336849
857645407
868748755
209490596
730219807
244472286
315923296
606465844
359926845
20852836
188637760
47898750
444802492
813233669
755422139
643014944
863874726
613568427
899338066
292273445
70532187
600372927
748446541
865308957
324635544
121946453
121946453
550894000
804093536
856649276
774561664
394938865
548837749
945916317
362040372
353461844
881703900
626493546
144029423
818350157
856642699
749700859
1761377
941960379
749700859
906396475
856174052
737377187
700916095
743698076
556666262
885486430
424275615
428972472
705579043
943273051
929546565
315313171
742661760
99237266
93500407
99237266
227109993
812863243
486340562
650882941
122752278
971631089
758236129
922154573
947092289
920164685
847472935
637326619
907784288
854708134
554207266
501258340
478993770
501541854
516147395
670287027
875299514
722443825
263817875
755991884
912308161
221970066
600778672
453068276
649442623
198425713
588078268
919795192
651007187
735559593
806107624
326782231
520236245
474729218
386991597
978359398
718548147
956667672
69519252
432148502
701836700
132328308
820902143
956667672
97161689
40876082
400070984
322624734
892034105
328068230
539115976
906628007
377369686
208939312
521923341
208939312
627347525
988969314
340546921
797788611
377314027
131042572
665910310
276937305
461227996
800432409
322212642
151677192
770367436
413293592
177634318
232934682
221708181
651689793
803253838
8282879
719191508
442669747
197258097
441331749
329369479
404822594
670165356
896141856
641201949
795843067
606265168
494105479
790624063
661776029
399334927
502654792
333938575
629434371
467374717
668014032
525683783
885932548
737475135
99159394
471361323
195489620
797480899
925852179
32958808
819702124
496460448
290772019
637438013
819702124
106718728
995606067
385034289
923495865
84211614
149993834
570260275
558828609
291311663
487057256
613119754
280279490
836587842
799280699
817773544
729609596
129892382
554201914
556054524
895007710
445341411
155194845
957982261
722395923
620989054
301694272
255949389
182530051
503389674
325326985
911195144
202676194
426444225
692140721
447945482
912643113
568105967
684279494
189213594
823164371
660962462
800093658
789599984
954646571
202011821
390000129
447945482
618191451
447945482
304186456
743073822
112531433
781287330
837421743
286784244
914125056
735589416
124005763
980325
145712013
188698782
78061555
568611148
148492467
114703959
556841633
375650417
507004223
770564606
14326664
708262568
650083801
795439026
501646977
14495623
78507310
729709896
394804525
305310660
923802167
573845117
617144640
909999421
870696220
287641251
771596105
15435975
60368177
952725897
108223038
780574710
199535154
361329698
309985524
576324366
149572366
534446637
265258407
381593302
692889796
648128470
810576410
394085324
692889796
565105454
799123428
772399264
71696086
191332832
241440966
66278017
565695474
911065161
3675778
723436401
889063192
201781785
194824817
162115769
162115769
508430536
419417532
108624857
485831696
93667952
720454274
78576422
734076095
764190598
59118811
409598583
122689534
725780444
498534395
931968665
663727688
249977628
334808961
947322330
728778546
247788816
364239396
219038109
372712155
341629679
231993913
910171460
408767523
7859811
513749130
546445125
959870243
269655524
832247233
261393907
527126807
827996359
315103761
315103761
14235948
174700941
204313056
834727843
566127628
316932987
774150013
346515807
370981303
592589052
222990787
637840969
213749457
968061116
988614978
715384312
962203101
165967362
571308571
571308571
852240929
753306713
438528353
377509818
753306713
192438037
664222747
602476372
820229826
326013708
446110029
119952934
947281210
91974739
932866435
862493468
499026122
152079639
732659592
475858079
690557936
14061248
474792013
323381461
996421144
539622062
920210221
358478516
858351654
946054573
935048285
838909070
163922650
359375483
536874431
32362588
768667209
851434248
988778562
200126961
12185891
515480766
297076763
695925549
765964730
64414602
78942277
47339644
405174813
573814977
773528014
668898580
82406372
603394420
444182241
267445650
335754192
157953682
465383818
431104267
513562774
74333262
862203341
396340974
872722759
334279261
147822977
794156937
284714390
808784568
815103102
493085094
943106036
203409782
95646035
492832890
534330415
637878079
652594393
735110232
834638133
101069735
377154063
744481340
253759187
825189543
737437706
962431526
417637611
791378576
340052938
828449784
490994757
357658265
945925435
178254668
87580335
968786372
788829062
980460129
781295154
475950281
622608769
547443793
522186720
856944330
640069921
473509402
848323862
281219954
455225272
581228043
798293489
322109404
831851761
47653287
361445006
960173704
493418887
64293383
564283084
758222584
589885478
687015654
461175777
944076383
299517232
610963185
316013957
374697109
829013470
400102542
798110582
420562634
482798831
215103012
552373443
722523783
354932
850846517
658274005
365822192
574734920
784979101
80057381
861724701
683089155
347672517
194851828
227953490
422805318
584295160
154994570
620378456
330089995
390992981
87914097
869009540
991373538
932215709
496093319
775126019
365782606
951581329
233307904
133252881
867178374
635810245
52172602
795694690
682473660
959517645
480533805
987016101
924432872
373792751
924432872
691243707
878146812
613005572
586495368
986397431
936677999
198423102
970036882
549160363
65430702
828471996
744694594
166112636
50157704
650812863
775033390
834902683
482900880
717463682
15829192
818195692
178141668
396904179
826244661
545459130
312408136
228486697
635769192
34525548
464009895
658855608
383713958
760705744
570065853
76199079
903505139
540950205
392069067
405494865
484780539
399518561
474509859
804761336
392601985
696954273
719989608
176936977
176648064
830703347
118480449
823366818
11613952
9511483
194184651
740278764
540248180
250300125
952318599
349774068
806738896
80507181
571937663
496042768
176285393
686247444
305901415
618167587
342521512
913322402
83970525
364227358
963801494
311895478
622683736
609213822
926151162
823882812
352838688
297207737
8028308
768864682
655858714
607833846
801200568
136176901
684887203
409646587
83977479
483700728
30650855
200769833
493949012
260845626
739862834
288584532
206193118
404314107
529432429
544821689
108750194
38886452
925558562
886406120
424617901
765224187
806008928
269092204
74134437
319294003
303099548
20484976
14546163
958866606
811466548
792606174
656332051
543139231
117027996
157167291
42471622
133079593
254859173
133079593
256523463
159558441
508361125
822676961
417642655
641871152
335054850
136699755
618263808
70826423
365776631
395913049
416195576
745678920
832861242
553597450
698828360
526100743
253001911
559237303
601404557
276578110
526600172
853313169
19334547
110895772
969567074
674097884
100455098
961368526
554025165
395169276
482002869
984099073
627134507
984099073
824424181
345866471
433511134
639233398
165288443
953101964
63083064
733261718
375326166
867520287
870580132
870580132
206334315
663233272
244992301
144548710
375326166
162486092
762545853
813600521
707676092
62445103
61422963
386850387
911073335
154964513
549487336
696775164
36537889
321948633
939779014
739425001
636350101
334643211
580756179
919874284
682956804
527024193
335300862
341096598
100454881
256188482
351675736
298401318
56473117
218965531
103610890
376687175
923476938
696879851
21565761
135311183
380997965
38789257
38415980
970312076
761002287
745921406
858806920
942699324
276167626
229537876
922868537
656076847
831338895
939715162
817000969
551286395
959235905
312451198
836066018
931449887
362938485
762701513
726324527
36246420
634229175
255657106
850024822
131115972
465091519
759147364
296672116
717709326
5763730
855420648
884781162
28288748
286519232
691357655
434680550
208421298
731604527
6205756
170464802
120330272
865141445
66209028
606853205
820282024
55093948
666885908
511775884
755650848
830716182
784451347
945863337
502846911
444421170
888588576
883805370
883805370
771007182
535019462
649795702
547654522
492822234
341927298
523478162
358962907
601185662
951450799
312104884
604073132
59036945
990790179
910310408
157833359
721882784
958506695
188495178
927527903
38003351
522318678
223752824
692768020
769653239
638347616
980826049
292517027
892231955
42707635
448140336
373647670
279871203
796171260
717753444
717753444
970204994
851583837
903300407
662932466
829484073
683600535
446743891
359044315
948644218
80891049
877801172
859307891
155480563
178669983
250585603
385687831
707010461
975775245
420835245
55775249
263134680
199595818
117329979
473869384
163215045
389962651
60025465
289802283
256027879
343004639
724307209
539814743
853255326
442072408
369452330
398488804
700128510
212121063
784094682
936323957
219501149
465858846
909267707
238012246
323915500
821464214
737030898
703974161
594311916
39628286
310936462
519556597
795455280
519556597
143872435
363583872
224365193
114223870
613138206
140881913
925919217
184265276
568834479
860005032
688944519
518003300
801230500
632225683
49579401
143996372
265217359
492643425
421914036
360743825
200883375
101056512
30276107
207642505
199304968
310725656
71210400
891649391
327935461
381593682
355721195
109905183
41944424
455917259
596863339
757439860
97036102
181255141
823940985
856601914
832273937
542825767
542825767
341518444
908476201
92852517
225072421
86336354
650272376
888469354
337833413
61926463
462637360
323650883
725718941
967130511
389318410
321520855
526318332
699016301
699016301
542556528
465597685
229295946
294972551
593530492
795911236
141976475
108717795
586595729
685163673
635953306
501899867
717444568
811215396
432890763
569279662
185289904
523893743
532224123
78619719
886465354
564241299
7721579
823910523
439871002
538782443
116241591
73949370
727075647
911037950
123945511
257530370
328136722
608436084
961631819
140148351
986270620
295179832
664522559
474969708
80073507
980119855
899923914
310632802
481511400
639138704
81969745
9283173
509423397
39874467
240167210
71024763
700215459
340459176
531380530
908138197
41970565
325423712
153069737
457036400
617490571
908083716
619053773
256194609
115898550
925722802
256194609
709410546
831676943
877606600
561739090
594073272
617005673
382987673
491580376
638057708
435117254
3036677
654027893
905984603
563096215
318883696
340307555
801539804
918562231
334844154
754971467
216468996
627661302
183708943
758550613
780737042
45960320
885520896
642442669
417445688
890445941
43496412
50555665
109022967
890951183
728605767
811723031
969278077
11525275
270716399
979185616
555449913
401831864
821959297
970489540
803402794
510470411
769060641
499400014
199739450
624001168
275461318
870953637
484225274
1552820
444374795
389532837
125890904
829930195
386327458
256340669
253519030
620375851
129904078
185167310
932641197
971208223
885489821
316134394
167903082
778591839
473334863
646610791
53286519
53403719
355987719
937676928
816165308
676747820
753559719
735251624
987883243
189089402
171380275
859943595
363086057
224274751
588443519
565816600
784618818
906415815
271298203
267476113
364632969
890127230
222899395
68156578
29116751
615947653
901983318
431309969
422267869
451384620
459668322
920863320
619562078
455144465
617405442
861327
95548570
310107500
247468892
147481128
273423899
593293378
72276346
144178696
5807111
476877535
261805915
713564900
794173785
770419972
382148910
484251776
749182582
953211149
221938728
704248248
332434159
45073402
779705241
413716095
716958396
316045038
596641846
485764283
823805246
650204885
878092546
898666328
942092078
429553241
427561661
572695134
809745882
139002940
738416262
623973538
406656027
15857380
15857380
451533443
752985650
730167920
924230648
128203378
996532292
26037242
297661115
237225477
746194932
538062909
255644214
646796116
673253043
85204604
575584714
659004363
694403750
963655540
848658282
243267684
273673450
724182782
839180040
14112319
12887720
202479384
752298544
366343995
559315490
74323079
152660804
954711435
827443995
238254162
381065523
414893785
611369466
59739340
585445978
272376077
919773158
753310065
696123492
649086949
842913
184204588
896010348
519565838
150128491
938924194
420650286
731686034
981377645
830971498
1206696
151018418
960935299
136337097
165749084
180809542
25150995
524495527
856936498
372419357
20205911
20205911
817207811
476201082
156814172
141370274
621905381
751142937
925004222
605791077
560026367
824629619
592295858
513113275
138943277
975241078
186983971
375803424
288214516
720853329
5225459
683311602
8402384
341252281
334541885
355917837
93844567
792016472
889504458
369510612
827346880
284689464
922093208
803048213
405932204
848721439
926840338
572396922
2711873
149581238
35938455
499694072
81238859
650633180
864233535
103038883
444401459
578549519
73081397
907483704
883518078
369550399
401635574
518459017
175691562
281922
636881948
80262847
870526347
100640034
834381566
136549207
100640034
987208374
84468140
201008089
633373477
173721270
16171894
856435552
201008089
285450040
886247939
698480396
516791335
239627167
675654131
614887396
573554793
680428041
375102691
961537190
696737812
131806812
932996512
912004851
897788815
575380964
133284009
164808322
957775075
803814471
857659874
645148811
989495589
906526921
990087610
210311403
514777488
787810631
792960907
45067685
312273684
829362126
693212488
337651547
547930004
840600957
555834020
703557432
157342649
56176938
675192284
332380684
157342649
700507300
10149946
935999974
915645883
72394325
527237392
608575411
670237113
140390158
739754354
172669706
801136979
906216660
126307833
627562111
663726447
114164869
137812461
145488798
673229540
304359708
531627763
507100774
950237788
608551403
594419961
182700242
694187214
140122050
73016877
432271142
72651818
942941972
535317605
761374211
608322062
821086752
809678096
980244366
546640771
312991007
140196884
320552234
853250650
321894576
275539235
709251929
485402737
79375425
209878101
581479932
722719717
438047830
66206885
260474316
295336614
60930053
756614162
260474316
496139846
126310647
325128558
256612715
374440640
805495395
187685350
26124187
735162922
539357087
625020161
51787404
463863698
4482128
714257547
656317056
636670078
228471800
110209877
84767841
396034539
930607226
899143354
569254697
977452975
520767985
409225812
977452975
955332991
773838176
12918061
917309608
717339362
185935870
286208885
854765494
315584622
784138447
643881630
715319327
286208885
56502448
567954373
304338359
995157568
943946849
917070680
300079193
831321906
492243667
682997842
933960707
429356234
472054213
697032924
84122533
234846313
34454016
140652909
435879932
786438624
404131928
676130332
959124628
963765436
563392335
801856429
838558171
811327585
906559450
244558474
88499285
173061293
441282975
70694930
218977501
558917893
865341330
621318834
745641392
482336134
663287614
853926905
480579516
74725586
161952535
358495842
517732425
189538184
836359406
358495842
28372967
907319967
204294992
466091686
387631847
439566569
991186820
751732262
476686307
708761631
532482309
533851051
211352525
531405331
530841530
861516115
915443534
338699904
283000206
374714283
605748188
370826737
268096687
515829375
497289004
704035286
509532300
415127381
853764012
5356781
853764012
429286949
415127381
76083900
915165468
634485568
73291375
94857717
744240679
940581219
318543810
324191939
965502422
552002076
857495319
737636988
229488137
801455420
312935625
430277913
774621318
774621318
389579055
68691317
164356297
575315084
951519780
861310313
833278466
227635168
930932279
861121593
387378069
585262927
69420418
254525338
6003004
748724358
398917090
118514150
564458035
894736918
105696369
553795395
632396618
61430981
690605189
482421988
994528334
719693123
274977812
746304544
519578168
539359215
81851937
289711977
46790154
632396618
324956867
78082790
389689059
184249995
890892801
510271312
10941681
812881777
708199615
530803878
919986303
554740761
944652541
898778249
905186475
302504367
874679497
124018810
236468705
254414534
301954842
811546126
273122579
271036751
271271333
873157199
558412559
34802628
76629409
699294770
859131794
720925701
327697096
644460830
535007907
612823579
101500896
436173876
252317305
231160527
211801268
274072073
648826043
668736448
56391065
283717936
274385465
446559458
124595009
937378791
906315285
773495074
769154894
617864823
322673128
793371479
753647747
392976207
97537336
175744063
592855456
99370446
470475616
594428431
551308994
761354968
745863092
744801778
68530651
602907327
900257642
997297938
210034332
344599302
421807697
499751632
675855242
673656894
352930171
181998149
527374722
668536536
956957089
125452691
701036509
56463765
884659154
813120163
446688315
350695006
682781315
298454177
323772412
757078143
626616134
377597939
776621257
558416929
348704694
258971904
525066488
185840768
878352818
369175759
846368988
657544650
333036871
440450647
231314275
173209368
261019856
946111889
791690020
942857420
307413839
82396969
525983961
529303119
676641145
682344069
561393262
676641145
99454024
7001996
297686976
477796616
788450278
980893866
170612379
206675492
299223885
819683559
796303543
117125187
165333036
960568022
167115954
118081298
830442615
506507619
749218189
898245902
403535561
706031599
183625221
204235290
779907854
181662663
754818605
155518196
684454840
313277304
79874746
235392942
609961435
35376348
977123431
740488125
473589419
672128139
678883065
382473077
515845077
876095994
179490413
515464259
269265821
453794627
815433348
195172116
815433348
208886534
898131376
833406568
240100841
847625422
833222148
561254415
337351557
935523863
883818505
420672919
472128509
452680717
866726912
820916438
132107649
50482576
781474565
739602051
459321220
849283459
947022363
236732526
634260736
43265285
852728229
390612303
539712843
130814096
951200795
398699163
771099815
781100321
24325447
654283927
41668822
386858413
441173320
364673221
978309726
290033283
309980134
44751956
397166141
313855607
541376497
139232927
923432677
301188802
532997618
540313290
39596522
79756397
985396570
146568734
392654679
593982903
222803237
853487364
794523346
558150230
430156314
610113705
123136252
458228401
74481628
942800101
117189162
141011971
673380702
60980591
627836640
173982673
222579129
884097188
582324994
981710395
245253127
711037960
108805120
19393046
154762420
287060060
905630671
537682693
264847896
662929221
726765897
939972191
962380045
650497539
801508516
669676048
15377848
714225831
803109197
273241300
596705438
169139825
937431670
886854249
548333145
674759847
913747076
516683700
613984095
357324121
747496980
752672208
606348873
761306378
772091475
383807708
60443667
624931916
866774739
49792139
896028856
865304974
313981253
919519359
777577623
592209442
449147854
100031853
640890757
803086548
735198943
907023803
203258249
122783518
685168668
711865998
211216972
947367991
980536815
733208363
538530897
97985022
521684284
975542129
529191661
87351798
882223214
793699157
810763486
168663609
810763486
789658200
918754924
389845071
582520252
21879843
98416357
391461710
861579200
713536726
268132315
905376560
370273370
961580609
471999466
259774311
515329663
961101694
642379168
282631547
627318551
723676735
452072109
500242564
242899342
249789691
492689033
833268612
796390736
196679091
518900589
69838020
12417788
106468703
387464468
800839068
351397862
572001733
538579603
896679432
708174548
89102606
216589690
995100693
8557003
215338747
920832749
456804521
535786423
734525076
300263095
534429522
425535508
296753501
758885407
882603033
882603033
332328199
915691306
49400970
48055689
433226221
768123983
938487513
780563189
940774464
208266964
304356107
462530893
664653946
706913073
698313147
639396962
960830977
110087346
376975954
66417820
530934084
760810267
323667738
720330003
163634405
702512578
499705621
976228152
926872189
468134636
256917924
216868535
524832599
800663557
847176424
173040604
847176424
337901211
845966852
444186154
647823342
674634523
390784754
183496253
196165337
118578439
374334814
368430605
349195976
362099069
57290920
776834423
65545392
656455249
113432799
896460814
102880362
343878107
347889230
297483712
565679847
641902472
290927356
564886546
669644640
496086660
946576629
594940230
347542156
350169195
901023149
211281239
602957252
115269592
974996144
546307111
377343464
467366121
635427957
259398865
304931716
216040510
282034897
255594948
694072385
886453947
863306589
158156463
83635965
255220074
685136540
652565599
161413361
933056837
55307903
371185039
300094800
336363346
101917498
762860416
38304217
642683497
823289772
685216986
680458206
941270364
228655434
785420425
544563354
388197683
492932470
721339029
931363075
438884273
787357662
356319532
745846305
740566758
148074321
9294692
285677405
583197745
948208285
130332214
727933937
825327323
130632315
69749881
477609312
813265362
708244139
71847968
429327914
419935216
149665823
434944329
588534621
509888907
749918449
263160190
449894847
685599830
832012636
799005504
203840518
823113399
404883576
44047420
339150211
614527993
846538841
283882222
656733380
711609029
427726807
689692825
421361347
231529964
799229411
685224449
734772226
91585053
198559494
785818969
247085418
247085418
65189937
225846936
746221584
550817218
685960449
537683946
759318874
160328762
858625358
163744579
737642945
392616417
97143378
283512251
703391809
847736886
361718015
86941278
372200693
712426679
308763788
415579881
859975732
118437783
636388124
223416868
262226972
74993446
677111860
901099905
624699660
802732828
770868511
582082622
893351810
396670359
325179587
403982866
979653827
271558440
931535449
967042539
442111710
499319589
503545184
554914957
28430019
324231866
730009907
27645058
425163397
203978383
907123627
612060586
648340678
779110458
954835503
241253347
114877444
346730467
286994657
286994657
303379585
231853023
952503043
78114418
854341437
863264288
20828509
154566754
759442476
426289435
289929685
302619398
335725567
782978471
946330504
611866729
799815856
231957819
231957819
629144628
347849892
562917785
158343021
597237722
520548020
113670027
283593810
748394913
488367306
936633785
543683844
404527052
349434493
23635937
797548006
480711294
368994876
1424625
3283531
895935599
911579705
712937003
73677460
524602204
953039894
11117588
11117588
910188863
626790813
796791893
975498404
372673109
910782518
597683763
184258954
601253210
809120389
369173995
330184362
899469849
643157988
59592468
707581874
8986713
170171727
68441609
57705219
951295693
111229082
580736951
667106791
627762171
449189317
305026362
553704513
29807386
594052149
324427963
62379994
360027475
910186569
612052133
95115846
199787665
675661335
903022453
980684948
810157267
266542654
792940584
342225678
752712306
22805805
120701930
265895819
907159042
730228403
805088181
923384575
577667233
378545037
896887442
831363849
417002433
942114520
217295471
119323021
707937130
312895151
490048549
230259239
198095338
504821447
46623294
342559650
21756304
821309402
202939721
209185620
905739700
540332845
249891246
662996110
646478228
156047654
666279499
522752563
858661260
186213459
481147655
236786352
128990269
692462925
855617544
466176250
855617544
311810374
578855874
805262745
584376607
595055426
60981137
911407723
859472853
452664069
421287640
828598252
724801136
558964204
918906624
935870794
333564121
35138281
45486509
248074563
922394049
101478163
470265541
858129591
470265541
528085024
514328869
954181025
110384829
530595256
469244245
78823262
941965602
409291501
192302142
539030145
440545446
891755111
578550766
616248798
548669648
318293564
765222158
872454972
360406744
596573194
676402516
440537601
514899827
234972636
79235236
84217041
884897706
813410649
135041114
798673676
954123234
211875787
557347172
616546668
499826437
892888254
499826437
882360804
454527542
323137399
213610195
988956885
220095151
952694082
326796986
875672855
177608835
389411428
559714129
165687080
350510980
350628028
577637244
892002697
916531769
158513248
640011702
675296608
349439838
269015468
279000192
272886414
121832914
519090659
625540252
583229444
306968846
79507014
108093506
502271498
404075147
821450592
740364248
808780388
737842920
394985741
172143130
629967254
808780388
785319619
241951973
592507665
555887496
329165602
464870129
313363103
592507665
618619724
913275366
784146705
566499268
943806721
380486388
130579124
306006597
110283672
517513021
941029664
460706606
385033754
667710189
402074827
145121093
312203366
492230744
290969339
90664235
604375611
124689175
626127663
931801449
684450616
530023228
954862962
581092488
761813355
741061320
913741698
193963354
579879531
134469348
809341907
809341907
401083556
401083556
409533563
34985653
429642245
568556167
460291690
791477493
621263328
826976944
254067697
710480691
586292936
964648162
97719378
122492263
449241186
769842927
182663366
189689736
423265970
167833195
961340170
431366914
559534989
198378504
180504232
996172738
245541476
40666007
482924029
721380348
465049757
752158506
726078952
731083506
719900661
769355645
871081185
498557509
609225158
110667649
88109452
543704441
898955983
605787100
207450420
774762291
699991791
352884301
718469019
165863920
83859315
67829824
517619782
414873121
15268130
802650845
672043396
252930423
22255819
157661967
722307366
222783576
270579989
973732210
781694908
720917939
746234813
551994016
677347971
698389551
648685028
459586778
392623375
615397462
160268227
390321792
137032625
919421328
650891011
474960846
725058301
572018188
885529304
604992888
545572923
729101545
395558038
880808357
380249721
80361277
316943789
988067246
464272705
645197396
732018689
75886220
551210207
548879102
212828867
317393226
338988783
598186621
230769756
287740362
658516423
295828591
120426884
373785344
659033690
911215598
970848690
560139779
170271984
541211349
346757348
37940474
316478176
612755160
485297865
46546862
909582545
396698790
557489867
627185178
580966354
878163458
491912053
728399289
8744662
