0
663537276
663537276
484479026
248590801
937998567
119364378
873490950
491233186
726075712
64233616
911362588
547457353
179223608
382582654
354660522
810540811
773635557
534547679
730574021
402488126
396261699
883435275
875128886
167696432
794206675
526414396
67207641
777500729
657710477
449861957
953959326
307157036
473590197
886673803
672595319
877086264
185674064
646848169
720409568
598599403
951765757
852124659
478322413
667620860
821607123
513523140
708885858
210617505
883898227
108561894
887402495
448780090
60895141
626285537
989946456
616458638
717268506
464387721
937708078
751916309
64503030
839217641
371125546
688009646
206093854
997884581
330815203
632576081
847161753
208356725
927810408
970963034
18675813
364414630
714275010
154206500
727473119
335166520
81846756
499825369
212162119
218466190
60949056
823477368
612483017
496291056
430965772
169550682
805977800
114320396
228023560
465150930
636131587
23975485
11132944
357284578
23975485
572025629
97837380
892294409
768716225
868583133
60808085
493824053
415982415
312457364
832149890
53595445
732077573
436406842
7433557
570576161
604172022
699661641
730349512
169980034
371916121
254920929
489003551
967040584
141106380
382057675
411586701
479788921
634663767
658510757
724385794
40708260
724229301
587977215
254119821
851540120
562981826
165871468
285663115
710841346
827815566
210660405
784646872
776091477
293789968
540071084
996943086
514351477
489214644
142250925
674869630
160539921
54241038
48117218
385125689
903441340
122212638
814038551
684897875
543290690
49555715
837362012
624121196
975349061
922677736
694985249
279530623
466523673
535407712
910508629
499142896
688025644
73394872
755934231
607947847
508334670
814452294
936935384
452101807
950466591
592758492
620832580
123496906
529567651
664628364
198576697
692539818
268641365
486844317
874430872
288367491
313785268
11754402
281532438
138849831
473891458
791977129
862776765
721232699
136878684
531530095
771234775
455324949
888434920
625746804
780676353
357498938
272789483
591245279
667078354
335688082
130515041
180907273
665142711
479696871
595125641
777483710
318845406
964374652
415583061
862766025
479060803
562460826
426818283
998131875
402756910
991235021
87014980
952097247
66221737
24285412
169301116
757072367
115804790
596906611
529379373
852444515
513950181
773433956
702094457
505307150
104799291
831273457
621849830
480970906
247053325
190601846
334665870
338837719
685778350
653900837
479061785
512569413
525290906
307734224
912848283
586214958
549686840
316256153
737262233
542888399
226796060
876768537
992520116
833443729
737262233
757314286
181683810
714553697
167812763
150217464
235562452
303849089
841985308
31675601
174703611
232341514
72895016
312881899
312881899
516169995
608025966
511885472
48447159
863089892
861545127
416381320
935781841
222622075
460678944
365583575
172174983
707128044
464140652
219816589
755778866
554591685
610597718
844981703
735311766
992049497
407057910
881841714
20700608
56517693
212407568
852776210
535841648
5062036
821748745
374216053
935281279
714509918
406892990
207668713
841117597
881536517
674764257
947178000
252014399
954427955
415876265
561231386
609604519
335154532
735247773
30182728
167167411
162786002
812782339
653703435
728514070
286203732
796045393
882567279
168900101
310855854
635013669
85320381
953056428
263595571
826657510
168011836
509619791
87811195
977698112
494739112
685647084
239218680
136589221
456153321
670157961
168095461
752429877
333142539
148472067
792571538
276592407
884420330
866343998
209633530
636261546
588503701
15624206
993056532
444521149
178945128
188784824
360897108
983000895
503708093
551650459
926260671
354483404
945582327
849155323
8694108
726012633
337689490
153811030
788783755
842292780
208725674
863899951
18480000
802144622
261415659
226080219
730750060
733400291
839636886
283284596
653705919
325280460
187388541
888614780
620445001
151537205
328561045
21206382
480766068
277719980
938285230
191515442
916655342
448541510
583158951
270565051
970361223
595747569
513422147
608620916
772698742
926739781
816267488
630425107
813607097
523315508
423677865
552142564
954857018
892112886
578442747
236883106
132105175
658654679
269110927
700903385
584260979
589730293
492318423
712402041
620314966
397105719
541228097
47782066
921553514
125181548
906396840
100683188
258016564
52086813
466298108
268491895
815647138
463927435
510151080
511450462
125862188
167418709
389528715
631416142
488189288
336445418
890406987
672260642
99334817
346659723
51960021
253416259
513349355
903564609
456220063
871746710
395669406
563220718
285885486
903376940
965670244
805160584
466473791
702260253
220845645
240791698
506713313
313628222
124755535
817522093
276390949
955932122
486993751
151766335
804119002
142870712
574284623
265492068
136266674
643514177
657911911
49824390
802186502
154771240
216977936
720303798
420944232
484032892
256445396
323773847
990337703
866252134
605990943
309925250
379059875
390588754
541522527
78912611
338275427
220008981
859062415
795809726
926540021
470314840
79856535
233465570
530823788
782254460
566834969
56026316
334660819
578954771
734882252
567486094
148516257
153015059
659586378
93680153
960289962
725144197
754169307
173575354
601337198
79916730
498722973
508485320
227341967
881163489
349677795
902430844
273159175
337453786
609887797
793086648
367263517
940177661
444868103
645401456
169958377
361283123
140001601
650685111
836918198
178734836
712059176
842004251
31342686
735589675
19728231
755361712
747397585
630063864
856728920
553254480
618682427
772007420
278129672
881860638
931797899
931797899
385123869
6517811
103082161
375614868
980525773
269218088
570419961
109733381
177924487
930813457
707683495
991375242
362972588
488743843
392790365
490832515
488083870
181967197
702339274
661500453
871921097
783409629
773529650
320870804
965258227
833882149
413049063
296411457
393338242
600749116
610964319
575991559
841331850
953699200
695395638
249593700
297806987
619912958
370166807
516914714
809389833
75435705
687945534
687945534
342749262
816448001
42422774
980481256
405763630
595937393
51637805
588999796
644099947
712313188
486182505
405781718
616978486
976244827
472495574
603323076
535942526
498608532
777702208
644386981
287914937
93747088
733586305
679394292
175645039
551232246
296943206
457425199
723347919
494298357
268314361
367122302
789831928
252067156
41531856
182142313
525900458
764825216
103779673
479232130
174389220
621341003
790014145
820607424
662809224
381924400
394114967
153643752
114773307
966043038
563066013
3287991
606780356
75985141
514344346
166276413
834624715
284785377
267636062
583458897
902943419
30753370
243540160
736353302
932754574
544717197
601040479
265622209
611315767
428829718
958984246
226305058
153762602
472244704
439016389
366715650
830593685
13500311
364448666
112819465
683729200
965028821
407809645
666621019
971251769
600382245
634872390
515977860
460626187
754491852
605126787
260462421
835695452
70038071
677144638
712189217
990435702
616940042
39289968
668291804
342720036
425314290
768219793
134147568
912326314
924533907
328902638
190842852
323061005
766056674
470884994
842865994
779468261
417043758
995097318
632128423
82716770
786971621
104573623
411964600
537507996
829647171
282099548
821144594
294942452
799688849
450200713
973479946
752813627
914372566
45278325
529173431
620837999
796868797
149719263
325025176
417101059
176751736
484001175
808706371
436520604
849932759
117701616
497143403
536078717
85867044
101351562
28223592
530884321
550866087
34812779
351955833
351955833
981455906
941169295
94698656
660082792
539330756
813103822
550799543
319060192
996851385
772888452
926720112
452547242
499123930
804865950
43969704
870022456
809812850
936738693
641734977
535165653
39489851
48793389
822763004
448362351
21073955
388982779
173889870
409935285
503117815
625165497
452654732
651569881
510901635
85132957
978677466
121359969
20044019
424986832
969698672
212556079
591129297
843025279
433905742
994677039
528039957
605694260
684149904
273078666
944803183
454797615
906732491
664379387
555416479
462122476
164361179
607857180
770353896
531717004
835781778
186323771
781397558
554366196
456421942
232423214
469641359
360835297
967494591
220348703
134286428
542744270
257214709
831394516
385746777
603123273
917277039
478798952
487060444
849692460
769918958
886418143
718168145
199239219
109494000
71457364
144318768
281669372
322693555
82002280
684166682
979558854
222360178
689713523
992967227
235541345
918208602
423959492
30450859
398557113
279730437
413879659
569640724
465301477
171757420
790475871
504071009
554411140
141689089
154534396
109219550
441592579
468422035
987210496
591261552
133002755
493981331
932740913
968624569
572694778
797421309
369403251
820033343
814728439
805114237
591707710
811647470
302175072
813917091
407450402
436432643
436635576
509054322
585021089
854150869
397910077
282502857
363437319
387581393
599349739
341369847
494953532
843466332
125811591
204635595
336246661
575013081
721776482
204050476
606680257
710659546
109625790
989222699
843163594
421797137
686533671
967541498
976167503
957539210
16382365
719269054
90412709
722205063
905230863
952757441
915830403
306638829
333405952
263270213
184434028
808321067
173758758
314140303
370292527
125393971
964854581
554020978
420036461
361009488
549032603
862563673
6218591
246899910
511266260
111785872
352963866
480000132
967937601
138778550
133682391
356192855
127041434
775486908
839336001
827764593
116625413
228531047
407033636
442161621
869830065
744679354
845703265
958048720
709647180
87323738
489431923
958767943
257965947
667171637
628198100
163579761
639849672
936154788
855122779
260343329
867245400
21306889
32753661
410593595
251661081
210392106
523589363
168542493
798174985
876713827
538447554
245301958
81158039
318911220
230369441
583268736
300104444
953447717
745161244
632113507
571233066
8068019
278433461
454978075
74510028
114738970
208400263
848160650
516202544
72958245
83206863
134931806
164931057
516265766
146197336
843837253
714831974
928747014
243307418
55990381
522442991
387535532
423310604
222963137
27093105
55965049
279417961
515387232
166031026
623199414
906621668
123353713
172553886
60851210
434923922
759166236
82342027
183437646
878488188
788115416
116097391
318501030
860173295
513548607
512655816
425258086
646365581
170186144
410133179
651814089
988134845
12814818
235684148
734618954
947392530
66390234
835167651
584087587
683080961
127045763
99453448
771540153
898003195
983766662
857749894
259465910
554423907
785470871
158849765
884172939
916197297
524577552
711637531
357023271
588001327
126097617
942118525
339518558
708649684
583470102
140288051
496238689
293466829
239233497
616508727
494673703
509988513
469421601
386991309
413023035
793321990
958189711
20961189
12090772
562037280
958189711
597252059
786913631
710822446
50381050
390569768
293879199
498177247
338041193
44134368
107322842
895594712
812010090
528862054
540837185
940643336
286832780
6100489
538248552
53097836
560453946
10500185
544655724
216901051
160369948
124630306
359115840
947857115
752045837
580834585
433341248
336760269
405009823
343902592
288666641
798576619
101882185
9098415
209465329
795961271
841826638
919468736
387028191
380438913
644793277
270899442
828534203
82629289
206689562
426303851
472672805
337993974
67690104
576577247
427351435
69028644
384614850
246910586
77835012
566855519
301018256
423107016
146741297
474042807
27756368
350581836
534929490
372868756
522060474
302114806
59821178
939309034
566722382
474988049
370543
759203215
474988049
958903146
86996047
745448128
489291636
310547561
491978309
381328211
659226335
220471998
907632006
59098973
8146438
667024331
436582606
520273018
667024331
783291567
865992260
133020524
584118284
456847811
187570290
525707434
245109543
345417766
197333035
827928091
276171353
418178671
641727236
583763535
529487631
425001483
832776631
7134110
742941332
532295521
529391537
690771953
809474581
402913586
343082189
198722459
220435883
950311674
927416344
904652249
853299269
766328737
254383902
836824811
757360617
228977898
845565928
940797948
30766733
761118599
239509068
438942118
903565657
990833728
340423911
424250196
822691834
928936793
736233561
960645294
784762281
632387109
764618609
788633083
167957035
743100604
995049012
971018188
810823507
490009864
294053035
948766873
259784735
972497126
793248771
897511716
84717733
918871705
388576356
130084071
457525763
289146965
538953939
397587879
791565686
416949307
85504650
346012525
862653577
414239866
650574336
100611741
213665901
768058888
310834790
922301865
925138021
981217743
937914659
385823143
581907499
835477583
596905846
828818500
633022225
483272708
636572060
237935938
592491367
85907070
306162458
655646612
72248036
23049439
551081893
521567201
386824855
646610587
894186177
579320815
225204792
728408671
511597309
907645639
154912748
721426726
398178741
468860185
611468792
305903828
886636403
61525563
291021421
162192288
162192288
946174340
337323042
492234640
579005841
355098024
646243599
480556104
709720850
301849237
733214965
784624716
396851590
508005230
764193931
879206031
80706092
821291093
742554130
824276243
906777761
853036390
7068128
867035039
433266016
408296121
438996610
613001494
761057079
255606936
411085036
785045068
396613264
966509485
581962960
4896194
622457294
280820348
505983337
243677019
844815208
346046030
452075951
98057903
90536855
211146148
507650040
499636282
76307234
341314184
612291112
1676164
460085827
574915305
362090275
790203390
253579935
280288901
873765255
691715632
189237378
829570918
532549214
38117852
656738547
931721257
55950075
690647819
261860960
834961038
135259939
188725440
208718114
460116476
307005404
134685840
605317988
278642539
343253205
473018010
597843345
159704453
316201105
360244164
286525693
751953942
703510798
3005456
343927808
921626433
756213567
700906868
62580320
445370535
665125017
444975756
321984361
101017279
478666969
44538272
467865244
902223352
22303407
396052137
715256032
144884749
374512312
480432577
264397025
92509694
591332154
398797004
420617724
880859698
69496264
9437800
654683621
370599194
610535211
555314994
44159321
132923823
391654443
368069274
809791253
177656684
119434155
652983936
406490786
652929851
880514724
587725392
462543538
170803003
445466152
433341632
422147523
288550003
92742897
619786315
555971581
956623240
319429172
89812819
966231023
141745650
880995301
148773621
183276875
84058822
661975684
314769158
729508441
51310600
22824947
986970464
300231380
258486686
385003406
448919440
704165300
36977396
861675915
238136280
512565478
224362555
797572841
214447752
908384507
13086824
360111515
84083141
572668870
423011419
95136150
841864736
509977134
435873894
547135767
138500979
190497495
861249785
110913570
565440839
161076255
680577398
763943187
279956117
931255882
517515685
922359958
794444546
46182889
756581263
991987732
373787532
898593963
54738236
880556943
488405278
135611093
616145327
889211074
408101187
156454064
869478333
190007562
411763561
143228886
812305154
696145300
22017292
839011582
694693923
755148011
981111435
357573273
194439552
979187409
503835033
399682885
503226868
879140560
990785920
536500816
205349353
432384913
849054620
554399300
793737015
244922188
536500816
266118511
290800912
926393841
832221187
697693570
871927486
632031923
637364591
317563560
54308444
909068292
220866213
644307351
149928755
685277251
469951050
585618143
746790492
994785842
244742786
427165846
687468742
272978549
141078102
359737695
935328566
548948367
262947106
784214551
457846810
811612002
90355797
16261443
79634205
277030407
523716731
211824541
456183755
198594049
456599822
91777130
963155470
703443141
36546476
659993426
472719785
901268578
429532304
88899365
164155627
775700267
732547931
548959917
694874393
665275149
774160695
375864175
93640120
32930335
643125699
126135271
417693914
158287674
93118842
906630769
128668809
792089305
21438982
935628068
447329079
314611954
610624271
504186822
473907590
583368436
63813688
16264656
125604972
884944708
746801183
72414062
81601360
163844268
933516138
540529855
708952104
265880527
692196902
534403438
971019712
572632990
990193034
844016719
815236322
51267419
68195899
63833443
920109865
135067664
681512854
95561774
905768205
77131996
667839165
749787131
233148828
702589483
677081507
449048064
850615024
358569646
295263176
111720734
563315643
941079165
588466229
645161129
862240030
30198161
540647241
35767385
649615512
650221084
261029758
990516680
854310892
133371423
629292078
756418230
891937528
539672096
490668885
692592152
559578451
300394728
560568801
763983930
578400078
205785680
844669920
288204590
229130269
608666568
547460021
588721695
588721695
744465300
211333549
346758602
5629068
514997921
360223793
272614247
613776578
715782250
501843915
381014060
697517417
456208043
914337356
797187975
25136279
492825392
519689547
277792419
172948095
150140950
217993733
586016075
912529139
112407261
273749567
476151058
615180334
780012972
510985030
217112650
621043930
396017768
205279460
684432423
90831190
220303656
575475122
381304081
876454275
456609393
383491968
784625962
158266488
322934563
298929589
800540292
494915574
123102685
347413969
643894480
226659514
547262961
891973652
527731056
71302640
989197546
475175305
878845401
863625411
336553383
650925484
177557597
532102293
737326142
919052507
364771505
725935700
889021873
921356445
139664147
267256978
598059099
266944356
824240904
946551559
142670367
741446405
550207727
649111399
324224362
733031385
989197546
454358649
914755263
454358649
591570928
695991994
880826998
291198410
789292847
783303980
191733052
237270327
622918896
654930704
650137574
763242047
408192038
916026235
373645958
146826285
193027382
571076768
823296173
719876903
591413563
756047477
393047880
88420006
469776649
640648859
490972180
193814725
397471758
231773825
20501296
88350116
432051483
829899697
383152311
964624774
627110769
656600361
109544080
566867777
97688159
483250217
452115640
190905103
969551488
107724759
732261496
37811202
508680445
41483816
614814272
215627619
203782281
304298827
60996500
435778246
523435389
927027310
203792050
124733674
689779613
129825629
339347455
285966273
587612460
535848307
971894935
499084545
794340011
589356291
314378083
72407988
205457861
27811868
881115238
934923006
482818413
462659238
783249109
120625523
162036371
976858443
962697604
300524991
466173693
749486483
229507990
133464185
59082616
950433818
744444698
897337659
884464215
813620160
499847426
185748416
796462495
305691194
228452246
144491474
699680472
315648711
516891162
46108736
711968108
146963418
792384154
427936023
785874556
839464487
435207717
667773608
386795582
866389974
292581112
42774185
688202588
42774185
126212342
957735190
815914312
261327940
483183421
930837165
380894668
292581112
49865944
908259497
107827965
729608431
155756173
166411050
770121374
794472650
621955733
150554945
423773480
710543528
448224657
205169770
470204964
540628015
423386784
836642158
361889627
114485178
460668816
364936566
253985848
489774367
370538282
667333607
42798174
108612317
474124008
757730345
739151141
748750707
763045782
456319491
62473945
426208886
57808267
261657377
540215394
23959297
329879319
648233334
754941679
294693908
281645433
657009863
507130847
718416323
13176543
982796941
304003162
216736587
250876772
209442768
119683669
898745482
349587338
227045615
269651341
706259782
229032481
643793619
847782614
675602061
519615395
936311416
815944815
879623730
660858120
461652025
287152112
720519159
232074740
965498664
775427459
830331781
464068381
294543401
990875557
168167468
488692220
758099877
324262780
440003917
347025246
507466510
837991035
841810284
225528042
992473024
561458209
81389351
661480450
167013107
346966411
262754236
366333324
471893666
821525635
818642543
307073150
141389357
614678054
96528492
11165150
37431996
837214646
585351473
612510883
844004055
438804098
591925162
138757731
4022924
353883807
879730156
886207279
323046892
128517400
674503407
49892742
263671314
441338747
660944138
971213399
987681121
625137595
378342945
885991916
51262863
502184696
164370894
43786543
358943266
580156650
275896925
933440273
936505055
375445978
788429530
423907010
923414047
320127099
356160142
164022768
464043059
737245111
455008251
55743602
523897157
343975831
811341932
773909740
943679526
782586884
349187989
90140718
273315391
54045783
541822849
915111197
26867792
470719379
560644687
65470806
792533985
536061901
706933184
139693076
288794607
648205150
464902250
451064285
936030536
69876106
532912033
859726346
335090490
152788298
954811180
24541684
550461362
826542465
865747805
980801241
562551446
111209652
357718994
862054260
102486417
114640373
56870095
541666422
739041850
789473851
689391535
120772351
423810207
241685284
234345036
541498867
33757283
807507021
790057316
388913832
589491237
67398110
40182426
805384909
964021919
93803408
282761438
651100542
651100542
187966892
457850954
512803496
967076409
68095818
209270403
616597909
575559141
957483620
417184099
32969612
92083588
440143570
390089871
805694296
713168760
559805277
457322474
639989851
890181215
344654810
948071931
109033502
755185605
644810000
236304784
469772051
672296597
350414996
708005907
538855669
319090328
788621230
621302730
525054474
354861748
313357299
796701099
352998573
147165315
964210036
862197591
806486328
430438917
970748108
612980705
119854173
674236614
284627290
769962742
594218465
164138523
788903576
902878934
853598396
530902800
751110334
968698936
645775245
490855795
169729858
530406027
682327042
658219054
523424531
694867834
203946432
825182000
957031375
285802089
678974344
699486005
683425520
788091603
573563211
140820413
47479652
909429220
778149706
732466587
575535131
508218508
71920222
304090789
605815600
156597397
462851226
687575806
884855729
190195907
467883806
562709873
403894770
787742435
428270305
701053478
406534422
324307265
32127227
299979972
663298934
432159557
764499451
7334351
963350810
269537040
388106448
741528068
946605664
218330369
372143415
533963116
39342642
170944744
114984375
609561328
631146393
957226368
900408559
481664176
506313126
737138586
631273993
883931799
286411998
355674540
681798863
132287974
592625633
665377787
863324499
497090551
960472856
31372751
117053911
147253470
899237542
415417044
970229037
720291085
824811730
335888410
968929950
714612711
503956829
996274263
234957004
253288668
902519591
641654730
201446082
417806611
719631129
971648985
583032656
645870265
208850466
854720731
36467944
792652252
673056677
829434176
294385873
196678715
251826138
859888301
944398294
247331636
328610519
582611238
534148482
867181758
536107826
260891061
369597523
475913339
326150332
178256499
188370562
479870621
574142676
835877652
677229129
417113718
126119730
321649491
78856277
479729491
464479579
841155052
292237744
949986358
890753977
963442312
945804651
21375496
361579646
599230422
204023637
806921267
397545108
561191467
786413335
148654448
997088178
588777329
634408793
395626837
781081668
503064099
594466313
197266767
811028351
653819889
180065378
533609516
950942512
131852868
214858559
213875008
215178534
63524839
56186918
115728428
869291034
950942512
521681981
794752507
323898123
836385239
919097766
871675435
517033282
81472823
285299234
493414849
369584768
392338353
539859551
856794758
632946611
832902310
371660527
78611508
935780430
361458184
343386699
218646665
539011468
74011692
25639817
762845583
720864307
377761264
370487647
387666695
45097597
424351359
735351431
430894369
122365772
766774191
27781300
897354583
208918923
831624866
429500662
598177576
144814923
681943058
961542991
525112057
372640449
72070242
387514324
453659960
147171823
757953031
343867305
441593420
14719031
137453719
576362833
43722462
632063757
799194208
758042878
877293506
399009556
651136004
514483898
196584597
418928057
626971278
10547673
929750653
105009674
861947063
68712769
554275147
52591801
29762049
174454674
143775917
298870175
943071309
370866476
772820639
294259654
464667196
239195079
15912683
365969558
597803343
934371432
603116008
407290943
154063497
855136867
144642764
474226179
602285785
954873933
605768642
294281846
450733432
472471493
449856819
2629626
138112530
266056866
781315556
859067176
414960927
777648015
651700193
454391440
601106620
161662053
155215365
552047054
580961832
8195674
134394340
33796388
165625790
834094555
927880287
413282334
939103910
841591128
607627508
205097165
175993527
875615459
98303937
731263512
729606430
52983252
407962538
503844951
69428890
196939531
203232618
336885573
474971801
769794146
278021096
389017208
694225072
237420098
574379578
380460479
911289799
458919245
978933390
628139409
450352130
232418191
435156600
511577755
665046847
194790761
974341218
836128672
79427721
564480092
655528660
97749762
104862052
621854647
146073138
510494438
485247936
679310260
990918364
83877185
77215909
882259826
12830235
423869810
727168627
353394226
197924767
761047828
558115145
291553258
373910393
530023604
940715337
558073217
392965806
265707834
56046830
126148298
510858857
220007421
576854860
13109132
910140518
99689168
560175587
676707198
830255575
593805381
139922263
28331871
75175826
231339232
925304204
6974331
900532518
175298234
474988172
846054539
183152463
347682945
502414147
970848128
70139338
715487369
108720234
990697478
615160486
88306290
789262297
472009614
459873293
310472316
255896656
491995513
44054251
122130391
295409370
811354799
452373588
355967576
288085224
853443889
721524678
138407229
244199898
985439275
721122050
976112618
83635814
981114
731755846
396622824
362898325
237888111
341198657
263924235
723372207
806075348
203819593
92731895
750407791
177800867
790774241
468826397
668240556
878176131
410016404
187187107
758584631
357347300
397931380
103855311
434901963
968999016
788220108
948292931
792200693
686678648
891290982
971112924
311171629
776461348
446378304
522698778
679537268
793428060
487981556
503744197
588959556
375739413
300345013
700393618
639431948
736528029
434309091
483957855
243920243
90743823
386806800
938837816
888207694
920369636
774741504
323310630
404161215
743513869
581750687
67361402
973337146
474988152
440773140
904321701
196627535
254591960
443986209
276450660
982395923
248587072
521325962
174484407
471129768
908746981
948691073
629942965
890367010
596243439
199443885
928729524
892186718
237380831
524571547
404546767
307634275
812204802
415332924
61683431
588795886
782338702
445259602
912641993
583949381
302830557
754542512
945673998
657004750
48752191
433686003
675830732
204116739
660409070
660169622
274149250
798829414
551484847
468422042
715402346
265409556
505742912
21486007
41383263
431600786
296873408
563141309
2947720
904611777
411404083
424480978
65866919
8850486
710101418
658384752
616074245
938690178
444354164
681608372
525228994
878849548
620629459
162074003
162074003
98264569
268941224
6146998
818047011
662692007
992380759
860229631
849260025
163062659
477324370
759986085
158071513
92586477
235799078
585678302
256697723
503405031
952971309
710818424
453231250
241112283
824022530
951605391
889859702
764516828
783933945
748794473
254989738
228014068
539574283
441516297
616321044
435633117
938106514
601893770
18990804
825428109
482730359
37510372
301245160
104257697
693795959
626225812
494482804
492525893
668363080
32173423
313401206
500702953
528496116
934578717
9604080
848028453
183792328
76576003
441245098
831992820
510433358
627241562
81855349
270144478
400383799
652072098
599996756
803233528
526102988
235365996
391757937
508545351
373985852
967048578
256344052
29912289
327055744
871953643
941153692
564669227
984296386
373368599
182109320
448765667
99317626
278863493
885807223
486856211
435519668
394584909
491984627
887403695
998083407
246536963
147071701
733133829
565443294
405832853
809850683
961463073
894107933
875510470
751124742
902524573
558091517
886008960
261375121
360602358
320395008
850767740
329158195
242007102
505042506
727897534
323549980
332205347
400632203
251475040
979799086
