0
0
0
528806609
518170556
511149660
528563808
411677555
267771345
741785853
688570711
842081954
953068866
614624835
211519126
371397696
690717425
242081265
304226910
722480461
53627165
201512717
774238026
912264052
864799269
501467997
217014040
132568935
277735454
619774792
966348555
660751271
488648800
293977220
729975259
486620156
484390960
442177432
253330887
377833981
886912443
700011480
44459787
369471319
392013841
710638742
846407552
176699681
453964952
378189004
664189308
39704387
130155562
412285532
731659493
389217896
900585340
986665305
562169185
666081734
690110074
238868958
134605267
597460028
323170739
391943943
458313990
519731703
811720557
598076949
838667111
825568645
1231793
955797452
466585641
355104946
523305026
136399726
892424984
159095654
84002480
754195863
991209197
353708586
514284294
363745642
510122510
663596381
754190139
320206696
300955733
685614491
760306121
32520100
679881526
446618977
47759949
160843128
516920576
387436233
938964040
464122926
334519246
342451848
749675128
8840533
988104837
149300644
717868968
252392787
846295775
203645890
412188748
117178832
640272431
99331550
308415158
990577452
841567934
785064590
670155974
921248774
245316054
989421750
928902107
701348011
487524337
898327753
476035674
948803756
389931399
952581732
638094192
128430260
774562925
230910067
94453029
656996189
875633471
727025899
248232759
176830064
475144163
210057345
26453407
796560980
511086947
992250538
502682712
574148076
485934253
761139186
33270104
906481287
566137305
719460425
788812
997804705
589265727
836876517
356706876
764539608
57257732
239180275
182803727
29289688
461149666
401901023
510661935
51130933
236608879
851674939
526286329
493546632
412748009
751043203
495522806
704420459
578231194
738341916
169361439
934311626
403665981
619333346
274184136
682378687
319238159
965327701
262968519
151120693
28184056
71607169
727958036
506430965
650388701
591301329
195111445
163186247
876087807
811401071
710739232
25987131
790870110
560166741
898885239
260410280
345419557
438114453
709862362
781834905
606755956
127821084
102876441
53360926
519164626
815307487
997364764
909709991
162418729
828082679
117263535
813387393
771834583
242696408
818900154
865532400
149096597
734223906
774369474
661726932
925144126
579435124
247610658
198698248
838483177
862904619
501276178
539435021
413362687
470709553
82470825
933883770
780605385
286484741
445298603
785610676
430394218
651906724
408787113
63606272
724671311
679586894
90669666
91397350
989017298
64388685
951498957
585459427
664454219
189558892
261040578
256132788
791682762
826430508
698817267
983385291
502109819
439738982
101671823
634120329
843602604
511071717
897543632
222183216
302929984
866463195
771213624
31932742
237945029
967239449
900544002
755630408
267028299
774635258
693813158
432902100
762705670
918042406
466747358
649925614
525146631
373404000
393839518
701392050
368090063
16992558
314979925
529787241
371640674
491069997
369224921
656985208
229941843
313481801
279276843
573595055
564085862
590812492
328373534
686108634
844749596
362361547
962032478
718885506
471966028
107968237
417141631
390109682
841916998
326455232
634975034
259153133
892678249
995739967
59968928
987566418
911950708
906782480
2449073
903091994
504830121
617333767
994294749
760092874
602519875
513062043
573005944
228624568
651305421
234639685
858463684
511940152
93154222
528216567
626708962
78504571
613812183
8449128
573036419
512581629
487821229
800783552
233403756
723628673
158289616
377803795
608796667
377431402
646538783
487939452
638346461
306154042
520840601
716541584
798151740
40777198
757627857
191372614
321201416
265190471
772553356
674561872
38219177
160725818
675449257
479825555
266006674
667652523
464370957
813188824
36106922
889963694
59400707
487119290
49200717
173958096
870249401
623256109
571117423
324213706
508808655
985097952
952292749
239717386
34979024
25977727
635579851
139982281
874754408
548373879
329335511
542086022
970502419
366982844
651893139
294951293
732412256
433754698
515803587
652131990
828263611
863629923
171908016
934478695
648078736
642346567
583426981
529892523
128588228
717252834
872860679
328329683
763608320
141044043
464104323
149551787
148503499
671294562
205061837
51641521
720118320
422025604
658669592
241253771
532029238
677827282
410435647
791955862
363257869
639196772
641427065
337617276
736958762
135868754
124041781
471606474
839094108
185592684
502852553
603494891
474592274
525999593
806859208
277197410
433648637
141118822
429519699
994832700
840915179
196738007
133614725
470282596
481573796
5841988
491346927
679077117
531155046
483035220
805706836
4411634
821379602
882285134
261425693
24486160
82003475
794459583
857609158
143886210
875825207
226493563
448487114
553838042
442740236
347269589
493652222
503547539
897633832
781116627
614158324
44027886
651925421
358032822
538949934
657709547
266569692
49772160
983035003
295427812
885495894
966612777
106037102
435167699
631419232
475120077
608701122
398839676
337479712
671645502
190755629
965813385
61443551
546800556
535377936
864843337
337930521
166767313
24068489
310877870
546030444
729026360
464492552
562589138
149826588
550501017
46901425
789220982
389295537
536391325
249297418
406253409
91777755
692669107
602224357
289858531
938804333
298792097
684155842
951811518
881422875
167376109
635334297
828548762
481413422
571125845
336425408
118030178
24863263
104016453
304713281
609421956
972483675
201248565
648422649
172811522
486019691
636932456
46454346
513235452
264991996
686764453
793537635
455320452
693794944
765037020
639951723
973425982
815363492
621262233
869218160
717496071
687691510
714218669
185620844
86852217
264953798
162642005
713325967
544956872
830973054
739361257
790768996
83491258
597542755
30041379
209866070
263633992
661741937
80666324
865799537
683946583
307047826
576524291
787398327
119924098
245708929
236848367
188554127
501614103
94840137
611024469
908066813
958329270
440347982
461968735
121181983
794954251
371493953
28905822
828451958
208350896
802249825
434990686
366834953
825262999
119865467
676475036
876281435
369677266
771357393
901146624
538328220
441611643
13597599
869830108
701154739
960477279
551935272
278746111
667100363
642114594
429601815
345839420
911197462
584287711
844158333
900243084
985930153
983785951
868741711
82779839
426337064
723247326
679696900
152250964
549405264
968625483
276734036
29889006
736143826
186276208
341266770
21168865
551987630
270492071
495252916
840208481
282276603
935401110
320231768
758839767
294131236
831024612
658702767
389266626
721040097
260320152
266978947
375834346
716258491
726749562
101012844
385641632
69612288
957256960
238592738
773660690
520326726
480350010
837578381
775456377
21745778
655236326
329080626
872457397
10229560
455345835
246182345
396298490
436312854
857882862
173478071
805986984
437699170
718308654
110748011
865510762
817311598
838457056
69335766
390835089
847039804
893072539
959547254
498023519
444515087
824733144
435601726
649502657
161655409
554585917
671449766
119774391
291278882
959036804
856438842
630500206
832064942
228353079
74057415
261949559
578940220
535574310
899641293
790306581
327863516
537779075
892470430
960640554
30231611
423458953
946748760
103333113
477596124
302864538
189989302
228107157
919920893
722829546
785159006
492259917
7805940
539189888
816087893
539952155
427444210
390251608
156261196
716633094
510423507
780576546
718389149
836247362
151975906
298632146
492255331
778837002
311798538
713923217
64663545
723720288
380004179
127673548
564256762
704124928
503276167
417078753
343209747
444811395
358109586
300374725
759578288
81509144
902254178
449062650
297726346
864151045
967541742
218150209
343612781
614470229
415208482
625537193
488817490
469324767
611415995
302290066
662522446
972454657
341282321
388162423
311861096
930123994
216890218
411692085
794243877
105318499
957308581
966091440
672744508
578291365
596162404
360710334
564739124
832926460
94024168
88541215
139628995
287620140
846313657
384063822
946826537
89981857
525887603
3085998
609541475
668909140
401595036
448594812
545033902
758681039
883687503
228514793
606995977
730829803
895071557
882448827
49773938
440455920
449685437
512662807
275993922
106267213
119512928
818926249
438715733
238085298
965718507
842151737
200133099
342593725
993289671
575403094
235162528
68203802
292920650
429255288
572720825
61270268
811555679
702642778
966656377
350950581
596243247
433276356
673905544
455878912
610391610
314884063
489098459
937592702
282634731
41614153
17432799
994980910
365026995
24572266
362303359
178992018
432004870
116472549
432707769
343311167
805426594
950315887
997789046
639632418
378857622
406432151
850022986
340397535
317105065
893383749
201125461
583270208
736306301
864277536
519463322
544002010
515309620
484978828
100366037
399043069
642528784
893854803
742664014
964304182
281854372
227650338
897985726
895724037
737019138
750465805
889683221
709845590
271603668
857411411
93451918
889794484
877753302
477515059
126333869
120486862
507343760
261509155
102586251
156738863
182260589
239401449
104947186
103372477
673182039
133283484
374015348
472366594
692499391
283403332
582097323
71771711
476485311
428808604
554229796
671407717
30540375
309492741
87077447
580273577
948355564
174805001
765432876
946195824
191032244
359077156
953569438
482167301
162938438
171804045
987121734
73832576
781597776
282729535
576638218
341480593
961458610
126686814
823775080
951102083
415419114
792273150
40120240
6703824
798826132
32625392
755643199
22899743
362320107
683431495
554229056
898527144
393990427
782306722
638158007
289736889
340879919
161621411
591675895
355973640
962878818
965239872
135545083
957925781
690145811
544993878
877134380
644022322
984299811
607184685
471603472
863844538
792970568
990596910
530412574
499819740
225389257
704442321
703157000
444437468
866697783
718526878
749541626
546067092
719311049
423001859
543875588
815887167
53760585
707638637
501333580
778074871
935024169
101842139
113461059
372043863
832285427
980568979
413864637
867963681
518334316
157265361
165615732
259123499
64131251
797453082
946005291
199886174
998228077
994778354
422984481
567889325
158026697
249688511
843172074
103280274
813575657
581649309
252825049
209237804
48458092
341146008
517654094
771039580
587114706
944533786
977077532
345138514
598352786
549790434
305610069
100623544
338922149
404697270
419275486
996333033
992981387
243250716
280836445
791750666
787689583
966385358
772220230
65037449
228625963
967280919
48699558
328609439
894888657
684580370
950161503
611188338
347159687
276085705
843953467
647493336
501602213
243877832
750421543
523319399
959898283
793671713
735287802
677265855
537427783
466594352
734956261
965148925
385672716
280345399
817564525
882746731
160750971
164878020
375921162
671146533
247522021
455605809
926715193
683704146
514747556
429430696
827356783
247162170
819214998
509136334
153942030
499581424
954442973
236576349
595609697
724179453
906345351
502917683
267269809
395258230
801557278
555696520
45010750
337827532
846931233
90059926
461861989
641050585
190408093
674496262
996196691
111233952
450362525
470976987
737965373
776002027
310141120
59785287
641213058
246312163
118582818
511379168
820803637
23632873
285971923
615928950
788158540
597422662
914136651
990308471
661199888
331988188
662597246
769152416
521090724
860774877
236407411
279153648
760796137
837190743
987059952
532417987
906843149
605421491
875108410
213904992
150197860
434069486
924217513
194760868
277306096
533666275
548069375
850822545
172008081
336963273
85916867
969334914
680108508
992303165
421518146
528368158
63649353
859925096
625851927
576807842
821327950
989501363
365882031
719901664
947762097
166003547
684266290
493631485
506977956
13962230
564834317
76190085
551712373
385337203
573872998
984814063
684033346
249797232
30820053
807643382
111917008
340490982
412911663
717197134
824187656
648720420
921658050
696520910
173370785
631025579
37606277
905365394
534863823
438735536
849813586
245842883
131036586
460900618
734458367
227316691
601385803
5984042
205953751
649025752
798320234
765244026
708057295
466093940
856526081
708238143
213582094
823083453
577530442
467922895
426887079
360922671
484111514
444351368
895405425
290760912
75998126
209831798
635561603
628343507
760934211
874996560
65260364
631940126
400579745
965101288
18331933
6929834
932942642
901997358
362558111
472356364
653289397
613325479
494868740
863779507
649459345
425963060
251701618
353745684
226014604
363800557
668988029
937584453
377812838
725585843
990952538
45516863
256989767
118293969
549395122
192572558
167144617
858865163
466251486
899655769
739394737
88609331
341940522
774470410
441720854
272455801
56120309
811909599
585164699
321090920
118025942
230537199
706751270
43761007
316714378
109909447
340028326
316698044
568481390
151842770
393749817
23834967
705847362
324983062
759328978
924042286
239828078
267425010
203517527
703262895
890914199
204947427
19887335
844154730
581197244
943580806
244710185
430209332
619277880
755177340
787680084
415857271
890363818
280633126
374466971
429017189
280749922
164549725
297388857
576988066
220030523
355842097
871128333
480908036
571536862
207382007
732332807
319092988
484862557
756815278
169287080
110525280
672954975
766618415
802331307
920673753
213038819
402437473
481849688
289992791
481497600
287809996
614883459
657803629
701966531
519273004
750186466
602162890
477399508
162575885
477844555
172710778
988439145
844265173
616283942
438368523
633698276
827504356
129949886
342362891
336868899
514081629
441264295
334292765
477639894
966440685
219338337
891475925
622791795
346741235
280114349
460474929
496196897
257398910
352498204
743403136
850480021
461246222
471019312
810899707
65111423
865066956
76275888
351182956
460937912
364911133
369410231
421248182
119105141
807219813
768115167
991138755
329827033
873779315
782449108
376884794
981470920
816928075
698638096
542302641
692172125
684173551
797169443
23113663
42015992
283727018
16694412
170380300
283473298
979680758
377581486
511461091
505254722
704965590
110323852
124739412
342572699
708333184
231606620
916134514
522819224
683796581
951244344
522380039
697989010
562064938
519145741
65055405
374671802
330750428
711556953
828270647
148932409
22603375
887419512
425319562
740482209
803664664
526106033
155045658
461587294
366472555
170347716
42102778
847786980
691660510
577614497
138555834
14070178
298466350
100657931
976574565
830300849
101364331
415086865
596713590
840272239
871000443
158406458
376983414
431965680
741056622
288706096
495280416
826492950
192999735
759804719
337129229
19936605
107156684
108789908
933407944
620897157
439783021
110069514
972717185
737545625
915816743
530446322
859493276
179884513
673514389
495389522
45804356
983631352
566437356
79315647
453838431
611553022
265062975
100878855
201674429
167752492
393418160
413771854
56042904
778502333
841670213
73619702
530764941
988947948
780601300
980236757
793854010
52532979
934474684
253669798
362409519
438927559
482682174
994778881
895277853
439801294
45368642
347457577
946730984
896247554
296771326
192726193
288575394
800827770
745296660
299679574
596027356
549943068
163488632
869193348
917593172
336034539
24327884
822992217
436815166
511591635
477010961
927415216
712338049
145784936
353040278
644698467
355279750
578449171
650299525
49739675
119958341
331048584
662937412
296510908
834871415
245513329
389769094
174931090
975664532
534868987
12904910
673583382
147265816
51899299
356697872
824088291
212970728
609291709
874495746
680771828
609088003
935952603
534437663
671549516
738269617
574244540
162138881
879779222
667607468
867374079
459371021
691427202
867123557
731288100
36216539
826780108
921437270
183304828
183304828
486007558
389181480
563064040
642722558
288736118
2605409
98721137
446961222
537448653
313186374
234141596
724428119
553709485
252117339
553709485
748885914
218583792
18148293
377105171
584528022
599995627
77876569
46396352
859889228
890369804
350379620
292960237
872670407
13313355
668770807
702084163
791275462
953413732
354177275
748860135
468620173
482276273
558162724
719291368
222775536
37502117
755638121
688939697
559244868
636797925
633473765
219326217
970721059
717312850
787586979
173900720
970516544
621325462
415440019
708585402
646213826
57780062
776745988
406275877
602945959
222912045
974138932
348626312
94265731
382442714
348463369
316607594
11017156
832010518
159635478
168033420
399949337
318731127
134516964
74138598
968420570
777652076
378115678
258426578
350057983
608407358
932418003
271189850
448396548
102484041
703628253
667806119
737939369
749731288
805186641
225597060
341604554
62081896
813730069
798558866
708649441
49576219
815848126
8622974
641012607
74907699
362433784
910621824
358764269
204218168
846277469
700101752
628910442
23485486
854014392
949835961
285714523
114577248
523781091
175178000
727137673
662374657
769546617
938623882
767890910
308375888
487460603
361152649
195117005
176178102
322664953
741238300
183237357
109476607
511423029
230008664
238766908
10305399
145183236
815075135
87068221
582962444
222600049
271826643
937600251
270801361
957568313
958080590
176110868
815947511
44682130
263172686
211559423
515008295
882402102
699921015
271149876
481092323
609701596
167045929
625281549
883062224
556986811
470540924
919825263
129151171
905319428
705233567
214308361
239245155
641393260
547009659
250650858
430775524
800014664
453912258
724008404
264482857
108483583
181178127
512528004
244096162
83912507
771699375
915263375
454133029
427299422
934854315
121070088
552313466
534615895
739140487
107170186
751871000
419201907
616479794
228283393
996175359
415160275
957330029
498557890
872792451
422656050
457933840
237294555
394369376
855350643
73371429
91443841
776010495
972562244
703649159
525086056
527861433
384050779
62917831
61490000
23734090
622949506
541131730
624094522
288327001
628657182
663145026
265079112
956075318
584198714
548091330
605612293
857783183
112882787
604163308
835370580
738153975
824200561
832862861
608434925
921490852
182759418
900570558
95443068
111964234
273689417
183459023
858764551
191508479
541585479
579711468
202102847
701768993
569109810
294808872
244741595
213942933
877383889
822980996
141401229
692052445
877687681
506801235
355932529
695845468
462744985
88028487
541741216
772659753
612687378
72941914
551653378
326142786
907031919
369497726
562643751
902989795
861025224
650968632
491898925
322386290
153052454
460603652
754252327
442158176
711768230
762793018
759991556
459186270
597264765
736000141
207864997
334814151
333469094
419542506
572808485
6287395
155662984
770915221
837833057
941816869
658136598
421006413
57741270
644852149
682834201
984603543
588757270
205904812
945667623
809276836
844852089
900699307
430816319
978945319
185214511
969746177
437820095
885656454
350215461
512322352
619264285
306599392
783865833
295945408
162532067
857831665
346493389
356033762
279710343
884567801
420549031
282929447
639224541
416703905
52508939
445165220
746198731
541458308
686784782
591267185
163944936
367094126
381810992
580511578
159572256
390389340
89265778
86491501
184567853
176533269
521315944
891995298
743229354
899276422
708647393
547277116
741142138
61387241
3743922
123403944
303776999
517879379
647860373
193949069
380237123
441751248
558939349
675844367
308476784
795129768
331123218
292014713
9212894
679338526
848513574
531130843
930567086
885428895
270185548
394352896
376437136
588046990
232380711
68776721
872926085
501116626
827256383
204394944
843050924
506672889
286034936
681287382
104525957
147158123
130332477
146176957
495413041
796205297
781164633
55499269
383597568
66197981
485060473
137577231
359467924
509771593
438021777
730865187
598176933
196724023
658647084
368130374
855284237
749744440
529885184
143501387
605035831
963898035
693944219
576350561
928641896
690163168
670770977
50379387
581804413
24024500
209916929
71840103
390736623
745447366
491129004
614184723
272343551
825628802
559858037
139929309
34304899
397743715
189054823
934623793
721276508
286033690
96036733
536034425
94889582
564894626
705267183
508148029
952527014
40351946
541300366
673437670
199198730
591688640
733933163
211877649
429272363
528406700
555329929
276691171
927186976
502904148
426017445
493997091
291387470
979790695
559427200
889635723
129423284
295799790
417575044
50969379
186348919
895986535
772096281
996029328
726137422
74233162
386921740
482684598
275103486
500740711
741064940
794370523
976224272
599379463
276398285
53649669
888802276
158840145
925941511
18950846
334126477
926064687
449902526
647700088
361580906
529546288
903681173
923877931
497271056
291134415
90641309
986676246
867380786
166566292
9001982
662941711
987391408
286423167
323751209
286644902
166971112
617128874
73043161
386367765
515799493
420342934
141511363
668643171
212536874
772988319
123837831
748547075
485483697
40911482
637914609
664107920
961150415
788023964
212462167
254895336
89664804
78939374
403966892
471678462
231288889
290347247
903805655
871521661
361908927
164560102
309544482
876568222
653145460
450146838
693041208
197644770
18147863
84515106
17320065
538752442
251406286
575485731
463439447
809438415
418939020
7968767
354811753
922147057
834895881
778851234
748099155
209343773
768560175
442923955
531406696
736067030
390272666
232050114
303809163
554063263
49634544
247459274
532055853
816930850
288404353
658749998
352890469
552923923
60416583
452712123
554734996
169297422
834699004
595397676
852022321
209989465
650855144
643486912
481143146
185109555
564270358
229270701
31110606
901795723
422014134
892271303
695162858
542028403
184291532
517464572
605897264
725530966
186988938
829690495
729511214
761139326
492589080
746766062
182895116
7537955
413826506
418094102
832289491
333818643
627710415
405580202
817964301
283593984
219117720
845561026
529375142
539471389
481044975
152150602
624661656
551907480
16701032
119211239
521489326
478886492
515273547
772462327
507669173
980276601
965558886
312657304
108285129
808272608
821017296
229315409
414496839
418058751
607918771
416043572
76161221
798831688
281659883
781123056
529833950
119961028
487853270
984450071
56393848
647742532
