0
0
0
921133414
232847297
864366335
933036834
628250519
304421225
173070396
623814333
340022197
72659806
952730132
86435083
955348332
580167189
33906982
698796158
332399717
347042282
101710279
84785018
111278148
435181405
389436142
975801764
230066158
599036408
384553292
384553292
959813895
735654880
13596793
968365705
688754549
873105212
888706695
381859725
914115830
438824185
202992167
98145322
784388417
296191738
630095977
327874386
611073781
309818588
722138454
543364507
151170799
336882318
237798728
88498658
343086719
932144851
109047615
593725990
56207313
113936060
212022195
187026804
571547684
180095708
36490108
344493153
220673217
550057825
45844659
104761906
322884116
758511203
884703744
861457393
738361399
418785177
443893815
568798411
345762562
386202640
560878558
609704018
890369485
143408189
124224524
627720680
147465782
809949666
775186462
700224362
23250639
907896268
23250639
32765570
312222677
118483158
673397766
878116029
291659975
291021688
42845623
326438485
913761558
373488520
42845623
22294823
473500798
28366015
694491221
18364407
378652124
738463791
978306296
274672490
954366139
270336621
555806596
135245917
609548077
385103318
295096820
865954603
147560713
306140153
456626738
855337369
2398400
865954603
841368164
990173866
385369806
611649983
451973009
163581156
560932135
145790889
300256062
111345666
587750646
760094919
983797106
825396861
642818629
686754232
37622842
652030149
729130375
92796937
378176763
302917186
656887235
903806909
478863296
422966602
312816319
838480333
785313698
875285504
550923782
67907825
483808104
483808104
276319389
349448975
644975117
174588305
976107614
458615918
426918074
450401424
360745662
644775517
948489190
461295247
948489190
847449090
837781448
555503215
626242521
960085546
62273191
905245293
241865027
763812264
531970120
187239164
635175611
200705637
629402406
629402406
265423530
352519210
989411015
885398303
577716446
860387130
8698109
868586428
917088609
213098906
622671574
427116324
850589129
809793072
68213825
136658859
295187425
758692472
184120866
424353560
472710310
793436985
807234412
736135288
468999388
883950587
522572379
649716794
736806415
829274895
512694307
197507097
664221793
925659731
606220907
852190598
514205923
735366733
327625483
947083956
862928249
476740544
5995188
947083956
331815600
657448799
716880050
768040447
802250251
668861311
958178031
976045601
194750046
84404095
934542543
172551294
348666890
340372407
537204122
424544720
991097384
692123032
955973044
274285725
10278003
154997628
333664097
378551485
223553857
333664097
751264424
10278003
550324844
362788219
194329182
753494899
286256466
915653383
414236312
390865208
544652696
322504172
671674255
598960505
705279906
914057769
684768033
471869868
361333263
685808835
613346333
349018174
828016519
72964933
975274484
282886173
42307077
622836168
73516062
395242902
515229222
591764930
963683546
320055400
172823929
853259555
604939642
788906606
619920165
391571820
10477792
358546881
943701949
684079242
8879428
615162837
363770363
15574431
818544024
224564272
615162837
380322490
279246228
267368273
173190421
542797201
869216905
192573804
378515009
832929531
365083320
777704910
181160981
493461306
687949485
132138521
494949065
252797056
303777557
48462946
226331122
668047378
462019981
930488944
508571785
557125827
161532776
694378539
374603278
221460556
121495251
564285639
99965305
109612842
322981624
42524113
889312888
51497462
560564278
495346213
13070180
317849427
170888399
554793273
535127283
977343446
95935721
442420502
515447528
202658310
109229586
592721874
982213245
85637983
787998214
168439585
205672130
550178026
606344408
668851316
189766783
668851316
559520296
351587206
269336326
381497808
517409273
487708179
172562962
969908758
205204009
900009444
987667856
357449650
47944524
174990147
634704335
151152660
844233318
863640135
662328643
871520604
377095021
896205228
99097703
724148728
701904719
207458537
75040224
90164296
476035607
572981413
572981413
683833586
38433134
810292238
758661265
760208533
953360808
512557637
648093005
97229970
9685450
209096431
619053652
812750028
8096218
485172314
520733897
395993939
275623665
188906535
176474416
529044813
957134540
920316581
119894786
814957853
537324111
44140969
375585739
499203632
997185776
45947831
604285851
198908635
744829085
256992685
238713796
390116082
968744088
396842198
207099996
604005670
810028746
569536534
294584242
571012470
558600961
210470606
265899246
786214041
797810423
269317075
159976044
525879213
929871569
880755226
401056050
356159819
737696217
478355028
224603918
255931422
884790102
950026139
596540318
257579563
724795189
420589182
29095081
352240806
461956596
527355209
840968102
430791581
430791581
270533067
567410257
611010638
687257512
216556511
880433409
266904510
949473239
855457729
318696703
814331300
367272389
935732018
788025409
444051374
483067465
397927
813566367
155595217
606629726
942174180
146391545
649797390
667860274
799541688
441680807
105386421
697803947
824842167
726043509
502986149
143454357
845812268
857471207
39732423
536901047
781553879
756869887
39732423
720324829
293140960
245767105
585257913
290891259
399246705
357836508
346607858
580526906
422514635
241234434
112052604
399246705
217677292
703335374
379775526
577713796
494306378
965054951
589270161
563322080
425811052
987372307
136381103
422021009
364067508
559258134
603077946
742190422
97828750
87991926
906001873
258604112
993518236
205625925
560992744
446562073
147053949
11853136
560747515
12001594
569730663
989483762
39669567
176408868
681054994
850062366
170473239
88965410
609964699
463352248
996602603
703129626
843020118
171702490
501477034
474316845
240943679
454045221
889328129
221682519
447583633
997012865
979105108
408194504
429877017
248883568
409350828
575462806
33467365
72085953
601842748
215928632
931421042
432128276
969211413
259339772
187264457
33467365
342203119
546904005
213758560
736245225
80472871
970406530
939612349
592835478
261081058
952664307
122511062
516952711
747595845
887826201
161505885
689694331
709013031
953858533
974885040
681103318
681103318
590594428
995461930
134255318
877934536
898996719
337099638
518117600
739878192
94574218
306147223
976127343
362026228
277161348
622915926
277161348
38193293
259461089
221267796
248003553
140190504
371379198
244443575
497182426
235375952
214610804
971508596
380776496
248303730
550868284
494085112
186254641
247604275
804382469
20583154
882431681
311798866
262593095
764317861
725818120
184061157
617623803
220011893
115261746
534641925
832019457
298738409
864846166
804641581
108993433
116127808
36851050
585825849
376308313
855861263
563503267
910994110
449268420
992486340
840383851
520200578
802846236
797077456
