0
0
769868581
22229973
522755476
946527339
973311529
568293433
974936369
468514772
583832089
664144612
887776820
51821475
636156465
142515568
253509139
453184308
801018094
617065301
571112530
859525763
649500584
358585201
906743245
734082080
23492779
604039013
829635584
354303829
842522703
53589601
122634811
554501064
872220051
818423337
588810165
423330633
615470100
748138247
7757048
684793510
462083754
962239809
788921113
260948582
225861132
626437634
278753308
603794023
601727392
485303341
760241123
725561533
983398234
744549647
913210057
687685598
447665517
635602469
621680223
530864278
799497261
733381597
589535570
457689003
155501318
44020515
576765714
391037273
173658810
547286600
657009769
578723393
551752439
852142845
675156513
965990896
780359939
399623817
153917845
10912696
566779534
188886454
485461048
83759514
633844226
721598734
949339811
979557757
937274891
655484414
90291334
473872425
283472454
582750138
891582220
34857940
556045453
903774995
870946168
40721293
528481829
849682328
479926928
959555899
262903763
552694670
736737602
181390305
802952220
454215257
10248010
702316884
31970733
798464563
598598391
871667083
203477677
2005083
612997750
781938616
568412586
157108783
45623254
696263289
622238661
51332626
263527587
996733562
487626253
832621208
736716064
409475906
769223859
353452564
887546249
614444948
227310563
774670751
776488437
497665380
110508403
567304964
786397130
906206709
997420130
313057503
948108520
401034449
975933420
112170123
207026667
962779752
972006355
616867364
589828958
619469868
497625549
208779119
179489069
760246178
826133965
425778100
265180804
61355418
978967242
701910046
414949878
644444909
339988096
3060344
455423867
72918126
549177013
621943222
74696473
94276425
722036667
296290842
346076729
745496905
541237755
962946463
664769032
911737152
589733479
351010895
197006974
260750808
870331059
443911544
62737195
489038019
935561702
97064903
1388653
614518899
48933942
366676556
109586876
157368437
749385611
42855604
95191652
598328271
700881076
606337008
722440832
985069040
616058105
272612416
473781099
536216930
806270615
87353433
930836023
95642552
222118365
455699862
418507137
309771915
129221470
176198949
862787052
536335362
508486952
728119490
79537026
149531009
821053227
377836290
181187502
49739576
4793287
251412435
845657646
950948956
923651134
267177463
682602126
657662088
66234833
203326186
671313860
874180349
170772277
693131294
268152845
178159696
85992273
229518769
165491530
647530000
208166424
43625825
356059411
418479262
967778321
479381657
239447655
231975341
127759263
242494974
436512716
459446795
316215177
336443639
976645374
959750930
861983475
664886839
510863427
600992916
705272965
247666153
498208853
27913339
166804747
19763740
414666619
322647729
323121774
111901534
920629446
736036527
540009811
984127562
228728910
663138936
163147875
473444047
913354366
529308037
825748830
446434423
604058568
526492062
748799796
266267256
446390907
790353282
71554818
226718662
864567073
488602362
755200391
774812331
129805155
544626779
384802871
570118036
598220878
289173955
74977798
698156461
255800476
465997898
375063783
773358180
418974005
8903109
539939533
417538617
54040899
119242126
283270651
910389836
224280760
633352105
22443356
517050867
878002211
239041565
526783402
192473808
428736364
901304145
231331860
225168149
417210322
430403012
145866112
909777703
963598910
800826866
429488382
668047458
884786108
233172045
652348213
226420776
655862337
831074045
585254169
178320963
76811259
499616355
492527980
233412448
624841287
760844235
241771522
462291949
350706203
580207689
983609332
730761189
876684196
764507619
859055326
360346265
528381354
505172103
188479629
219545929
951532699
364283126
657180616
334707517
325309314
606717674
994985113
671189149
127020490
489459735
12854493
948859677
199281669
940385796
523325758
564690579
733183262
64293337
682965248
318032239
981204944
983733407
413897444
445129763
868101713
969638640
547316702
781621417
323650936
240881233
662716807
527465212
652118996
329413304
376517701
446739461
349772447
91913212
551786980
46841702
645052065
785002261
11329131
29340568
146352974
85094038
146280073
872638097
189220292
824741567
917407426
499942777
168543074
788647702
481190426
433238327
215988721
993944684
193791227
709425314
32267441
667353901
210874899
445280872
156680135
183099408
141612799
221205404
903608260
313562710
639017105
905293211
992019026
761318226
67818291
846219135
827862911
652953792
86899101
512695620
565432801
44619992
11070991
641471958
557225051
985933146
943979906
40817175
359925443
6099128
794110707
216020576
582851284
240481771
822402696
335489617
349604608
831225406
723316322
89305409
202476872
721983063
968182704
125313313
556410847
874191115
197906665
733119810
526801098
172418945
442299568
406902065
615307998
857204268
155811483
356334814
494337278
953408384
165387350
240033419
97440870
572859080
561368398
919796945
654610179
593983357
686703411
846573585
105400474
987845443
462624314
747113897
728414628
703781499
60607638
356445296
965959889
308705
375797232
500241673
589504112
450887271
936894059
394362753
696503484
269849944
39285543
643455731
929887475
319049931
104441037
439111043
376125408
686945456
698142865
209042715
82340107
715370562
954992101
701472670
373771989
954992101
640316442
495309901
499722777
616816547
429302179
890391995
507333173
286866411
710210960
406983401
202969269
906859802
486053718
553145833
884730788
247111981
816170183
455468576
659749235
121851973
71724334
516857352
200891552
940406224
240844341
565454787
88899305
662364148
563138571
367836294
479930630
348199104
770508080
415807579
800265268
816211741
38294513
716215388
287765659
309858498
922386114
45591942
665898569
212594099
575785683
11288923
33405300
152770363
226703294
826610496
139107416
754261395
171355719
342907689
680349801
82506370
754693655
146014133
928535533
325524120
339071951
448007028
289160479
558960978
572634806
450759110
511467888
246713263
290408048
908749327
5245355
766345986
695865654
263879858
223422627
975448472
375510550
475912238
876824978
666435953
675461212
775660882
77427463
832929581
643244606
271114509
375814978
258835398
526639123
554753312
602410699
391337231
905649114
69810667
128232771
52373375
980524166
296694217
626904196
438521466
484468086
666793456
888668118
922821844
956811908
523333501
763073822
752609890
859691293
34928347
295990466
190739018
965090806
702227761
156438968
229961339
443297938
288776669
207264994
420120731
414762818
231455980
211016778
888749804
230610434
249023299
811579600
172733704
398344599
424764155
462054695
456794175
987474561
548257555
343759169
994586537
737257472
915537315
868954453
770814533
957155198
74835436
691844715
190499144
53057121
211557651
719351224
458056691
56371853
413554995
726279298
605885540
664081108
882239344
123687275
730362895
405560034
958863686
541123874
541123874
449886729
396261939
49300358
620253402
370361723
926960680
436801679
409656851
587616922
656010921
520085870
431500108
488157857
793085719
333670776
185503792
836103588
211641853
576140529
498801218
486157992
126376668
698990364
477512374
857337914
441208378
414085638
40648518
60451977
94991620
237779899
872608301
393941719
909037501
892267578
140078667
371987395
9948165
255707649
335165785
248808999
413784990
347235826
168980010
671255614
582175722
143794872
337345462
232334036
387551802
346112139
720669450
187141765
650102541
189393870
809884738
291906904
267709862
339597818
33078503
925824230
98634785
699567217
648010034
30357594
91590157
308362694
577300950
669225978
307279259
545331278
657736347
982950644
246471877
525652087
278479980
653581335
731231713
85004962
30473606
12861655
23146655
834359081
272159507
950000822
574615302
451932521
157748657
223108414
735799625
236859267
927583114
708886934
670139459
756844
830789746
386370258
542751521
15626003
647983332
43029638
589835742
996240413
277112331
793393630
384626844
156371601
272721213
986007447
200047923
182725654
210291381
953424932
382743228
37989581
115597051
179126247
358210573
399239980
880305484
257908352
898883066
509787432
250554881
621717647
728693957
439785285
556069721
857364001
974702847
111867647
98410119
847838624
535928061
35308636
398587444
790689149
867823418
724216956
798800165
728557283
639888737
820364380
603692004
865178612
550553405
447810095
864496722
615587023
138336878
848084836
157279848
307146471
482866639
162280364
219768101
322463441
978701108
106266547
231204206
55234646
299430734
792805335
645186805
274967987
362585392
443397609
889187646
672619889
475700177
435330674
92832994
340470209
846410180
340083226
106210809
581515032
621297577
812645051
257461003
927044735
924830219
167399355
997081059
869299384
898302639
133527173
403537241
401258116
201645764
37397117
568386008
128539873
155923642
371866582
850093082
185855778
990534547
238232326
634237863
98998917
331535992
439703113
232749125
546280299
224351749
880784545
723915791
383088040
246195836
367956019
834855034
208157697
193531661
290568449
735233174
359367754
669458842
387354971
666398688
935663609
951934965
113435139
681303041
503140843
430987319
139282620
703359087
805731060
628002844
185691108
326590217
233785569
145737994
335337850
924004164
961586158
980452246
282739585
991198058
396816439
33786891
221068682
673328058
903272685
564149955
232183455
230761976
216610380
157936329
837137916
216610380
426452536
516971158
503988698
82694644
907504952
854856363
769968023
149189705
385704273
646743176
465450266
509020415
868029586
927095850
990846383
888250289
297904400
746844002
265065069
232998325
69748088
271902989
203595416
435610045
66707926
660943557
232618316
455383052
948114390
323087714
104510859
60958191
963799614
33967055
658872200
184749114
527437450
223598882
803390674
428565336
83747475
706491487
381357775
499228787
408493727
767636522
674143912
302233391
82058592
101870578
567101849
954709705
179798459
314317170
363154001
523785521
496409478
758011429
460211374
982254534
42427509
793391942
742119746
656624022
507732686
768772334
231605154
305349343
389138781
297832273
988181820
111696757
214208853
710867370
218226355
468827571
68186583
780080902
767054946
157492641
451498688
172496672
292969423
53068735
684524407
562705694
817810145
806120283
16377440
12153192
534244339
445217957
174729026
553619636
109256619
97746935
286404600
473151863
727919736
855486187
968790351
243382742
873692086
27575077
705657914
414546475
336102599
462266610
183237594
609511727
231014415
389439363
217398682
915920914
213888992
206377118
418715935
396123826
113773804
553335860
748020312
953061439
573285750
238469010
32241861
788453866
586039494
103119943
583930287
49961069
130252657
405608236
377369117
267144661
901108946
598872852
200599556
769845806
148624002
787246679
35175277
773695756
583625688
850204855
375645161
191576735
179188839
137970315
572029332
580532173
767964161
187171970
272459283
870863936
217623701
834592933
343548852
368379054
813987265
564178354
658900586
686392056
506615998
218372114
249983173
219539988
417837113
238141857
699565639
660483607
759998556
702586654
902294900
112314436
876108605
730294497
765741158
352653286
333283467
905763888
395674766
252028877
707373057
628392520
309568932
898509495
684224682
959683138
951074546
648369046
673564738
859825981
309589846
969691659
253921472
540450455
886008326
862498081
12787256
905641736
765609314
424743158
105954387
578872430
201863955
934885430
735288264
331499132
965763125
829462915
73329852
763568293
658282730
706703894
915851773
497474382
388072992
161883657
684691553
40720755
597008606
182300950
444622650
231922186
346388308
314038752
701466364
409881031
16164158
411963209
70704920
723509012
467359871
720563576
300588364
746181214
608108070
141819998
95972364
375543190
361180787
366973942
859859431
21322967
268993351
930401303
269959741
284897475
379989356
859016401
643386047
752553427
783335247
135665290
613778261
109034074
155405800
677555957
122603276
28884655
74514161
839758068
433429666
6734107
830011419
985242053
251082631
935238021
477639815
522577576
606327715
401080947
203824664
55008634
700320157
461642751
666870096
503872897
700800220
828526950
465617875
753771802
917123090
198136669
970300184
654736950
761483999
684092606
898967816
981656896
574268381
372413045
527304813
528570139
978895508
430531314
24762021
467920847
111658632
1605775
699681751
774795288
827283757
267297053
696793394
482081603
888848655
410789837
14284306
933111040
78832374
301272655
887598641
469145256
105870089
516072120
571031453
598569036
762959194
267101046
100347491
854519433
490104806
907238310
357530049
526450117
8149746
647502658
979769267
487378375
985464013
264375058
795075279
861235855
822313370
926608087
216160619
437749036
883215133
944597000
170879173
681910843
730646233
105812630
386375756
429224220
346878410
4259569
918012527
659647273
215721306
117736441
412995551
607347242
970657399
965240459
947079120
531284117
765850389
121327280
842062165
366638764
184093215
74117067
122292620
847736892
677386713
993299795
831566873
18079927
649439383
810455821
105459963
607748793
762459825
203064911
389906899
80393696
584373345
413713189
531666277
906281656
310330642
136563777
287013769
931878724
210220893
127069886
906030939
647688277
244103236
508405050
974024215
311982606
379337074
941226924
702317450
762934210
488542740
583738152
307591782
25771766
618447939
67748155
89634763
366203922
609135841
634039792
192439366
195606927
449201107
488622491
163893142
583679999
971554326
727364518
905209337
663250891
673546247
713835138
980767612
576935374
768782782
973459386
1519125
639064683
614318272
803735449
17371365
699068541
141418065
606884451
869635124
799048777
196475492
18398226
411246421
827676423
47169461
125415
186884272
886918374
141930815
433732663
601168524
154060531
537400486
514038887
401601107
587991130
408873666
645016083
938638557
363702476
546803892
619696390
239173439
320942510
259278847
350695436
502125837
51229527
457032449
155238445
781073800
24336057
658685584
121666463
462213015
123708972
772288699
147093397
213081720
445926020
772614140
342723872
178219126
329141385
862098447
938570357
770260340
52327337
572613212
480696338
668790132
470911713
419320401
345422383
594645468
426875789
607453489
340951632
570393225
495822757
778573104
39412317
885948994
36000227
961623836
716471815
733248809
656985917
902456715
68506856
912257497
830108563
930580328
457741488
240879148
409521177
732422905
726865223
423552421
504498501
12164219
468866285
209310690
758569461
172235968
814936165
48695080
722522403
130841526
810539031
720273968
182231965
449989730
820855513
167082737
412308181
573389046
493311238
6559638
563303926
873212710
362441350
793018205
593706729
654464781
478329605
707804065
714015047
135436772
468835937
420220990
470893182
808359310
195297535
608077306
516322523
584176066
301736093
188333762
893396880
825169782
230585360
87182644
433561315
505874177
968141424
45103125
160683313
202077171
198971731
940687570
689871365
390474054
81906587
616232870
833197828
805623623
352171981
154717582
740562750
226887436
338350464
323219998
192871786
399997278
171649642
164772144
385324219
471701138
875724583
981049985
199228733
955708966
592722402
366564310
571571809
696980317
220470426
70565271
548220568
619727109
557055058
541431611
701700227
639707215
865719590
707204317
968592853
729847600
319683713
112404852
430740160
965529037
293643415
55477521
633448290
108349826
948120036
639580702
935266826
198676219
145291083
257785637
297700905
944952678
758129202
5421884
18985507
425701801
845252384
45000560
205910240
436695394
472764507
853276567
604508585
426990004
797311974
6885250
878493679
23789086
836712521
176363146
829559215
237741350
909165849
580191768
842673112
786958944
973917405
427114067
274576667
567372257
16285749
591445953
852928050
672318750
941129145
161207759
912970833
358552426
261020964
637673520
624727430
703170683
362018019
254747144
294997994
541746483
512906409
234740487
489781811
776029650
469690690
198868482
345653991
432172549
754326114
6204407
653110289
380624593
628798022
224706757
775083449
761850782
774037147
206842699
764175000
394451332
682321765
106053689
280914158
350648406
961811493
821110704
969018904
475930141
8038686
743012707
708730989
465959909
756215672
439807763
733646524
450924822
976854493
715241216
930606885
704778730
759298541
27930753
810107572
386400630
110644431
395572258
141709250
392363143
629691468
761915117
270657015
668003030
204612195
55414515
60173909
681767095
8158812
888611904
599249283
248979376
743805563
402049039
190010370
6841470
450418962
908700317
70672707
637921969
980531797
950979355
558946702
876593109
997906274
494810506
462049396
417561623
388161996
330957906
538101579
882393956
242423129
742470670
357130875
99111163
804763013
464562877
404165158
447126582
589576898
137096365
118725116
136322647
57211659
376275763
498171460
126064005
276139060
567855058
83261335
322164403
646048055
49775955
7635448
393230866
35418360
268622555
653543790
82786929
581029308
675832193
231491709
88281136
352977710
33476847
883042530
371094769
789149779
775255022
777381075
762281431
831133326
906357215
672795473
108748863
783929524
224343538
964697111
910810065
184044938
666664936
591608210
709025580
778729453
448517742
90104756
688997108
271825892
645857713
848067491
643200645
295916470
326144822
784361223
601491596
332465016
718474996
82436385
226363281
231690174
874515543
464175560
314108568
257187453
797520476
298909243
78174703
571825871
849310885
808690542
24771293
266460535
428484838
470488204
829977496
128082087
332706496
639834986
715026554
518932234
980985907
781417590
786229262
145931237
725727429
989844842
840191717
280400464
373422998
337021387
281014647
655366954
281398332
415212539
51184671
905836637
968321679
771328683
464296155
189393477
6077876
726422009
264277375
779419836
6803976
616495771
192790873
620326776
748606960
126238392
977334283
454647111
130817567
648543881
136652011
17428688
164079982
338652348
54758634
802566977
716820399
644026518
472913812
306440527
404430227
222330291
617462878
997934711
611743329
678461841
575782489
748571393
765251416
158744238
300402208
513724620
383250967
680388659
66589808
697122565
692267566
676240548
315199768
617742975
771483262
545963482
739702507
222138245
556749379
344726234
440414991
521478625
344447066
595938321
819641477
487267463
277887248
47160218
204557177
377654132
275493381
898576790
663118967
807276050
750750325
124923180
446155759
836731859
83033344
987877345
499191026
116306725
191998550
993205853
704505566
162466849
922379159
950068128
52958
772115549
448851770
867138192
939714769
350253718
57441217
527766852
256707037
836803765
73655820
715730853
195287953
551737916
455011811
31934974
603386154
513668876
104028790
97874495
496530141
147273060
171140117
838109267
838109267
175840896
109132485
691282814
241386206
451008554
431285540
726702921
514757763
309892758
47886967
756378388
140655447
590335637
743460830
932915170
625105058
965474980
973029322
12422939
85642968
872755172
390009511
894453681
261321842
801252342
752500591
313007518
195085416
657125177
718793163
428714088
792714305
444386481
521809556
749134280
912951381
717441955
267381008
94854902
959109626
790809071
465679172
749877332
886285854
718945827
820118812
12671602
708873431
531136471
579223027
725553024
966281613
763493309
658317620
394336157
622862534
270358936
220433229
470864896
255011783
563038971
955849247
178257017
903960344
276471729
99041404
52105311
377402323
23901815
35691510
442813303
114388038
402419959
680802047
688721998
962516302
617482305
534545258
289623937
723700473
464490129
784503112
433859314
787082448
125285134
363194211
498539262
760809669
775466670
180133100
703774759
211436679
845412300
396214407
311844439
805666168
30657100
376062368
95904194
840447711
293068648
569188242
499760593
497731869
67845599
261794678
365005667
155675728
386723571
971283089
418289231
49953110
255962933
302355668
487974962
760361746
958328199
740016932
572877300
327957437
365402767
168275555
837095340
921701430
537197718
543778579
847644255
554906789
751119924
356816157
10619493
538214621
500124737
33630453
548886124
494115696
633331752
565417150
703731797
588401947
50846603
188251895
418111354
754921541
514832263
337035119
232899758
10862739
491024109
826024338
137776426
665572929
133465314
3728602
615949392
466856284
907467350
122834745
285613780
783201581
184667626
285626398
434782463
541912287
710901274
239116313
823692040
620742
533811556
178568438
213549371
162601419
380634154
700281367
436467254
179420050
292403051
59592973
389778446
548322953
175211966
936226704
841672278
900100142
472499531
235174283
549081217
602164478
531623025
985439352
86630029
126049078
765332888
921170516
409778482
613303366
919393054
214358924
631430343
277649922
828214606
554600144
576021792
757208625
926545180
852921403
557974389
469282010
770760864
432474780
656007440
416107482
767675212
632741782
621971323
324863216
302007431
765800629
888760988
155434888
305947445
870612689
73293312
634891349
81921581
407524210
995292438
218641471
942355885
750772977
3336983
833388014
152829395
249631443
972383261
489196637
815899416
897823190
833208660
18674707
518974779
474902681
423473885
8734439
988625545
567621306
568430232
206277688
969321454
154306931
56087013
679415234
352225095
903522827
70824001
353590787
992855388
844667810
864746675
885369772
913010290
299475344
603020409
836426100
294676391
677493202
96596111
136490798
874781701
286046350
818849525
807173097
290460944
857969924
553493885
764243835
397434469
770944625
55248464
965916567
268747904
850717162
465744990
498405306
802150139
836687657
151964549
868751168
64046405
308031956
371852929
506829444
57522214
971837811
984749827
350654145
907119081
30875563
308805256
924072954
545471032
901688931
181088219
636556666
650994714
910953285
533554906
731610882
710189198
225111416
739672028
490162861
891821972
253677564
444104558
609545905
473608612
154761796
322053318
485307663
429682725
342511589
948461936
639794715
229518358
503259883
475593362
791507501
294051608
746358674
485087437
794582566
925936238
384128867
540212938
414743089
480860584
188220025
112915136
949245226
521110706
432362180
786402385
43462698
301131734
886533584
583639504
387675245
685363580
957703303
495039406
338147369
419706788
169002047
54173014
500735770
742534195
73012916
523102323
762395231
420492531
906857164
891004347
531950343
714339048
516020879
107022600
296955682
658079691
989868347
349774497
962304663
426181230
410990790
946359843
573382697
827008949
462012879
326684174
733540428
70477808
245971724
64549113
681038684
600831071
408282212
539774714
192992547
232939515
676286616
274511845
898915908
90188071
248369302
547271735
593236570
975389066
635698532
787937048
99279953
183337277
832186608
73198451
890293909
847312154
220282216
21612668
649396625
385342088
214016902
204344249
640149354
627833371
298716357
574235547
451378843
451831099
562153169
385828381
440765722
437605165
890260870
183307937
148233045
54843064
351201387
894425994
122160610
638877194
886937200
560009252
641364679
51254275
711783954
147483486
315458547
211959786
506431414
16408913
907708206
901108028
719370237
685978295
63935705
473289993
285471416
729216757
796457460
300152528
223731265
465897359
629986235
668296690
272026050
307222771
455431797
717690127
29445584
672192514
484183405
145569872
764631406
564703332
190942243
328091247
764651414
398486587
199466988
839751995
109402978
208036895
273892863
254845628
220264115
776561937
476796883
867377527
332191425
600676887
302223569
772268761
266831478
269123196
436841745
891683342
752722050
141598312
625551829
801891753
573419900
23228477
579332842
718525887
102369561
287987735
197198190
107243288
726581259
922153788
900264431
339873050
531381636
916549526
826912937
421567877
686406354
490116419
162918508
577263420
878535794
568723431
125379919
147399251
346504158
994208327
137626592
74315661
420973299
350198279
460733482
379540385
296543240
749171347
581794579
875424059
912106052
808582049
193458519
685831270
579886520
409594670
76678816
550841428
187242265
582193390
809613185
145059995
746684782
98024703
705668095
911670259
251392758
106247686
554909550
420149971
462094034
997750192
723448515
528965025
261916660
230662099
484257329
154071881
957635641
913401481
956690889
545684254
373928600
734513181
289635020
388751602
838323333
905928755
636470612
286990429
884690954
720772847
553647607
471968133
335114385
709088919
234961930
321306535
100455460
312261208
436334864
244532326
449735617
958198600
782259367
692543317
546782094
72224937
10325292
995372842
726813500
756664477
174003146
240761936
226876310
289705181
132647806
35340349
425435992
515157385
879922078
384596662
661632667
120602686
704906990
810939513
766624156
953905321
637921732
20816109
92478274
846892916
41955733
656983213
66076135
697528577
253749922
630127599
339403204
718566452
352460766
313550048
437686815
569367443
521352100
678110276
44396897
689405573
5625670
984980725
601627594
760584281
967633950
928853832
566819526
808775000
974074148
74104152
425269767
298974149
556966624
256618624
615197515
365071080
663598615
874615634
848795138
576244109
573099638
324968819
485161838
678547115
889352293
263289158
473637381
439179186
103457224
223017702
347066668
580847694
255795381
650734479
3592839
922675206
649505083
240556419
617536810
216169292
158047952
394603509
440420443
850225774
79338537
254514632
452487693
800730655
744679361
702081350
688307880
747538589
362909898
176140004
500854795
392581160
117854216
199838438
475766874
253232223
913568742
940806299
941476015
957418366
306539401
98016455
676437564
731909200
698642148
147441921
319513356
442708391
393375169
346035231
119421043
85532935
350238876
494017173
890657014
229421460
369279151
655064292
594549323
604434499
202462648
289197783
425768160
446545171
221687723
675783505
230344812
11711325
206524650
3303071
566540227
491964608
25196067
203201504
779859957
939236836
565407293
325892496
347587881
515151832
438301458
930892293
110449498
791242417
637471175
10441272
314210202
140742451
10934911
126416168
641560717
996248530
568842609
805462941
803627621
506429355
967274624
160660016
227963961
365301427
814743318
135979626
257178424
923784200
529054779
382290720
964301593
458788354
891191464
428744666
238533615
716813412
154749913
96602785
2240893
746200577
94210295
314930624
92470342
79930415
370422127
361238374
331925036
419406171
147032875
996355617
280257976
321297913
222347425
631489019
904139644
461010845
101068042
833807144
622297547
832322371
879596798
813958768
217006481
115159995
710847420
314038048
496612244
110531240
51619794
658912962
150990455
53089552
368922341
20746045
897598628
904457001
358102086
487480868
819602701
8919375
768339129
446943181
818090626
857016248
692101546
13605455
357952499
517251025
239690032
74416271
458430927
776298278
839609290
674045868
603543745
953424578
415388632
97080902
259388262
733024959
291032281
342812840
375092619
570912877
498155471
510892401
804499061
684661582
626030355
549420563
728902461
185253328
837978316
203746306
329456643
406894456
34499918
402536326
884554553
655999003
880413634
44617192
816230011
856375575
175979481
491382501
892592204
679992696
399217190
130571505
439788665
758257935
901292838
235903050
826850258
893556165
409440292
24520103
305711872
806324448
498694196
741515290
883688674
190047931
359107769
146021305
468253425
647222131
975144542
518748079
975144542
860836602
352228073
24818271
319008771
965881249
225960854
960255896
949509143
331227082
896937922
686131388
816240369
331599123
986622394
736626238
3827249
946068435
693390602
422951341
722475677
858584839
468479286
364974624
311188946
750434577
23107969
554459020
55880981
826654401
15334333
724228424
292281464
959590692
291458941
11926127
761061975
550580870
57339808
289074948
507564373
804994439
350867430
219188460
461641210
512439179
539589675
622919615
282376089
942174638
916012469
580973225
587572985
354532947
443145480
844193149
119922569
831896680
689961986
598481055
930558134
759031597
967245429
436325635
118616181
741358987
277371956
236768199
515113105
56280649
413441545
671826118
481322008
437361489
498239664
164031222
430927896
312090832
431547333
592565033
437271995
214298021
578862604
639808038
533493398
433857270
38729992
964993036
64352827
612065026
966137631
284634908
904756717
933447127
804937880
428533160
133670297
110508251
387034453
989970392
607473203
343167145
702352486
923492119
609046583
247023793
251446072
993643785
761033172
468159177
34783182
232016308
684256439
434961704
901226493
747510491
235492734
718479871
477118228
278032290
982872215
63433495
42390572
606338641
39654447
173050932
222061274
612316080
146758
733050189
555346906
489892819
319271979
414485194
576290994
638067418
738877173
465428903
168662318
496257501
80628753
595984587
551397895
755461707
589183731
230798846
197847037
494168932
974203984
517128592
630458691
332467509
198461992
64121253
688594443
606631544
879047591
231657799
129852421
634866137
476413256
134273836
614330021
910395645
308959301
528988563
882929294
93570231
111312891
230654038
391676735
916824959
386174209
708131400
950070658
600433286
222903872
903012375
812411957
340875324
587247817
227617291
663923070
91773891
273933391
824807709
174094767
797890184
647945879
985766208
626354149
204757880
619351107
59299387
414562328
160029846
172583549
87998824
207689478
370243777
563430711
93595558
32892943
28675898
818119488
237018359
771485173
251744853
877250870
661718745
94310337
47021538
383057663
686481368
900845351
400009857
807723076
681953859
145578909
971568108
902920262
475706555
5900358
597335039
644784468
194379397
880580298
147352435
350514981
95456466
302674318
24408628
728484882
739633189
357506811
212685746
923643426
5209157
484502807
833397860
935645981
326680758
377014614
728519373
786674263
81220831
261349643
785079912
726157487
261993430
572048448
855387446
824806868
798861096
267528000
935063579
496735270
233189541
299209074
661794529
201651580
131442835
640542139
528018914
793410104
197929153
911656932
366357662
647399588
590648152
892455442
833113494
231114641
759532359
542052338
589083175
365880102
570431649
43680096
105112723
547501187
577463761
921566926
179652075
271594989
576989687
176480836
711038553
679849719
118001013
459263305
268191254
471582856
122522071
367615265
581690151
95261233
977548949
678299491
560426032
131365535
135237112
547183603
837569361
283636217
324892172
351122358
291032474
473700250
872223701
340424135
154244882
754450256
352448688
539725330
351290701
431960420
880054136
261727324
65895674
208972089
263796255
758164752
601407351
660476338
565436365
467402484
266367178
438065048
474004952
242445311
968252938
492244677
843211863
71531324
928649873
401138965
238040788
856931207
106217508
669080516
848811856
527079004
394346997
86445053
748122377
876511341
81000079
985507622
810196513
399769797
705572495
901217109
429873838
575668451
893473998
958494925
728928775
781440533
424812083
405170010
867417023
620431330
89297088
436103379
360974462
236164421
614032932
792441867
849794831
272846441
71022197
390698469
831979126
413581311
921813463
808252628
25512658
306579307
879319697
477748505
65479424
367775284
918216091
317784021
345020601
137220257
640790677
942961274
3966951
580131563
969015165
498176523
88329343
966438905
338622908
382622182
248299114
261887262
522168161
260378437
3190900
982357471
920724293
397731721
53828400
760860272
530697271
418113108
988542306
564575415
244371883
397435474
220465615
958970809
548496855
39044456
945483871
561939490
779522503
481575478
192677961
530657989
959336668
116709872
45108354
987788073
998023297
32716783
889847193
360671610
545027026
364935124
212268620
792332027
816623462
186896272
191664022
240122976
25203877
637861721
667652753
126200550
355558067
994687099
591828206
769502277
880891962
115231413
885238248
984449643
429790633
870775409
278085734
325173435
643826814
398926132
55344202
246935080
83842218
77771534
382753140
979969110
147190733
301259736
578841068
75335141
447005017
4633430
246992776
735239960
121036257
904687838
537669
199178397
126012305
178950812
563361003
973128009
967687509
479275295
614569004
986215701
163586640
971258281
725853981
603438318
41950057
73961241
674307342
535630500
917463812
88296693
193422795
537905423
701128262
234416154
892426691
219032501
773166723
861465515
518978462
890082968
341647713
553411155
720215337
904636179
371905632
305760709
264242994
21462052
873848946
605398090
997755232
836620021
646123353
15384793
687546238
430086285
703515827
928255339
787401990
414344937
290767405
705644828
813210600
603067405
766046233
447119572
301638537
727951888
662993186
524456443
243623445
909061698
270504212
882676372
137144078
407771890
319407289
15648691
967367651
681272359
836848063
381323666
960529616
604060868
620282252
387946078
225208641
404938181
745351547
183628629
839194120
165828593
828706031
135256919
696938324
873296291
113677734
62297473
215551247
97330862
763545802
833786951
318150800
936797018
403009256
474212201
356327080
32022445
484648729
56737788
813974296
269764262
180256016
949164349
364408547
135780468
487466776
365786776
721073434
601393933
336986556
345228093
162862540
615678272
537291023
598563294
629124522
643397363
754535331
307649565
170890046
503197771
638018741
680589763
782815294
536298029
517854912
974181869
524410330
154286576
516809081
583684011
261943635
990867723
165735285
837009161
317680544
527302399
86297239
896859089
870328214
242505549
743063539
640101885
41839117
626862862
116746832
571120629
531386006
686898873
39111665
251823169
99426003
848968847
516170177
831928609
798687656
922397371
801648747
104812638
300466848
70525157
922870587
929937488
515790117
131105737
131357199
737491630
516245567
222632702
189427984
862403747
509737490
744553158
474708412
850216902
774846436
867732550
50479809
572301311
396437490
636492325
415559715
208089454
128652464
947101629
257299133
502321738
793409519
211063492
376806516
467145353
685318187
537853487
813838398
926315621
723567163
441724464
625406855
240867613
737920986
357831979
230145777
504953696
443293524
417460796
455920084
683774124
981462052
214602292
227059731
838807066
269928338
258276280
817308037
260964092
790801552
167495412
859122914
551286470
893559661
713583976
240024232
587348333
624796145
677771628
819734058
597057843
20302363
867082706
807635367
982818624
207479063
169267675
528133211
188185795
742714909
583853571
731361239
428469156
535139000
271153307
745006091
890102170
223705151
757271728
605253053
830156574
789323767
871889498
638157608
732813459
794439185
707791225
20039904
684031509
738368637
728855214
410265918
526134184
153375121
964056167
666416682
549965610
212537631
532188696
60102393
520034464
644302997
866498262
492535681
29105980
773894516
179760673
2758960
69883650
602154414
135779222
200339616
636030159
765159010
369739095
114579041
193098596
295692403
546129823
170539992
894284856
669645138
495311419
973915872
457124379
743375773
795644609
980765972
193845517
58679536
735031309
850339332
682627275
502287017
377614944
910970791
140650717
67442254
182718270
230402077
855034696
756294311
54586123
516196402
450469482
531359704
453968918
930361232
189627158
649849976
297881209
856245108
947926941
978478032
921754794
299709428
268772315
994789059
608803003
644218846
234271085
901065168
890739863
874401794
335066838
48037126
703942602
521514485
428886496
663302486
30293578
504209061
100344080
330056234
738365041
460453087
789538771
93371176
844822249
318943302
138951611
383729238
946953518
174851344
576408322
515850544
838266061
425566266
691330733
376075148
539705362
482887530
785472825
580359473
592479762
827275831
474521203
390149966
936340281
703684268
575717591
132534949
654645941
419839608
247684765
693566510
463331028
499782738
144905536
330474856
667386262
531216053
721423978
941065174
746168556
278770123
518411301
607120730
952134606
822800879
734097222
975493845
966608871
83050499
656504537
818010153
54954626
860938531
3311372
256636834
572505295
473322218
860457117
514325022
416736036
282885963
903011251
319228243
146182209
757040798
842284819
493958123
967858059
236906726
181361849
713991212
531239726
428664687
324180175
438600907
971753833
551283225
182914180
762840777
974631640
144151402
273298545
204107816
832290647
250190873
211034850
504170171
496575182
595805344
454384896
434622359
214173155
723290712
412991321
804206499
920792231
438978369
76374589
806719659
441282659
718302114
782207348
134709644
638381728
366389005
650919631
845492688
522642814
336119020
848856364
413645587
82981426
850004960
612560796
14082461
485515161
979793517
908071987
195350739
227019051
766168956
336164070
766759553
310005917
320996486
565858129
277784957
593437226
106780702
833847833
950708195
680148450
573884949
904315546
479420215
750949417
326094155
646614181
670529714
92933992
798955146
942794619
286705106
503353930
555664237
290433817
553628366
282861400
883917892
135217059
136261744
639973435
151847869
991300614
880482583
201348130
669023663
446833982
91371516
941876127
201990101
872162297
850174421
120549073
311047813
955993469
76539040
766600814
891655203
918613262
426651192
980595653
686777799
405281785
354666647
866285066
618385198
342920851
746256913
890157300
840964795
867981778
285923387
72479078
341238065
545358058
747694717
105506309
135083286
387504290
52955570
541872999
224294538
658824280
241730050
262254468
280973275
632769209
150776637
588520942
974743734
715593483
547986112
297564785
17048913
781239884
963805822
736505176
872306320
641935498
525638750
966370567
993839557
778620669
478789608
69080974
653844540
6062130
73133754
533462964
630844950
102202070
286716113
107302250
882717716
400795006
752495088
171226090
951900859
372281953
911333277
398191888
294840866
295034745
705201158
864891692
960110215
456166058
772749406
472115235
811079829
972540056
467602957
477702265
868790152
686507384
712291878
171596760
524343375
261020693
889062664
244067866
679706131
717177298
268972243
155812739
946738645
422351899
849166771
120004787
694700622
902511236
228586247
578840657
99352253
184337762
340326335
587556723
369461488
249328150
197756966
224870154
519672813
112686694
182264712
92054333
352190832
584510718
425354475
805943919
232679160
778749877
152954018
306664313
499034518
406439790
286337599
483669886
759345556
619612072
223444111
211219146
338202718
108568855
43388011
402268988
782559252
363494118
928679450
504460888
831620776
902368433
255744109
392384959
931137246
611569557
229134174
95866304
605141256
229460066
801932526
843850334
716556476
456327118
739258156
998088659
103981293
695906219
860992918
303699300
937054080
148371263
984423519
834137666
61564510
364147048
763884382
370104153
280696760
227443678
587701633
590528780
791327405
577885730
340023846
643977544
427313013
779168974
20017768
593480174
822836402
146862490
140533710
565703440
443985904
454194814
151182361
509812725
449464741
908787274
425088777
567254735
573123491
543336583
784942944
545226190
523932822
682820715
638055156
351223789
138868752
484719203
818291367
78389182
824256876
762577546
989123685
368977828
408739498
795391560
138869380
962131429
972494514
968090659
835153834
862416114
849695426
981644063
512336274
850730647
524700422
432321263
119279472
192209318
414441870
828094588
342967978
925830336
279162451
340898493
728147189
478075168
848999376
357026908
634691114
196929925
644264078
321047437
470204029
667412444
712596237
796640473
727376739
752558671
35291084
673760927
793650674
54746790
194124161
536497935
527140043
46733004
355133635
413594974
583581261
238940564
868545631
545859160
789458384
877140733
366816807
569289096
577428428
883529351
903180777
426774407
315625251
468403401
893733369
555641005
750813859
282319642
255161659
228260838
312198993
178926118
403229893
519497448
79410344
73314390
329291919
867172475
316339959
928523609
390810691
332352418
794254118
271519743
271519743
176028734
329239548
703864134
518696338
324948325
511114423
283722442
780049644
592767513
873844892
432660509
207393797
903411502
294489385
775969109
931781502
403076525
838217206
851105957
307840462
82733636
436892215
465499037
362170923
352882642
186944164
708643052
729572550
136645026
271860479
510205146
851368597
491416619
875928218
278000713
651638169
341266767
117867157
209120651
780063788
291621791
15203296
425838283
493703138
8632681
361963265
710665191
186737433
368098464
735434593
838251748
651067684
902112434
652919431
953712638
532143316
919036787
927265348
534242245
630888362
802963358
283473616
430120923
726065918
435066193
413891523
974108368
846609419
103937765
152492065
78836117
669586123
579642262
75054410
508726519
28834362
337599713
140802185
412911581
38988420
906559262
416142012
438773368
587400000
739465351
197168075
865355767
644853181
564414228
179148389
135688745
949738856
752185830
831041566
795549293
268414240
277909055
296723391
266604415
680215921
343424006
610720773
806013749
916463153
525790134
510973757
861160508
130311864
655396112
980954447
801944859
131475035
62518020
610590007
140446527
458440509
922393007
79416436
211177502
123655253
257664891
866618306
822128254
431808408
530412359
254178372
276155582
933564237
819616161
72249686
671545781
506777912
373529799
899095496
76018313
188792424
38804865
163587772
198205237
865157201
522135412
575276185
858380594
353355754
660019439
728241768
221806633
501205933
567913849
930466487
510077279
618011670
415327489
180460753
214076142
314644505
303884808
516110143
814243704
205615561
383039769
296932836
649338828
68243464
349568769
686369466
982013785
463508164
940923968
671798175
381335229
5686771
651162658
187956419
381240581
746838440
