0
0
0
83964799
80777621
444701183
87070831
372456549
359870129
428144330
434263317
126499137
807456154
495822927
306594699
492344417
155378066
65592265
313710892
82311725
361150267
929026853
676172499
152713658
478655968
770884274
422229934
857319827
473625209
183566913
22332474
408248059
321700164
650073993
604551805
745503531
92367884
34814243
246769708
206797275
675996227
50254473
571059234
558161633
250018114
792378689
120216329
595298027
221170240
915284123
25135486
644881070
884553180
578127869
185594191
454390672
521420757
383450223
686119682
40194610
626071372
614216670
442303392
919835603
598913405
334726648
133346538
157182500
133346538
676709223
540621066
475600200
837063503
370073760
95566478
869344514
948652370
668248032
377739333
536147683
794271147
692924398
47743012
106940118
657598275
209732700
231279072
669890209
913098227
188558637
812429963
466822895
917777977
615950803
208805517
217594616
346072924
679618203
346072924
825600077
169571398
895663767
54573418
640000210
640000210
806432647
997973248
348733214
732060703
744728473
894490379
255652147
496605475
96303328
344002541
493711227
60673753
304063724
192721983
457046153
831596192
652485738
978552417
638182093
102482791
202447004
44880017
353487713
575906731
936231074
643241016
930000076
217207115
431688485
827857336
697920873
801710660
734428553
914971163
174477814
216535061
112240401
686809351
587772668
787953484
147982054
277590250
333309996
296460339
42927972
116158449
579367919
462151440
353351382
463835942
616286996
801934906
585418492
368320385
843642413
379261479
239428081
336430322
920563989
611331857
270413309
516706565
34832749
318546554
275397486
142539152
337963221
33078199
349017345
884126372
310016460
622020450
230614757
901738751
110929120
368609264
923763013
841771606
556267355
650078092
687063594
413561617
194595446
806663959
771620078
540066250
793521053
995720466
222395526
386463985
382053006
322217035
218830589
249679702
684481733
913802574
94637715
831261804
872395000
304156629
313375306
831261804
255342735
888425151
396796120
510136263
598403776
297401288
575018395
838135426
833057805
562722233
438533302
255387977
495957195
718545219
543121167
405863553
500552708
304393267
355939560
418112117
580917834
883102303
137598695
479566412
188923185
512801131
334063477
498190379
863762239
462689059
68684800
490885223
952603333
859745627
826703143
283046833
647837036
299449731
245062771
335538005
1534281
661502781
742539828
868264217
661502781
289580659
304502257
583742929
206398334
592538679
694212916
138359814
358862716
861005097
275813510
734400536
357712422
515704035
64485257
256814893
864954
492143141
803268293
646117459
241418612
679826513
98158090
483735152
739795841
280083457
59628322
509826034
822691253
627294693
827561057
125529806
961473150
880686080
118666388
588646546
174553878
473198703
272264728
191853853
594329185
113959876
776031088
414802367
383024811
785144308
50017731
122541831
413462759
543395845
317038027
866822805
202074754
970609392
355891258
363027774
852328991
4831301
355474189
585931212
126588078
780759873
867076941
635758604
815536736
472966277
185475278
472966277
5583259
173874834
769418127
547828284
893272272
331296966
249364659
708855145
351861206
303031212
545523976
906725424
507590065
202991275
117597713
478455468
852229041
644609806
86728935
725272700
59362394
846745118
783811388
883451395
167745233
144837397
789739035
834175211
78131213
481714318
369692203
617089685
972374797
687920894
434166649
266390665
74745142
623219630
665188473
574449753
790982584
638003213
160343191
686002660
462300649
611568543
51067267
938005557
518750106
609146642
31670228
119699224
496479222
254768956
423468634
927258206
288625503
512761835
128739505
33892893
91430566
433179968
722955109
592240484
764351900
195322992
920450773
403249612
141951452
764931322
916857201
454416840
980864444
582913439
980269875
527750688
808068745
871580451
107703398
80981015
132357183
549161416
488139630
42948994
358398702
985855747
603585515
653777284
89815705
958846313
848592201
504758903
6572082
100144007
83328022
775404841
260229123
702530556
423394878
477997459
710393558
132993176
714015650
952450092
359415767
873496185
502357656
764490368
604774584
224479394
512859167
525993722
924279572
905684415
337171100
376814904
947157822
44203291
497943575
247022755
592253384
457276971
962875014
864664302
859521484
771110531
30595697
161442310
255130476
622572979
717884563
132352797
71529564
832361244
214984665
207266027
242898211
174138835
194894340
317975760
283930952
154615329
578323982
187703005
950841035
819255733
610508360
441736669
177134219
423281021
704179267
575853649
731100462
583281008
549287153
303609409
825328196
80934018
130731459
519970768
818561984
528821306
56526264
962579053
4413326
721117871
721201854
968457541
940367866
514068280
597104144
257742102
605369519
404502867
267466959
53234636
231254392
931240141
567768950
771024391
299354502
893311621
184069567
278839397
298413361
701013097
676605103
203163086
497425448
102730670
251484480
543239195
101302512
584527491
330159982
49040225
272946058
183433149
639408007
871584073
427415094
813175455
42452777
860301758
387030783
622379723
983724034
362270399
433740599
826099345
674433568
198331070
126310297
562116589
905053213
372116009
33075758
981499359
590354573
922150271
122879471
783628921
646177466
36009588
164265908
725232066
106710561
282327800
661845886
205159074
741258050
247705466
530810958
366178130
759562999
184233969
33047377
925941379
942509697
818743363
117445499
805624691
855171964
994722820
60877373
418281833
951539889
938923158
31476944
401514424
304105322
691339285
631152688
48395785
47803046
987078519
763046466
342503868
894860800
981955341
736921827
637352282
574329183
279328999
975739977
521709493
369616729
979123911
884014106
906144010
726072551
925612622
813577489
622104682
726072551
524832025
820566122
639858574
791046128
859475357
764106645
592154394
702780458
128828767
875917795
536904287
897693808
401195501
505316817
818617483
354438516
894660337
404491696
312706184
507011632
303497933
469713188
962068927
377178256
335484357
538039786
682332513
682332513
399726991
306237965
812587459
624529097
973423493
722014508
907442541
326830944
62420021
289122556
724742942
681366757
983953731
136378144
566270040
429545567
956857234
426315404
196628615
654606022
816218173
314972859
491221749
396577548
494926548
821568253
889756123
984192846
318010265
282270816
916182078
563947350
269295326
36694825
715720262
176131821
760308816
538483555
565329739
473020440
583628225
233905698
827219511
518251440
544615445
269344027
336015345
443330309
783708711
303516335
642592669
65365844
667267049
396266755
90801391
392860945
883170272
440112058
436341746
842027594
265457518
961048130
511564550
975822751
30864669
305332954
144538936
704041023
845350739
920099221
478754055
659148417
768438633
728926849
762650475
158949119
180164620
487699256
159166839
466634156
827079166
360310452
547434547
494770288
800833674
913827178
238791882
151162996
870091339
423074303
508097353
842841706
118231273
553757158
378985175
499347756
649031540
124384447
426231215
288264948
22562482
421296326
486941439
136765878
178119364
573410460
380248087
668182744
925278630
633001440
121996180
122950098
122917141
485982119
131716122
300826389
548313510
22615939
47245596
272169925
639145109
24034001
198401551
954316064
783927412
392856482
767160172
151736686
573404310
813076920
888135092
75614679
549825527
104731657
910812945
137210372
264916759
621091607
140625583
10213215
152954595
837454571
269412648
79273668
251400084
990713086
699648594
139975139
803105623
269987796
272826655
645867209
697506631
475426510
62818257
721529299
715932578
525066354
726064490
444222434
913704187
209329722
796189087
499505753
172058641
823947444
692995163
81228413
157307835
876290714
791817393
391884672
760991350
104783730
41613137
590943453
701064229
614242092
807574666
833750331
424266551
414689310
748359676
846698029
843556844
898554073
410689588
280641402
751605565
533296621
943558626
943558626
466534096
654086380
469830058
307866081
190770813
126628894
650194279
541779322
144786665
654716719
914649668
100730971
114916573
229622068
956259700
778644373
68262841
757404765
298029984
339629889
749473990
65822129
117496657
427332144
176396507
519145694
368688594
755495702
579099195
283110892
954810630
214915614
606965523
400942098
748269041
252532144
448247537
493559913
622464507
789975048
391929636
278059826
72097706
501639073
958081789
677259287
346787336
744218292
480215563
823111466
343298667
491908493
243101713
110402062
510372038
900379382
457980221
820390190
930653432
663988766
149878657
350747292
918251441
592281719
996840847
951219416
658337185
189233558
333007329
360451045
577356832
871321781
637458985
526938450
44655907
989229918
443827151
225182239
819484853
604724970
86174778
513396647
304618389
860879739
377419326
56631750
312629392
505251731
302613842
388292934
154025963
954801587
873094102
144915849
625856067
212581214
717190838
121713115
510587745
510430543
151699396
411183471
822326267
15130540
562311926
792568964
958504455
15857967
454062098
571636301
877633122
98626100
99570589
87379076
142498719
740350519
196801170
73337665
680056476
664272678
849851551
989923246
727940155
599725029
495317806
690446756
704783209
972574760
588750704
915639210
470436172
133720371
794525911
422068251
732392167
89479510
479993899
734495547
994073335
475802708
648164000
212094452
104185003
376308741
885708013
516447372
146694881
306281322
489308854
713802736
617770550
282227741
564758667
445848937
339931457
161723227
39795721
312151229
817082008
710874543
869826927
196524594
123102591
786398407
811514650
620999429
739789218
575355392
204125708
780975255
731723149
65243697
560473715
922614179
752621596
681696327
2570066
681696327
622452909
566269715
863735057
212211896
415905776
81827604
749019864
252929623
493036562
585702190
189887021
793483473
502026977
109482376
99209931
658685293
516365868
912049032
971631472
857136108
293593065
393011393
7291260
885717890
275502562
857904849
101790964
744088270
350457087
565598788
27128023
943341235
401848483
803367601
775095645
115907570
779333096
63499344
126522665
462779021
440855813
273002879
442660813
480881953
34160263
925020226
442020205
204135396
750462352
101736304
530554029
109605469
340663559
951708697
722042335
328530632
402452056
74997451
747884855
789770968
774962026
38415731
725073353
493876886
640895256
103584252
844927650
393511703
862589164
253262969
619833060
679286411
92802187
159403644
415787180
297497994
182251735
460150313
737557908
80037408
781550617
666577803
859779462
731744193
346090441
225431386
892978990
571135077
296810939
399018121
204833014
156783291
653735855
259917951
904495198
643211669
263486981
977598728
959310312
108065947
575247932
575247932
92661872
203374851
290154287
200198874
286548467
137634603
372346986
879143130
758326043
209777413
568633969
163694291
516324807
380027048
234547021
4461716
138431052
503423461
352277275
856943868
7828887
550084807
759709496
481499678
522962550
333170547
615217586
665360726
663368395
847311370
500574347
367159839
283963666
834738687
644433332
481343671
881718492
912071219
673119157
832961842
919218433
361262439
461137641
41003251
342665301
828206540
579161617
376418869
847485032
380104017
901325733
775581677
247205395
799812649
554267100
319031220
878595446
186302713
712928436
88731092
458913132
573479231
539389986
865800930
131639914
521492792
753788634
931190915
859314702
609644296
178470191
624092899
454447085
51959860
497584022
352285578
537845677
354443274
46176342
72979943
704323888
614486381
301229892
768362515
593759087
987084913
929286753
619687044
431771158
26807804
265737547
298779356
576366584
624841397
260706338
524827120
265522897
556700238
674485998
17993795
294611343
894030125
528655764
641448084
370083206
404567329
540715407
191046960
546046621
534419578
520721504
480655486
392863300
762383033
474730910
684076567
299684031
655015995
715366960
659539220
669886159
131545356
326632911
277879134
896408120
129803962
322339599
258840135
487778765
599321265
595561979
323560709
815942064
641696987
450259349
395991802
513360956
383085157
884438688
473537430
283619468
283619468
448596735
896398394
966256496
483813365
866433128
634681879
565296475
506477487
725942548
816904123
221112690
255037168
59433400
936211417
929951153
168246181
624357512
515677100
972160959
332782526
81736437
731504437
333656785
884785829
706013571
22700352
116322435
84006037
642907690
974884473
632531225
784197525
807261184
679926974
103496901
439560160
930928873
16369245
41738376
329846189
742942180
427431902
441295031
136652039
164109341
344199793
78485395
822753337
673618507
223701876
837248275
269419719
344199793
261958038
412052819
942978384
956034709
411820685
956875780
767290968
513824335
967427706
106182087
900568897
40234570
359412192
367549072
606139848
815213164
894869807
943961381
461868655
343148920
567728393
372932149
255906044
440190432
731283174
609017496
751040182
792895833
861270512
461787327
711293385
193625150
619193961
921943561
463128477
640928913
340114380
767677967
947579257
178352003
181391322
761145298
134382501
343526831
206644327
476936474
103039560
134539579
541991614
261310403
130750917
536995496
884070418
748622944
429221819
386760187
240064635
628266763
502176540
104929479
81966542
245577999
275379331
334649342
201709524
883818721
746206342
608473605
119779584
635311891
343156099
246339929
417923900
761105934
724987019
361943754
952015121
923020113
594000728
945618871
692235461
694093149
400364735
129535576
128278706
413150757
879213903
22523317
832244040
819253769
119547106
327935016
224810220
176473595
236299883
695796176
255425929
182938327
556883075
960552065
896534112
420490288
649503800
730178320
905691144
947835862
857595956
22003736
86053043
204891245
866952053
108082671
173930230
75067706
554997172
493931495
230122001
21419013
556464380
437702164
688104236
222231019
37899896
173229477
733963668
676926854
216288441
904840208
768683992
29935282
20338782
499061163
509135769
899215468
919898346
53559259
12787752
508591042
882316432
555010384
309604770
672398133
809857427
912896340
950083573
208946040
739498921
716882739
325692977
489352915
90638423
279176016
863124994
111215082
986300317
347742509
818099630
156725823
18271118
306957435
613116280
333511653
925511357
403217422
743892446
892745980
638937523
499723690
398071794
312761756
948001408
42631738
180178201
166062998
520153192
584298989
817834341
610138622
752816047
798370477
814062254
989947992
444395426
237436769
716379620
601703619
38444406
983976790
406649157
272484297
308323983
214485022
436502865
951729420
589304455
385493992
948936233
365979779
249038391
411635405
77426393
300648512
121794685
236109438
973683621
825511457
314048182
965649080
649761466
978518224
361472256
741658546
863552990
104612782
236109438
487278867
758174751
706947807
920320332
447421439
983871306
36060043
1671945
988533245
920919373
88018894
621396974
695961589
729685167
19494880
576897390
982974361
865663351
228918244
870326657
819906657
423993544
513026652
757347288
704023399
950963228
442775125
577151818
390229963
896551810
769554079
230618478
413330051
477801427
882702327
599317558
327934086
886339086
349376864
596398099
957876338
465817367
244085700
103593274
287381840
362331728
92931830
843711351
474940663
437171237
348437684
173212301
835666278
830994352
508149876
33115963
888973992
9678303
305888725
773940743
74631487
649780868
559985525
882810172
237557459
118796590
839074329
338844990
439749835
119265815
439749835
379919939
729599978
880715116
440592082
899927516
638977085
888223481
114058361
5090761
21664015
797371633
901892207
508697487
817704516
277859485
348395903
116527091
841740439
560916230
841740439
486008708
752895329
888126908
134655239
703207361
101428910
373993146
780754780
317382908
696790754
568005492
381079085
959730169
291908853
455136738
537999826
49624295
265803806
851565745
949106490
952495030
493122604
228140550
889956847
628791886
373441682
121641637
500046219
464530090
890974614
941431152
259543066
500392099
22727123
789197674
628319489
301160757
658910231
859938787
798398752
254269344
889451429
217564212
837363722
536078726
890853748
563992301
131704336
527147522
436691636
901526895
562711882
908335675
921125774
66874212
601650581
324938729
524364639
131285915
123000499
145452196
195546599
170651756
133886320
604120365
418875072
935527666
640169275
39141265
570136866
621953792
754375450
908150285
386092963
293658039
3256926
489172359
990020848
481319847
219372065
331092654
347713185
537780637
860807838
621012345
165745220
275507000
945923918
819378030
522457401
554170934
751061953
426139613
837317836
414470707
193171235
826107625
367843368
942016852
817078136
520853937
178975490
948226130
960285527
727323722
626983990
705849915
924524698
924524698
870311408
367979486
409724123
997713299
818019436
709836897
621540982
164076336
7487785
944424954
992118524
668108716
660620931
201626465
106048354
502731174
652762644
606657019
381848324
925121430
879584559
332822866
500197368
816222737
879562790
252469762
73046812
391290027
2984337
492000767
37497716
634091784
477813710
933019140
57558121
898687177
866138633
829035318
985693831
340527951
2538468
139330352
295658276
830491463
881545221
348324508
375422827
987759104
758330532
984954775
694632883
886579333
787152528
910002152
944108703
91226774
158854114
784477762
497066368
337748576
840444795
378968827
200277191
729274615
239672389
293700052
131590420
573187225
288621501
19080807
954752457
588301993
319764767
279708813
17579597
364607334
880433850
4738775
709724746
759706576
787176236
393503956
661098257
741284538
115222755
558459928
591888216
435000260
231921074
280383856
549886703
549886703
631788661
707198596
465225476
218254370
692288943
511586788
114877012
255897232
54875687
564422497
406713222
669179519
356235523
756698540
671580548
846234971
17632043
135350566
464004386
964754092
670321826
425489181
177280956
872142235
783545413
158733386
858408997
874638884
3143153
994531648
779921584
528751203
707825308
860608102
34192046
385582250
961143157
295103439
269991163
766812930
793553542
773414544
18605395
876916568
769062019
104445790
239861565
838983526
238299499
465240065
433113686
390820988
866974485
508276509
88894502
63450624
942394297
676972131
317388353
895250055
421866853
728369019
347510410
137824804
289597285
313425262
352321012
727813139
958701345
160161832
637551826
353333770
393602005
135847459
481538086
393969763
617858227
857000858
646844254
904460308
409132529
932919191
721893663
338690888
784056437
885356671
321529264
73649356
305679254
33142052
126909825
84648675
838632708
969503940
956600530
777171866
49086565
992509410
192858615
265770439
184218564
686860758
711133813
293332692
239885012
379182910
676276596
256427667
283860442
311616890
174724917
269860138
250406234
802371979
24595126
936135479
993511394
560416559
667384057
598096053
222422650
392323147
336443809
101841955
882279575
338882510
500603595
270506803
26919268
326526496
558109235
922404908
632850886
918085945
491412074
169302181
121294731
283847510
399290488
670624559
804303481
789673809
337965919
259224512
714373150
500634421
580222643
429902160
411992233
452997409
792546327
843651083
987619979
993024766
758819585
236477775
888716114
415868475
551545671
701229091
945073221
442199152
504918455
376151503
955635289
31589517
223337413
61098847
310788862
813517710
516912449
257282377
155142541
157266865
684783894
483025534
600349405
243101564
10579925
515518758
744434531
226252782
649988136
104391781
684737966
992598972
194618733
138543772
343808899
763505910
650191218
746220739
914400987
475888546
589232937
756892391
941749386
40373448
448296279
895309829
934192659
561130243
672900400
727001997
935483681
181700349
432016711
167288371
928297227
19624469
384083710
118844340
622973013
733361616
153445532
906090852
86009102
151179665
713737147
438875988
32001599
703792939
679713297
166006929
221749550
194015142
289089891
290014405
540130796
348440058
540130796
483409700
758780575
224037542
687097004
501428998
546700863
574728309
477185436
914060023
809511028
411650508
519991717
575740175
552777265
82975071
179338517
612265275
22149128
861224
331739824
362740081
232396661
796341903
282542087
519128220
687252818
676561409
777746119
88796807
181144665
328843656
633250586
789677418
867035426
408591873
90757158
519838742
206246755
863479474
374847866
484858593
806518224
717716372
483621464
55843112
638610286
60406656
896937795
237060086
27861855
540574243
824817143
747143978
155946282
376017629
304595289
923543608
184833268
310921015
350874877
863347610
854706425
288909620
751621761
61436732
17543156
820813045
787268956
602820045
596351716
464206367
438925727
925307912
501227779
276963004
695011458
171704949
377486198
40899249
57357096
925366350
732403841
399986695
480753542
186513215
369764510
881628629
777884800
472126752
975625628
874532530
946724410
585850580
970510318
745998692
258802794
419503987
868812115
732941665
170222465
868812115
868812115
803077045
35081050
438667639
985830155
274813340
228093205
944228676
810071498
238511376
486927129
420834588
395679022
239183747
574313983
253014318
918739831
302416509
786161909
693459642
634862769
440445324
993987321
519232435
498637420
44325090
763205435
948224149
153421308
751921080
535100521
169795109
888025636
328184306
28559769
420837182
993319605
565001129
373170939
43706045
97102127
542264759
560249769
937023612
64409745
955376872
714595090
970026539
288802695
404960468
584298151
102638647
983139066
129813119
866720766
159637634
902509198
307918594
331382434
848849030
533032506
655697534
66241508
35650060
490281192
650237797
917988630
988861669
786356063
84179761
624719589
77941130
352258210
989317125
823054911
656572066
956413139
608899000
254897440
320003504
783826271
363812741
158933631
489604113
114664831
394570470
513285763
308168448
255760692
891298165
169597112
203169572
740946225
983949322
449833839
952325715
354126390
240528187
126407081
216066956
154056304
517072737
955202899
362006725
87995255
60440209
372723994
94651474
501405418
695523876
207023839
625970495
40060649
894203628
339072442
624083113
758445353
403594895
288223912
331980556
603824230
478663311
662736554
329189290
715334930
687598763
657513394
787720562
692589934
803842811
321305674
846894101
153079157
450171800
268508528
523105766
761338073
243210291
25211327
35096601
952381718
835986805
270402710
212895145
366095229
434226219
173834360
280155101
823975617
937215987
273972381
297105487
133334909
297105487
957537334
121931611
272280049
381501582
96840786
210568227
756673025
971133788
242468934
917117500
363970332
434317320
832033551
541981687
510951543
246907294
289078261
158168744
295961110
743672620
840304372
823234858
606795297
158792033
808075796
760038004
94218826
978494931
784041599
732292888
331315697
986113809
180768293
883296090
125824456
261128680
469452526
552482600
451634041
635815282
630512373
119738116
462315370
622279706
121363639
621883253
113475300
161806957
811203593
144718936
896175388
301409615
659384058
81935379
909469944
860880785
883906870
216512852
454278190
207418058
676233784
933607502
13932676
896001826
893912120
666741912
966410920
293987375
146421220
162765842
819551445
554451601
882636434
457443415
181525394
193542375
942086375
960140221
612707619
302279138
400916082
609446767
32344728
208645466
484936975
310281232
492040123
802014585
849953956
443423083
210287231
812691548
702076101
225443951
439164974
917022054
694542485
923396493
757979560
912167816
477068758
578117586
351122401
295828674
132623784
987566007
82366491
655045149
203727348
484853544
324306801
141394153
221341963
641222593
147009355
589415154
347045747
982533834
447211207
245691321
727187615
590053926
651298093
6961994
441492782
441492782
63134821
74666785
757518707
923149603
293454184
345407979
567035869
378214074
419121647
780385289
209915537
885729737
902857945
568327826
415458067
962604218
954288310
976167865
112149129
396895663
515869292
672438812
46334987
456850582
413645603
364426729
560333144
634618938
453531854
758100788
180370928
720289271
651753271
833144358
847825214
275257908
99473393
724456406
960605503
98427968
586530918
291714402
508277420
365570944
586088096
219682857
588077398
299662975
928695739
155327314
978706851
345025782
218422515
922342356
79236784
910191700
471443653
211847240
124895585
335955208
228625317
454407905
294918425
257755353
743888095
709087167
365830458
387645530
634848532
720184718
48863708
724387767
923966925
401227599
409552163
310246897
665490582
124970223
174423595
949286038
889711336
906695636
827079208
345497891
668644863
826215919
282048799
269262851
72368495
234590434
190788894
523765910
210404523
297939773
944065619
286476706
210955936
1876409
51003696
858477469
953508713
852289652
737620892
883627231
733640793
709409877
118105248
98914390
314813170
914517967
640597410
683199533
157138688
158082963
325552590
375605781
886311093
613095247
646087329
807774510
75410850
714624150
539359925
668805826
61834833
476836790
256394126
708160432
905601931
21485131
972114889
309298323
87058528
415329747
816396022
183919737
566554531
702240278
965377792
587776262
294410222
36546670
233047171
17773195
991903143
617033913
36457051
7912139
895254272
952791871
426160787
415223172
684189535
820566151
641206748
344816019
124953157
199705742
406134304
100901137
737283650
68854348
376706348
971265101
301129694
47278300
755070932
523092255
642162296
701186862
283065155
268787214
708198346
549380734
397134160
975260704
390351682
218378631
490733128
645948347
898353749
173437850
372318387
570733164
700090956
716231782
184753771
879302663
595486187
712830014
574765125
180388311
195994328
887487986
291144678
363756462
657402494
29754709
120921397
225692780
607963032
477868892
395484277
345416083
946361451
59724073
693042804
941142600
700431501
298293620
711292185
693826709
790462190
835407745
98689182
953716650
410753918
737215002
394820357
394820357
274125003
560655215
970139610
417419926
352206924
467147846
798324947
159974794
419333106
687180233
997554365
367637862
296088784
703589525
716783666
489601059
221995603
797309289
410628848
210443634
564222257
632624451
326120524
371834729
813564432
424144630
856605720
234510469
36739005
413375041
885049442
251137738
468637166
206493180
546405977
389222970
341518774
564460910
300328200
920829237
809349217
622014510
436154110
479390268
179771030
650201717
7003749
294468184
259932924
805699807
131107445
543379930
927624387
532892714
144872859
459617642
207172257
257942075
573027658
384344022
391039514
560595665
512505819
185134617
213320505
766246894
361659133
215542456
599699400
823438705
965154274
258994534
824662927
161744313
476617094
112581496
141472587
837626744
292890061
243997068
746798077
753481854
410992893
678680534
988005608
646938370
250031590
150253810
878393352
764515123
885918707
459576178
99405004
871525981
103112832
165556321
457274985
122837988
450246557
563014351
443824300
107371447
576249316
237363504
105845876
285755058
719116867
670860846
704595075
780379563
715827611
550432824
422745211
607792581
757880195
757998933
752055629
346034655
227155654
360800966
395705948
424142147
134857706
864040105
875801823
25785621
876885840
863200769
405539899
763334263
105067660
550378150
482931149
432938173
61371559
126246463
476618407
142612689
573027350
450578923
620501346
354217404
988859928
304111609
543679560
192073312
330698640
546699032
921591984
258471281
537768667
190517609
722262386
957196102
410882273
457152351
861299871
753411240
811927020
698023901
287190765
923635393
369155220
103419821
371603687
386956035
689775429
41456165
386956035
756073452
647572699
953142266
935107505
530062950
391073225
227345200
890199680
283279285
671073625
195744794
419487435
788811087
408987112
378554244
801860366
714912085
777225706
524410610
832929771
195058846
868596952
143852751
36215110
137950596
790399078
104957376
124271877
867938238
765782403
795859883
971859260
605127913
984961187
367855191
158475778
544384327
723879180
646688562
124882589
843376845
164478707
187862603
390718551
299942899
939829114
63108530
933220230
427795020
352045127
836737515
620803432
98672627
14368328
621770183
546824008
318185071
448956308
349785463
633159501
399278063
138788378
56084964
992809075
369175265
614826110
294628245
477854277
257978203
142103916
378504793
402180322
538953003
893523484
27212939
117325462
4040015
234727576
966582642
441976967
608624127
460580641
439101168
834573101
119457237
451773857
240883787
888904223
678248254
87376841
673254012
856063995
723493874
344677765
933693457
11384307
490999527
489753324
273104279
986655859
145183369
145482931
206898987
268131799
751271805
157590480
758396004
647447733
874046870
883870810
914469033
212807582
354562050
587290511
370467985
433016494
285529371
155634306
12733193
266359167
156062499
107626202
949032494
882734687
627002016
555099668
842652717
488177511
932044214
885205381
765560850
651807818
641527076
318168363
59398374
261881631
979051046
918731691
601816708
656536807
159929339
588637190
451863169
176430029
255633736
565581878
361046022
837400806
457012857
152872651
579909031
930162174
455645551
657261764
189102558
495092882
781971722
891750362
216285769
921999272
628323494
136947740
834061283
427654114
634891087
251308909
902385667
31589209
889103370
945897692
848989230
182251123
67619297
97619837
136805354
262586920
635458093
731111956
673460343
371142577
357976332
25478168
267575729
227007720
455006424
169319389
519356631
542554295
355994948
604173176
461911807
477430815
517668980
565199054
915975181
82457476
82159699
747674792
87300189
674630083
783263570
592380823
567195909
834200567
168565751
243099452
693670995
759530198
594982928
636088259
620190037
445907422
499011398
775628957
554177794
484254746
455648425
953150897
703921932
484254746
488376057
976359698
371653819
393755307
762630711
206905344
773385318
744289012
709798792
12036375
599202278
365754195
162810098
503101651
370263032
896467519
575959588
310608284
528987182
655690195
691124776
287169760
307527494
670124804
430753285
379818357
806557054
278147022
447351060
730775262
842801732
265848006
213785907
911035042
832866287
682500635
655758357
298098380
746337966
621026209
55971913
434697836
473352009
455683853
65623043
304025124
172600768
925948881
518895952
151658729
265137873
961890342
175623243
43148815
609822385
506458361
997534475
995875023
979214330
376476538
176191740
44906902
144056996
744232301
860248387
827013091
339960935
315580799
360833513
480781277
480781277
869277021
114129111
977529521
422175947
14599280
380254683
801387820
953131676
736374876
276295811
875525937
126013694
785890843
147423410
618370482
407040250
251108899
212969762
667559351
131670041
765594868
126129784
419865558
516778062
311330361
80833864
336451758
916523446
677451226
677436749
324010315
839571287
577263648
467454698
901483903
463088305
797895937
393499106
294167360
143034581
791285904
235867735
660188071
489965524
286479400
514698465
656308386
451264427
95495018
238189183
851374251
394164723
703624800
757085568
462444073
861099978
432202587
327766910
716073401
612757115
786625346
682301620
392140448
722892475
602432917
749380906
448537894
571799255
915363020
500042161
936846644
627211037
524847945
13148536
836025281
941068589
614734700
518507775
342376778
356235310
915698367
879282595
446026824
426217924
343849988
449212951
537891688
22975048
693188929
408990968
364597101
718248830
177570888
191640256
288900104
685462749
124431907
674503292
511983887
624246344
363377678
333476311
864427298
44035110
109427386
408108105
911628072
340470043
148914734
119215550
917040772
907847369
990640598
236714691
201521497
465298481
563192457
849150276
965705782
483887842
474627381
567376967
172717264
854304748
217691144
913810127
364045989
339641814
209459317
825754142
518158070
814859591
320722621
438059954
982431463
170016144
861180966
34111342
966824845
478783950
535985941
52514545
397871667
478635857
368300560
214529593
419635626
88142014
300778998
755839622
806440582
525913113
419141903
854150656
287052004
90790676
599250518
807975910
172264977
629591245
22675443
147244899
108385063
589590578
63488946
784696030
991707954
136446628
214393530
232769520
337128038
933842571
988834668
840438538
968990958
531059026
174779219
