218445709
278750328
590626657
810292596
167458274
490136645
14878685
605540589
736124176
29945961
181297919
538656307
343802331
56924932
38744460
886685716
404906548
972580480
604360966
872043238
535148889
841660960
585851835
668124719
799702577
54920980
399675028
683897770
932339207
572205695
700383931
527913384
428743783
956331384
579821438
137820508
208309361
241971597
974241156
743487377
128440991
382342307
73402397
458464077
295735961
217707052
344929698
892007856
158493372
447387644
337678543
540886915
120731023
614013248
863010968
948621247
397901689
690654021
876176064
687168088
856673539
170670987
54258673
929379464
922417103
806590946
572402948
426420842
921289558
563739480
243034775
141572434
340691176
698539483
667166763
326539566
699898039
292803076
197438003
418686505
236473084
499694893
477833648
148051514
452015473
909210348
416697169
571951157
908741553
753640681
543699387
814208544
568256054
154345065
666513191
632627209
949827967
809588067
180714207
740319360
658459157
762244747
363971132
764664066
861518752
988181387
326012395
869791306
989736879
784031345
447540356
520946136
229379541
308269166
399752292
624327360
12505349
91031285
40785515
403892783
951127113
741626970
172744605
935540098
294688801
287366664
724303612
849601367
450208112
449316483
912820950
806267482
117667128
389645172
530455700
991161206
534236107
952650849
629225070
720258118
249253432
189101839
436602386
746086176
311760780
721345780
92514147
768903293
56008582
230642288
768931091
368779585
876070846
604168443
175408720
772579997
458700007
306870998
343241930
673259938
791740988
974107145
599331718
665852159
952349743
482068299
162766844
804606679
956439272
840774252
436132477
749123294
742693304
389997158
910553936
162745708
421774606
206970123
818464694
385551095
949378227
815885329
423228756
534563112
547682462
781490182
542885881
120179681
887307802
111830973
770988993
3082352
426208547
507307800
586365332
854001731
442936678
675923118
267830817
604861412
647155628
373908971
377484522
685168331
370378941
702172260
885901441
199129759
177143668
964021345
987698855
926988389
257199499
603720001
368179302
723680098
820865302
417792579
651396432
907034297
663346844
696929860
17486862
711858768
506363788
546337803
12293839
727761271
651048090
247913623
764071297
386984930
689204493
451697983
768556948
931620198
214674105
584974728
715699219
712054675
749635293
544926430
445004482
321512574
135798295
628814384
340904804
432026801
201220235
919138114
503412712
672809244
513692297
869515600
159016419
667006930
211209499
544333363
521588017
82789068
731117346
123313670
587757253
842960229
832702011
754025579
288570960
68523114
7532995
608986093
442942030
680998807
234525827
843884610
710969337
395290258
452296250
669012047
932850576
611111932
532155221
932704851
531200603
459256651
533653841
495968712
705394925
12767876
284988195
231374175
250675368
617573785
339634516
501956550
917923225
274863661
960613532
418104901
36550514
861307477
931315349
284487561
665708042
913243486
448612123
176779474
526180985
646484832
839716414
876755726
354258698
649437914
797870369
182646573
646570034
528044943
895534079
283220725
644162161
522985241
417739586
559761186
244701696
505722885
193187418
670064459
690113313
144101547
559020739
971128225
891473284
198152257
827048564
470515991
378580632
618370145
246088848
587610596
158543483
2032623
462330643
775489292
902898545
811621423
338838149
746193558
703151372
306010649
148275574
736851234
482279155
693678709
542776977
739353355
184331178
738330895
565000061
274084155
956554135
966444712
576354089
527571921
449667899
63433912
821889245
299754228
776526795
206237329
922424913
392625361
937674417
891026092
184344137
107712052
406293652
728827853
641404108
666571463
225453785
796421538
50617365
163093245
381835327
927469997
744785025
275418963
252820156
313352890
424321981
659514612
175646880
329173882
694182281
963647783
379787777
190590893
527666816
97955802
303782437
77758162
948374839
779118416
577795206
35634264
122210418
550673196
960991535
857188050
305096035
522927252
389041656
354198889
71207335
952724347
679444139
6590607
598698190
342132848
596739975
112014075
417233527
543691528
525078094
832786178
690764654
913364436
470684866
860751308
125241733
86185708
884401823
666764539
707278128
21488900
583820177
733449303
383373349
483318948
729413777
701934957
868155802
305327817
447715482
775940744
211498989
234025127
560071080
660264848
748693941
141777054
166303765
293350465
713018526
800346192
502344482
293252226
512073943
325375953
161753950
876559071
563852182
151547307
361953393
124367880
200653367
345164078
745505047
355540732
308692083
441501236
702146389
59886602
978502628
250038345
342384654
528174511
25139229
566602648
534387690
171649191
531659696
525626067
734614543
540436543
36854022
463527816
787027810
858342469
184358180
416419775
878253677
383848648
40061529
827594462
128164969
610128597
56912356
391792874
89071570
411855282
947300388
760678622
591159241
791870353
491316422
49575307
124723836
678890016
728646760
639251166
338775962
353698482
883922932
751542361
541594091
357281076
263791707
975510851
142887354
261587682
496687669
264066105
910277617
70099728
960249152
954049353
486762306
244895090
895745223
626476518
549091372
866158735
435325508
479402549
108276348
897094360
324913191
151893307
313915803
129866961
555300653
16137595
130282560
971715672
981195312
962328695
232707231
892298167
88447243
916060149
103179110
130919175
362500555
345748465
137894753
552485242
203203096
761481635
822281970
34523043
259548182
529561221
61096324
437563910
461978700
866005885
706265366
811718889
451186257
769340557
442444556
204190905
63058477
215472806
541897188
747365598
165274389
759743662
825978390
49414132
491447380
957774788
85344371
139558314
608154333
542109254
489954174
256796508
525991074
572242796
415235076
733729523
831385516
513780538
845632502
576247555
913016074
423233189
428139111
502919963
34159927
548518672
665073230
58186366
162211284
381385353
495675641
969688163
536905033
921109985
6884059
480486014
700403779
16111895
411628166
501206
707924707
115893308
236551543
590016341
696973402
875489649
16263087
664761449
881421516
579268529
172283019
855176678
624658644
773483439
797309207
305095365
304937937
677821214
611921026
833588282
516330241
337064466
585340582
850742890
41657478
941721649
812803550
795979379
231666868
58320405
352256268
942519666
590892410
100449705
874243073
64967535
932907399
733173322
28733233
913422327
512238985
429316230
3221094
940149321
582964045
514711084
854523908
191608173
138009917
939333216
711870675
118319938
670082031
736051523
969992310
87934925
995214803
860119901
138548558
609433994
713643237
97058663
700173532
742451358
194358021
697388231
265507588
68673902
819124491
142676339
6410762
327722102
194689747
548630742
48795189
84382292
993525278
513404407
613870917
119459896
3461101
940582746
44099902
763459893
140673421
286740377
815277356
3832490
563348449
293722131
91778774
275797678
102111659
983158015
489539262
402218267
292377270
604207578
111108134
435099298
311300833
905682860
16740680
750413512
248506432
710772939
940171922
767004657
766191601
239754117
564670960
703909363
525359397
376076685
399447240
749473237
443123299
605167352
224703036
439868963
934865269
615451521
995751804
650504488
682831930
181843221
522069977
10231772
594339598
441066550
757137714
724568052
52608493
173878745
202758240
452047137
814985545
205283344
606794898
191197448
805248453
397322201
36528028
369968439
598476926
713134501
597855897
174718628
985330286
157429976
492197187
23916630
984748715
969104591
167535786
378904237
970137691
574067393
682292222
424064085
412960536
650355156
558581176
111039173
907191010
705662672
699484060
426956521
498906515
622105338
303569720
140525662
552490773
767137384
992069554
429953232
321038786
585982446
278858502
581771613
123993236
386997814
705567554
46403904
406224147
358034882
840256598
141588581
529613550
135875695
422940537
979567214
348590265
507997713
590198768
790098413
540509450
433016685
319641043
699588350
985849246
977712474
106999110
893326910
111409444
232426181
494991815
147806465
354828721
949742611
487574975
28570908
627667886
157793810
746908220
720424315
177838965
376504313
829592128
422421603
950681106
813692570
766786256
843857198
446820478
161663752
761443897
979588527
229041790
302553332
769710453
798140878
562028368
805551335
319068732
786708251
41233487
903114073
631326912
907081329
726002062
104959174
575992662
648512749
562975719
589518613
598864507
337656350
759596159
229219362
589683122
819121663
642878282
537276883
704149392
57011523
898865708
369019112
724183762
720759743
156604023
792744516
554365929
921461446
260442149
541167728
598674990
124286968
481547031
537598957
677581524
596461800
326463374
907608311
582326379
112056492
691013623
527923356
241363212
739674100
120853726
970604873
886884507
499029636
769285080
734755679
131449055
327263098
321321565
979280166
326532205
85621035
987226594
511011182
667917459
396676353
182697565
51882197
31596737
798009213
568951761
2971722
502084817
743823814
83682466
72126079
300353228
247612875
615649722
615649722
952913916
959286906
556278543
401922452
119019323
417939281
869112352
190487784
344297310
136045109
879762663
364829342
834566846
907565971
667922680
718539530
17229360
786060208
126080304
725793889
614442927
322380921
675762778
985078043
135798512
826247022
811836921
651637457
628247654
766994101
710248149
734568071
316651866
77167856
77199760
802686226
897225944
342343700
130616640
189345160
530640374
975848154
451736549
39370334
958527751
986812470
384774348
759378697
427026502
14459404
228756504
874579422
976846432
342130320
360301902
699472593
295949173
676914258
104203484
78305535
769512561
886175611
850374377
761765430
5568715
336141748
587943173
253511644
881222969
22055843
524648521
705229299
784700048
628976219
401691384
802522546
418481831
75812077
480213638
322360650
263913024
335522060
755417725
5495603
468067696
892748531
862218015
612740736
122500182
570521724
614935762
149139471
538981695
858911123
91072071
785055822
12691905
540473116
915442864
385846211
510922376
9162199
868639216
912176736
110339172
942331040
27107678
875592031
137043239
253203
474430580
210049946
551497460
753783812
238430720
603674483
376820397
745233795
99814635
617474247
772293243
469785886
851374572
299425394
700474132
780136423
327952173
183821807
507827686
36073769
24760201
681899280
292043576
669393587
828422517
322084042
730330650
507951111
314804100
898373496
211295984
784288427
731960875
965009776
46806052
963657208
24218292
846079181
102902521
651582616
244645270
355356436
876663149
802739681
848631971
800482947
937283265
600694180
283426896
285363921
8052682
512485058
93530278
809782228
233912075
892162133
771662064
120379589
658112237
274354954
160720876
268874711
287545384
331031361
953339258
355777607
729210437
791604840
155583905
723573459
207374185
194476237
115821111
205688676
45470934
553556613
259888930
382709913
98475311
105746443
660187681
335536275
767858256
513403789
368589335
329793685
50329520
249145267
85883347
19351314
929037904
979353338
734517836
829396988
930303551
819755211
927677703
310859693
783111939
1466260
618815253
304322347
376606197
136553131
486579024
903481798
991236946
969698260
909085856
182022103
278453560
838399831
927474320
962619568
439419152
242057049
638095021
989730967
511061815
597069757
383966178
529710004
932731542
919450639
488663421
866695549
909095239
137132698
842463185
937707549
430702986
532078190
902508610
508543954
333689192
440454801
936395761
630136008
276454695
49863052
812926543
316469640
952050125
158916040
690798184
880865051
185668135
124401208
792124177
727719093
865819002
36166564
298389569
169871719
318943110
987888714
267256717
867776103
752812810
725928649
435893537
441308192
480199178
606348266
117385374
721729623
432853532
420569895
667661484
984028713
353155095
312001957
745578711
538758741
317072408
959192981
366654121
6512515
682431432
523411565
924908093
95906422
735432472
880895552
655356378
293065790
348245799
63320298
655862019
466711844
130909593
648717045
149143119
905788729
714290964
474504966
534434687
772748880
976857299
263588010
21231681
30697385
174815766
982147811
526969111
820230566
381528254
575473971
538126897
381989427
704228018
774469640
173646887
371556907
336066710
633817687
757031666
18098096
875983110
859945626
119139699
977454462
900795173
223532273
534006139
793468080
349505703
540349923
56780278
602439205
689651419
832274476
648829344
331086552
389080145
234117060
630877847
571859983
725158346
879709672
461686194
476077590
34912529
275016331
939328793
262354283
24739623
703103789
694096062
477683700
326571412
278527256
554897868
275348509
986158720
282208322
433993945
528002420
866418633
883613982
847326465
830920488
487712734
460050359
554339661
951162278
193946958
887291871
420475980
528870613
340729612
485985812
723673436
112582179
149921544
569848531
37891285
863778843
661269230
288570414
148308032
302684371
617983895
893059493
889749503
911363724
830468267
612422576
230545910
627974930
419404117
937440538
738254433
911191374
419536045
809316867
608630572
967967509
53425092
486297815
674576342
424298428
716435620
183870460
156648241
104426523
824890459
632546358
525884049
137809784
180045706
802445019
132402090
368894527
472128668
402345157
603166357
230126617
4545405
177717704
296937959
226925830
351602643
84688436
361600382
243923481
733665039
86524875
975543438
493893726
909702230
319118602
597679646
946084887
624844200
791748107
841492209
977173808
488057600
822370121
709568577
714614074
785742461
734233398
737353776
608324181
422833753
163151129
127789554
575466833
531637775
962016037
165972715
789976258
397193169
533114420
133474228
191543680
316279733
97418020
575125664
459670270
657307024
117639048
692810038
976956216
850879267
306526308
269225664
723242040
80655971
551133568
646177616
851717844
381835535
202290392
509666519
13320563
429038764
366884174
286178690
363437126
125320465
290893302
48774110
136818960
663160923
387373992
63234656
686389623
428832019
295974671
311559660
679659538
145756404
953203668
745351182
203387500
238032949
891931947
64018466
842493214
266148527
792945822
351035429
857629111
722427867
340238281
803343033
405540886
493304016
319513890
850436234
462134723
534213164
731465566
448931470
645269082
844747586
959316082
449137514
249215232
312125962
784809212
862927713
532986681
562681263
694915037
398682967
703131016
995075559
972504457
172078919
599693621
519992163
99395045
491674155
823555681
554285803
311351323
674338600
402768099
552927409
486078455
911742320
867085611
272191444
132144084
861428390
902307661
950866886
469683923
104432725
442865236
298108781
116041362
11105133
354938548
560957074
935631728
596860845
43285654
129673519
741098232
303294081
558145958
747069512
501868783
24323745
366460889
447611047
560522802
985173251
790349569
633930927
712676824
411346851
453824097
559595498
571124135
516418075
247235625
216551878
863201443
938766381
83140769
741569638
592393622
646220403
469142716
483817321
323904045
503723599
225318745
407477585
800986395
776269141
634713676
51529802
274670335
581515448
42351095
411359703
892966935
635983668
257021804
481377482
563165416
953645254
638963269
682832175
634599946
5048670
45553282
518363741
824105094
314895255
627691031
181786981
517096301
432815867
252984067
312306616
242916079
136882924
411389316
351147775
604748556
738888620
939674295
286175657
772763576
39584201
770255972
739113234
78007467
52501239
159954547
554905210
480768340
537678652
237674006
182849093
294685637
757507462
126325214
663630435
175570153
905676571
602401162
253392907
711413378
407155990
164979488
39501225
519138352
689428798
611316349
182798767
453558969
906929445
276698752
104465844
85880904
248483874
303604148
641633206
417811659
11464928
804446497
756583894
567463738
436451318
862948441
883836925
344410649
848248734
791169337
963473711
947173137
255496406
776065461
968895572
284235896
957677993
449787521
280079667
525077553
141013019
672628160
703200246
618670500
251878597
148293798
474176497
802655975
622141810
279774067
70685416
207183238
771558748
28247590
29208530
678385061
394430087
28244915
124342338
589781167
460246290
898088240
720508961
612317701
515015007
415727995
25620448
180450101
625102405
358093062
698256973
404868324
347269817
205772566
193326608
385985307
499953957
544579371
649956795
57829436
439753465
154848012
887740639
470597534
241140736
349288199
509298053
635548570
147812909
239961518
663291178
275590922
603279392
138131742
915828320
23042958
510862174
303312632
194719019
138131742
552168885
160449653
551918297
859395555
632069921
389546043
559818320
130548360
24376697
699150319
915317886
823209426
579517054
434205575
390632079
353961117
438795045
667683659
876048000
381895219
669933310
804775925
900237453
220229179
98492696
389927961
622644552
212672046
604992777
674220730
839619222
96089715
587395138
918927072
728921359
312421060
302721733
202885178
284898661
6725869
960475786
607495344
484234746
19460954
581813484
651551718
224508346
889451257
494047959
319030857
126220648
213833969
35833247
458130606
811057686
129866488
766657631
667752244
952160646
140596987
227037340
607393639
94807799
862500260
294367808
969946073
283648261
987794929
563262406
27099136
371478370
58943138
980652575
342008937
824798936
867723829
482645690
620783314
460919932
12999328
37557039
536903283
807827089
731810701
9844141
153253373
749642000
459001739
323050086
658159154
103729576
438994243
433642985
146620613
432459039
605716114
312826397
68646773
740821108
362013082
163728623
773460028
222838974
505088633
797073820
500694223
262580108
284940951
653356385
877478582
223862574
370874144
837117339
43618981
72272589
345119112
508521279
218006476
890932519
112550929
463791481
520924372
603623946
300883522
273203005
912126793
381193402
708491984
650626418
184742006
847393808
29969891
413428226
433711025
701381146
334852241
434853193
850429836
476338656
827594714
398330481
459309672
315484019
295882638
405773930
470790470
766077672
986594436
739608533
95172455
776463835
248033398
304407827
201446410
533847861
318691689
775080764
468352561
855642495
204202007
454938537
108850532
376554441
341971434
775648003
370841904
639035838
256009510
278798051
105795818
833648491
368829206
560337508
749543861
617497984
13310561
284329530
854291798
812254117
823420460
952227108
635815456
710897953
230754277
681794110
895310709
462821375
142996617
208343216
597158830
208845730
785856379
774912021
238183796
38872627
657802838
282497043
814982897
442478674
530626354
196310147
20015755
419400087
172310504
51742621
638881602
132751361
911357878
994497611
406701853
499486413
579316777
418407199
541265761
11380785
769592092
661563577
571848973
157439602
765259228
634070370
598944544
51159398
357058853
658258795
586763328
16091253
779030829
684588460
851499931
271264955
750237929
964493086
113273351
339078041
986786236
145175994
745107782
213707634
690273732
864765512
350536158
237290954
638398261
476187880
781803454
491888145
948384745
52133800
946161479
447932957
959956703
918422861
335790880
607686624
316677644
25089694
556951948
189446554
861980582
977647160
375913759
581406101
915865515
606387893
557435534
429857843
539918180
927610547
631227740
14290996
590201573
208152663
427603162
184184864
857436945
707500029
286791444
346307096
12052517
814843544
707048101
769710532
438870264
518543522
692658058
166473759
961997914
733753659
520379352
48010729
551638961
168824971
751715002
595733195
491173936
163582248
603898194
341430303
576657456
345272823
22382407
812230900
512707975
425508129
177819511
283116763
64092823
801070802
659944233
637917503
91233449
354354961
939437470
722379111
939616142
524045696
147368884
346607849
748540012
623168416
832807033
387612643
430822888
755391147
561345620
552178532
927958921
840604886
838145565
243577374
553003583
879597040
98206741
793722604
176962476
137845064
552221376
150307631
215597311
736735835
147623936
789502821
996941595
906629659
213739479
161275528
847063791
265199366
695361404
209920736
709456527
482190913
353304925
722023458
122634467
380684048
140896337
200543261
427664815
783199165
651756362
725648887
777453853
404277323
736394360
691249821
53247902
886786218
130460578
620571981
80021259
434414939
677745293
658800866
163106358
279448705
905107981
6027201
372877665
152334599
422189156
640425529
170851528
521643122
621377927
769852360
53319756
309296548
668528634
603805776
133465493
523970467
540551473
100784220
315737543
940287755
963610446
107171577
822439824
162492913
380569338
487068387
318194732
576972618
546072274
574700558
349194728
747267553
689782904
40331817
752465972
72331609
831456394
369202745
248306214
926160626
895592160
519127086
103927533
886323891
395140135
475294219
147050642
250400823
84564068
495392203
300469683
557180153
235296510
785801072
499327225
294022955
324225362
534650960
843737346
161706125
371998155
524863826
721167052
906677177
257281424
921486343
792550052
893686724
967078719
652128935
495244571
83934814
503008505
143934043
163111305
864035264
836957035
219764012
188461795
22601749
850357424
410615715
89641193
21697671
847648194
363953941
592018345
449116634
559840316
223310183
405980640
420955796
355737069
665388084
593174707
449057139
354679454
185008221
768580948
208124120
570168246
408848861
22286968
869002431
321450612
811213557
578617762
566531192
561249420
913183942
582671562
852919339
593098517
874682636
815195478
278677434
113929078
274625261
626809045
314692852
327695679
191129766
419932998
724410666
580998450
139474421
134424388
141320035
935657816
906143429
147827658
943726361
718716783
127834526
719919528
202252685
443940916
546768052
408201523
419420377
275312370
726948538
968802400
9930192
330558791
990582784
553274480
351146480
705426234
31697917
280002144
115942910
65106997
25268655
780234610
787196860
737709353
687492357
294453520
267298401
600285499
286007163
70869671
221738078
891468400
258134674
631829666
816945486
164430078
546752858
480771680
328503436
849221505
304546024
764943049
986610288
547819650
33823093
524110580
44067974
534276627
212103740
936091250
886701819
809662661
235064695
816180658
230148708
866753664
998201163
355477000
551150095
458335677
842270618
883909506
598023250
725193128
387089607
419360322
981779751
819740145
724890582
28227943
502202071
233797166
574169649
309804026
338929824
740785772
29738262
308358406
672340734
612452462
814928019
935061725
315364259
658200501
392333802
464583379
248188217
78918993
481149423
977799397
745251566
498969373
459195636
35919771
556690594
313101562
208036755
560969713
795113161
510078032
858593875
521145467
775459668
620229369
489332920
392630998
376408239
614526951
473853239
196732465
782036642
976679244
300456975
944126659
327207396
924366093
677423100
518174302
639598755
68638338
442084866
677600946
692644960
391214762
294958213
546122776
41622554
463849837
56737678
354865107
428545594
637368282
931742673
745888793
250930604
338954364
456951780
667277933
948238012
534477017
432491149
495593584
362466387
937867887
9238648
176062587
79278992
681880010
544318926
89714131
313232164
226866543
196725488
222855529
815020099
684499710
11072843
683112408
622508614
643440553
801943242
598644873
730925800
685716003
926382288
753765190
171773040
400231303
241868265
392209459
49650253
66300965
251972154
554821028
203479091
431010236
422739543
364230679
38908226
842059728
54046381
716031451
602394477
786172718
50936688
897619780
215318210
737872301
400060777
460036365
679735681
973018484
613869901
403532007
414036916
354321528
928502821
304750847
745418294
902433004
182433824
437954831
71224964
938627164
805946786
998206703
790892417
629074446
917341905
667603638
784789732
965579029
170311381
985244043
681163241
773695886
609045681
986293843
87647236
993791971
796868066
170370921
145370480
419637421
286191983
752658268
166380299
496078774
334132379
419492785
520604472
181915843
682281927
894141822
302589808
824397594
865096785
580738738
551036454
989861826
248185613
742563552
986537307
671345188
