22912514
613739699
380188651
650729987
980640934
695037157
134819964
691668628
383542835
973759287
618418647
738045113
768935685
501239451
668332992
383916079
332335459
523377055
211194046
553180441
1041473
712832879
660681939
725372550
216121826
707378052
254568451
542813564
271792477
62524512
414594525
925666512
56853662
640446960
470234005
436670296
492860205
59474630
40952808
466079432
731291014
380273977
476590807
147880473
675601970
222846702
80293718
328710334
944574392
625926751
754823925
471696822
228842550
99042596
125146218
922426038
643767281
212102793
301331946
171439196
724546205
615391172
192157350
550142521
137467443
912300050
57004834
842972524
398059456
111397063
596396844
676158728
175665725
815769465
795262879
598837408
728707863
863630469
384612733
56392770
980625103
764755128
71788675
287062566
992505480
642028322
761459024
303746530
214109386
107075992
22491120
606961892
6065753
720131953
959512397
913095816
187240919
703136739
951408112
511558950
191048013
530553705
339043521
401349712
687661629
301856798
118914051
698972810
756768463
398534989
990327558
263606018
250010420
163780016
367904331
179780029
96696610
48806007
620638810
19814687
987019138
19814687
275886702
4854505
405687750
912548380
509780127
592934368
436395448
965551264
100483400
379073625
805650303
75497079
331763286
297954294
512883548
726052971
949378212
66273767
271819982
245753394
200368166
158337493
853577411
607813653
774825760
938192376
919378929
681500487
775267916
147602478
531996993
344538511
570011617
71591238
439359207
384336511
523367124
494760077
378277209
706710967
186293430
744322094
353170702
86326114
318883207
459545365
907297109
893421384
611047809
76409681
144519168
477475814
642228925
586791838
117724445
514647747
402484447
683463286
730408743
664471224
576925081
153124978
520795793
31823167
871396234
748528702
525163011
145423345
786193212
195008517
755252793
850160101
366722756
362161019
803204605
346913443
217425320
769075213
426877454
667883729
403105340
50966564
751717673
913724673
123894975
605333015
710977986
332667339
660466555
769173709
22780966
8312569
861195999
126378622
525875193
755046644
431226818
503077321
408512814
668131331
528622544
285959651
268524887
84454250
91720502
757748517
806333866
538825120
990337247
427192737
784609992
921072318
54685827
582170572
954084630
582170572
239398017
299227759
72236824
972802533
969803150
155761780
737092204
700990669
243100287
422325275
793055194
533039557
474576256
309422158
175726453
43756541
775704330
672702912
17000996
204690826
800242265
658042851
29029804
706873452
345378478
656096108
629116748
783131877
195791593
818090444
316991150
988922157
694575110
528312233
528129126
781075844
513375178
768066489
72286810
303447392
985198323
325583578
528129126
162766078
840414454
840414454
472770832
638189655
873441429
329377888
123139419
797939325
526209234
658979255
350042751
709497068
766434182
678532519
419007099
576881478
699352604
941380844
147286607
304819654
245167593
784509852
428104470
987677968
447953641
935015407
541099323
249774595
313003541
495051225
990575875
629175407
418988733
384654506
548974551
248485550
59813902
170850623
574530667
573851711
874212363
660146168
681884761
610116075
849478027
976267148
262321811
635698289
366608891
555866173
465674499
102809380
636331293
521053411
646710725
748743808
774411756
353509912
671356688
185212350
55627326
257311038
535224155
435086375
985548696
305053664
392217223
311456328
926048017
691191961
819291241
856898814
400892889
554531299
315210929
355633507
25891349
727966145
443767519
100947258
633365659
866466695
139128063
57847855
617255319
299273504
785032530
693980692
461401047
513246873
577029285
91691865
713898834
162308735
863654092
713603282
743148915
969886028
202387792
63529842
124560188
374820393
620810230
247569576
56188269
621002148
559042672
488430426
554691379
456134390
822242812
412526014
22203564
631317920
421761526
136495201
745920197
552946223
259923123
931774937
471561027
57182182
68377160
238829072
565762656
628838833
738695863
332498752
526793552
417796943
508358532
352352925
164469616
249847830
56661358
214345872
45734657
542279996
983795381
202925773
104215847
227588327
461119468
754161919
725347683
171237386
615870767
554516291
142530720
262168798
643675238
360905018
22563143
125152582
26810901
380524690
593389091
53460668
886596269
591452770
345683043
574738663
821691248
286528963
187915443
305338544
987093088
133677208
460599102
700828294
979092904
603927509
44993537
745100518
127403204
931496740
844185977
107827206
124191180
915514012
605880670
724948001
716350471
128239262
322100401
664345860
43247384
131159123
853458523
609057391
699067221
823047280
657084297
653005651
239187730
379440737
820057157
973028922
500389405
907161126
691634117
573573348
880755913
173277273
135424820
351665471
42634140
429855195
177713718
832997316
787839081
903633382
695528319
535125444
293778556
29194449
68434510
667464059
714692717
734332122
121832639
115319013
491672049
490953294
333088178
931816698
228095100
612121987
819203509
333165362
586237683
757487431
123084761
309981413
93801812
558624398
561442031
345554092
302639961
345742919
345372476
251836544
816729348
889025738
793127734
570681270
846314988
334358930
118926726
791399758
356348489
136770867
198585262
967426121
679535763
227282245
122737086
990998767
389236000
17169517
208628980
889275111
940784813
693176388
727357144
5878773
125999054
139236361
447006736
933919954
78475803
265536962
258865122
22639388
387706499
270131467
567874982
681879239
166185893
90424988
12738846
684528696
209266868
251589593
644155036
907723507
928489109
832542721
608037949
811940359
808698880
369404299
510008563
762959069
676870534
920718197
913168732
526879560
850974573
113571775
799705876
808267112
644305415
674379969
341922706
63951667
622284385
887689035
43064570
977731606
63770905
894797593
59087575
915279802
305140850
248459335
238232281
366092264
527821271
376532489
764425058
917981621
857784190
388241141
485151655
671822408
673568144
387120827
249829413
312983561
802488894
355262203
169870581
418837392
411710212
986029823
926741486
334622009
442027564
110086525
181340655
974246688
900229503
846821211
587069315
125199671
183761609
781602400
571770369
140711905
989739421
263251774
752681064
870815017
595169795
134340622
592374971
869665166
928588338
490900798
584083179
181251570
548060366
761662957
701434589
783337990
435378065
9145251
973084220
63415638
615037814
686983428
670908233
717029068
854378999
688505978
656654616
970204801
70176171
587340729
866527377
561675961
935010544
656956527
720190336
783843415
650224620
123160944
758526384
109683340
306210075
279917890
892782426
538113604
291879280
701911043
769492887
744550883
797409898
210650870
598841153
511565715
705734441
253981494
89385905
790906265
102929968
214150698
676473156
492763830
873919775
435982082
798607075
121248048
318730905
642718731
386056907
420885362
436729121
761730659
805632398
987204567
645981603
554803305
422165876
358177278
170425133
875210021
620561109
848568902
893070145
639758308
579723015
913575828
452090790
571396284
31667619
238107154
5066924
328719041
228346929
971522460
84544079
734869893
126514989
232253383
854459647
659828752
390866953
357822725
621872848
187991195
734253746
65085657
132845079
617219849
903755136
657569943
91588599
895975412
495545731
54183413
398585005
898161639
834525755
353683159
218986601
79326274
681549614
547054148
115652869
607332953
852544392
298421999
872893773
820835017
457461837
379190704
918911397
943908138
504785409
991031588
966167666
729965179
804645667
423214906
433825470
535965697
472292263
55130199
445287677
711563939
756532674
481699077
310744548
682392946
239843516
671564213
678227400
199170359
14321826
537829748
84861735
604085375
983806478
181148308
60397135
277507386
216187859
496167034
976541772
581069856
657476010
390387924
299419627
818402653
446081108
389843835
697247711
703071311
66074536
42981184
543273258
349094289
769147821
2262928
33955713
725303192
907740607
897913533
293858362
280917672
327245382
915299572
995100180
961092208
231652454
962561985
543768158
102382028
896405850
791087253
644059829
741311807
57337165
405014758
342855640
302223869
436044434
776075658
820573353
735333978
845031963
506530726
997035986
942592782
352647813
758697878
631415224
784730514
240618067
66222089
591039733
516992244
205508138
751474677
584474599
926473444
922422256
865361730
796950515
25416664
327442590
258233520
480051370
57035281
617682304
419324582
373018010
465387602
306242245
960981086
485090083
813953356
408509141
461952423
666375305
835673356
490699507
567457941
147007273
104551128
314254050
368903518
204276414
948182650
794921246
330562736
17572231
433936493
245620654
888194151
309579043
652727900
60318380
587084567
262651087
556675943
172878768
807716405
482308902
758014520
821006621
97514507
667499754
155918191
311538025
886551428
458985798
768190933
576381529
471367931
179423547
80510851
331121860
347710302
585631189
273263310
821944100
133768083
367473181
413204356
435470870
432756049
465633315
246494503
303294517
474070907
229716078
404238058
253612339
104040939
651081216
359304553
281573679
683028053
893430588
806277586
824474635
993997213
231714725
579119176
686861224
413357504
470409330
761517131
973164238
481986005
377350636
636155815
683639739
378006534
602474224
605150661
755058495
959358152
620090570
395357696
364031837
620861957
454183961
835998172
531508801
94899416
640511742
253552760
48967106
710911704
438512532
629025640
678199659
997663187
388465418
673751089
920737134
954327634
835425313
346272977
601002720
448893719
65291670
709638472
944948824
194118185
93467213
158035756
272544141
5386174
959094373
289478867
482032507
840958387
942988274
910528327
440239986
548160784
707062420
253349475
77036528
252441605
849751406
426441591
153237791
976680320
935041493
613109737
629675650
642090944
173361592
753898870
23962871
749578499
224287328
925295642
925923550
586620563
368972918
254886630
246754314
892306156
254886630
953584738
25584597
854771665
761700783
536818455
115481931
203168288
148717176
971844420
770214561
969259474
148947210
736103794
770214561
220820185
147160969
210526569
552718060
417562527
152997799
959169651
231257531
891740017
438967325
212246767
215318229
691974026
204291990
993537152
503931776
678648161
152734914
559224236
504416024
853813543
3557572
443411571
600757411
911247625
476627620
533044139
154004560
721470674
539045570
885082239
95704555
71172380
345791432
684250053
244033840
804422915
665862517
352790653
536807598
825900890
637224986
71444228
797883427
320483774
144059694
510862543
788168479
319002800
525529235
378672745
935992414
63740230
103296052
439531602
699455741
938906994
560318422
57605323
21213492
795453681
740117812
318079806
390460556
966097352
564630058
711046172
316999862
86862876
618045942
599673834
496677394
147311443
254411798
483158500
945113421
708316380
369113474
811461532
778798166
841862134
268164194
54787965
344608013
710950943
864201232
138115625
875567758
460996387
645871781
678725487
605432301
101651408
117392398
992902998
946137585
624273360
176737898
601942657
55585231
381478185
523194419
525691662
138389731
289223271
227152906
711620352
691730086
9105324
420306727
46621620
663034297
910568861
871007336
842932147
935270453
460894491
819996507
789927099
604623584
977853050
166819812
691513360
620756231
244897495
311872657
579096684
329574868
499070305
331409438
382929368
895458397
105707402
763138685
967948246
986548159
458346721
512322887
209924888
981305823
737067353
110163199
838760023
907758853
158102117
952253562
770101915
796002163
577641187
471268461
722036023
900451811
481999429
504161835
143557526
468760451
442196520
516639061
304967641
904508418
412007712
952418986
846802934
256791310
146549621
691727427
899994935
296435683
214593521
798160481
642107578
354708667
831067245
68069559
927788984
339096725
507840227
313472218
737131868
30689975
373660200
537233120
562261884
751417775
300673856
443843319
950949295
234739468
845812637
332738895
980304234
500200269
963356248
964976856
354028213
425967183
347063432
606799420
617959445
533074852
683049739
403197713
300181798
425148126
407572325
863226653
408916632
884225849
46057062
807113385
649696091
277923121
396412312
819624734
848446358
150415119
333176784
505344208
60308612
673820436
171413854
230907458
85342274
949747554
724238468
119237096
649009003
447956013
503931644
4384753
708242406
713086722
521455637
237736896
178292517
585540386
990023147
599711028
458142701
659480609
636863724
908657081
469718094
491261080
47339962
898765985
324792016
540841898
826996142
407123058
647459953
867448286
277594886
73917419
715420935
743008411
713242159
261381464
905884154
265368568
936513921
818986450
326808577
979960010
877176232
736482511
651165806
770340891
65635120
677130251
412411006
459978371
300739903
737283172
931213856
702678544
930949426
994650417
277995161
286726244
615540302
287994485
249481409
307161732
21965770
748865257
433623093
40502813
587205326
754875309
110943161
547339888
207917122
757858906
279884274
997887743
413417739
248671943
498696464
586557010
757575124
12341196
718587047
754479222
361788496
604007530
320223057
393396017
469101796
429937341
880660141
763928730
269446615
786107725
221795582
461472445
524338695
895714346
583275038
260511213
332870435
928391058
517404222
60941288
102384470
291799551
993987673
730159013
458837480
632279624
833372670
643943731
297910458
160899714
700803277
954553375
206183619
688652794
141642767
288050537
88591846
695595777
931606907
161871222
479731305
973313485
378661883
44199968
726336150
214830791
83979141
672724020
4703920
521775732
902590082
300861860
155046683
922293269
621848128
395518298
418181884
18263375
856156689
729216108
680458052
382140356
991737595
916186567
437521976
197726614
352258146
390112089
543243813
902973486
581675848
868988239
69229302
923480823
272657255
962057560
171680429
431513087
318604992
335439673
484615110
702433125
172831843
674829489
60770692
492901100
142409365
316579855
873937989
775418758
469390194
87520589
889052584
318030094
107765935
738765170
813187038
961679236
875898815
744447285
1267475
226918536
691678089
493198719
984062735
220966906
257554923
