0
0
97422230
484538892
421887557
484538892
0
189390384
158678814
618859878
190142676
404677635
813219114
703076002
627910245
322963018
577595826
736398452
846240380
39986784
570173946
312030883
342854234
567013416
34971052
14421074
992385364
626210251
664599862
883573397
834668974
199660243
872848146
388647112
461776127
990736990
111668709
627759218
829610046
331991001
166096042
845304064
350132068
100453799
448978224
370579831
92428533
342272856
223515637
714412354
978816749
255315020
408617337
362043970
983146050
302419753
741215373
632004997
700905313
640827435
120511827
302770633
710746274
83947341
900524312
709588650
45971852
148456305
655923633
771078417
489787211
95597531
231872642
200459695
384958514
98466626
341375524
614584114
267298091
760861526
800216617
492271473
916830674
445842792
656216063
872268803
852170263
669020519
962142614
185832939
860779432
355127012
529852881
205432523
494276463
604244056
998040875
326317590
967132869
164967743
896727481
80246400
63523175
515933423
873898053
596617626
338909707
750043763
816153079
61152386
619248302
593101688
915256903
832544956
241938088
226715176
909346503
808007176
27359872
906597049
431665109
224674211
136582051
519180402
180770907
636414445
699111809
748287478
230590070
568377085
726289760
551661063
463830923
98077451
61999566
941024100
545713749
372429190
529964593
491122025
333294520
307228038
419446083
308348579
388113005
283898283
360240930
289281989
413577869
141544735
300165603
424932271
589738234
704486066
609837471
594281846
370470416
142874999
158705908
928272400
988078212
175207128
218768594
467374828
224453634
100190762
204424578
78773631
218448337
289240717
218448337
139021367
980434375
989054886
848051505
553798192
226628398
150319089
925264133
751123795
634294320
602248242
503442992
117483562
816164457
435974477
40200096
241341288
390458730
81587778
616198203
911737235
275743532
591476789
683570824
933263340
232925253
594369251
879028135
584260922
745022014
626436659
657679728
165813719
948158770
870140756
30245702
37661027
251992031
832045262
706098742
642504146
293466379
889522827
273503257
783168681
931885049
20746082
785941630
46037525
285155811
480381494
531502588
242368962
269924930
672929369
340507079
901513607
464024656
711232703
574557119
170737543
839302215
143110522
19877296
39241056
80711760
66852258
654408643
921269027
845366391
865901588
935780833
902087278
103921930
684800587
237178511
39072989
630046324
726416985
787630374
488869478
984175228
601838256
614805709
6742472
409283613
450304049
288919626
604272639
450304049
514287699
534061460
334219216
884356084
103498959
52654508
408714256
57789720
732256353
796721657
453284008
619087747
176271758
304777408
265907826
971659232
708697357
235539487
418647208
669469311
988058912
330633736
728415926
49174274
458300549
365051697
125506677
504599602
876973679
761559000
604539366
181475330
116375448
479252821
502952076
559253385
451968101
403022693
756888589
967956256
126137040
506175572
282275434
927292908
115914350
166038289
846737379
48227193
715155492
170659707
594084710
285910626
917944855
184863974
270506388
664772024
933412419
699902908
692266782
261778344
890710342
916401464
223514954
548021210
108396386
156753398
577556965
157968368
18209446
724795996
203587727
455237110
345455086
375901859
352714106
202775071
294047543
573644857
347953748
196101034
551832812
478986549
173940452
81237789
34258260
437697821
40557642
872477140
969448806
850542324
980948997
833845421
590490867
418731504
115507903
506787561
275423709
467394022
344240432
524823943
182030719
683024798
624508332
139837179
825850658
695074150
131003326
206002246
453241104
600521657
294567255
738330064
66479643
184874935
580578483
936051882
800470581
320706343
71249742
13099817
336722880
660879662
176403144
411426012
275572817
723287400
361885332
371971611
140461196
790734111
739960930
939746082
676789320
859137705
153048597
64995800
980145102
525765118
930928478
13594552
496052821
260822103
937143473
832409136
478633573
947890555
896339973
881972688
469503203
708877503
976428497
913379786
772724563
889932932
482374602
200675033
983000792
410489969
238875908
685956963
525807235
877854438
124562393
847294914
880263301
335227874
953142870
432237683
847927994
845612165
816310187
440385450
973796657
829929893
77861561
4030955
559447247
267755055
532770765
180401191
780368849
772498536
289479482
554160759
693480140
47220656
903837330
278054959
85912919
16496971
783995146
170503273
165230750
946559141
308118356
824456715
365142193
233545912
488874131
802636127
381334800
337878890
286360657
145363011
29728180
947304719
815006743
594747584
838603427
152512031
617095530
556934295
983123989
242152596
153343762
185825164
71167566
870082177
751716227
295583117
287553386
455087304
235782040
49892257
175223455
704691935
311596708
173532220
299035370
347040786
938656040
251362939
285855943
710032488
975095540
607352309
609835958
767442203
649451729
574204895
268487097
846262709
635288151
1366172
791451496
70785051
277577908
928472729
89976908
996287381
81128186
497240438
301572588
336644669
526876607
244539024
220614495
701711580
611720629
742353409
508747253
246768030
879354224
940030391
730908809
582598892
483044113
607639410
750627750
194974037
512028072
155273863
400067965
322078912
279359375
53511184
916675376
254749723
340720319
864202333
150444497
318477579
16338657
396752951
895265765
13094287
774397309
140154746
677273042
354371808
569983568
322931774
279640947
18998740
846585512
353920927
733983696
546212902
218960802
745637117
504893945
427287082
871596680
332062791
734610531
671651411
743452594
182447914
40279791
218759907
600765688
679201126
767664803
664057176
530305034
993025167
180874255
599731943
944889941
197985884
31256283
712789434
988262804
214147583
721451548
605986032
583667935
848670617
143693490
253636636
180080514
815475302
731111766
15476142
77237366
627629817
390397453
863867962
815322042
392818465
728237656
133913640
250114618
569928667
144228571
628646406
189183287
789488967
102808438
961340828
696324699
267373344
478458413
9698046
553706762
519157255
182006207
848834187
840731780
973830598
783134347
863613576
837443923
991372680
827567013
808764069
32580498
347645629
746039428
493677027
968627198
355342810
814551556
746881093
841620139
80546736
433547578
539654135
347433481
319515974
762228026
5032812
38795545
849747461
124673067
333931461
301584784
432415177
624191018
408306254
295724987
462238128
347174337
181259958
761591490
44923363
949309172
341854455
606900846
40587254
54944712
991313813
971604197
422132022
199110546
267671838
778872061
589838033
260821510
582336192
568616823
985241507
365882551
741757048
603564245
500071129
619358956
423759018
336382983
253868193
578193941
9358406
209932424
90439036
385607685
801433135
315310622
723557878
848821129
784592872
465290068
770554605
627208699
712863039
760450367
417347795
456673255
75273186
815508756
457395064
455732517
975481751
954045216
224741512
103331309
716996773
947256145
144592721
495385379
341125143
830628736
364865142
846168144
791759599
364865142
620252645
89764673
2803669
705383258
2803669
919928511
696240206
503607984
558683062
324444357
40647651
835645582
291515845
211971333
184210709
699945006
699945006
975713509
916672021
723924080
404048209
916672021
805748108
813273734
244334822
442201580
55557412
331013663
82966290
574905436
574905436
908833151
165954719
730789803
540983385
273938906
264044565
216717318
758064416
547786326
513535244
262409685
262409685
219194870
938735276
455956000
741163694
988082150
345491142
111655523
10313672
113106825
989776583
123895641
79030823
43637584
389875123
201832767
180148876
121279938
746849212
724858645
576305967
66043818
370880962
876370869
399737708
331719822
435425423
277937898
600776596
937029406
91272880
380216861
87630816
870868018
316072990
991716601
708467924
863133025
112854138
579304305
799479926
204728754
39719995
419245042
512339219
209067453
18417493
242508268
542580687
714400620
76657096
640306848
739340621
335416021
960811617
455509323
405379119
736827522
715688739
422807532
120998066
271367936
911252740
430600894
750086768
244009314
497502220
969983643
768939940
965067847
905880251
642197519
101271792
85417170
189303355
242598124
990130624
356824618
443701272
887137493
947949614
585836672
217017946
293519648
267754650
283154384
367659495
551254864
962255979
911228386
979828156
38040322
218080525
709041611
576027151
310807722
52220341
463685074
992435471
387177208
538615002
313802004
148705597
688657972
984404830
45877342
306029695
729272747
204410068
295380486
278703707
44624318
636388030
846814572
45104404
383295898
726665790
629881657
296684319
985919525
7098846
532009605
663093612
79351208
168524451
640038992
494150048
936493391
222805776
33715404
717309197
845962189
601002243
372243603
297811044
134551865
584388819
775905774
93712085
222349969
454059187
548640360
615220309
907217308
420647314
314474651
615297086
778011925
989463425
373177507
592585495
5131029
776963648
40847321
20573506
923145906
456092707
89113495
609703993
29756101
120123270
644438278
397186192
956200241
4825838
728945555
174473273
