0
169343437
77482120
114024065
835333968
366658433
552777568
967954703
132166752
943548492
139928828
164896740
897244103
859984231
471947469
103394712
877584157
862813902
20956991
504875828
32010390
89100722
552600095
372217008
373012669
118780429
515247269
156193420
916278039
876413810
289892153
31795716
65526077
229631832
375590582
631144224
66094095
195423469
970060302
724610609
3967069
939422608
620308469
673241625
790323988
983485456
917589064
246732237
391765484
676951585
207908924
518680830
749541517
606375474
961655570
350609314
462836385
172323021
192794603
158816721
370082460
486165868
178880654
97941989
433874246
564433109
711145011
880079209
891018440
505018569
171053824
227313778
976311623
874034884
425019245
494344841
494476653
355127733
634089593
576684645
829162751
268302295
390304628
251295747
989109051
948089956
260638319
528055802
553808608
167465991
211050177
178192543
917792312
841427214
909429596
73932230
141151424
735602132
145639202
216872932
818467741
47279608
912566403
802659025
565168042
450961447
115652099
369073486
249958459
790529207
462380745
456369659
242815096
590757185
945236935
703644694
359693767
259213490
389522810
597755453
683514148
350745209
379669105
617154921
489369274
620734947
490618094
928956582
588555624
39557069
513990556
74838261
943326113
750282309
50935509
7490177
626862230
936827774
298483120
997984141
731091714
983393006
561113377
519675560
487977658
957942478
215871191
109086214
959215023
210309672
553910371
428916988
476977207
439942531
953730038
545465408
674157103
236712188
460641697
593982289
366834343
823058389
501557352
964395866
140279626
19046757
534947290
542945911
146288317
729924603
274301302
991657568
630198252
934781673
461653550
41759442
864278849
712678041
603737879
800431490
679115738
255177417
789275015
307125906
80326788
95584388
338668150
353252084
833651892
489683619
46310662
261003551
23241760
539688042
771590504
469372950
747143599
274718975
394080859
805301716
675580229
133490462
39619915
334022753
281988821
585594080
778624357
649761865
991697111
107940044
547862178
554007492
398962320
762078637
268587234
799559137
186652081
71697786
626671477
150378901
17727126
55623001
59465788
737023337
152465992
663185728
361773008
532166126
436297843
261278508
796900366
793128311
559528503
312967086
101490276
985056577
807491570
390112418
779084428
112226250
90806769
518352558
595261569
17633490
334020725
972233699
831727267
491701591
200424742
416603385
138649540
844787018
149834006
166567507
412961615
913477621
491330968
759282515
377964046
318747025
135519321
180844700
963648357
93682239
463155955
204155357
395801537
83084400
772158124
975123978
314539911
393435431
406780213
468098923
370006578
322383273
941354992
897352709
684816504
644337465
287840488
328076423
305828635
826191529
319956465
804784600
349015073
321924653
233695334
635058883
9335995
82712998
176082128
567346949
8126609
439478827
588544912
151726896
716691335
888938622
28513692
686036085
437947690
641088894
457685659
11941587
167418449
149423244
636356300
891135411
99483663
670671064
839090379
109697454
845294343
8051753
588336650
517474497
553139717
747157872
717573443
708084193
833812619
455802278
684365769
134271535
79876672
373704355
745974836
381530874
144429468
540546642
257063146
864491297
964955336
63113900
64255476
664831098
621573455
510046166
430362745
101130297
47518949
821843350
95814272
164248675
129928279
607914055
285260980
352042974
821662051
94692296
835737387
128313575
270103010
85369338
30483925
216516270
795667602
367606769
585695627
605436952
683844612
994744313
148553194
877244547
569228010
67290228
472960557
247991839
537427835
194642622
850482846
319935562
456649921
727008383
854311476
740831950
694174728
392850339
801836809
911113940
4349413
863035312
384641817
397137607
464961700
621279971
960537445
236866853
970793916
993456141
665135442
845378749
473695324
8281459
972564258
524432000
554065931
20352338
499256549
214343009
423251436
53622207
102182690
6685234
615189428
830905342
247449456
811572353
565730835
974357020
700094118
748633479
985628446
486318503
506961328
979558253
85340139
547581744
987269489
174822854
750490853
776140867
320190660
850623779
449445573
575878389
253356376
6094428
663878100
757196847
427435798
705317016
242076353
425931320
154945940
527655962
752921608
882910114
280105991
64146051
637438019
518227589
429112639
261556500
41737089
319398564
219902433
146181349
106311135
377763619
668482243
324163673
782901178
243267130
505822110
258006260
49829834
880432627
527535632
821215080
822944014
228440976
869880454
162302524
62181696
235699953
20776079
769224409
194722550
724140253
816201838
904461017
974745726
807701282
300235501
950814524
420721634
352159317
218342348
901611806
589940080
836364895
84178758
357612075
91899967
930180731
195591650
689058826
432618718
942541458
546468308
268672199
477574744
874617071
794590776
705096085
518319274
142335753
513027508
561991140
13731910
554576367
423798063
507119561
69519295
664810441
542512618
52341099
831386383
290365424
363259059
90717526
389606894
73453818
760314328
426355276
831416739
343584080
454147825
329672321
951132322
858090564
103583333
240568101
967876103
835144847
461652610
247707501
611167768
534647502
570166482
927330801
539377453
358507507
54389197
153639443
762491280
466223326
140040564
115647233
215838328
382694749
566749190
294222083
711527322
154590745
869777734
894765557
833953678
62168301
933862774
995370302
118952498
883503992
869978183
552500750
438284462
977162126
655582928
753393917
7338790
205388042
766208150
785942154
135176035
248376553
169757972
993920764
623694752
752658068
577145672
792864599
84017634
528910795
535632178
22704334
182770006
217796408
228665604
196050811
953786717
483457159
635722916
315879749
777878456
475002932
54539591
516543791
254544868
133299962
111650111
911422042
692636849
887688740
765665435
290738196
429644967
571072011
239993369
231633055
89820438
600187679
671118183
358709518
36402074
354716204
163030025
351400081
810779150
319152090
164929656
678926553
577075399
802971427
334860290
964062478
77509244
600181638
922758982
104998877
928055568
318366339
915249334
954007182
677315926
49772164
566237681
664455812
356606477
943283632
757368830
70402552
959852909
794015567
701398887
867232369
478118863
424759565
442795447
750023704
586256094
102764101
229212109
322033281
803083520
529971503
171471520
72544407
228342543
13008009
397155094
423236631
286061966
281205667
241510340
201034142
203799433
30040841
429606672
989771291
151065786
78999308
619731620
947248984
40590443
649449351
103925105
847535559
274216138
280212557
488109753
306588768
479647550
750040928
917781783
883403486
687697485
175441229
634823358
635644341
35273532
386969007
77337754
73814392
221671097
324547401
660076220
400868177
954178930
415247886
749075410
329572007
478271
81569787
510820640
916369144
52407838
734076359
133190269
319509558
836198299
693109856
604077131
192335510
892365538
313538985
29437177
10512301
415965868
614472094
6047228
540535381
527467751
876060360
386371324
930244475
66205904
228308361
550889499
13648828
430387870
208403180
546306485
73073173
561800747
67025608
528090803
447049187
983309112
580850250
733295484
867951976
11420945
113531730
991521807
622333307
327121201
99376007
50683130
311830883
152113457
752573903
57906255
677478319
451931883
31808021
797156927
707349520
576723620
161412002
670030919
566402857
706184392
493284545
863011941
649794214
820161157
412911237
90654649
981215320
594140668
517593234
457575808
35105982
48183277
113543923
184560915
891782960
693590802
204994451
612650172
876195335
311512422
646253158
190425376
447310625
826096991
692248405
838148004
160838335
896740596
918246283
441859726
870639140
919308414
275258364
21583804
75931238
459344033
80711003
942091016
115070486
596050783
479583224
221106955
610736836
79442125
717003602
239455940
180509816
246248996
826278755
167522415
775278634
276470076
566458646
652067971
758238307
484615638
41751024
880811216
790965001
713477965
34836126
610906322
541577393
911327102
494613798
178779210
622239872
498377130
467533061
729895476
920896286
217356479
699199481
705284511
790987158
270489731
891826574
400945685
47307609
543961849
926222426
54473066
708190173
605183267
361087389
296120075
588588745
632590511
327147010
375446599
569362883
713929094
923574669
393533026
759925489
211211795
659834832
526589963
34106045
752401817
139190982
743107039
719306342
298295360
84082376
196931733
800435846
803966930
816410565
972357674
910034213
67789332
919883545
969622595
318570824
801228063
756193301
71356550
897281586
611106141
132967154
978328413
39906766
738132532
487690180
654072207
877827093
753536547
270498550
412209580
379251187
784072795
218755450
595497004
362731654
750669673
305695739
508259059
737096621
797625340
401841429
241903077
680426716
568502336
653390879
805154843
822218154
868333848
316824132
187949204
843792890
86085793
571739399
635750397
292134107
172577658
833941440
335414738
41318957
393993364
377773225
512615985
635861767
316309671
858309655
469465103
31066604
845903951
456451127
784749877
422957708
279252143
985032981
471446028
628104770
246484008
698788240
325112620
925576171
975459953
44014933
586343554
43985408
992820787
514145622
890850762
634049974
119857236
215681622
287713835
515483475
954537789
756327321
144328761
197097220
263413045
137423165
977138608
90018940
775145230
38995763
301600798
365203755
803967763
179163207
59987594
582052190
35626921
113404116
565911242
174860023
219386509
895864130
251729913
79119876
305950375
975125461
299699886
109733949
479973723
119323949
936365731
640409864
45538682
695764371
101579789
189669504
921793208
501692217
278358146
586525113
21672906
362250724
554021662
114407469
330433100
633694376
525893727
402016824
292756107
268871087
822069847
487945088
806143089
385534635
35434056
156879301
673583105
202992979
258493030
757157109
572341866
225964067
111453868
829214732
484537198
236939888
332516254
841790070
180443085
639245561
223866677
975000388
647316249
472761545
184011639
632933228
494506042
45893687
285546001
162425590
61726781
961303482
146897693
696607915
690195390
977137682
249545135
583304070
297855009
61228852
479028143
521472768
51415304
705313086
851195010
4138424
277205229
704952517
979053978
754270389
250084101
925663235
33916956
974588273
71249887
543746715
709880141
44323997
997190096
702403177
827206801
518371481
258426828
91204991
267719280
480626776
814500533
752315043
400096433
801230406
522464007
210793778
221611866
653211734
239566255
432295547
895768290
927600378
258188911
750097200
885029410
677640462
922715501
8377210
261745
859638159
854690131
128972250
132242058
408418466
21136749
616054142
503998544
578456615
686397785
945066000
684361638
820157990
468133335
900237922
255114082
598212775
582344880
577339857
176891256
536639703
703469050
505011204
304085630
893540664
544366257
575991268
306079625
586526658
294655897
372179604
284205553
988584291
977970156
579825004
178060045
958119192
968238290
408056657
886030782
382170491
550856946
841967232
441347002
526417810
645424356
95367001
822085910
8561921
287231268
202233138
874195102
163872519
54053865
795916536
342405261
487018008
3616986
13175374
513133576
505087836
667911546
95794468
393879466
570024928
835223276
985387157
774737296
185609928
874263350
574865294
165659403
146156454
180472449
379147102
576321586
28763554
439277204
244388142
595322453
873383860
697915590
569646913
400654833
583277588
486709186
413418845
223504642
229345256
338382727
963009766
262589385
448474786
123422271
951872503
123422271
300491852
133005380
601728120
577818272
370493183
921113344
714009071
197761567
486787452
956637229
614713341
862713133
970278198
14749752
733824045
292243248
511842479
912783137
193994698
355160258
171124479
599265362
546131170
990651919
211913139
642120290
951855933
874968158
118010893
625008920
378625630
844931721
548339711
441095352
217333950
592015237
615998487
646065438
263318897
204652821
608075301
210295547
618474467
654677576
479952371
805468738
723804252
909440332
869628282
166320967
421090110
604416173
123365894
382933639
11500026
181252854
72366079
585902877
969617110
484080616
958416873
688256882
809127105
648661098
1387260
572469376
438332630
482576966
79941283
674770586
117408479
788704431
582672050
155000616
325088620
4522104
906581986
112154859
31817013
851036106
478779048
830760788
267999120
577893728
734448523
52585951
236333441
861491564
174861230
315101874
623612574
878786768
786754357
501130179
918157269
711891147
651533584
414976206
162949003
582700052
642604503
471448007
334070997
753528170
933701715
792422621
614766409
780439054
551324570
759856972
26374493
822978650
126303404
15606502
595920189
449877194
265607326
262524814
426218420
492185217
519207923
523904052
45619763
86045227
210002335
643811055
859795192
781457426
557720689
159758977
793393855
791704140
683920753
793868930
744802175
333716793
214176369
722389098
631641881
8631904
244588732
672983873
244345635
697170839
733470122
214358651
212531704
458501756
960490899
454335395
955908716
421075891
29234060
36746830
384695798
935909162
118112623
118373856
231309126
807962063
647433310
662704062
78466712
869512901
17119471
812653297
251253690
621961551
952112431
118312812
355877188
466522331
609722397
662631961
173276521
158552895
505695309
880343752
131353578
950360223
678299834
415703725
586842339
914086886
765098207
296967088
227823053
734489266
218069235
796476761
71241169
817536766
846922485
556525324
997230582
883624058
562632329
463891928
113795242
50708182
601234651
751675816
199709013
576024064
931636601
782425020
929020069
211435649
828499922
648529121
528957076
298032562
36317786
130668666
527582736
947526777
332954453
569766653
236901118
428927263
827519327
463867974
790273484
855630478
734478585
150172039
555130494
697702118
154419557
641497329
708919373
695562430
305239021
685204411
420538057
401664523
484457616
481451358
308284668
111015631
748861902
197714304
659681290
683575212
704019038
679608841
361149504
639125145
336651735
918719548
912572382
254414054
861878776
287698438
580489761
524822939
153900911
432160401
957774184
992031847
506295310
639823116
77261476
61882395
159767722
68324912
209109458
346005646
330428953
994516584
585520430
778479994
213956568
531621998
375884965
110810862
442685872
193761878
517611884
708642232
125921501
185053145
100123395
192926362
609687080
784744599
163789227
691648008
634420440
903654572
648038152
82041439
178440544
775846465
47099899
262857184
47429003
350546438
397093952
319560417
230699980
414277069
94646900
229070337
266548501
426700555
369600213
117953687
451681542
655340037
300655723
348764101
61157366
332949698
354165031
354973256
503466710
875616334
266864243
946704923
905914815
979838432
232500958
42971485
590085696
347715831
920603087
208306313
379920659
546558246
191875469
446879674
903484142
417818954
184146531
284137595
788055981
40173301
344239367
385738849
955686854
215332182
587132847
141831088
329508102
839006106
32118945
59205582
389059115
586547602
541623279
716785681
440023638
981932549
159377734
498257082
607535988
747433520
888662658
63860659
663312888
263418944
808026357
630497689
342139957
460746438
29631965
603606028
249167356
788903962
862467749
107671068
74471706
831989582
895517978
744454022
543952512
949794667
709585392
257200996
540083705
237123087
125881195
992400434
16778887
909047984
829744625
310594571
580013082
418753292
556151191
842474370
915859176
366505471
199035610
275081778
731180868
683572631
382197877
43725768
110313963
764810654
26127976
866897578
508457181
402347577
476926052
718470558
182184162
287971710
736247760
939206314
741475942
313576644
728871150
826242774
981822852
679107516
332722125
409216783
334137552
792602709
397287735
83226254
438539621
922366882
474109641
44187536
234923919
677040380
705486375
488660949
482486108
98570759
837575618
357389028
592113131
90281126
627770797
734266746
88261745
1043332
870875815
600429661
332422611
917854001
140451757
380953923
219386587
75678390
792893286
480341251
300288420
508985848
722285607
951091156
988921762
183873360
378440604
278596060
902336624
922404302
793084829
234556257
361982850
828592717
362113868
837268533
699416903
260050411
135553674
454121793
875507213
298668946
830701314
855186358
935273184
824797993
854773076
930447490
87112422
607773535
301575189
110021790
987483189
712859591
101834632
373092636
314860433
201626534
666348598
117473826
634033954
613318369
131682713
823940698
313884114
988888551
865355408
161813409
347295734
63936504
494197555
635487950
763328888
737374027
353030504
776963089
992781713
166759758
913669332
519980195
464794764
915878464
261135851
321325463
746247031
410053680
308975664
705292972
100215596
874380401
489938138
150777088
437881690
864290214
81626092
195556713
664259867
218895632
567533522
620747923
854446535
634844009
661654054
323631442
775850865
693071483
176814754
174334929
882040790
202886574
148566036
841417317
925332912
317583943
272620687
3917910
874640572
271081335
805101181
196311014
404530814
577483763
507225908
28759229
270398803
949221219
389273323
158539826
948175304
248823055
99894972
529712446
228437106
968149118
249774007
324393279
284660319
684440747
470879695
974822627
347448767
845263797
566825856
793466071
536747284
108669256
331656702
673136520
757828513
776269664
679163768
89022322
527420936
919930369
687138365
160247794
854689168
485240993
287647963
577757553
882534811
696467683
25638197
931655477
490937800
601713117
337808227
932184939
724750758
8463609
454076792
550507506
504254546
365493142
134093109
856590883
292182446
83562251
792356783
870368283
585469532
862922926
672957159
844272072
85249418
327187568
887553729
478602886
549235934
660917952
784017735
769354764
596325722
759327948
859875073
578548508
377305129
158180615
465095956
44957174
949598292
905749656
975280287
555406117
385998739
83900375
368150696
844487599
717330844
883810734
408210965
296271667
630084043
371275416
179606261
662600125
234619306
43424165
442235204
891919338
462846527
635201104
600051223
366053370
642059987
211964974
388086643
425489314
893081625
410044232
631749873
399942818
277850492
444866704
847391680
28073323
455568388
296532780
525167911
766965001
687187699
400512914
862880119
695539277
649080966
229425680
150459082
38636666
253108483
587546909
797803763
181042015
641212357
132953774
971701719
307389862
128562513
913664447
879107544
572571478
674159966
332201760
394027056
500810493
381503851
424452831
899806132
212980184
107207387
877561782
814856537
953854324
365975774
438131985
665145757
895827158
570868613
886191953
696055343
570197294
390013741
3586422
399375385
828959301
576209230
652742845
898835515
86443575
858144606
739352900
353915944
12074416
446005679
205976163
444704687
230417810
439953637
770317746
834741845
702517897
650084428
518773026
29684095
317866348
107364131
155266929
532417095
503513697
826299728
909786744
708408509
165331864
54663069
533628055
202564323
420845447
563529023
85887966
756748177
674572993
900753734
298036457
953518067
506651174
178306651
578272660
823535431
522526504
292576625
80346481
24358899
191837325
128091582
912516292
603602967
666363242
925669750
703667221
16672323
893298962
717596621
284140247
598177882
242893186
398490766
558259730
46797820
924216463
223080322
84575245
955375738
755501351
756983052
254621203
101063463
589315259
579419861
740968872
62808669
990999091
272353250
171364625
102205813
462522237
379426829
121201675
651415922
800816359
904142796
691351470
206960038
279642634
214158810
245718070
311224855
844448399
823801112
824106540
339846635
667573967
787833774
520076744
670539521
854510083
12522069
861084845
679193211
550154224
872095547
668156096
799634142
763138540
340450404
595208379
537643390
592093397
907912189
613292236
329401769
406680612
380399353
234835050
334269422
180839898
894771334
312035983
231774672
829390230
654140491
403038059
31297228
291339420
349302094
407566250
875789554
47835252
377358593
836443884
849505681
682125650
518281196
504636897
706950287
313934259
991156902
22917043
783940816
763452864
865818164
812147340
65817377
588869896
588441764
182963234
969491312
137461622
931216091
262669204
815470386
931595005
318356836
48409456
896312715
432015795
491489992
783922646
673473646
862745691
373830807
13899940
877340142
199114035
832910777
726013225
487751825
977835089
216953640
746210910
892700635
143004382
11877211
107254265
924526341
181572279
29730013
398285106
409853443
118884933
905120047
794505957
770373308
192128234
799453298
77330979
509567942
433473701
843889161
823703224
518128104
837641576
323318028
681971411
44865020
783383820
696725523
112823823
839610868
392484923
964745246
911117270
735659160
294879032
923024552
277740828
962225939
116422404
649086499
41982427
585707606
298445483
862786242
65236019
52561780
285997951
563561423
564152720
143106616
49828396
86524769
271198526
150463477
208956801
109603212
538477529
694728984
267562646
807227016
615584767
1935282
71423837
226038740
573654160
199784811
897565403
494643396
424416432
722478212
594642664
36523334
54467911
507117344
932411472
179753346
848539077
51673536
131015752
668105481
35112493
888968535
996108117
38355520
122766376
246411897
501773659
500237531
278654684
825689029
832568455
887310355
152455869
112498887
541470207
61746216
686312257
428810903
475584612
966839877
587835097
437987641
957982949
883203302
467891837
35394822
895811207
584392431
359225720
238062957
767202501
35566672
841724627
926419590
425916147
680758122
87646839
538149453
548048736
941426909
218634895
137961118
63975861
458317060
566933259
846431
868100677
302362085
960644741
88259191
89003700
190903013
281513152
387148142
675262032
516623140
279560795
70750104
189863952
624206948
806754629
515556701
761232972
715147228
54229912
885202623
644181535
614853538
401406453
251906613
831430877
709822490
329078949
729969746
699064544
632918215
826913091
639321219
630273707
773699063
447625844
765933028
259929815
734249809
439244155
488567006
987465537
26663076
337059553
924906602
471948008
904635004
907877348
337209512
443291235
105667374
220135640
835737644
666536654
777677109
509224737
903943379
715015177
50785238
980754812
118926866
906800825
936675799
117209592
242269353
997816492
918827787
586620618
846343649
472179555
967122696
587172671
304186943
199018483
407210074
437434504
693870205
569106902
883355895
496336767
155601927
426352099
868303033
290711903
914669436
507288660
800474024
859208621
282200552
767555950
853726992
271539881
517588196
849338839
917427258
283076356
811814986
773246211
235372570
530903994
513871806
21097373
859159751
797830685
535543536
847020924
636159617
292250047
644303275
476656741
995907141
249618335
151846512
844498075
573498282
130930201
997966411
211731073
385264956
496377761
483629355
885871544
160469028
880054817
940582497
235379821
16582004
980790305
75259498
640214382
340459293
492060896
711511091
248940304
465166631
968501829
799011298
258910982
427469111
719243992
626523078
819263392
987088405
932138179
694901340
591807750
377504757
120448409
881471548
817676893
816581056
171668405
804379857
304258670
887921169
36419701
497622600
964518961
776826834
403652745
285220498
634516701
994395186
82171673
605405612
448007133
874172523
915408947
674935131
735543766
246441225
495770831
719700737
482886032
607975573
604334066
63619025
233738962
362328408
182235408
