761260544
430939389
368480129
766406570
682565345
846571134
961469056
575699414
632388674
329657670
875553548
561795559
651231466
367413034
905966403
591893753
436244229
294931264
843912919
523407679
746523874
82860466
548350232
125821669
338464476
434864806
226064585
289506095
702419734
538544467
538544467
371086302
206635284
284377933
418127885
403484831
344744097
548669853
248406953
689639127
673445891
70278667
585838925
323264324
637960536
430670343
487774541
173450045
434717929
257712280
478934492
346973365
105088578
833863472
727234656
436303849
571194127
425374066
28337159
985796732
373029578
566554534
847943121
739542295
727212394
648110212
892382913
56123251
913839802
830736604
819504195
918485086
943506327
845643903
633854895
566116479
980401847
12201623
635721673
4751235
935493296
347958115
230446042
312230086
617495966
483185943
175968891
420440170
395605095
95007921
840746830
660167303
6527059
221665982
131838782
237591792
542255183
168427142
523869867
480750519
304722634
408405965
198232190
276139958
727061577
33840833
256755759
196228323
145017366
464852947
118052043
681950662
359522491
30463075
539792682
187174305
896238312
757919358
179001708
170046996
727390265
850723004
72277871
977842714
866866284
279903931
809161946
367035221
472186586
925779011
10982220
307383893
983615562
120422950
616692869
599637539
401592774
645862011
75936353
766070956
451620800
739019149
865848669
436996076
592594139
46150084
176372438
4601864
748772294
883379892
358386388
859903588
235351956
77708329
684866193
477877159
379538570
574486372
618881345
158452202
492852123
235317249
294680175
77148975
311548279
667619486
88856069
679601940
911956931
144013497
961044428
42975795
591754552
158440755
334318864
500933124
152115408
514016242
55801446
68738719
317615258
964272404
767663784
678340177
543374429
442742505
185190029
715078680
946951966
574691551
784130622
852255524
800128440
403307989
726506015
112145542
628986238
368567578
348040070
267521725
725102723
766707603
227557919
813940645
292065136
850697195
788813893
2910499
578324260
516935031
195090061
480877835
179521811
71643870
613831435
648808871
389612890
556724801
238207008
704096394
834260685
439933910
962004847
483212784
19210187
808668025
188146076
948595001
863783260
715073619
279810985
495263081
903339438
877180946
157898903
976467692
603335925
525128445
213003120
264479745
134465112
150263031
873826821
856608693
315528277
331985876
988945448
796977808
931281022
877976133
193994671
238224286
121961422
316953176
154049919
877064370
257314814
442137699
991645037
246719939
371063254
10749896
267443268
493364042
473831807
20022281
869552487
748741627
525857364
62657534
736171452
660391940
473178828
128600412
573607860
121946218
463282998
24297396
328640090
186419937
968370997
964791733
645141723
213360114
386994162
381801383
110464076
91090004
650851536
897329498
739308967
982364585
375105148
140178053
160205710
920664117
512232611
16462788
797398386
984938914
424596074
72418093
323815757
208029614
676792478
556027387
835352365
841948018
739501618
505495300
158667022
645336037
885250255
227066897
198637580
686981831
50779619
682132126
771422520
337654890
693541852
467994993
633633924
496458012
645090889
712303629
864162542
433498009
879181847
424368444
469113098
180148997
558262796
137579934
791073308
399131829
830756009
12292072
95418353
385767628
614005684
280458065
980024908
540884489
171902555
311839504
167394363
971103535
127065918
233058741
29766793
219077967
51595617
216571475
48120066
579988136
604300605
40824342
616534880
622070257
304290872
410461572
647444444
477604140
905533090
586611626
257485345
897164823
777756057
767129142
183412888
528666367
918959014
746043152
583474637
816268292
577559472
85255130
970884611
155796740
921320886
427139236
178160150
914952247
351664733
361918411
580134044
619728305
363965151
974538610
182701685
757409016
283774802
864174806
786974874
786974874
18093744
637864034
250926182
754984319
725202922
355907097
588883345
624257183
839126168
71667805
719630544
454078410
308062157
751172590
949474535
422612927
721909942
188226409
430679109
844960946
280708879
33814778
549478636
742998504
679449310
588082437
117777721
458271891
589507722
139818347
957597320
725459732
551744506
205271027
795231169
769913261
159370538
168019996
891074055
531389787
721707334
785434619
340253545
691937767
649225817
461279852
134220910
809717211
144185644
201399081
27440543
680242026
944918022
874826641
86745025
649899742
269908117
466754279
331339051
170617361
393706947
88480774
329405494
965359782
585774785
122951182
909084161
100166493
492468236
881397724
457226172
654332636
455210493
145600980
524589076
613730378
30288959
205365031
430545103
892063744
664515541
333784678
72363418
973337615
935430062
165180139
326030991
592238715
104844599
220394862
271913884
368416273
648888222
264348161
994796619
455969880
234007486
526053423
900869629
922546336
977021669
756995926
221629775
56893327
400182584
658419075
744090331
529454371
367176644
682282998
695088908
225538449
525034870
396362295
469856441
915664306
335606165
697831779
523403602
624429846
72437367
865974207
477898356
872733714
547008415
15039168
551911219
667747722
762361894
446365252
294833106
952095635
380601413
926235796
951332589
424187655
704701382
158474471
80016609
641257422
711179065
876687080
750657883
604326690
686091270
87446090
541573455
443533915
775677585
548444312
733028172
105190946
165456647
847569658
772898907
254421176
835325831
420506930
168345643
729836340
768251374
807584343
404290424
392622615
590749843
249294374
191577592
258423686
611239006
261706428
55064484
280693955
579909469
480255587
417886651
744923097
199158008
708162893
571616553
443038678
933135831
651742463
725043241
703866395
28044688
509877143
856514205
279343162
270843142
921002398
734231101
792591018
808764885
771423780
626885451
689796045
957770276
145033179
755843077
403041406
845956595
691620135
241660657
101504034
110233099
635057584
122370545
406668874
151712255
579127820
384927115
805552756
292736596
773476045
267126706
772947843
849966501
160541650
359936840
484722432
160520333
290139532
900819024
700030623
510400748
630537855
970453313
509177634
421314965
874118296
892159595
241024976
512209558
858761008
169948501
700339705
42578089
550540177
968610790
575692376
675374889
97974138
275252837
910269768
216899881
290855184
968874282
486217775
150721799
154106963
807402684
602225183
554990555
465072584
58074704
747659339
4616600
169432181
313570272
165614279
848062487
640006165
217901720
94088602
618854713
916193414
966945764
638025828
99581940
133028689
376848201
793681673
907352343
529164466
955904115
707107326
84672323
662024016
117420047
147658210
102943173
349717215
601083162
606314657
723146785
755709369
970086270
5717880
584577329
485191414
573532309
536549574
118395273
609082825
6708973
168656853
63541105
97303001
570931468
176050919
103127332
986144807
943452720
219581604
376138471
989315966
245591176
250274223
74054573
764601692
179191194
818312778
686064876
384023612
213217477
893157493
156508550
711911015
18847556
535394714
4763193
188507080
678104967
229382864
292074379
203301245
131220312
22016461
972675316
653064770
419257128
469742371
767893595
654519781
392884179
632471409
941940817
780614508
777434622
935584162
851316860
367577659
183327484
432496831
653485182
531758780
831080412
179728987
207194705
744669072
565781131
143183519
517511300
337353443
592715582
622453056
472993039
721197295
460933568
982694089
663871156
893026018
378794568
719625567
460614388
548670306
347144742
299487365
373707532
103813562
641065254
826003637
140152067
163217827
720336421
139114546
116479127
190891727
872723548
615133638
380372192
443954646
745622375
459673577
746802967
400731610
964069534
652858482
279549569
744010388
729327451
556456212
53090178
646977295
259274853
109979820
525278443
865691984
381747347
936005204
672813874
268715493
51521801
390424252
555715165
791261031
976483142
842367129
176176952
410549372
892894562
450100299
562217573
835909468
672917580
317967050
419947588
119779434
419701507
878512489
441643945
166221352
430177520
876941836
679618262
559403477
691704144
619297711
58746570
990537986
391360546
832725555
362101981
867942960
309779000
373943136
82822891
343348347
758799621
548805644
378021274
39858231
255678943
136297380
19964992
224160560
366178286
435393399
618421691
703055521
587489462
436801946
320030940
266649680
795979714
282865507
271723530
264778412
942031266
576503577
422658692
640156672
761863457
159007000
195519524
406902020
15554382
956551809
32786698
975138171
774710574
441778893
744271168
659525512
556378573
514648972
424725114
708940681
861671217
324999096
180873378
264899462
979513175
144910900
424340600
706470800
275646636
810741869
469342990
259904872
691586343
463936243
431767957
925465614
474150741
229072006
298253240
844401559
439079472
472898522
853765699
887163942
718731746
319487936
772707867
186820378
29209683
976333247
580800032
247214375
422393670
495119170
597735130
393694284
632837581
304027623
953348549
185503776
616548913
972151463
224344405
163668878
253092552
972134861
278186223
790645353
683218118
493273850
274952406
264083452
421043757
864173571
804599760
290085120
665624418
879932932
917389778
160490222
983551878
963300197
211318100
395503422
789663050
760322936
657629057
723031214
498640307
762336348
134576172
681434374
241769507
794581914
71150499
849236352
417347189
657975317
402926454
913074218
413002390
583210758
899330280
980417869
294336915
42978839
749471821
235949582
992214996
658220011
433617000
551101979
724606492
997019082
682151895
369637169
624750950
643484640
393226923
477208163
968848850
700332016
416933976
604179893
114249555
815435960
855398407
555548344
12457771
21175196
845419537
249311993
980429265
218945650
656259333
889150842
382662993
500172335
163952876
329932947
791971780
867787161
42341432
106689708
650911178
100707631
396907078
465879356
636729591
608620081
664779256
822476265
417634293
566202084
342971709
153368428
63388077
435994439
587512514
962907823
564800634
889283240
70953700
294667478
292177679
397592655
10969417
454704419
358471957
305131214
454915220
299756048
646832079
758077027
77997509
170765217
67096221
281602930
434017296
301091325
802722276
579182242
206117706
104991057
163105162
732198559
634918848
104667697
90368541
383618063
63395110
737747156
2154401
456596638
209095176
166613506
140342204
213485207
493923338
822720303
764103402
789130950
812814061
212168748
330047076
714723581
510466202
554898163
997115057
687805319
438197805
224876753
272188896
156865614
805651833
414271467
62886580
730216072
437431052
146999176
486297439
233700085
868737167
955531319
92395931
494896210
855145119
27351207
913820282
852823704
974417866
411518826
817460457
425870017
839098492
203598641
558359294
272128250
269109428
268983218
721016908
846867475
432090
981899079
192880813
366734513
557060150
903778232
438394396
233760403
606145482
994245580
492593835
266157407
531442409
493976442
819186216
607599080
994245580
959422870
379423911
990321548
433682692
121758079
865730922
126516973
117481746
666498932
767594253
654008540
460626721
748159854
349537489
664262103
100414812
648668156
233301637
755935322
223742009
593185940
894293640
232726395
168608127
783685368
557746190
196595036
533308678
187339089
299267742
547275261
245600088
291734513
938600485
478058284
918513825
209895685
913585790
785685884
855975879
701385988
243981104
231546171
182942639
426771585
553253063
513853131
541650943
852426141
329952452
857698097
459464842
19617516
458944300
971732772
32637364
592434030
850889208
566941110
800973104
702629623
343387526
211868920
855168698
185030407
850889208
908713045
119200107
397666337
599145667
553112888
557586586
343492718
712820834
430274934
1080575
179912533
543860878
512280967
371545028
479702416
561342425
648842655
552029615
800098037
898191957
745991400
227760230
511240882
754665961
619606774
309314709
292385629
67373166
956782969
460779349
633256877
970992754
357262976
813757060
592053958
397405106
686429554
911596563
242064381
312301825
485125379
628159656
268340724
721301865
899908155
390344843
474413896
956287257
733597768
584518273
466657522
941731898
688697940
316068397
649069265
285582443
664344985
391120874
196396983
438653007
403366451
220387817
749098323
102638110
41333463
855196594
18424708
492479045
107619080
705568462
85877381
885727420
297763121
599328270
965149342
831191836
357547586
915870380
485916951
47646232
924741462
802651583
128112978
350801099
567935497
839429495
11669198
958551329
497315217
695515398
875781035
343718840
212272358
974127863
358575006
637104599
828126486
858361484
259025746
658796057
282022009
139097796
129712505
796447573
95165456
132868494
455917590
611136700
81216788
596209565
887132910
107835020
513951394
336285197
847887080
13137803
210781078
920576991
8537137
536653672
405682207
202819259
147652849
137110512
357527334
790235195
663959000
779124478
306281026
997283476
437753620
926770162
470210402
228383633
212458029
299273870
254462256
42245963
899887836
894633273
440936939
96106788
781951626
251371678
642306530
570650359
439982054
290753276
749798492
392351229
707690404
646101331
19169177
49184018
757566341
455367026
462634418
561967009
190288966
618012551
615552338
997959033
501156700
369223363
412642116
48083750
555075240
827003697
714516272
375925687
832443057
759926047
726255537
594533440
929638668
369348401
214239013
818112713
292854890
96989941
917876850
982279844
378067996
296901084
610463364
776326292
388726611
152940743
74489323
515855843
551115480
726532191
606964492
9876070
418982210
679006334
263893236
203171981
79289676
111060497
951957409
245303322
462192192
884517907
163488036
917837224
13552320
322011536
969105267
564891752
877562487
930439445
916708786
207932208
940234816
343106421
286650658
349283376
425678406
786316028
599792029
490295488
468591083
483290467
969575267
788250195
770037910
782302263
656089102
331008281
571180459
251151082
880410947
933245313
364726392
560195541
730907127
199985762
161765303
636114533
942667221
896258674
697042141
666379934
263389635
899351472
518769496
540387732
340015096
21354191
511867215
148529306
89015992
505445589
685574361
30001621
336591999
330445037
473974089
425732610
613778977
419478028
239594040
39258176
621999557
800026883
467459627
556102700
116652290
613327163
384740095
493386765
404715302
738421063
983086436
861576957
349459546
59439672
326577435
811216384
157752572
101575870
630657523
913766859
752050086
703679051
781373425
45101335
508658416
223893308
665600030
226427383
825503792
457980793
360379897
82582042
625022708
155707161
557051240
823923347
846485537
375955004
113532378
148712115
698551304
400015570
221682298
967212793
548350794
754910274
182982292
163161377
310284525
890123981
879043253
57984289
274495902
53540121
394682899
383969837
415859958
660226583
908370791
132432526
173755550
71062257
71623138
453484365
547688057
376566589
60937605
510994657
597058339
801707033
240688771
257882430
288031619
379105016
121937293
104423974
2810347
924923919
570088125
899451839
807012097
635570249
294580192
223979374
52846902
973608376
422271945
939432049
414780741
662021974
963674250
561160507
495015261
559623441
909110990
56603129
861587602
112268472
15268989
216830089
850739921
988292015
484280766
315583324
739967140
48394621
44178508
138029974
606583369
134350953
162316834
726263807
865180963
326140686
321607002
366537157
676943255
495539585
636127845
807884415
86502246
690443231
796572386
296563358
205988788
336216439
656440019
320223580
269243328
223811184
617275970
895683386
964849942
624598913
423396189
152515442
286230855
34000217
687736961
357166940
263125408
512608380
724283357
475301607
674928546
802698495
404658275
131681567
559694075
949378391
749415790
984052660
94011781
860923673
874671640
347219366
837881221
942695985
63966022
295935353
273404440
159177940
539229125
746933595
446017652
196890028
399395329
597737479
945436293
860699114
620876903
735661450
573740481
622180193
922776570
535340301
395399934
969612055
29960792
962823999
223045782
387145890
348809475
328976538
658472631
71868712
954435137
474506689
985762044
196929672
110334767
673256412
886698852
10561385
530344076
824500860
797423950
52152415
695999985
130589175
631790566
258070012
614603131
884427622
533117330
455872560
418163105
538816428
593749186
879444467
663567219
105728081
404661631
21103294
85069789
591694112
918134847
766901806
491182303
356705174
528954398
18382351
661820349
406313878
717081011
241879430
528567782
845248411
805812285
815145338
716453464
90329331
754167172
97488733
44818570
293227787
167549850
791243085
721514070
419975056
147735635
514128246
244044093
333040043
956726024
436030710
880775417
488794944
89138677
440941237
59595774
430764147
940332690
211633196
205112263
167673764
188266435
786075592
395988067
81087605
758128742
213784310
17661860
31137054
127123602
581705601
183827316
11924550
279675191
964390386
120251275
785853983
991162239
191292240
560548980
532928159
490495126
101692836
513347372
477054924
75346135
838287401
644877519
759226555
731698707
785788623
386231886
98400936
202896309
532996690
921490009
866048211
518554170
781657900
26974568
426277454
569030945
450307430
633666918
727923017
85460602
913730244
450350981
389149921
660412904
729930398
33483724
181505864
599610348
112728542
568700385
3322562
516200356
340144429
572891819
837393328
560861768
647251254
683508406
234700814
688310576
963417425
736385778
890788607
813666139
212210573
690899851
936966480
783420640
648495873
4578010
181915159
78690318
171965489
482337511
917906062
691992173
750397779
944964284
563753120
937066262
758921915
445176963
546256016
885780139
815902814
616256587
112136623
657666229
802974857
120485666
974498711
594309887
95175089
733165663
461827681
314419794
75340499
159866182
886723193
232030895
765072303
930008079
379901590
632641131
878513357
226965945
450625394
954995512
697178153
6075758
77894045
899034352
224388079
565501078
255984111
493505895
929021619
929417647
615939175
523381708
6625419
709164318
407854564
987530947
761124468
306755893
675454089
142444221
669950511
609766185
295423429
136138828
293922583
701591337
105578379
845229782
964363450
590639787
730644214
48016386
111802438
383120147
951808727
279131232
439490892
772576976
861676057
420817587
682738317
685765578
736302117
179217765
914689791
501127444
921899330
848830444
429558317
795761385
994050192
843559263
764010928
570961282
858988164
869923218
280913041
762572678
60707276
175643276
525639041
912358648
328875333
330696256
624210454
182827680
883552753
845579869
971688853
576893057
89805390
239861118
148168821
618570226
814882171
654598543
360328922
845785160
460692300
832854351
785981665
222480647
983124718
519376716
404473296
673091547
726447225
828943284
433860066
192724668
80264623
116347325
553443800
347856552
333309144
378343511
3006726
527369528
299358429
218488937
456023278
92292549
549461397
578205002
695800645
725325216
286750734
681085559
739083575
841089246
683864968
796749957
987103120
514400412
533877627
967517255
675533945
16960188
197663795
902434629
280573316
810905844
707015008
560229872
19661111
926201782
386244921
445862772
226324683
57177684
9467319
481771964
432735311
508558026
343580441
775023492
953230442
225240124
699844726
378446466
953149047
358405448
76550848
636812037
351387467
823097274
208687878
456446197
394954689
988199504
755738122
269881193
507308019
326109255
468266252
72012443
619593003
741203129
112829595
351046870
397295076
209762443
890361956
636587863
117807364
134259288
826526437
834528576
771444727
339069952
364961739
891518226
256185431
753837116
780059359
63769577
809343532
4351129
612896920
953302022
215511174
185279323
849543133
689599886
958283680
293010116
439802224
607838905
713791597
519246527
894175387
561169838
561169838
221509993
484821530
773833807
959711254
191553885
12861686
862204543
600397135
794347562
107106607
334352948
874792676
988029550
847409259
759197406
562007912
878325276
650129140
725841679
474189276
375956492
524602846
458217685
143367896
8635197
589753561
364255036
591310091
482256079
923483817
974372937
648611502
663232848
171611059
225108944
676427110
625575413
807560507
199127734
71665097
816483145
2762510
939969779
867794696
604973996
863180207
249660879
265309181
809160977
672662414
480011260
955436370
876545479
766709958
824118699
78830049
742169299
571357498
737652120
654280793
908791423
621280337
774630581
655264839
655264839
938020389
569295974
730604770
100777368
390993668
658391652
167812176
894934611
698678582
573723713
197725173
258961899
795228785
572916228
618204761
948459556
558224336
323756146
315357886
424360443
261542783
324898198
429359736
955995235
661229059
320821536
616193209
576176777
475404094
922644375
658394877
860990836
695023771
409594067
746936721
692993664
269310335
935082388
137580867
879203033
163418600
138492590
727712114
328962720
138534890
767168842
839729474
100733235
568253425
681076474
463175208
104788118
466990553
155950339
812202176
145855797
725229899
916293135
770014467
908520410
399695989
729180387
122915124
211223603
346377881
465529997
122553331
592475926
540715506
149658120
346377881
556040127
229103412
96211626
864930741
311310859
771354688
923525630
909160888
499563950
902448809
807964845
769599725
28809286
786903848
907137542
330211809
967504733
113163217
149823880
719084311
587046417
797779240
346696857
324378416
970885342
786324706
856836061
256226142
607985273
329328793
665834442
846253436
848214964
280741488
476829768
772685153
906862968
637823464
172782185
226984593
645373377
931668946
845277346
57562298
184503836
362804926
829664153
629637755
792868567
12128318
702911826
948307932
515566564
700571272
44066791
355274340
881568382
450755177
401616203
379298177
700912919
225409949
279256645
306557891
336051641
349594924
795018092
631521688
921067857
782202806
256814637
233917377
783067974
958227547
992509919
984618195
949856804
680555853
19475750
819718798
943936510
633888843
630625140
278529305
668369458
220461035
391275935
497284736
908291180
11199293
771274068
72261270
5574281
817647419
363847013
868837492
958740660
888379191
276618571
301526497
440467389
19358244
597832543
872297583
411762824
841033203
622860115
543134973
493412908
83196436
968888865
455707264
957309226
276366879
729720617
797554572
568913293
729827803
155784901
938206573
903117123
432444924
626657324
79392177
553079939
196547009
83007779
183115701
787647605
597039675
706231692
498212673
55585132
494741475
637667714
389515914
883695346
609870239
988867174
369413695
943343506
218154835
136299818
61031054
747683364
926253809
74833236
649084297
237323716
876919362
584555649
765609402
527763371
248649033
944064826
200624872
104217495
403410660
404103475
996787112
799441542
780858226
431183062
411099091
758592433
96957563
308025422
336223052
512122555
794180354
401723949
621356941
655128141
364185176
217008249
81014549
696089650
603805307
201802959
21952996
28357826
135204477
854839452
592284953
48228015
359928308
412673245
585247586
42047423
371431726
395384218
327446033
215581203
280101518
759139139
312195477
671804947
521597241
305662445
855007728
149550510
365559014
686283787
288611170
701743259
857631383
133624183
492506200
438936934
258792715
192463544
423059349
547498615
570560178
570560178
715108822
794247666
391569276
580587878
949785133
379956650
857095577
416846996
537774265
339590944
874377485
702603888
445530996
174302610
264172944
906118714
731774291
980738422
795147240
755722555
674799009
942095631
870521741
381858265
79520185
389965472
737546238
94939985
563938090
259378339
767186737
314163831
641826231
445961228
317118840
439920998
20949981
760853736
2780192
58477290
40384913
923443702
362296096
251654493
422734687
967749449
45807223
479387070
950210660
727981642
167050645
238823581
480477717
924033892
155582009
630689935
290210180
701780011
323817201
502701252
820541087
619968313
862000151
525560326
853765867
32027562
101687551
264842063
303723654
997381506
83619349
956589151
335593041
765331326
727197653
203850745
362428167
951533002
257687711
500333587
378370003
776012426
967628795
959583249
229942652
247921800
993490082
875082409
530806736
993841176
570805239
776448102
773114230
775787917
667688557
67207287
4138012
456098600
603938138
242145052
723053293
441991698
353186145
358954629
169896855
847427708
372205198
868593063
887853525
236116417
269411457
267567496
341184410
936396652
116347059
284148297
463369057
535622366
745057018
312836885
249801546
440886299
399727395
326989397
293017865
99934354
860617984
420561334
453126834
50996731
285566519
737602762
792788988
910776490
660982875
233590780
571050521
241111157
463007204
671927282
953479394
145796728
458682623
647648252
556044457
51754344
425749899
12021590
547409713
858615901
763258988
707153132
631081016
650634239
304130486
565501810
377400601
121434579
815253965
125902117
717836708
566132725
162818286
675943095
7244004
566966304
117546648
360519057
735632959
793998328
682065359
690315692
401000842
587437493
835039228
896852447
273362268
886162108
307895486
358543307
49640547
50493325
787938413
181965288
558646846
615660107
699075851
487761516
651706189
302106505
252266739
799292562
967474111
667433196
522429746
626247786
677905382
945107734
874078270
879290309
389829661
206761608
887824027
701634772
934166919
701634772
772588695
919208612
835798214
611474795
703330230
733145887
368709330
838938588
88622120
799255342
773627254
948780710
92179045
621771857
802321117
679703687
244202161
270046671
896387510
786783317
751539971
635333946
186455782
959321123
988839040
796749352
894259175
837813367
919864978
687644327
827052820
214497758
148151789
24059257
259812454
201196268
608546387
875640451
79756122
129588421
60307762
367271434
323929024
799953728
652972476
652972476
155370593
222986230
105413432
390079847
130376144
899359537
713694202
86271504
512778806
615754171
773540898
730508953
494212686
293355328
801010608
54124953
74532273
117100634
652415111
477820560
502502556
673725953
714831471
578136949
315352856
6370315
790949988
721046956
362480140
2797804
670766554
735303185
642283185
364305380
468347471
437372107
459597676
739922481
530736363
967727095
926867908
426717683
721320036
921240006
842299437
862257478
464236691
776368789
239032799
433267132
42966839
764054022
740677991
380937101
983113011
137745363
230015442
700332302
161979717
215108853
490064464
330768118
790394892
299228221
819698877
982921557
149267637
712340522
284139906
543355933
704366805
329566760
564215448
506596218
683276051
669850456
448353801
128042696
483090252
413209134
633530387
122463927
455390297
378603677
626645015
763875283
937229305
343467515
513585872
362348446
377968647
410174195
285599859
709521607
519774770
325420532
116155168
509166639
375770425
930572705
448174933
488174932
846147240
188449100
240936756
387507477
596043904
27498626
309315609
864497800
391641522
831445425
179886132
507039189
460560362
33695022
49534299
453125269
592138787
680280738
289941405
642430631
860883822
326773715
305039948
67643185
15845757
443522635
441776831
308146809
933052737
17761542
352893129
885251081
899081798
847184151
373778176
546989261
471773799
764008477
55091847
898837866
221380881
898837866
414678303
826261168
908999225
118346515
910487773
145806496
753149686
116573033
733067289
868422172
905139470
875839536
879045384
664651255
465786201
479451579
860694555
421300966
505098995
962816056
148063897
785947050
962633335
242413597
492300894
821166947
62462462
493502919
587437181
850588049
379167985
350558815
83436217
492014557
213565182
981385492
853662030
308600206
974729925
622326981
391239989
935349092
546416608
444920162
490949511
332451225
211440411
940812739
435671705
795200069
779383386
755859633
624767912
695373932
534054709
980266101
463399114
970701300
816810745
195846911
217953897
58708897
890319810
788187577
396138318
164086031
249583473
5568048
421661773
291440162
3366588
396463270
433253557
990283109
165377814
365860169
721179655
788232972
111331059
461636419
206680265
399049744
68867554
666838020
810501619
739346409
782546825
580512282
302124893
736649042
724282676
564800887
461895600
590035468
695258861
944864461
531501949
972498424
926451105
66998349
297158175
628396038
164719631
715811175
852498118
447996057
956910502
732490710
908963809
476315548
508874208
117601162
425956417
190978482
988423162
863435038
297389156
232426872
327541289
560714361
863639502
150871561
581219804
383684557
958066634
346257727
954233695
221517307
176070256
56370539
335622007
230396072
613957322
537401418
146256265
343254861
791943443
266252178
606549329
442751817
28543530
931672953
651593964
213822610
4167040
953159913
574224588
206633005
283502121
513651858
421390222
247286601
267694487
33233031
233984906
121315789
629417788
364615559
975378425
955972222
606389963
121315789
785939102
571687148
376705036
485664365
573266732
229459859
813034329
737229076
560379369
361951516
47472509
534345904
610690856
276391848
591940913
463973004
107398323
579171213
943401219
917573239
652795104
536831599
342804717
730596809
88713293
405165748
143963109
927216225
953110978
40489227
221911520
41906880
583008455
97682697
18269912
777996804
636810025
754911769
588300957
147042402
66114049
45787202
689861241
817645241
318290314
869571305
458991761
933211452
791595262
378623611
370145361
638187043
844770023
434837276
518674639
392397455
420755116
180073636
952304411
730614364
691804656
794516055
469902557
912547191
268971532
962795873
429249436
96830895
506124069
722707461
763138234
269525544
228349261
592319652
502176561
724449970
510890577
674266341
668932015
450824465
869957633
14109471
462247983
895252895
578666067
738557864
745920122
10219523
113876363
309185268
970019578
644815574
823322721
301909340
837937183
644163249
273327918
279410557
950642161
411710480
398767385
820419847
301906284
753160290
555631852
882895521
342929026
780945250
610329692
882859110
989852578
106896568
179993692
843149574
197687408
809483516
861651040
578184012
104008313
716615640
849022703
257911341
746914714
413367059
604281413
105574378
720662736
288003608
301250265
823927905
469214838
853928675
282378132
478540391
390365309
724350461
4870421
21153472
434485736
399001507
383083240
968702700
505897121
966597002
697769663
983239480
264148833
473494150
285304641
881472867
876313449
221387687
86958527
232691193
558376180
404680341
197948613
924385471
298351520
178107917
93436785
558996296
903563991
311854324
566747038
177604779
677203975
58135170
579469022
930158223
495233944
251779244
782384078
494672032
273938318
471739950
407543696
847152876
527615200
796822897
603363233
291616630
585503798
891385967
199709203
538733422
913395090
452743193
79525650
576368594
939468436
750422988
409727204
241070229
489724716
685483893
949607197
388405118
444847382
484119013
419461718
204456799
413542216
664162975
220424143
276678351
67875049
968965448
316090644
353030565
776462127
948880930
417439219
626450966
664307250
506653261
805766411
181232056
893237465
23697743
527366294
67504931
865231497
598389408
354949043
629611822
444352618
808383396
933780706
573572887
948356975
659965518
993568888
211655887
689713181
401623835
633574188
752868120
503760150
101490417
728247124
964560643
459707533
508983619
399301269
559967747
694345199
291911823
848450697
922638879
359022908
997936746
897489289
310821725
951743700
401233126
270476110
835208424
561415153
587373385
405535138
56313377
440379532
531611828
389515456
245359414
219330692
621174900
120061646
900088727
218590499
343722784
682221590
630132256
288791273
631164468
637229651
250940633
81404607
939027176
403204190
819046557
778058155
129262459
237522628
593241214
530469613
43760560
889312598
651948585
983231100
329552096
20540120
476873721
143446137
695999365
703547189
13428762
17492404
473447027
716300224
757839547
313449696
665265683
555819193
922338709
73203692
863280096
600480165
393448077
522202692
251509139
9553969
372774353
426934077
550700563
530729147
390296250
890189986
189058185
159505330
663481679
469370648
721804839
618532373
560828407
677582086
9856548
168325095
808610166
830452785
56775996
206564538
780166933
676647234
127210333
667317541
869535383
996416879
704368460
533547297
505310449
782465714
862845502
808134846
995897034
217355152
43549926
323621067
520579117
849621983
311255658
961596253
628319371
100477803
181948662
496546210
382224917
779626131
616414877
467208138
546051518
465651657
947029248
320242541
547829799
276688547
695866330
438840386
550666789
173182004
862961054
650362301
860119575
852414676
304303955
299583523
666770403
672527844
104393937
780507724
182037135
622686522
347351252
833192033
638958589
760991772
199078644
149505378
936314743
261818651
880247285
354640165
99609711
121706059
514184438
979999645
580685421
626153432
483502938
774050414
135864903
145026256
974402979
628786842
853961556
114921852
262856243
653363775
178350067
24028243
255923300
152659919
122511173
143703769
593992718
777479830
251978793
891656978
914567385
499150040
725690875
696217162
537682680
462561315
874774886
102567601
786234699
901893568
939038662
47824703
884124210
489969382
547205963
448231891
94000759
769082241
310392606
824384608
444369731
238835009
589614674
831819807
875853238
149373360
728865208
232496492
163475549
30122801
170088881
395042284
765104020
745865733
738272981
708400580
935117002
750625226
477324138
265621100
761078569
96618326
833114369
407517530
733285771
663980218
14404292
519285492
535005782
198855165
657187965
882711598
181944691
727493889
352873875
612127390
601245567
215327327
897493673
708741660
407740894
282881653
692613522
939960913
487798383
42559203
942129241
93838058
997628234
651357203
526356775
863966791
45446343
962269667
837415866
387621175
233860902
647855931
590076248
279506249
119469840
902093300
943965680
274721553
476552748
171348517
580546708
338351819
218376242
452674850
585219518
170891847
115555535
248060405
666466907
802684739
22073500
64535486
460403421
937603311
568948751
747293240
36692793
454921206
784376424
237513691
336112720
618001869
17960007
180041571
134317
919488566
652123639
52209246
605616197
370386437
675711032
296482961
466385789
902458514
498388088
206677826
38315359
538305204
374200376
301603075
228736107
481553847
77920120
532709269
5555193
590134974
797650131
907295446
903384868
337510840
752692190
31036303
151625339
892349965
593635705
747110025
647751299
428030756
85732674
811944782
462210941
664187840
672466206
126799039
716435379
884787196
188017196
696269261
314358999
724677230
743321620
434019209
169462384
714915499
711190985
969478340
599919296
425896740
355089978
761425691
904923106
500587995
120958791
415494033
564063788
919735142
380590207
251798768
61736013
37156371
113884910
505562563
772870224
924520352
731178619
440699136
210648825
168910993
693261352
16267518
707010729
895094679
514275009
619626755
144269180
104625702
667863846
451991132
572807729
178460069
896646759
25189382
452754583
351191057
208345752
152014107
195067277
287573505
765291578
304629054
302939725
21991370
547226999
813075703
894559591
635257246
372827451
180314600
844191468
280424469
359051487
511970986
866584068
258721249
365534807
606407892
384176562
768944245
356571403
770023192
456231526
101303115
243338293
336543301
320144888
992174882
942569501
830436115
223465306
110876429
856448721
174618069
437813156
754334992
962602395
255480935
633035565
828103712
645026341
467522841
847350224
796461356
945666474
839361784
605235435
552592192
499231546
442890229
794436125
288096571
35742276
145662265
247269071
838161452
691016778
619003701
697203551
658914612
469276378
502130903
144943816
594896652
320068159
604902708
1881021
143198028
421586425
676709168
527590724
420186410
877500483
40172467
675922461
585669110
502841534
253753083
253753083
969024886
985828953
262863664
412214377
63740469
871336793
350293740
38511277
566768750
94645872
543236768
387135458
550080057
720866998
115213240
280344491
537731527
873987381
797182734
605918999
820451136
585645696
230737320
137733844
93765313
179932428
308982012
647963132
884649750
158771243
386066739
244199066
880549217
5281769
614495155
734449458
293296347
416946628
88273220
36907801
536853746
148775570
707614075
404025317
849401801
542868697
510565193
148325098
590271176
516904430
511634300
911759826
119299675
821772527
419391988
843213711
823233563
730087531
156950839
875319729
456759209
732800197
285172589
671281683
232306324
560179705
190672783
298706356
196367800
774821633
153917833
107575217
911604163
751435689
33089686
63257365
647159898
884814376
689488773
986431825
338189304
555529385
508357660
685862522
941517088
367301065
775882985
217003439
150010710
56799473
417121591
333526856
700159843
951570009
216620247
593145132
968187167
427191565
661974680
350437208
16850614
44826098
44189721
233920514
546955617
200518114
59472871
25956286
834580710
276940036
529069589
122043005
763115166
561880826
531114805
869800885
686883014
438763791
521358663
390444230
418539004
817144253
137176879
286479307
667824915
237411754
857227515
314562531
170924905
402950318
426555761
272236962
403535834
501297710
129712589
722890658
229859279
578895325
440448900
525609882
130556159
299513606
113188378
893834173
259570471
987407863
253038494
307319344
14467533
640618111
325580123
739825984
356343469
975272376
439254118
648638492
766088747
783763625
918134828
782343427
947328103
608575833
952781158
136213054
636713221
142829483
1318055
845306593
342067100
689500070
767515494
241149834
216590224
678563382
911530231
931254324
908515106
406699257
266714918
137525347
182458590
222305363
222305363
678758868
561123692
302345400
693293352
63319457
788753650
773226090
950740982
502289542
77352605
624776810
667203079
776745482
820364533
663584749
286655536
858326374
270957067
213044054
193001435
459996704
315003210
843819671
785271606
538736350
795564023
164846773
977998052
835775752
267107162
200258924
853563085
569087103
710900774
476048066
297190610
591259250
85858080
850308328
188860530
628733910
319522672
122624223
130248442
553477447
646517888
930076229
439374059
585902613
992941426
865383662
624528654
235119646
446468065
464935148
226248125
656481677
416052602
567747987
830744542
152557096
501220917
498836649
5337464
8328781
818946865
269996836
817040533
582807848
709343511
117090375
622712900
192760841
809461507
728614696
944295966
981039053
926783937
752600859
100010044
787396812
253308274
919335548
835618561
985512210
386756179
158088643
158088643
65600553
176696126
450311070
286758294
691105325
276281259
62587714
236386257
620613140
706900856
136874879
136874879
841233832
270173205
792464729
443990214
79698886
83026138
767990182
933372955
246570849
56308040
336738406
792851355
689986976
656547183
834279515
502963970
20563246
362260416
764468535
112391509
16018601
48422436
370250517
564441970
236414586
781547417
33645318
612255594
534997405
536579975
333208148
886026296
209325719
254210898
861560149
845445805
242471524
687899163
713843854
680446179
747111005
55426107
349179840
491107394
573446550
353384465
381178811
398979522
584416295
944889667
544942926
965061487
306777765
100157784
237872156
569845430
785021747
387780305
584918034
448285605
752887110
888095322
508962737
640378724
362453815
461731306
446245648
308426025
82592880
40474731
795350568
312136992
387920905
954570325
860432972
260516717
169070512
981328399
973884688
278459379
657731159
676783078
335477160
473510359
601315507
231998771
835158748
396610755
166573247
152050865
39257132
181691365
865195090
94216628
492647159
388391202
104626297
450205067
69875479
933040794
238074645
548593080
518347999
349363268
706320458
652131715
51633221
152099214
620307936
455726065
980871549
465665257
814395480
157798861
293978956
952245600
962716956
237530172
904746613
18871136
901729823
916046592
297208400
617433682
936731942
743777415
949896821
269933646
517648121
518941274
529192769
168303573
750785251
246304531
680170989
535580422
115837164
575557629
145685758
530779471
305810291
172477731
957134925
242682027
987029794
682729587
262414660
19464650
190371743
645361576
88674756
310289222
933514582
394322679
420809557
544032434
797636552
323813105
93865538
398822729
282812993
949523343
648095646
675347648
790094920
91799030
668786160
923473077
570935480
253971257
289898668
552144825
577523569
544545216
928309980
687538095
974423007
839205870
349632818
549338232
342311882
158209225
550708506
81409439
994325574
823263682
780207831
378297199
965543988
189437119
289497653
179095979
299293279
506761648
159560343
507794979
478517659
292307236
490901829
53573222
765851076
328389784
446693464
252101048
576437705
506092926
835542896
437783589
622040889
765376554
957638682
490539078
79511910
762678042
115976631
137836918
623697036
392241188
213714399
474138626
3261457
720298381
542469134
686921379
64222687
574126042
920594235
120256103
570457325
293391240
147310206
178583626
926958513
48779322
342755868
582323247
244082354
183693526
77911864
45026262
207969684
943534434
857164646
761465100
827524149
529499562
305109923
967118339
940235337
45899720
60049885
843660298
498786211
13045471
455966590
576961151
414610525
462192463
787776613
310132712
248262309
270084058
747844372
356427709
837210102
322989781
180950533
747856870
54151176
987705288
42546403
320808311
19514999
830569494
752412500
246227768
18791011
96610529
464214842
649147308
737152437
260586322
216326826
225399833
417464863
314912662
302431212
255452172
380628612
140866552
60055805
898618174
725343626
605881162
985558718
460029343
