0
937903612
110657907
0
330272591
120342671
666966241
789815603
340952625
301752418
172386140
798124587
766654309
961212507
155145272
842600908
242586318
513458122
235359455
202030122
867004679
878031876
451726271
570763161
550001935
206876459
790484718
264331625
671970784
60238180
986192327
112548878
550001935
315955073
985884920
905227400
509987534
804034144
413752918
266693264
603876143
591315253
210246962
527859358
989369079
156598908
921544062
73210256
910752836
997893427
170921294
996775361
10835424
904198630
92048637
874150845
137688562
95363579
139169279
355293146
65167135
681072126
794557775
341475641
924843120
744009334
894787023
643910900
888870751
481413317
94095353
678480576
534297500
146192524
972681956
871952607
451782820
75702223
725366258
510124472
547882899
502468063
342371163
575843512
166909465
240078732
796731211
698711622
345411978
730104602
670656569
799308715
756954036
219970400
11228487
390916855
175590881
143844339
15088668
831589568
539871800
927070782
666338064
914259645
890514494
533436622
10694950
30234967
962242621
441059906
251375610
453064687
809279015
494783521
219860572
192389985
266348898
437042030
46436920
877030988
838415615
323388600
451052902
555581104
821357544
481874319
615099678
118851094
416180719
910359118
291003866
684669458
141248320
965596884
328816626
452002537
836143081
608977796
335609327
231130543
894657140
797714771
97860856
495337214
798335484
258259844
246668033
469103334
364679635
229697114
712130070
949376760
641497563
755362221
472762519
167116846
772628594
597999508
589439862
627366368
516142332
571371815
153064213
671904159
455202705
62663837
644746524
617400050
505381672
485128624
146741171
162249030
228478247
432855232
730875521
984285200
334950011
750530240
509928514
888128032
752379873
598434364
636550050
553372539
42468293
774680299
572482564
643161404
573363368
26287925
607761392
965812860
790530265
740213809
432582948
530720659
312453861
299195932
167341241
452146053
460140083
43086113
122596669
889464212
632522260
53679379
514775713
210691864
920880253
707110151
508693959
97161727
688164127
788125198
579519791
540095776
952296497
785619390
246227128
320121076
752033147
968877391
436385144
172985624
854367719
816502778
97540688
497419835
109700578
469888670
146828549
919188583
840221644
324568751
728210970
946716631
832467544
377749281
218205909
173379111
452573100
299710416
861462169
878102311
83115948
924193543
125186283
56114500
520899868
95195997
6791491
854419963
119578052
424379348
552893985
977741756
47826240
994013204
489614904
492269126
930380621
856998645
321355180
810307331
481700387
110564830
680685580
24262208
875603674
429160694
110435183
346071626
250108098
379537805
345402795
110435183
872948168
642519664
717064286
528312932
418362731
954710345
1815156
598385322
571950274
673734367
378882209
199173967
264924182
94473301
910633112
827137869
802124910
801989691
964428363
931947006
467674958
444706338
249963379
677617954
164229213
448357932
538270181
242073878
105223081
592767017
742662517
965114289
69283437
688865015
116727728
891998778
737155813
855312964
923354862
128614553
648930202
161180399
541444123
590587268
509267026
490656637
970167523
398153628
710044258
504955419
323826105
313880542
84378986
738977582
369480442
963669257
479422431
403788912
294588000
599751516
926854589
784821024
939095835
181245791
846596738
72315989
756984570
285622760
129679034
225660691
449478952
858774278
52924230
605991830
357309976
322820224
975871745
318773897
823301283
451934036
193079284
905733538
237218637
30733208
40866995
777564228
508328522
615279527
435180257
587038007
984140022
223795356
641893021
312724939
826133739
766853799
424406887
188809984
883041931
163186843
873477405
874035681
579215102
537808920
474980509
217268325
159322317
605760222
429319443
194026788
75086432
305202397
363877665
238142277
812974724
72664097
204243044
563360586
27747363
519705700
993816829
867345209
13409039
539588513
38406445
667701131
231990891
909211290
533534168
329938729
438045794
194917371
280365794
465337128
23877594
852817669
256722549
187950362
877184696
22923632
275127697
767611009
506470102
839839527
987699503
257995002
878680984
350273530
22428815
659529992
186370961
853218828
980028373
875969190
51401783
332942816
546109937
542863724
965586373
6433205
749319055
524060001
545769748
285266956
153113625
498431264
339099737
28615578
720067278
218725616
132865779
709191561
65717916
602040994
339880419
586561814
170267358
475421905
817227475
882998686
303683352
497679443
708877889
945782407
674704697
828197262
891415187
918295342
760801163
455013379
150028147
656039484
685418197
598363361
661103220
891717771
312626961
54171537
133749038
900122469
822664386
615608964
953152055
664925803
977638341
98830365
874698774
335804727
882669805
162458970
784841427
290267601
79229998
257127757
646814850
652648573
835288449
714678841
582633746
468262445
862176915
220342698
609564638
567499158
195796664
570658290
484484331
413607564
672795690
293675617
719999628
357389216
98914923
474324353
109613582
298486838
824624689
209598292
918112214
940977484
332682256
37572581
53380246
377754586
627256846
546514260
30873890
928844638
612026664
713263923
368539965
755205199
729041093
553993758
764738896
873261261
268239276
213280346
336040934
887898538
403666131
251314288
830762843
200403670
75921254
512600749
37000133
632284471
22752472
39737376
202868540
538374544
197483587
602995945
173767371
134881946
860274038
809666210
756980491
590064883
15884884
659266499
379850938
269288382
405920577
78978818
770512604
751558827
93173559
265637195
801272250
276318445
838765618
30019865
939485143
594479910
447573680
737608040
634219600
199637564
219401317
703664651
205945778
772328234
70647879
995577981
343691226
462337132
424365469
529550509
147287008
745109654
264998085
400761058
464192033
120196284
6050802
130321455
972837726
116704404
183623198
143784827
323752201
778772556
366688212
114885942
750500639
759107690
586206048
638736060
717832415
464767358
492284788
213232584
976401494
183394938
898980648
742222169
803645116
944567772
244172147
704025314
249149281
725535923
514623764
623152456
365186337
492742193
64478733
808170134
949041791
898288147
779363029
875858231
100238179
712480957
437103954
303768969
218439413
805597555
810802816
531055973
265053323
991424961
478718101
795185636
108300940
738013898
525437182
519681284
697889346
360190432
650812169
757140524
892531602
276398752
991299185
243923605
41334808
870204732
49345712
277133845
536482601
352660016
640579072
840832296
523397813
934715889
779492946
318498076
771759166
577444392
996999883
671633008
122048215
860271037
218373424
69559511
470837671
602009699
342479610
284909394
540970083
994121381
821479109
921690132
576082076
830552034
886915766
35385438
116669759
105065710
419537099
453057731
855904568
839831328
479916721
462027211
244102803
477028191
406050320
962838084
61955699
814079709
698159452
30328923
466243683
574307966
659243035
69083518
981285779
41304344
183600531
764578815
566220965
640600508
953266412
645240073
949450783
418030628
429482659
428459760
898389484
223363978
41101226
660869464
489686266
161840554
675659335
252151969
831079862
446885400
359591386
191310188
54887477
961853945
726459561
819406651
144309014
819933628
643619299
23487064
678668991
980603532
168644671
479189179
791167122
507683256
130221265
120241244
24419231
85356497
610913961
224401010
501770581
782074549
391880384
172115439
831451439
567470960
119595677
142397957
625656134
740190065
33038876
98440214
684039004
472312184
269488259
31801157
101389874
336028254
945392296
650034112
891873374
298228171
21912251
954787051
57838740
656436819
656436819
144957755
214804840
970065696
981478345
243917580
148963418
973224219
417106777
785878316
698394114
67678923
497575354
771544961
285620050
588853257
750079518
148859616
920845108
301212844
297747935
224473380
847289020
324345186
612589824
580233569
890540484
258007027
123570199
752030248
993705550
823245909
908174352
954537001
139915925
799052277
37878744
358827826
936665210
686030457
853760893
943514230
172042943
459947977
195090807
142369824
795314256
530965407
352547111
452222286
278241508
637816066
163276701
438999507
429741563
19850545
23898414
562472272
23898414
825781780
520908024
533248522
139301426
803280084
443645744
445689221
652141775
360084590
199162990
683628467
501556306
691468707
937889474
81025855
207056567
724675281
746940754
232572185
976322319
423689186
766391089
910838231
850908323
948083351
827636123
359091988
360423794
818393161
238929354
960825774
303020745
134445819
799303980
237549422
327656842
398381784
452620529
144293219
244151469
478308015
243623181
195633570
290568536
829947270
233587051
41672057
31905446
935693436
259585995
159977424
302962190
124561970
668924857
220309716
246566085
495197859
242623826
977639077
449131349
823170234
462036228
954109861
199166742
603828958
425656400
949354265
731937569
835013963
603270875
413231048
972285758
53455966
471473622
920176263
74640088
870063024
698573057
712060617
17380867
73990456
23104719
355156679
911823402
351430271
877899163
526053151
949598545
1102962
52399590
58482190
231553683
648090912
395253563
674790034
307253789
202843043
460316777
937644534
743554712
484353016
274067550
343833642
886707353
484890476
765445463
667983445
633086961
985052057
770096858
597007440
13074803
67518056
262111687
838741749
535271578
370136129
461854786
717320294
729827051
483005572
398141686
219823084
475557594
718683954
480547582
9485757
721324633
80854426
850605910
722744443
737425508
625900902
802157960
588935059
771877577
759679197
48236892
293126372
294186010
753421677
708848022
7753533
420104116
737629725
433819404
157397749
25943781
740971829
461357746
970432083
9098462
14984481
675421962
597762153
425665208
505052152
951102338
440621773
332176545
880936303
7980467
693742601
281951049
869726928
170190204
609732151
228838449
212243987
708154376
711086608
696216624
185134179
124662227
584773247
226090987
99456097
444679055
866970705
238351272
186817564
143835177
147312550
868816257
13045797
307099768
40121466
247785852
67024440
201916621
391095258
337943470
731679133
230302724
449046021
294654448
234924849
795355005
303284334
642571408
108464200
220656684
890837026
474676645
650870135
630771511
138419915
420094175
342859885
485849291
808430745
913630005
247368233
868120456
784544049
511745902
91591966
270531749
252144247
88524238
155970512
49738541
99189247
379802999
565472048
3643946
435171440
853287245
481829496
169313042
748676370
142021472
90116701
4177656
276386496
882071713
680392931
573605953
564754588
848971571
972191140
833276954
439104850
95102317
439031537
462791934
94427132
247365720
134718486
430615250
442633525
514870563
226698020
838294337
220679911
518854181
448073998
339439472
839752699
629214780
361563577
196208972
300739083
630465055
424786549
814022414
884073325
37035966
959407957
167310126
830508650
253544498
71085312
552509469
530276820
302221035
287759009
23768839
537816083
237912106
144802091
357480704
44536615
397104549
628131290
970063737
662493974
112500517
438306358
290931603
291108486
717489912
714792962
286001730
645031078
652233957
178986181
418568191
472145130
569198058
89040425
610973974
681545042
672274311
781853846
302483073
442725267
410942189
761394028
736813206
111007842
494844802
268736653
296866890
893526336
857618797
62495612
377029259
412873392
823538464
492951991
789310296
384107825
730940701
422863773
295657156
101558555
394363811
603233223
308033124
796911517
838763671
43115497
131401886
848420218
752835597
409705657
947642269
842739205
479241453
85843333
558057362
955789135
542300461
27219935
15615804
320657299
299604495
276996936
587097217
369872227
2144286
166536993
92188227
757357594
822935424
285507733
702581923
983879420
860175212
176413289
718121000
453769414
137848814
581209863
705279656
849205110
171313545
559019366
792174294
260226346
894957139
50651606
114623456
736733992
309202005
856165017
221521248
816494644
34802139
447228618
580740067
129435532
354133625
403940628
103259522
490766789
818221576
831376704
856319825
179372829
584269597
334670449
237525958
696419647
978020312
930805938
959853369
942167768
401158879
647048472
33328368
982995105
322215095
979595527
408370015
948035229
673053983
744907420
3150867
163448221
89027891
546986612
844787958
296823243
623843131
729498424
133301301
616530776
576066337
154002466
762195785
814452220
719797309
276346941
691020444
758557373
574267233
831446826
267470661
175272562
983281145
74693925
20420122
621931594
789570453
648753001
991271382
224279242
661696429
620915116
433474801
193516737
28555215
8084754
996334359
950898479
394320347
688865206
896150516
227389050
375436537
857579562
647487479
98779434
287158461
423421996
589338490
256239915
693340064
887090116
8548634
102276648
1243542
622840172
935109859
954963092
58448921
6883814
386832967
122108111
742128453
111292626
812663659
22413638
963439623
420128763
652344241
76872223
158085072
498633515
820387639
463332720
963256163
112810168
408300912
312456382
488039647
852269505
886589179
149140675
893534310
709853001
559431408
204148429
964751847
358949647
700414076
544801499
301474269
726951750
527047026
521183845
392167621
649590475
606592483
638644581
995942938
179309123
666433226
442846517
216376786
719708376
602316523
654822621
551308304
732218727
554103239
860658094
580231869
830393585
309027466
330726796
902839058
217722069
749998825
486635751
391770709
148301488
841119673
548343260
409298760
266506787
798529985
310789658
180159747
590076115
400390900
511071779
77290465
264324871
269171533
78994231
99355380
941131442
48974850
808916009
630254526
718926277
955936207
208502884
494199708
295663268
301379840
685696340
761191413
689477549
858893085
609882957
866195434
840469241
74637160
771864628
297063689
416283559
85045879
266353308
300182795
390981096
463885528
605080822
430227546
708152367
554493659
191706295
94307211
908701279
872388075
672611948
160790141
649560824
382564979
160377833
998028185
913107225
462164078
867923114
508500887
710737839
626062369
506037451
123017409
595827574
243514707
51643455
686443359
289215672
85495421
861954382
967493080
328696096
522526332
73417259
82297215
830630317
159421116
684923966
348394617
904019259
784751008
736608103
634251285
238609985
535304597
411235553
159700638
286098336
465018252
485912803
799571150
790808938
885504649
401034655
131419724
614577113
847417547
900721039
128885081
458585347
719869713
48502179
49803873
825461724
337755006
104150774
792307122
447106794
623080282
190731840
586150542
810007210
683838260
24145300
252797436
338228752
283925874
225241249
558279856
875791391
48611393
922188528
769140746
38713264
73147529
615300093
20733459
152613483
48653380
123601550
16163593
718891114
154918904
564276166
170992494
46421061
718593445
441766605
925082651
869877712
681215800
84886383
459866450
363621335
810033963
545902406
225476596
424449105
660218340
179033942
550244903
316720520
409041064
883583847
760744021
740594861
875097529
770511146
817994880
604141835
895969604
161984263
156610063
4408357
211295950
739254459
616464057
612124394
958648927
624598836
472152872
270159409
188846059
160657161
445023733
308735108
7805382
590935669
449081771
811207762
444737979
948195764
179753031
917871606
15288285
463087159
440720023
872676620
301857044
737780489
266043543
156807271
548496869
529347489
961154769
963494818
77049482
182401368
439960291
17906745
724240237
910108179
134598631
311479818
450936760
416253484
562113786
592859187
721166668
724104393
942578088
867070239
972142542
443770882
855707226
851225692
491735342
507321489
606111725
965303246
78341629
847916580
625902907
212468193
950575914
656231410
817438256
47612173
317279214
701549258
482015601
923309138
307597117
384490445
522625518
210026222
729665957
526759971
60655810
797620573
80791392
281789543
104380833
616453010
710606857
235603459
484768949
929249868
301452593
761394271
769748809
467609610
564822847
864358646
829629254
499077108
598391375
134698417
702118094
392100169
525719404
871806327
436894231
864771759
413301390
147286634
395017968
842907625
558467546
179811877
262828667
127073819
879729061
469535975
250105816
914563742
775829407
725903775
323373014
121778860
138451946
66746294
517339087
613710699
60098548
342543504
306408413
483574570
486992928
312257363
578821215
445987690
562215938
527063118
657735473
180423213
651597978
426038837
956270383
724083207
666722784
239882661
81835696
322813453
138977212
576023843
287765375
993352807
687573159
287765375
881143627
116316861
339557825
493092539
79710947
454259803
454089898
406107064
977165678
74335013
4322921
82301595
560604826
842365794
161660512
190089534
909878307
630745486
308255151
143354325
950856988
628416061
184858254
845427531
770647889
469998066
821533462
253237088
695065575
239040341
557382729
420440015
781711908
610386517
271292112
629407188
886469613
722701138
331257328
379817822
137156831
268477752
220542654
487958530
98852580
611538940
363689863
358630539
715041614
964196899
75851755
866457423
280722290
949742620
264117486
682322534
475907755
416757106
244976180
950904966
394706629
639358613
426238516
704628579
106954771
487836633
100912537
614878942
330931469
584712623
672851169
672785684
420953772
640529643
870993653
477549030
66379039
954650001
365196247
98579805
646722030
73312357
491886762
774419456
211930161
496069668
662009173
688907982
133969909
567059242
108414049
163097300
394391489
520281607
855625519
80010862
33533251
14744716
861865824
671602165
166011628
391066848
192592665
146751640
946716616
434112444
574018819
151295364
698299524
783603837
646382052
435698707
68002208
281456532
475246777
840852375
132394244
586856919
567343835
267537091
928304513
357649062
808001327
428601657
3997616
345820201
245190877
426267477
751060328
518874505
123064354
312988013
995876301
418777732
232709655
286720116
964714709
113129666
267615251
380515009
732141640
308504368
981156146
954013681
548758199
314912070
983716922
327926522
705395671
904313830
145785758
322692404
445893794
675841482
440775678
849809746
896369794
870526901
341203444
867830357
117222998
717484342
526909137
613439974
852187186
753807439
492917090
351208135
582474210
438573131
98010901
523217822
344907635
964162130
783493952
930416107
713171325
558753068
160976806
356084064
960297676
576807587
995338593
321268017
964115100
552802728
41980176
761152688
281184618
794697264
368522224
509149327
906172405
611221882
250494295
709872941
180645992
441352435
44892972
171060892
32919987
417391354
942155820
517365577
811554549
616636875
564478157
177706601
11119691
243762195
257138895
335744532
336390809
244346480
715960570
478446267
583589933
418489080
162940697
767651662
124030186
557378585
630182299
342717799
978703182
55571708
469994728
796453225
716959793
6945132
679108882
45011013
441409433
439117266
261015261
686694344
567205187
682277394
219903219
583015785
115693190
17041005
781499503
971394241
445889130
671995078
390986090
58239650
661668069
886781984
936274479
926479208
148024322
956009597
72736418
84211297
180974169
738037686
276071870
572891180
303211752
862797167
748331200
990081793
317193642
348163240
890225129
212450913
318896986
187762171
414613535
64786466
742357366
64788569
286943597
361207738
1795653
321775643
605546120
738540411
252599281
682548956
333530862
635218995
170036426
464882315
576719074
217323681
593613089
14668454
73700140
339159483
488621659
926936397
335284468
538648649
395650513
143676769
650395109
743936672
58876546
446342843
127164839
122019905
810794324
525561394
734167319
339491694
148573483
251401132
96192739
658618386
328283631
283010649
333185944
70108501
563248454
854128693
434554247
402132814
197664897
638411006
197443236
469255083
670231618
642844639
725758653
366005167
648761072
839698962
566880032
801801572
446974107
419264193
268869898
468015801
617439800
689794399
430007050
629511755
122038958
895287618
389285225
5374552
640519858
477828231
971350737
741002966
638342666
67117781
503920324
297639467
583678686
276193092
18423313
926687775
573463504
741677425
131141094
739120171
269021770
186597446
596303745
480586465
544923389
599145428
251730855
771461595
426268822
293716887
391385675
587301642
782087686
977057552
556451237
944542396
119170852
507543164
760775636
375310345
736980547
660476777
93418081
620121596
850853040
837313846
654973975
839217501
551965436
561073350
931073347
53581705
83464423
397710166
272619702
255187449
678082065
383058409
72879075
752406366
303751258
623172828
610647105
124819640
961836520
700900783
9986485
857915229
333341652
446384163
237044175
363531215
450945539
716921136
8732929
670594567
540741433
371583913
226888230
530179939
787562077
350549550
498667774
445518323
933171320
777751249
502446240
610978833
806311857
706618544
828475131
792475906
578542269
58728506
533714914
342133789
987506869
368366499
403951966
991487432
818162830
513994632
237875463
621760665
676334397
29385955
246702270
132129909
191060721
143455086
652091262
737661388
334563560
775717442
52429817
159992566
48746948
450252983
813773680
442964587
493270267
155368463
312098342
286797047
475889963
534073214
313798099
660471743
210668266
577029148
22979522
520457313
713454556
165731991
410154119
919289263
392106829
36624228
892411997
171796295
679476604
245323486
285852073
964841388
100821085
609926014
89966678
632598242
555053049
458868102
943380796
500758692
605576761
298067514
781866951
598426168
229828080
598283040
826054593
11009988
539294043
114382647
285858358
433216345
573768194
987215930
718630577
199698738
325579266
928088039
90701437
724650486
847578201
361933004
819265987
828996524
52403316
842225196
141087871
843079682
403376188
615668910
376910704
197989094
159808297
190254762
810670315
278110755
866232458
184995280
914116634
228343059
967150569
826403516
168692661
759841549
324402285
577497460
566848294
14687028
425877700
635886720
40608799
707035396
855611621
432969558
453499912
442293876
789386001
199454061
708792672
401063473
57928681
170220691
381383563
739396053
302207700
9863101
668167441
582405977
179289501
743598600
551252659
42817947
16037702
247969609
705221899
92491175
876053912
705221899
930466971
69477011
394743278
604337787
494504072
448081195
421020768
985431619
437720546
46896971
450281702
55423225
176192121
112237749
962616399
529807351
409422407
901072649
178581906
348857352
534291678
411171532
432691010
632982650
116507308
738052311
598054713
586179906
36710588
803748836
411972353
602945773
916943980
153924039
791003427
303109490
85103137
618191338
581914023
226876345
444790519
479852173
357956756
575050132
896996437
564667367
145469972
344493623
11715190
709178380
226536658
533975444
506403510
365251242
154953397
183078809
50660846
290728207
297467732
641337942
517170977
122627676
963338929
874357497
176517795
714246972
605078878
26445506
260231206
810204283
30095374
274123808
223518538
917339562
211455605
178332707
784850924
404241210
169312510
110332085
183473913
402062595
885970468
180379197
576505060
231413444
929888685
454443190
313607654
514201769
14215977
6468238
1612142
176767111
865314338
155156055
331496172
584108098
898690786
497253617
765717122
413148031
844660914
326802710
295872672
731989071
103823818
887479627
283207088
760219284
158258581
992800460
871355216
174916257
417293479
687471887
59615410
303813303
877611446
353694005
109912958
830492390
502111207
888151653
39777744
510399545
966205314
922216846
534408334
81963801
759171719
438171622
509753138
732560749
744675463
882315366
288468265
263017357
615925655
488958580
449944981
548746333
230335396
688008619
342919947
757076628
291645785
781537065
263879919
436140259
443661810
502135543
614439316
504299108
329803751
472028147
996521480
589741711
318863190
854137327
326265707
167909822
536273459
406544957
779362063
573685494
470475255
788019486
343262227
765004038
511455688
386911991
915120353
167894854
10812996
791161971
666610807
387498002
428919932
370406538
86045595
630527145
425435229
734028728
289931479
679976079
523623514
464702307
554914992
238483035
492542500
780213579
690646107
506365946
863663868
520229905
226702190
521699533
501275949
914414223
936632779
486994937
262508066
630028790
640795226
504480253
856601883
958551948
208897065
111649576
328360621
712900315
496635409
260538904
688993109
235570936
809975366
366907811
293664443
992352253
802538830
666874268
647406347
915306028
44174808
283454697
402719963
709195463
652728921
25819080
889523063
152805368
436712683
310670125
552679928
532345569
387390801
778234740
18926451
5869130
827677280
337581287
664919015
725674631
616036195
778835265
858283422
825807066
524052890
991183957
928335589
145339353
542578764
532423911
480936640
989550333
909003921
976514814
219681160
585745137
748680355
373226322
650609959
793844278
807029065
19911432
589600142
550785908
49209388
638985682
654787724
489717266
74272449
250272290
432242470
418384644
169200986
195718786
394716244
159299226
627685763
704114741
300484141
155673136
981177808
855460440
113226059
288760198
609001974
917384870
209266163
232499288
520239539
182527070
505852357
63170029
683880092
830514321
501114184
284590786
105217900
891223147
774447228
199090440
627088244
758306062
253769665
617833398
465155115
242091371
982315797
696529685
507745096
646473547
963021024
381062135
247477630
333187627
812371268
616975713
438133618
749058501
163650653
697564218
320271815
115779862
92344153
593159580
609520892
338542594
34194739
913268725
877285957
812211384
114395846
32940462
512468505
594921214
626719250
254708655
861264485
944031969
579420632
107937393
271543871
257141810
693095998
177095284
752590397
205493745
122870886
719885512
460256373
306506568
161800775
718917540
265512116
600599176
349720570
363443147
84898330
855073366
369763372
264193514
428756553
837210869
539208670
565676443
858844983
197744885
36071445
461472213
986093522
302567161
293894768
382071999
391961312
687774391
208182924
719592085
412882331
403749869
8466798
950026023
935570293
674573330
14345606
286221903
44263053
358679366
599592638
763267268
213748071
609635169
188439444
343508217
215850862
4698453
450573174
636193721
625455096
989519136
502406896
32532810
777756961
746254432
523574269
952397472
421407938
352529687
594940863
263683416
978756045
559440984
855892823
291335961
905414403
913226721
99365506
709574418
236073918
14626313
538063114
191300777
959811434
869987499
423470392
508230149
395057526
328079321
385063249
587259825
606808724
358966515
274649931
457460409
209231074
475347923
101831084
9239863
366578936
806427152
475453175
761532236
173553845
141656496
990759309
631873812
138009015
176335819
52969463
653453949
653426022
136011829
598771339
521347736
107098268
260977713
519677139
440155283
691624613
840244955
159778867
758833803
413751794
697513644
127390212
240479040
618625544
943955017
504245523
613634682
16606873
448782390
380464983
844639523
420390027
63611758
435075371
533565820
375554761
595333523
16911313
301045259
908163463
752909799
128007225
334930105
736124888
243813061
368210430
567785228
169675520
437430265
141050053
103493365
201755903
454477208
925141453
935044766
798580587
748499335
547758557
981790968
36197185
151502165
32640959
622489461
911148965
318720191
80133957
952840738
545429100
6348146
743674597
101988570
160732722
230468112
368577008
753408617
16866022
898411457
471473216
512543661
987813522
828163388
278779531
922969078
282550599
377017755
633873220
288564864
650153983
176205459
522578219
47031848
142065266
304565701
26321153
803702576
116454888
123515154
501504525
581687789
760738357
654047682
895500004
302877886
725754092
147919076
53387607
544535378
225475211
168498404
760300498
747846272
212807177
527156756
416663877
515043013
333242264
212999731
689295474
455705262
530029635
901257048
751693216
133582666
798177497
414218836
375119448
981025364
594963155
458960431
592742028
287827964
104744389
897188281
456374237
714090326
460208095
871086367
844894274
67753607
27800839
219006916
859445358
606271326
198732022
83868122
362344114
530139932
179912920
527700519
193296111
487734911
233575798
586937376
370417746
557813238
540607921
486022292
25673866
805669298
564559553
580101431
488210046
402870947
736070861
628282815
712924866
930573061
961243355
561172335
838610588
596176167
459500878
219292994
431309192
141014139
146730287
840027726
154445772
154821684
265691106
818225900
640016801
823259016
503096920
344788691
160556379
653669752
197957511
785005264
26274337
981734151
497933348
123730841
87670065
718376308
663680319
421621735
540581636
138514213
318030696
888447274
796550087
583625735
500456364
637708384
318134136
856990697
37918020
637813549
912322675
739891333
767796634
57684908
502143912
710411843
786168032
511153025
611728044
168033042
121708545
67724019
898712645
308368811
833465678
802131482
384021791
94135121
557776875
283212218
772046941
892189312
106407723
286681859
280969120
320625531
702185509
366666427
468890965
344062058
493827938
577086733
904410298
468890965
22134634
163245892
283627231
167772006
262610837
544138252
858531161
341059594
994492913
932400240
338907332
878694445
84981382
455058775
265857570
367567446
213153770
60091779
224458762
414971811
962227665
733550792
602630290
864896357
710727547
813652482
696298387
375888015
53503586
914229545
136162319
438673746
372341111
756558864
561312417
705111687
366630269
423631448
528830880
69070385
564107402
872796439
707884063
544576607
873775672
846916855
57050963
916703855
374717514
143799466
869048201
888781965
685527878
646321916
323350044
133585984
744986553
67219564
784144794
309678710
76416907
277076401
330555560
297158373
435569045
923102629
757839466
154900054
22664115
961362800
542394048
338423855
300320956
305965654
505294595
232421784
974004462
40542109
376794275
284162425
485366295
125463864
543649827
674118231
716045594
966495686
668299764
301020275
732443909
578360197
642132389
949216151
428310775
465304233
916811446
267904228
908207647
675832537
631440819
145344485
960682378
509256697
976880656
617893174
684525326
777149535
543687844
268083924
225114272
245841080
274999343
425023824
868472846
117745170
666209828
942539517
727926216
187188177
287338833
252250584
551284014
523779409
853084715
188133984
532343083
661514758
769179043
808865813
416111856
134994362
790817394
22964792
145111352
571015242
768042247
69125569
466522001
179416695
753839897
165899751
107316380
880372486
384638138
75723569
894230086
544635501
263354675
423398749
791791209
254062046
341841133
362252986
362252986
839725463
366052490
322997604
79171837
803310297
783341565
758457264
703702254
786591261
375877635
763555772
803825718
479788209
993397621
921210110
100955592
260310782
789564251
599184648
80410655
191153182
399950847
294936403
259751432
796839096
987992278
925818612
456064420
763865774
189548040
711876104
731504920
500957276
602527517
385272724
180300935
654621674
436774233
982036466
274787822
321704334
892856290
19758599
80029692
115452960
881462928
690469372
190800267
905117499
687992323
53259594
887073974
729060015
486440740
38569350
711184676
348572753
843099458
980437732
234036453
601660295
710942294
402913138
879943234
484980285
606955946
832219742
174272436
798559131
461325832
541475615
614309133
115396847
223605326
454389580
388345736
739398946
484057789
195456832
703423131
507351561
143647222
381059254
867580567
875914404
838549268
293150294
651596659
902683513
57443969
626726024
36497868
492988954
651789889
593468714
770710746
501326877
981729918
174401311
486609038
716534480
262282610
498757577
969609744
562155098
697341576
552008703
818561780
616088681
707507021
771411777
426254144
278060985
641489496
73951811
888288364
827714687
142229037
136297746
129332870
956494345
596856974
161093386
60392799
14603302
740027632
132836819
396043295
382403074
49730033
449494752
798192658
498582636
927861837
663385989
430242453
986941096
123433451
479723761
663336828
31057511
685055794
282571036
787624249
484513694
81462221
445172319
597559762
661854198
811833249
334104278
80899947
323587081
168302611
604777814
393200833
819412484
135881543
596786014
82720460
5928021
186595900
557647646
246793339
936130196
618491916
712519800
721228833
971082135
799300071
561998685
594526718
335203086
903807584
749928972
130144252
92471244
207308379
833489974
786582661
287844537
263453311
6846473
372226684
524450196
81693865
43077247
378412602
452066328
94492480
802093131
593622190
850295100
556561953
809348989
439264198
492028461
1387592
697768951
760590549
965107844
110239141
594139018
728902935
520489025
907584229
384856986
7841052
717089617
11797332
703235226
540165310
798100052
249252688
660863527
354247890
26740442
345064649
338673150
87648828
508167089
330342877
720157738
760985486
120280431
896949627
722036668
775000762
697375886
114920939
924358928
355725289
90604257
526013408
758216544
766181864
704696756
745790952
144838972
68000814
212453906
409881552
622934257
132149476
785720049
495107145
79703200
857278972
641026390
621406116
499609332
835431289
667672197
551539852
365175043
212784560
966677499
291852661
198002734
840115946
514767024
918115991
373804726
770325347
877496860
581516141
653341722
217865150
593702421
100905030
411788568
578262821
950379517
810408924
879305039
934068670
149892679
172710784
734374100
502286440
282979204
243517342
321230126
643032138
712646233
201914463
832483394
35760378
220072191
11386678
785639669
211268960
573593977
723624761
350604241
99149983
237686083
741262815
1475232
557608905
54532010
174451674
185818852
491481578
989805083
19955456
238235109
234919573
684604442
527915503
615072986
193468529
267994728
619528860
618139885
848346671
50534016
285461880
904026318
800008747
138787426
750269477
209374017
277070307
584352156
981756468
131696464
940286560
374657903
94830475
966767135
93700294
470458177
67145422
746796769
882486432
385331503
354515940
806689806
931447425
109833681
388489644
815986728
807881282
975820377
992496905
516791426
776871817
954692503
359133300
725789101
20171332
984768956
573162893
539528300
439891044
847476095
139886115
616935849
953033176
757765125
833376986
163957925
899809195
137725056
663674035
70737077
408268508
818655798
137446444
850478870
367904761
204344201
533707956
277535181
260339583
636472365
177938514
671546678
829651859
188306969
387812860
673749486
907255828
480412874
855184117
714005090
707204728
544203310
496293698
42453305
606169470
197247212
997494258
510827959
281987752
884766549
403953316
61210843
626962800
588205001
300999014
109286140
288436399
775302340
287799068
519155997
811382477
574757964
847936108
640198523
824588880
514249182
361171789
946893022
575421234
531529269
933022530
654942628
282227435
588950638
151083898
425183416
623270220
472578849
982603204
70175804
210656687
714732304
83793184
817619942
186250946
524686225
892537704
929643074
564505957
557594222
762793809
142546087
450879894
276122292
547964320
377717778
847753024
693200097
645741013
784913301
71113581
685327917
456761720
943705346
123184368
106856317
907932966
82017489
9342123
363578433
495762631
585822385
54200644
79516126
886543404
829624361
544145872
786959955
940118284
400475432
6809297
315260087
661484453
952764447
314066052
291198246
715710597
778981473
529095139
220570965
243063703
845702761
941512936
369480060
554186898
816611955
99042751
161983306
965006463
833894584
105928346
326654725
199218074
829008545
502178082
425666695
678040426
716884171
375056089
408885744
818262567
886778395
504152815
364594378
656391277
163011403
447361727
192149545
870741050
442549853
40599243
594046027
241036045
158353820
56665452
456788487
944056401
35049699
386427619
70477629
339715860
325043774
558264047
113691161
180493485
407999541
818834139
870654666
39837362
681740272
801189768
744571595
836283616
871931238
358120242
393290535
680379062
200437438
547767071
962173316
131119518
578174834
902575715
724555268
689020328
306889944
602302852
53251306
147615851
27468472
557888270
611676282
592091425
253363060
940691859
378212434
541892208
25003768
170347498
15445390
618355965
623771390
447702278
58643545
491979369
801550181
766104087
835763998
18627010
370312092
44755939
624831803
83298881
100994778
822757555
275938467
898077596
419534615
182911652
154781813
799713973
115005786
144887519
779068062
996474376
687316581
798452332
87895263
402267369
825479819
224700051
937305625
471294189
683412052
786930595
512368583
219360294
23997308
837517429
895980790
3592258
922234637
245867012
890311974
599092943
510423554
362098245
758122376
307960789
175490049
29539150
142949466
698687652
619904308
676814245
70200777
119547714
91505546
64766537
451479703
427494058
702949082
276987894
666431313
713160645
928403727
381720588
324219376
462248580
114332376
741602844
392046827
634090740
74856997
561542751
13930799
640735211
251955391
411168043
640771150
647542088
343705976
659539908
120996987
728989887
303962585
484760602
509878513
965808938
258827634
541636756
698255762
811870293
106230343
576934178
441663249
375933480
315426905
427268831
845201726
853616025
430362991
727140346
714048849
182555722
93909077
835660389
265877726
865638045
907819044
806800678
903428422
589463356
452756550
878158583
245325144
539628582
977579573
904039123
479865292
966006109
268669960
65989677
65989677
991579331
538911498
273020662
790189988
231790779
68894220
783543919
648300656
173620626
308267735
36588430
367239844
454133096
143402958
371815485
957686883
838034226
38513808
264283574
444116440
371981510
633787609
528638639
235975209
876203944
30285032
570640202
976353683
183958994
733580160
817717958
523029627
129017846
571245717
155433973
233494043
246725725
583795427
157070838
331049687
123973563
785720725
688875195
869435736
193897920
740027794
830319716
868851341
723235967
596411332
534176430
864406895
115567828
180851514
443887804
548242688
428859265
122651411
440377003
11517738
540046719
263952189
381743563
642753175
942339088
25791790
121873115
936222588
32244861
993460832
229878979
824178195
669447344
201358113
515089367
923841594
573773344
147094969
482442399
130413061
220759856
361867406
808070614
903480847
472032073
47227003
570685168
456993434
588516836
689180728
694043168
457716272
611887407
371990283
480357033
920908436
555946961
152385368
853442813
63355204
766086737
222569532
158133220
907121127
710611511
325507706
385285362
301208912
317498984
174730289
670419244
343950430
265046072
479213367
305227048
868516119
226154899
104279068
466814006
212987278
531776294
190081305
510070144
746593974
952052764
869619027
982522614
332817379
700368575
808092361
191009069
815658640
583386988
189901800
945894394
200363739
374757478
244503784
370177310
914534745
754247567
105495523
712636409
65668561
349174841
71748801
222943256
490777696
608485201
83697032
647499436
563172978
849350823
346820490
995689920
390057995
378690919
872814893
758698561
33518539
674448253
369099613
743012708
311876764
831492846
606673666
691145206
523413444
309232615
944393476
740831994
161193266
870718423
534739121
510865510
885176205
939981220
19454854
665860695
667781867
569414809
474718801
105590636
802168163
261824864
844250757
916895244
319284068
847393453
794027978
579038737
481905224
185795387
440659522
87119944
725659706
567170352
223161426
279968311
292354703
603234977
927650845
971674695
927263524
554557377
146764826
1217527
442389405
203055542
670350166
570640156
80530975
929505103
711018658
891393320
43297011
292498144
579859877
568639077
170898240
856108708
613957311
689477975
846321030
968371110
757810402
986699251
59622542
778325077
96551101
234350943
452844630
554339879
207450598
25056931
716744864
620457042
647161661
121755090
957423670
196248455
726645398
815676805
978671367
355390784
643972416
653918173
414681633
929160462
115258869
786278064
622588945
310155846
910316022
844450160
121112097
788138654
643396505
690880616
156723617
339263787
111659477
604743101
66501560
627708173
690883152
109685962
914558082
196896193
108010415
974651292
83983527
506369087
259862221
390593399
570075712
908930290
421948999
153059150
980007959
564748527
695733246
336200593
722322662
816720849
218912154
988797717
58725992
432995753
103556575
842826276
793902180
835234189
806412332
910817456
737498153
865220988
735401423
980005812
901515453
406256048
277699658
91300025
814183137
523349325
136070084
830347816
115349752
713232093
995802800
37806996
537020436
278256674
210884536
855321174
79168872
898142906
738013681
457243251
155177107
717669276
456819005
682272429
899358612
253016286
874514041
373275626
227190518
370819211
277956484
643410886
45414752
844390136
326347104
269563025
631143213
716451031
412190316
720498264
810229915
637860706
38123383
316389732
704756493
965268511
842224399
262829303
82907883
372208145
694080226
996596859
633836886
618386044
524571095
236655521
775136316
794682616
45965917
211731976
789712304
837310974
961618607
847221358
972107411
250598031
128647206
915380655
664897719
113793452
105589784
264837173
692131583
689494408
810403936
108298249
129096447
920617795
72707139
685274598
27483209
576169537
609640874
344377481
570340533
952976858
69819394
30971046
800873969
111572575
670340381
861093093
527602430
737890100
309174103
970416107
491757409
668883822
348998401
734770042
450337607
797138503
553285133
815120939
906692436
849269998
54463932
417327642
627913740
203695023
775686838
386966563
238004827
751915343
629922196
734363375
969947127
721394806
662845285
684142885
540308021
520306925
382513885
70369535
191986317
500903931
937441574
980959920
28006996
910372608
269404900
681560368
967902104
710218760
689698175
607336554
713931956
714392402
41005850
504153540
472690059
39424862
643099090
118378767
755193995
440478689
613935647
761579737
849056276
914556650
548542126
320061944
27422426
916233977
891035248
99729475
806311332
802771878
835120194
861451767
59779505
971664326
103588254
106381193
515503190
584748331
223363459
777977777
586882046
556137158
467831082
375376905
923727884
508380962
651434573
392061236
290235867
651753196
107911198
970674200
872946615
730053261
603113579
672129758
445775625
575559173
961907685
542376613
5192487
527625468
331381299
471156228
752511792
818401192
224043417
492496470
637273985
263908328
921041533
535211781
133126948
425606618
641475769
800217180
502757481
764775214
397376774
164045477
483133111
677521453
312719774
781141828
684317109
231861638
427568146
513074785
203767136
889741265
558280688
85860784
221984070
287787154
754695977
780900697
915893150
410936721
215104087
719210934
475308529
222393578
197308025
304542184
194228222
383950024
897428569
574737253
815882884
203926299
375359270
867048410
480901448
388146936
251618943
777497393
884040162
987909163
791934292
683759791
366614020
247111538
115170653
601810887
207529507
319939374
523729762
121080229
118674073
377037013
601737123
215852442
682218010
739826168
706541618
259689930
345957820
971997400
932756230
450059291
457802850
7292000
399433296
18923194
258855612
963433584
132222962
166671892
962156798
251740338
865054255
22507573
19880270
589011297
296014904
738889384
245851413
523481862
836993340
915941279
794434875
417507761
85565245
991688634
370733956
843303814
32106904
478433510
752042885
108469072
756693902
99910345
991924917
992421682
278521253
361101236
994862062
731287860
342758702
291844431
684265719
64114966
510579345
851488908
924566549
320783911
434379581
322971166
609627432
695270993
981578473
426459718
318025814
855122422
162006854
735576950
255750400
292019857
532940631
783478567
485728224
898970211
145117969
474835051
716628007
297812121
60635608
459347108
14197111
949914802
806420594
719734415
367598561
295808594
23180928
476649509
511362918
812745126
541001245
384555974
464215374
270246826
68513334
537311225
952379300
103939700
685686497
610686247
812060372
164347873
758734979
982057440
294643879
780162477
98603592
679038448
60135266
401953242
466837409
64239352
465719627
75802840
323164146
666838867
495776044
867238729
401660923
746847992
631607363
966182205
646259646
334857267
345075904
677687263
787485614
191115310
86234694
586962439
968443960
774265170
67509262
14811540
99670829
500057924
563621433
237635533
907944533
519109122
139469537
203457261
75781012
959301723
955442067
139827373
25796549
83766288
997577354
900732323
499245531
430584326
89325325
576213923
486436600
859432658
572178213
344439940
511604732
597896572
890443189
740866868
767510395
669171768
586635395
911414960
220458112
403003494
248528733
450120840
32525567
634606945
664790296
719981050
184835690
923742480
4788181
874599530
753742638
324266543
949883309
968105260
851705544
879905621
184985450
579905600
935108200
435220920
371907570
738378664
365163763
380621089
335869954
473801860
906031175
782246935
75207142
287159014
678011188
376758383
788277777
248509807
394860332
623140563
762066739
516086274
799070410
640598955
578636065
101773472
382999698
910558112
746510214
827543734
929909777
105617375
344579188
218457021
373633513
506311491
555670007
602446238
833991077
257854485
204528121
602463584
556734610
712843634
470143072
882493187
321507260
585382864
223079912
23687576
415756220
141664283
509346899
681949280
934232896
548958411
649136703
486134798
522283855
784746443
5019954
759730379
18803529
579564859
856041429
948206269
119532554
673264600
490113320
178255383
333901669
42990304
980590314
993315377
857320542
396601147
477434510
984484801
178478239
424044163
447747054
5829904
217876925
737816323
125700197
39031512
922998288
795520266
177436750
147377991
554359770
529951245
604439437
429060659
431379791
198467434
721527208
285652035
947264094
378303010
871503005
888164190
922521739
918861940
427758494
653165069
159820732
604895580
467430621
371616237
121835036
444103279
429089336
237866422
395912025
90306748
477317641
601632397
519591877
549493929
441208819
890600316
548382038
379466581
38554993
571702758
466954741
302042065
843716519
61780288
314396458
431237764
956515037
295149906
526251245
441863290
91614595
789243464
311957594
138439535
806020245
696377670
75162537
105888043
955855841
953821769
579456284
144464450
410449811
417240889
278386923
812655706
270845479
136526137
565294170
387847546
536083584
242045500
112352328
143597031
667653186
862177975
308563712
968614672
100792488
364872986
176533881
669415960
343362108
99198481
764575502
996405875
411131772
892318853
386194178
229499299
890605086
261367436
508943158
109706203
130044618
30073481
327557441
585285614
73631470
787419949
44403681
885531859
953260846
344006692
575928280
100448994
239873554
558137239
975624465
250972640
856833286
702316697
440121830
244336072
361908563
877951053
132547154
358501177
932978557
574148405
912943945
789082180
520296651
964892514
563145982
329760852
404073600
409268248
657848197
559687956
601592325
299086387
25512102
647562026
395463347
748010722
451643618
476046888
9658101
708097382
941872376
913188185
884860630
212349427
222807564
294941645
515495359
939454266
115161158
696815467
991402596
390733660
928353106
615657157
442702727
16070623
525839075
253399553
848207113
612074664
214310189
446647501
916783661
732140651
62705253
115532263
700813449
354307751
903842569
754228974
182116113
638351938
99280190
357278228
813135748
982232816
116578523
835969902
88194141
890613101
